[25-Nov-2022 12:35:12 UTC] PHP Notice:  Function wp_deregister_script was called <strong>incorrectly</strong>. Do not deregister the <code>jquery-core</code> script in the administration area. To target the front-end theme, use the <code>wp_enqueue_scripts</code> hook. Please see <a href="https://wordpress.org/support/article/debugging-in-wordpress/">Debugging in WordPress</a> for more information. (This message was added in version 3.6.0.) in D:\Ampps\www\ecommerce\wp-includes\functions.php on line 5835
[25-Nov-2022 12:35:12 UTC] PHP Notice:  Function wp_deregister_script was called <strong>incorrectly</strong>. Do not deregister the <code>jquery-migrate</code> script in the administration area. To target the front-end theme, use the <code>wp_enqueue_scripts</code> hook. Please see <a href="https://wordpress.org/support/article/debugging-in-wordpress/">Debugging in WordPress</a> for more information. (This message was added in version 3.6.0.) in D:\Ampps\www\ecommerce\wp-includes\functions.php on line 5835
[25-Nov-2022 12:35:30 UTC] PHP Notice:  Function wp_deregister_script was called <strong>incorrectly</strong>. Do not deregister the <code>jquery-core</code> script in the administration area. To target the front-end theme, use the <code>wp_enqueue_scripts</code> hook. Please see <a href="https://wordpress.org/support/article/debugging-in-wordpress/">Debugging in WordPress</a> for more information. (This message was added in version 3.6.0.) in D:\Ampps\www\ecommerce\wp-includes\functions.php on line 5835
[25-Nov-2022 12:35:30 UTC] PHP Notice:  Function wp_deregister_script was called <strong>incorrectly</strong>. Do not deregister the <code>jquery-migrate</code> script in the administration area. To target the front-end theme, use the <code>wp_enqueue_scripts</code> hook. Please see <a href="https://wordpress.org/support/article/debugging-in-wordpress/">Debugging in WordPress</a> for more information. (This message was added in version 3.6.0.) in D:\Ampps\www\ecommerce\wp-includes\functions.php on line 5835
[25-Nov-2022 12:37:15 UTC] Cron reschedule event error for hook: action_scheduler_run_queue_rucss, Error code: could_not_set, Error message: The cron event list could not be saved., Data: {"schedule":"every_minute","args":["WP Cron"],"interval":60}
[29-Nov-2022 01:38:24 UTC] PHP Warning:  mysqli_real_connect(): (HY000/1045): Access denied for user 'root'@'localhost' (using password: YES) in D:\xampp\htdocs\ecommerce\wp-includes\class-wpdb.php on line 1775
[29-Nov-2022 02:49:55 UTC] PHP Notice:  Function wp_deregister_script was called <strong>incorrectly</strong>. Do not deregister the <code>jquery-core</code> script in the administration area. To target the front-end theme, use the <code>wp_enqueue_scripts</code> hook. Please see <a href="https://wordpress.org/support/article/debugging-in-wordpress/">Debugging in WordPress</a> for more information. (This message was added in version 3.6.0.) in D:\xampp\htdocs\ecommerce\wp-includes\functions.php on line 5835
[29-Nov-2022 02:49:55 UTC] PHP Notice:  Function wp_deregister_script was called <strong>incorrectly</strong>. Do not deregister the <code>jquery-migrate</code> script in the administration area. To target the front-end theme, use the <code>wp_enqueue_scripts</code> hook. Please see <a href="https://wordpress.org/support/article/debugging-in-wordpress/">Debugging in WordPress</a> for more information. (This message was added in version 3.6.0.) in D:\xampp\htdocs\ecommerce\wp-includes\functions.php on line 5835
[29-Nov-2022 02:50:18 UTC] PHP Notice:  Function wp_deregister_script was called <strong>incorrectly</strong>. Do not deregister the <code>jquery-core</code> script in the administration area. To target the front-end theme, use the <code>wp_enqueue_scripts</code> hook. Please see <a href="https://wordpress.org/support/article/debugging-in-wordpress/">Debugging in WordPress</a> for more information. (This message was added in version 3.6.0.) in D:\xampp\htdocs\ecommerce\wp-includes\functions.php on line 5835
[29-Nov-2022 02:50:18 UTC] PHP Notice:  Function wp_deregister_script was called <strong>incorrectly</strong>. Do not deregister the <code>jquery-migrate</code> script in the administration area. To target the front-end theme, use the <code>wp_enqueue_scripts</code> hook. Please see <a href="https://wordpress.org/support/article/debugging-in-wordpress/">Debugging in WordPress</a> for more information. (This message was added in version 3.6.0.) in D:\xampp\htdocs\ecommerce\wp-includes\functions.php on line 5835
[30-Nov-2022 01:06:00 UTC] PHP Warning:  mysqli_real_connect(): (HY000/2002): No connection could be made because the target machine actively refused it.
 in D:\xampp\htdocs\ecommerce\wp-includes\class-wpdb.php on line 1775
[30-Nov-2022 01:06:05 UTC] PHP Warning:  mysqli_real_connect(): (HY000/2002): No connection could be made because the target machine actively refused it.
 in D:\xampp\htdocs\ecommerce\wp-includes\class-wpdb.php on line 1775
[30-Nov-2022 01:50:41 UTC] PHP Notice:  Function wp_deregister_script was called <strong>incorrectly</strong>. Do not deregister the <code>jquery-core</code> script in the administration area. To target the front-end theme, use the <code>wp_enqueue_scripts</code> hook. Please see <a href="https://wordpress.org/support/article/debugging-in-wordpress/">Debugging in WordPress</a> for more information. (This message was added in version 3.6.0.) in D:\xampp\htdocs\ecommerce\wp-includes\functions.php on line 5835
[30-Nov-2022 01:50:41 UTC] PHP Notice:  Function wp_deregister_script was called <strong>incorrectly</strong>. Do not deregister the <code>jquery-migrate</code> script in the administration area. To target the front-end theme, use the <code>wp_enqueue_scripts</code> hook. Please see <a href="https://wordpress.org/support/article/debugging-in-wordpress/">Debugging in WordPress</a> for more information. (This message was added in version 3.6.0.) in D:\xampp\htdocs\ecommerce\wp-includes\functions.php on line 5835
[01-Dec-2022 01:08:30 UTC] PHP Warning:  mysqli_real_connect(): (HY000/2002): No connection could be made because the target machine actively refused it.
 in D:\xampp\htdocs\ecommerce\wp-includes\class-wpdb.php on line 1775
[03-Dec-2022 08:23:15 UTC] PHP Warning:  mysqli_real_connect(): (HY000/1045): Access denied for user 'root'@'localhost' (using password: NO) in D:\Ampps\www\ecommerce\wp-includes\class-wpdb.php on line 1775
[03-Dec-2022 08:25:59 UTC] PHP Warning:  mysqli_real_connect(): (HY000/1045): Access denied for user 'root'@'localhost' (using password: NO) in D:\Ampps\www\ecommerce\wp-includes\class-wpdb.php on line 1775
[03-Dec-2022 08:25:59 UTC] PHP Warning:  mysqli_real_connect(): (HY000/1045): Access denied for user 'root'@'localhost' (using password: NO) in D:\Ampps\www\ecommerce\wp-includes\class-wpdb.php on line 1775
[05-Dec-2022 01:35:44 UTC] PHP Warning:  mysqli_real_connect(): (HY000/1045): Access denied for user 'root'@'localhost' (using password: YES) in D:\xampp\htdocs\ecommerce\wp-includes\class-wpdb.php on line 1775
[05-Dec-2022 01:35:44 UTC] PHP Warning:  mysqli_real_connect(): (HY000/1045): Access denied for user 'root'@'localhost' (using password: YES) in D:\xampp\htdocs\ecommerce\wp-includes\class-wpdb.php on line 1775
[05-Dec-2022 01:45:38 UTC] PHP Notice:  Function wp_deregister_script was called <strong>incorrectly</strong>. Do not deregister the <code>jquery-core</code> script in the administration area. To target the front-end theme, use the <code>wp_enqueue_scripts</code> hook. Please see <a href="https://wordpress.org/support/article/debugging-in-wordpress/">Debugging in WordPress</a> for more information. (This message was added in version 3.6.0.) in D:\xampp\htdocs\ecommerce\wp-includes\functions.php on line 5835
[05-Dec-2022 01:45:38 UTC] PHP Notice:  Function wp_deregister_script was called <strong>incorrectly</strong>. Do not deregister the <code>jquery-migrate</code> script in the administration area. To target the front-end theme, use the <code>wp_enqueue_scripts</code> hook. Please see <a href="https://wordpress.org/support/article/debugging-in-wordpress/">Debugging in WordPress</a> for more information. (This message was added in version 3.6.0.) in D:\xampp\htdocs\ecommerce\wp-includes\functions.php on line 5835
[05-Dec-2022 01:45:49 UTC] PHP Notice:  Function wp_deregister_script was called <strong>incorrectly</strong>. Do not deregister the <code>jquery-core</code> script in the administration area. To target the front-end theme, use the <code>wp_enqueue_scripts</code> hook. Please see <a href="https://wordpress.org/support/article/debugging-in-wordpress/">Debugging in WordPress</a> for more information. (This message was added in version 3.6.0.) in D:\xampp\htdocs\ecommerce\wp-includes\functions.php on line 5835
[05-Dec-2022 01:45:49 UTC] PHP Notice:  Function wp_deregister_script was called <strong>incorrectly</strong>. Do not deregister the <code>jquery-migrate</code> script in the administration area. To target the front-end theme, use the <code>wp_enqueue_scripts</code> hook. Please see <a href="https://wordpress.org/support/article/debugging-in-wordpress/">Debugging in WordPress</a> for more information. (This message was added in version 3.6.0.) in D:\xampp\htdocs\ecommerce\wp-includes\functions.php on line 5835
[05-Dec-2022 01:52:40 UTC] PHP Warning:  Cannot modify header information - headers already sent by (output started at D:\xampp\htdocs\ecommerce\wp-content\themes\storefront-child\module\product_item_loop.php:12) in D:\xampp\htdocs\ecommerce\wp-includes\rest-api\class-wp-rest-server.php on line 1752
[05-Dec-2022 01:52:40 UTC] PHP Warning:  Cannot modify header information - headers already sent by (output started at D:\xampp\htdocs\ecommerce\wp-content\themes\storefront-child\module\product_item_loop.php:12) in D:\xampp\htdocs\ecommerce\wp-includes\rest-api\class-wp-rest-server.php on line 1752
[05-Dec-2022 01:52:40 UTC] PHP Warning:  Cannot modify header information - headers already sent by (output started at D:\xampp\htdocs\ecommerce\wp-content\themes\storefront-child\module\product_item_loop.php:12) in D:\xampp\htdocs\ecommerce\wp-includes\rest-api\class-wp-rest-server.php on line 1752
[05-Dec-2022 01:52:40 UTC] PHP Warning:  Cannot modify header information - headers already sent by (output started at D:\xampp\htdocs\ecommerce\wp-content\themes\storefront-child\module\product_item_loop.php:12) in D:\xampp\htdocs\ecommerce\wp-includes\rest-api\class-wp-rest-server.php on line 1752
[05-Dec-2022 05:59:54 UTC] PHP Notice:  Undefined index: pa_mau-sac in D:\xampp\htdocs\ecommerce\wp-content\themes\storefront-child\template-parts\content-quickview.php on line 7
[05-Dec-2022 05:59:54 UTC] PHP Warning:  Invalid argument supplied for foreach() in D:\xampp\htdocs\ecommerce\wp-content\themes\storefront-child\template-parts\content-quickview.php on line 9
[07-Dec-2022 01:31:42 UTC] PHP Notice:  Undefined index: pa_mau-sac in D:\xampp\htdocs\ecommerce\wp-content\themes\storefront-child\template-parts\content-quickview.php on line 7
[07-Dec-2022 01:31:42 UTC] PHP Warning:  Invalid argument supplied for foreach() in D:\xampp\htdocs\ecommerce\wp-content\themes\storefront-child\template-parts\content-quickview.php on line 9
[07-Dec-2022 09:27:02 UTC] PHP Notice:  Function wp_deregister_script was called <strong>incorrectly</strong>. Do not deregister the <code>jquery-core</code> script in the administration area. To target the front-end theme, use the <code>wp_enqueue_scripts</code> hook. Please see <a href="https://wordpress.org/support/article/debugging-in-wordpress/">Debugging in WordPress</a> for more information. (This message was added in version 3.6.0.) in D:\xampp\htdocs\ecommerce\wp-includes\functions.php on line 5835
[07-Dec-2022 09:27:02 UTC] PHP Notice:  Function wp_deregister_script was called <strong>incorrectly</strong>. Do not deregister the <code>jquery-migrate</code> script in the administration area. To target the front-end theme, use the <code>wp_enqueue_scripts</code> hook. Please see <a href="https://wordpress.org/support/article/debugging-in-wordpress/">Debugging in WordPress</a> for more information. (This message was added in version 3.6.0.) in D:\xampp\htdocs\ecommerce\wp-includes\functions.php on line 5835
[07-Dec-2022 09:49:45 UTC] PHP Fatal error:  Uncaught Error: Call to undefined function attribute_slug_to_name() in D:\xampp\htdocs\ecommerce\wp-content\themes\storefront-child\woocommerce\cart\cart.php:73
Stack trace:
#0 D:\xampp\htdocs\ecommerce\wp-content\plugins\woocommerce\includes\wc-core-functions.php(345): include()
#1 D:\xampp\htdocs\ecommerce\wp-content\plugins\woocommerce\includes\shortcodes\class-wc-shortcode-cart.php(99): wc_get_template('cart/cart.php')
#2 D:\xampp\htdocs\ecommerce\wp-content\plugins\woocommerce\includes\class-wc-shortcodes.php(72): WC_Shortcode_Cart::output(Array)
#3 D:\xampp\htdocs\ecommerce\wp-content\plugins\woocommerce\includes\class-wc-shortcodes.php(85): WC_Shortcodes::shortcode_wrapper(Array)
#4 D:\xampp\htdocs\ecommerce\wp-includes\shortcodes.php(355): WC_Shortcodes::cart('', '', 'woocommerce_car...')
#5 [internal function]: do_shortcode_tag(Array)
#6 D:\xampp\htdocs\ecommerce\wp-includes\shortcodes.php(227): preg_replace_callback('/\\[(\\[?)(woocom...', 'do_shortcode_ta...', '[woocommerce_ca...')
#7 D:\xampp\htdo in D:\xampp\htdocs\ecommerce\wp-content\themes\storefront-child\woocommerce\cart\cart.php on line 73
[07-Dec-2022 09:51:26 UTC] PHP Notice:  Undefined index: attribute_pa_mat-trai in D:\xampp\htdocs\ecommerce\wp-content\themes\storefront-child\woocommerce\cart\cart.php on line 72
[07-Dec-2022 09:51:26 UTC] PHP Notice:  Undefined index: attribute_pa_mat-trai in D:\xampp\htdocs\ecommerce\wp-content\themes\storefront-child\woocommerce\cart\cart.php on line 72
[07-Dec-2022 09:51:26 UTC] PHP Notice:  Undefined index: attribute_pa_mat-trai in D:\xampp\htdocs\ecommerce\wp-content\themes\storefront-child\woocommerce\cart\cart.php on line 72
[07-Dec-2022 09:51:26 UTC] PHP Notice:  Undefined index: attribute_pa_mat-trai in D:\xampp\htdocs\ecommerce\wp-content\themes\storefront-child\woocommerce\cart\cart.php on line 72
[07-Dec-2022 09:51:26 UTC] PHP Notice:  Undefined index: attribute_pa_mat-trai in D:\xampp\htdocs\ecommerce\wp-content\themes\storefront-child\woocommerce\cart\cart.php on line 72
[21-Dec-2022 04:21:28 UTC] PHP Notice:  Trying to get property 'comment_type' of non-object in D:\xampp\htdocs\ecommerce\wp-content\plugins\devvn-woocommerce-reviews\devvn-woocommerce-reviews-main.php on line 0
[21-Dec-2022 06:23:01 UTC] PHP Parse error:  syntax error, unexpected '?' in D:\xampp\htdocs\ecommerce\wp-content\themes\storefront-child\functions\woo.php on line 129
[21-Dec-2022 06:23:02 UTC] PHP Parse error:  syntax error, unexpected '?' in D:\xampp\htdocs\ecommerce\wp-content\themes\storefront-child\functions\woo.php on line 129
[21-Dec-2022 06:23:26 UTC] PHP Parse error:  syntax error, unexpected '?' in D:\xampp\htdocs\ecommerce\wp-content\themes\storefront-child\functions\woo.php on line 129
[21-Dec-2022 06:23:27 UTC] PHP Parse error:  syntax error, unexpected '?' in D:\xampp\htdocs\ecommerce\wp-content\themes\storefront-child\functions\woo.php on line 129
[21-Dec-2022 06:23:43 UTC] PHP Parse error:  syntax error, unexpected '_e' (T_STRING), expecting ',' or ';' in D:\xampp\htdocs\ecommerce\wp-content\themes\storefront-child\functions\woo.php on line 129
[21-Dec-2022 06:23:44 UTC] PHP Parse error:  syntax error, unexpected '_e' (T_STRING), expecting ',' or ';' in D:\xampp\htdocs\ecommerce\wp-content\themes\storefront-child\functions\woo.php on line 129
[21-Dec-2022 06:24:20 UTC] PHP Parse error:  syntax error, unexpected '_e' (T_STRING), expecting ',' or ';' in D:\xampp\htdocs\ecommerce\wp-content\themes\storefront-child\functions\woo.php on line 129
[21-Dec-2022 06:24:21 UTC] PHP Parse error:  syntax error, unexpected '_e' (T_STRING), expecting ',' or ';' in D:\xampp\htdocs\ecommerce\wp-content\themes\storefront-child\functions\woo.php on line 129
[21-Dec-2022 06:24:29 UTC] PHP Parse error:  syntax error, unexpected '_e' (T_STRING) in D:\xampp\htdocs\ecommerce\wp-content\themes\storefront-child\functions\woo.php on line 129
[21-Dec-2022 06:24:30 UTC] PHP Parse error:  syntax error, unexpected '_e' (T_STRING) in D:\xampp\htdocs\ecommerce\wp-content\themes\storefront-child\functions\woo.php on line 129
[21-Dec-2022 06:24:43 UTC] PHP Parse error:  syntax error, unexpected ''</h2>'' (T_CONSTANT_ENCAPSED_STRING) in D:\xampp\htdocs\ecommerce\wp-content\themes\storefront-child\functions\woo.php on line 129
[21-Dec-2022 06:24:43 UTC] PHP Parse error:  syntax error, unexpected ''</h2>'' (T_CONSTANT_ENCAPSED_STRING) in D:\xampp\htdocs\ecommerce\wp-content\themes\storefront-child\functions\woo.php on line 129
[21-Dec-2022 06:36:56 UTC] PHP Parse error:  syntax error, unexpected ''Total amount'' (T_CONSTANT_ENCAPSED_STRING) in D:\xampp\htdocs\ecommerce\wp-content\themes\storefront-child\functions\woo.php on line 129
[21-Dec-2022 06:36:56 UTC] PHP Parse error:  syntax error, unexpected ''Total amount'' (T_CONSTANT_ENCAPSED_STRING) in D:\xampp\htdocs\ecommerce\wp-content\themes\storefront-child\functions\woo.php on line 129
