2022-09-14T08:05:21+00:00 CRITICAL Uncaught Error: Call to undefined function dev_thuong_hieu_rewrite_rules() in /home/admin/domains/dev.caraslens.com/public_html/wp-content/themes/storefront-child/functions/url.php:42
Stack trace:
#0 /home/admin/domains/dev.caraslens.com/public_html/wp-includes/class-wp-hook.php(309): new_thuong_hieu_cat_edit_success()
#1 /home/admin/domains/dev.caraslens.com/public_html/wp-includes/class-wp-hook.php(331): WP_Hook->apply_filters()
#2 /home/admin/domains/dev.caraslens.com/public_html/wp-includes/plugin.php(476): WP_Hook->do_action()
#3 /home/admin/domains/dev.caraslens.com/public_html/wp-includes/taxonomy.php(2582): do_action()
#4 /home/admin/domains/dev.caraslens.com/public_html/wp-admin/includes/ajax-actions.php(1068): wp_insert_term()
#5 /home/admin/domains/dev.caraslens.com/public_html/wp-includes/class-wp-hook.php(307): wp_ajax_add_tag()
#6 /home/admin/domains/dev.caraslens.com/public_html/wp-includes/class-wp-hook.php(331): WP_Hook->apply_filters()
#7 /home/admin/domains/dev.caraslens.com/public_html/wp- in /home/admin/domains/dev.caraslens.com/public_html/wp-content/themes/storefront-child/functions/url.php on line 42

2022-09-14T08:08:25+00:00 CRITICAL Uncaught Error: Call to undefined function dev_thuong_hieu_rewrite_rules() in /home/admin/domains/dev.caraslens.com/public_html/wp-content/themes/storefront-child/functions/url.php:42
Stack trace:
#0 /home/admin/domains/dev.caraslens.com/public_html/wp-includes/class-wp-hook.php(309): new_thuong_hieu_cat_edit_success()
#1 /home/admin/domains/dev.caraslens.com/public_html/wp-includes/class-wp-hook.php(331): WP_Hook->apply_filters()
#2 /home/admin/domains/dev.caraslens.com/public_html/wp-includes/plugin.php(476): WP_Hook->do_action()
#3 /home/admin/domains/dev.caraslens.com/public_html/wp-includes/taxonomy.php(2582): do_action()
#4 /home/admin/domains/dev.caraslens.com/public_html/wp-admin/includes/ajax-actions.php(1068): wp_insert_term()
#5 /home/admin/domains/dev.caraslens.com/public_html/wp-includes/class-wp-hook.php(307): wp_ajax_add_tag()
#6 /home/admin/domains/dev.caraslens.com/public_html/wp-includes/class-wp-hook.php(331): WP_Hook->apply_filters()
#7 /home/admin/domains/dev.caraslens.com/public_html/wp- in /home/admin/domains/dev.caraslens.com/public_html/wp-content/themes/storefront-child/functions/url.php on line 42

