2022-08-31T04:21:06+00:00 CRITICAL Uncaught Error: Call to undefined function dev_thuong_hieu_rewrite_rules() in /home/admin/domains/dev.caraslens.com/public_html/wp-content/themes/storefront-child/functions/url.php:42
Stack trace:
#0 /home/admin/domains/dev.caraslens.com/public_html/wp-includes/class-wp-hook.php(309): new_thuong_hieu_cat_edit_success()
#1 /home/admin/domains/dev.caraslens.com/public_html/wp-includes/class-wp-hook.php(331): WP_Hook->apply_filters()
#2 /home/admin/domains/dev.caraslens.com/public_html/wp-includes/plugin.php(476): WP_Hook->do_action()
#3 /home/admin/domains/dev.caraslens.com/public_html/wp-includes/taxonomy.php(2582): do_action()
#4 /home/admin/domains/dev.caraslens.com/public_html/wp-includes/rest-api/endpoints/class-wp-rest-terms-controller.php(464): wp_insert_term()
#5 /home/admin/domains/dev.caraslens.com/public_html/wp-includes/rest-api/class-wp-rest-server.php(1143): WP_REST_Terms_Controller->create_item()
#6 /home/admin/domains/dev.caraslens.com/public_html/wp-includes/rest-api/class-wp-rest-server.php(99 in /home/admin/domains/dev.caraslens.com/public_html/wp-content/themes/storefront-child/functions/url.php on line 42

2022-08-31T04:22:09+00:00 CRITICAL Uncaught Error: Call to undefined function dev_thuong_hieu_rewrite_rules() in /home/admin/domains/dev.caraslens.com/public_html/wp-content/themes/storefront-child/functions/url.php:42
Stack trace:
#0 /home/admin/domains/dev.caraslens.com/public_html/wp-includes/class-wp-hook.php(309): new_thuong_hieu_cat_edit_success()
#1 /home/admin/domains/dev.caraslens.com/public_html/wp-includes/class-wp-hook.php(331): WP_Hook->apply_filters()
#2 /home/admin/domains/dev.caraslens.com/public_html/wp-includes/plugin.php(476): WP_Hook->do_action()
#3 /home/admin/domains/dev.caraslens.com/public_html/wp-includes/taxonomy.php(2582): do_action()
#4 /home/admin/domains/dev.caraslens.com/public_html/wp-includes/rest-api/endpoints/class-wp-rest-terms-controller.php(464): wp_insert_term()
#5 /home/admin/domains/dev.caraslens.com/public_html/wp-includes/rest-api/class-wp-rest-server.php(1143): WP_REST_Terms_Controller->create_item()
#6 /home/admin/domains/dev.caraslens.com/public_html/wp-includes/rest-api/class-wp-rest-server.php(99 in /home/admin/domains/dev.caraslens.com/public_html/wp-content/themes/storefront-child/functions/url.php on line 42

2022-08-31T04:22:20+00:00 CRITICAL Uncaught Error: Call to undefined function dev_thuong_hieu_rewrite_rules() in /home/admin/domains/dev.caraslens.com/public_html/wp-content/themes/storefront-child/functions/url.php:42
Stack trace:
#0 /home/admin/domains/dev.caraslens.com/public_html/wp-includes/class-wp-hook.php(309): new_thuong_hieu_cat_edit_success()
#1 /home/admin/domains/dev.caraslens.com/public_html/wp-includes/class-wp-hook.php(331): WP_Hook->apply_filters()
#2 /home/admin/domains/dev.caraslens.com/public_html/wp-includes/plugin.php(476): WP_Hook->do_action()
#3 /home/admin/domains/dev.caraslens.com/public_html/wp-includes/taxonomy.php(2582): do_action()
#4 /home/admin/domains/dev.caraslens.com/public_html/wp-includes/rest-api/endpoints/class-wp-rest-terms-controller.php(464): wp_insert_term()
#5 /home/admin/domains/dev.caraslens.com/public_html/wp-includes/rest-api/class-wp-rest-server.php(1143): WP_REST_Terms_Controller->create_item()
#6 /home/admin/domains/dev.caraslens.com/public_html/wp-includes/rest-api/class-wp-rest-server.php(99 in /home/admin/domains/dev.caraslens.com/public_html/wp-content/themes/storefront-child/functions/url.php on line 42

2022-08-31T04:22:24+00:00 CRITICAL Uncaught Error: Call to undefined function dev_thuong_hieu_rewrite_rules() in /home/admin/domains/dev.caraslens.com/public_html/wp-content/themes/storefront-child/functions/url.php:42
Stack trace:
#0 /home/admin/domains/dev.caraslens.com/public_html/wp-includes/class-wp-hook.php(309): new_thuong_hieu_cat_edit_success()
#1 /home/admin/domains/dev.caraslens.com/public_html/wp-includes/class-wp-hook.php(331): WP_Hook->apply_filters()
#2 /home/admin/domains/dev.caraslens.com/public_html/wp-includes/plugin.php(476): WP_Hook->do_action()
#3 /home/admin/domains/dev.caraslens.com/public_html/wp-includes/taxonomy.php(2582): do_action()
#4 /home/admin/domains/dev.caraslens.com/public_html/wp-includes/rest-api/endpoints/class-wp-rest-terms-controller.php(464): wp_insert_term()
#5 /home/admin/domains/dev.caraslens.com/public_html/wp-includes/rest-api/class-wp-rest-server.php(1143): WP_REST_Terms_Controller->create_item()
#6 /home/admin/domains/dev.caraslens.com/public_html/wp-includes/rest-api/class-wp-rest-server.php(99 in /home/admin/domains/dev.caraslens.com/public_html/wp-content/themes/storefront-child/functions/url.php on line 42

2022-08-31T04:22:34+00:00 CRITICAL Uncaught Error: Call to undefined function dev_thuong_hieu_rewrite_rules() in /home/admin/domains/dev.caraslens.com/public_html/wp-content/themes/storefront-child/functions/url.php:42
Stack trace:
#0 /home/admin/domains/dev.caraslens.com/public_html/wp-includes/class-wp-hook.php(309): new_thuong_hieu_cat_edit_success()
#1 /home/admin/domains/dev.caraslens.com/public_html/wp-includes/class-wp-hook.php(331): WP_Hook->apply_filters()
#2 /home/admin/domains/dev.caraslens.com/public_html/wp-includes/plugin.php(476): WP_Hook->do_action()
#3 /home/admin/domains/dev.caraslens.com/public_html/wp-includes/taxonomy.php(2582): do_action()
#4 /home/admin/domains/dev.caraslens.com/public_html/wp-includes/rest-api/endpoints/class-wp-rest-terms-controller.php(464): wp_insert_term()
#5 /home/admin/domains/dev.caraslens.com/public_html/wp-includes/rest-api/class-wp-rest-server.php(1143): WP_REST_Terms_Controller->create_item()
#6 /home/admin/domains/dev.caraslens.com/public_html/wp-includes/rest-api/class-wp-rest-server.php(99 in /home/admin/domains/dev.caraslens.com/public_html/wp-content/themes/storefront-child/functions/url.php on line 42

2022-08-31T04:22:43+00:00 CRITICAL Uncaught Error: Call to undefined function dev_thuong_hieu_rewrite_rules() in /home/admin/domains/dev.caraslens.com/public_html/wp-content/themes/storefront-child/functions/url.php:42
Stack trace:
#0 /home/admin/domains/dev.caraslens.com/public_html/wp-includes/class-wp-hook.php(309): new_thuong_hieu_cat_edit_success()
#1 /home/admin/domains/dev.caraslens.com/public_html/wp-includes/class-wp-hook.php(331): WP_Hook->apply_filters()
#2 /home/admin/domains/dev.caraslens.com/public_html/wp-includes/plugin.php(476): WP_Hook->do_action()
#3 /home/admin/domains/dev.caraslens.com/public_html/wp-includes/taxonomy.php(2582): do_action()
#4 /home/admin/domains/dev.caraslens.com/public_html/wp-includes/rest-api/endpoints/class-wp-rest-terms-controller.php(464): wp_insert_term()
#5 /home/admin/domains/dev.caraslens.com/public_html/wp-includes/rest-api/class-wp-rest-server.php(1143): WP_REST_Terms_Controller->create_item()
#6 /home/admin/domains/dev.caraslens.com/public_html/wp-includes/rest-api/class-wp-rest-server.php(99 in /home/admin/domains/dev.caraslens.com/public_html/wp-content/themes/storefront-child/functions/url.php on line 42

2022-08-31T04:40:30+00:00 CRITICAL Uncaught Error: Call to a member function is_empty() on null in /home/admin/domains/dev.caraslens.com/public_html/wp-content/themes/storefront-child/woocommerce/cart/mini-cart.php:24
Stack trace:
#0 /home/admin/domains/dev.caraslens.com/public_html/wp-content/plugins/woocommerce/includes/wc-core-functions.php(345): include()
#1 /home/admin/domains/dev.caraslens.com/public_html/wp-content/plugins/woocommerce/includes/wc-template-functions.php(2238): wc_get_template()
#2 /home/admin/domains/dev.caraslens.com/public_html/wp-content/themes/storefront-child/header.php(303): woocommerce_mini_cart()
#3 /home/admin/domains/dev.caraslens.com/public_html/wp-includes/template.php(770): require_once('/home/admin/dom...')
#4 /home/admin/domains/dev.caraslens.com/public_html/wp-includes/template.php(716): load_template()
#5 /home/admin/domains/dev.caraslens.com/public_html/wp-includes/general-template.php(48): locate_template()
#6 /home/admin/domains/dev.caraslens.com/public_html/wp-content/themes/storefront/404.php(8): ge in /home/admin/domains/dev.caraslens.com/public_html/wp-content/themes/storefront-child/woocommerce/cart/mini-cart.php on line 24

2022-08-31T04:40:30+00:00 CRITICAL Uncaught Error: Call to a member function is_empty() on null in /home/admin/domains/dev.caraslens.com/public_html/wp-content/themes/storefront-child/woocommerce/cart/mini-cart.php:24
Stack trace:
#0 /home/admin/domains/dev.caraslens.com/public_html/wp-content/plugins/woocommerce/includes/wc-core-functions.php(345): include()
#1 /home/admin/domains/dev.caraslens.com/public_html/wp-content/plugins/woocommerce/includes/wc-template-functions.php(2238): wc_get_template()
#2 /home/admin/domains/dev.caraslens.com/public_html/wp-content/themes/storefront-child/header.php(303): woocommerce_mini_cart()
#3 /home/admin/domains/dev.caraslens.com/public_html/wp-includes/template.php(770): require_once('/home/admin/dom...')
#4 /home/admin/domains/dev.caraslens.com/public_html/wp-includes/template.php(716): load_template()
#5 /home/admin/domains/dev.caraslens.com/public_html/wp-includes/general-template.php(48): locate_template()
#6 /home/admin/domains/dev.caraslens.com/public_html/wp-content/themes/storefront/404.php(8): ge in /home/admin/domains/dev.caraslens.com/public_html/wp-content/themes/storefront-child/woocommerce/cart/mini-cart.php on line 24

2022-08-31T04:40:30+00:00 CRITICAL Uncaught Error: Call to a member function is_empty() on null in /home/admin/domains/dev.caraslens.com/public_html/wp-content/themes/storefront-child/woocommerce/cart/mini-cart.php:24
Stack trace:
#0 /home/admin/domains/dev.caraslens.com/public_html/wp-content/plugins/woocommerce/includes/wc-core-functions.php(345): include()
#1 /home/admin/domains/dev.caraslens.com/public_html/wp-content/plugins/woocommerce/includes/wc-template-functions.php(2238): wc_get_template()
#2 /home/admin/domains/dev.caraslens.com/public_html/wp-content/themes/storefront-child/header.php(303): woocommerce_mini_cart()
#3 /home/admin/domains/dev.caraslens.com/public_html/wp-includes/template.php(770): require_once('/home/admin/dom...')
#4 /home/admin/domains/dev.caraslens.com/public_html/wp-includes/template.php(716): load_template()
#5 /home/admin/domains/dev.caraslens.com/public_html/wp-includes/general-template.php(48): locate_template()
#6 /home/admin/domains/dev.caraslens.com/public_html/wp-content/themes/storefront/404.php(8): ge in /home/admin/domains/dev.caraslens.com/public_html/wp-content/themes/storefront-child/woocommerce/cart/mini-cart.php on line 24

