2022-06-27T15:53:49+00:00 CRITICAL Uncaught Error: Call to a member function get_breadcrumb() on null in D:\Ampps\www\ecommerce.io\wp-content\plugins\woocommerce\includes\class-wc-structured-data.php:379
Stack trace:
#0 D:\Ampps\www\ecommerce.io\wp-includes\class-wp-hook.php(309): WC_Structured_Data->generate_breadcrumblist_data()
#1 D:\Ampps\www\ecommerce.io\wp-includes\class-wp-hook.php(331): WP_Hook->apply_filters()
#2 D:\Ampps\www\ecommerce.io\wp-includes\plugin.php(476): WP_Hook->do_action()
#3 D:\Ampps\www\ecommerce.io\wp-content\themes\storefront-child\woocommerce\content-single-product.php(42): do_action()
#4 D:\Ampps\www\ecommerce.io\wp-includes\template.php(772): require('D:\\Ampps\\www\\ec...')
#5 D:\Ampps\www\ecommerce.io\wp-content\plugins\woocommerce\includes\wc-core-functions.php(284): load_template()
#6 D:\Ampps\www\ecommerce.io\wp-content\themes\storefront-child\woocommerce\single-product.php(37): wc_get_template_part()
#7 D:\Ampps\www\ecommerce.io\wp-includes\template-loader.php(106): include('D:\\Ampps\\www\\ec...')
#8 D:\Am in D:\Ampps\www\ecommerce.io\wp-content\plugins\woocommerce\includes\class-wc-structured-data.php on line 379

2022-06-27T16:10:24+00:00 CRITICAL Uncaught Error: Call to a member function get_breadcrumb() on null in D:\Ampps\www\ecommerce.io\wp-content\plugins\woocommerce\includes\class-wc-structured-data.php:379
Stack trace:
#0 D:\Ampps\www\ecommerce.io\wp-includes\class-wp-hook.php(309): WC_Structured_Data->generate_breadcrumblist_data()
#1 D:\Ampps\www\ecommerce.io\wp-includes\class-wp-hook.php(331): WP_Hook->apply_filters()
#2 D:\Ampps\www\ecommerce.io\wp-includes\plugin.php(476): WP_Hook->do_action()
#3 D:\Ampps\www\ecommerce.io\wp-content\themes\storefront-child\woocommerce\content-single-product.php(42): do_action()
#4 D:\Ampps\www\ecommerce.io\wp-includes\template.php(772): require('D:\\Ampps\\www\\ec...')
#5 D:\Ampps\www\ecommerce.io\wp-content\plugins\woocommerce\includes\wc-core-functions.php(284): load_template()
#6 D:\Ampps\www\ecommerce.io\wp-content\themes\storefront-child\woocommerce\single-product.php(37): wc_get_template_part()
#7 D:\Ampps\www\ecommerce.io\wp-includes\template-loader.php(106): include('D:\\Ampps\\www\\ec...')
#8 D:\Am in D:\Ampps\www\ecommerce.io\wp-content\plugins\woocommerce\includes\class-wc-structured-data.php on line 379

