2022-09-17T13:09:52+00:00 CRITICAL Uncaught Error: Call to undefined function is_singer() in D:\Ampps\www\ecommerce\wp-content\themes\storefront-child\footer.php:277
Stack trace:
#0 D:\Ampps\www\ecommerce\wp-includes\template.php(770): require_once()
#1 D:\Ampps\www\ecommerce\wp-includes\template.php(716): load_template()
#2 D:\Ampps\www\ecommerce\wp-includes\general-template.php(92): locate_template()
#3 D:\Ampps\www\ecommerce\wp-content\themes\storefront-child\single.php(31): get_footer()
#4 D:\Ampps\www\ecommerce\wp-includes\template-loader.php(106): include('D:\\Ampps\\www\\ec...')
#5 D:\Ampps\www\ecommerce\wp-blog-header.php(19): require_once('D:\\Ampps\\www\\ec...')
#6 D:\Ampps\www\ecommerce\index.php(17): require('D:\\Ampps\\www\\ec...')
#7 {main}
  thrown in D:\Ampps\www\ecommerce\wp-content\themes\storefront-child\footer.php on line 277

2022-09-17T13:10:35+00:00 CRITICAL Uncaught Error: Call to undefined function is_singer() in D:\Ampps\www\ecommerce\wp-content\themes\storefront-child\footer.php:277
Stack trace:
#0 D:\Ampps\www\ecommerce\wp-includes\template.php(770): require_once()
#1 D:\Ampps\www\ecommerce\wp-includes\template.php(716): load_template()
#2 D:\Ampps\www\ecommerce\wp-includes\general-template.php(92): locate_template()
#3 D:\Ampps\www\ecommerce\wp-content\themes\storefront-child\front-page.php(534): get_footer()
#4 D:\Ampps\www\ecommerce\wp-includes\template-loader.php(106): include('D:\\Ampps\\www\\ec...')
#5 D:\Ampps\www\ecommerce\wp-blog-header.php(19): require_once('D:\\Ampps\\www\\ec...')
#6 D:\Ampps\www\ecommerce\index.php(17): require('D:\\Ampps\\www\\ec...')
#7 {main}
  thrown in D:\Ampps\www\ecommerce\wp-content\themes\storefront-child\footer.php on line 277

2022-09-17T13:11:33+00:00 CRITICAL Uncaught Error: Call to undefined function is_singer() in D:\Ampps\www\ecommerce\wp-content\themes\storefront-child\footer.php:277
Stack trace:
#0 D:\Ampps\www\ecommerce\wp-includes\template.php(770): require_once()
#1 D:\Ampps\www\ecommerce\wp-includes\template.php(716): load_template()
#2 D:\Ampps\www\ecommerce\wp-includes\general-template.php(92): locate_template()
#3 D:\Ampps\www\ecommerce\wp-content\themes\storefront-child\category.php(234): get_footer()
#4 D:\Ampps\www\ecommerce\wp-includes\template-loader.php(106): include('D:\\Ampps\\www\\ec...')
#5 D:\Ampps\www\ecommerce\wp-blog-header.php(19): require_once('D:\\Ampps\\www\\ec...')
#6 D:\Ampps\www\ecommerce\index.php(17): require('D:\\Ampps\\www\\ec...')
#7 {main}
  thrown in D:\Ampps\www\ecommerce\wp-content\themes\storefront-child\footer.php on line 277

2022-09-17T13:11:37+00:00 CRITICAL Uncaught Error: Call to undefined function is_singer() in D:\Ampps\www\ecommerce\wp-content\themes\storefront-child\footer.php:277
Stack trace:
#0 D:\Ampps\www\ecommerce\wp-includes\template.php(770): require_once()
#1 D:\Ampps\www\ecommerce\wp-includes\template.php(716): load_template()
#2 D:\Ampps\www\ecommerce\wp-includes\general-template.php(92): locate_template()
#3 D:\Ampps\www\ecommerce\wp-content\themes\storefront-child\single.php(31): get_footer()
#4 D:\Ampps\www\ecommerce\wp-includes\template-loader.php(106): include('D:\\Ampps\\www\\ec...')
#5 D:\Ampps\www\ecommerce\wp-blog-header.php(19): require_once('D:\\Ampps\\www\\ec...')
#6 D:\Ampps\www\ecommerce\index.php(17): require('D:\\Ampps\\www\\ec...')
#7 {main}
  thrown in D:\Ampps\www\ecommerce\wp-content\themes\storefront-child\footer.php on line 277

2022-09-17T13:11:57+00:00 CRITICAL Uncaught Error: Call to undefined function is_singer() in D:\Ampps\www\ecommerce\wp-content\themes\storefront-child\footer.php:277
Stack trace:
#0 D:\Ampps\www\ecommerce\wp-includes\template.php(770): require_once()
#1 D:\Ampps\www\ecommerce\wp-includes\template.php(716): load_template()
#2 D:\Ampps\www\ecommerce\wp-includes\general-template.php(92): locate_template()
#3 D:\Ampps\www\ecommerce\wp-content\themes\storefront-child\single.php(31): get_footer()
#4 D:\Ampps\www\ecommerce\wp-includes\template-loader.php(106): include('D:\\Ampps\\www\\ec...')
#5 D:\Ampps\www\ecommerce\wp-blog-header.php(19): require_once('D:\\Ampps\\www\\ec...')
#6 D:\Ampps\www\ecommerce\index.php(17): require('D:\\Ampps\\www\\ec...')
#7 {main}
  thrown in D:\Ampps\www\ecommerce\wp-content\themes\storefront-child\footer.php on line 277

2022-09-17T13:12:14+00:00 CRITICAL Uncaught Error: Call to undefined function is_singer() in D:\Ampps\www\ecommerce\wp-content\themes\storefront-child\footer.php:277
Stack trace:
#0 D:\Ampps\www\ecommerce\wp-includes\template.php(770): require_once()
#1 D:\Ampps\www\ecommerce\wp-includes\template.php(716): load_template()
#2 D:\Ampps\www\ecommerce\wp-includes\general-template.php(92): locate_template()
#3 D:\Ampps\www\ecommerce\wp-content\themes\storefront-child\single.php(31): get_footer()
#4 D:\Ampps\www\ecommerce\wp-includes\template-loader.php(106): include('D:\\Ampps\\www\\ec...')
#5 D:\Ampps\www\ecommerce\wp-blog-header.php(19): require_once('D:\\Ampps\\www\\ec...')
#6 D:\Ampps\www\ecommerce\index.php(17): require('D:\\Ampps\\www\\ec...')
#7 {main}
  thrown in D:\Ampps\www\ecommerce\wp-content\themes\storefront-child\footer.php on line 277

2022-09-17T15:59:16+00:00 CRITICAL syntax error, unexpected ';', expecting ')' in D:\Ampps\www\ecommerce\wp-content\themes\storefront-child\functions\shortcode.php on line 8

2022-09-17T15:59:18+00:00 CRITICAL syntax error, unexpected ';', expecting ')' in D:\Ampps\www\ecommerce\wp-content\themes\storefront-child\functions\shortcode.php on line 8

2022-09-17T15:59:21+00:00 CRITICAL syntax error, unexpected ';', expecting ')' in D:\Ampps\www\ecommerce\wp-content\themes\storefront-child\functions\shortcode.php on line 8

2022-09-17T15:59:24+00:00 CRITICAL syntax error, unexpected ';', expecting ')' in D:\Ampps\www\ecommerce\wp-content\themes\storefront-child\functions\shortcode.php on line 8

2022-09-17T15:59:26+00:00 CRITICAL syntax error, unexpected ';', expecting ')' in D:\Ampps\www\ecommerce\wp-content\themes\storefront-child\functions\shortcode.php on line 8

2022-09-17T15:59:28+00:00 CRITICAL syntax error, unexpected ';', expecting ')' in D:\Ampps\www\ecommerce\wp-content\themes\storefront-child\functions\shortcode.php on line 8

2022-09-17T15:59:39+00:00 CRITICAL syntax error, unexpected ';', expecting ')' in D:\Ampps\www\ecommerce\wp-content\themes\storefront-child\functions\shortcode.php on line 8

2022-09-17T15:59:39+00:00 CRITICAL syntax error, unexpected ';', expecting ')' in D:\Ampps\www\ecommerce\wp-content\themes\storefront-child\functions\shortcode.php on line 8

2022-09-17T15:59:57+00:00 CRITICAL syntax error, unexpected ')' in D:\Ampps\www\ecommerce\wp-content\themes\storefront-child\functions\shortcode.php on line 10

2022-09-17T15:59:59+00:00 CRITICAL syntax error, unexpected ')' in D:\Ampps\www\ecommerce\wp-content\themes\storefront-child\functions\shortcode.php on line 10

