2022-08-26T06:40:06+00:00 CRITICAL Uncaught Error: Call to a member function is_empty() on null in D:\xampp\htdocs\ecommerce\wp-content\themes\storefront-child\woocommerce\cart\mini-cart.php:24
Stack trace:
#0 D:\xampp\htdocs\ecommerce\wp-content\plugins\woocommerce\includes\wc-core-functions.php(345): include()
#1 D:\xampp\htdocs\ecommerce\wp-content\plugins\woocommerce\includes\wc-template-functions.php(2238): wc_get_template('cart/mini-cart....', Array)
#2 D:\xampp\htdocs\ecommerce\wp-content\themes\storefront-child\header.php(304): woocommerce_mini_cart()
#3 D:\xampp\htdocs\ecommerce\wp-includes\template.php(770): require_once('D:\\xampp\\htdocs...')
#4 D:\xampp\htdocs\ecommerce\wp-includes\template.php(716): load_template('D:\\xampp\\htdocs...', true, Array)
#5 D:\xampp\htdocs\ecommerce\wp-includes\general-template.php(48): locate_template(Array, true, true, Array)
#6 D:\xampp\htdocs\ecommerce\wp-content\themes\storefront\404.php(8): get_header()
#7 D:\xampp\htdocs\ecommerce\wp-includes\template-loader.php(106): include('D:\\xampp\\htdocs in D:\xampp\htdocs\ecommerce\wp-content\themes\storefront-child\woocommerce\cart\mini-cart.php on line 24

2022-08-26T06:40:11+00:00 CRITICAL Uncaught Error: Call to a member function is_empty() on null in D:\xampp\htdocs\ecommerce\wp-content\themes\storefront-child\woocommerce\cart\mini-cart.php:24
Stack trace:
#0 D:\xampp\htdocs\ecommerce\wp-content\plugins\woocommerce\includes\wc-core-functions.php(345): include()
#1 D:\xampp\htdocs\ecommerce\wp-content\plugins\woocommerce\includes\wc-template-functions.php(2238): wc_get_template('cart/mini-cart....', Array)
#2 D:\xampp\htdocs\ecommerce\wp-content\themes\storefront-child\header.php(304): woocommerce_mini_cart()
#3 D:\xampp\htdocs\ecommerce\wp-includes\template.php(770): require_once('D:\\xampp\\htdocs...')
#4 D:\xampp\htdocs\ecommerce\wp-includes\template.php(716): load_template('D:\\xampp\\htdocs...', true, Array)
#5 D:\xampp\htdocs\ecommerce\wp-includes\general-template.php(48): locate_template(Array, true, true, Array)
#6 D:\xampp\htdocs\ecommerce\wp-content\themes\storefront\404.php(8): get_header()
#7 D:\xampp\htdocs\ecommerce\wp-includes\template-loader.php(106): include('D:\\xampp\\htdocs in D:\xampp\htdocs\ecommerce\wp-content\themes\storefront-child\woocommerce\cart\mini-cart.php on line 24

