2023-11-22T01:25:46+00:00 CRITICAL Uncaught TypeError: array_map(): Argument #2 ($array) must be of type array, null given in /var/www/caraslens.com/htdocs/wp-content/plugins/mobile-login-woocommerce/includes/class-xoo-ml-geolocation.php:25
Stack trace:
#0 /var/www/caraslens.com/htdocs/wp-content/plugins/mobile-login-woocommerce/includes/class-xoo-ml-geolocation.php(25): array_map()
#1 /var/www/caraslens.com/htdocs/wp-content/plugins/mobile-login-woocommerce/includes/class-xoo-ml-otp-handler.php(20): Xoo_Ml_Geolocation::get_data()
#2 /var/www/caraslens.com/htdocs/wp-content/plugins/mobile-login-woocommerce/includes/class-xoo-ml-otp-handler.php(14): Xoo_Ml_Otp_Handler->__construct()
#3 /var/www/caraslens.com/htdocs/wp-content/plugins/mobile-login-woocommerce/includes/class-xoo-ml-otp-handler.php(281): Xoo_Ml_Otp_Handler::get_instance()
#4 /var/www/caraslens.com/htdocs/wp-content/plugins/mobile-login-woocommerce/includes/class-xoo-ml-otp-handler.php(283): xoo_ml_otp_handler()
#5 /var/www/caraslens.com/htdocs/wp-content/plugins/mobile-login-woocommerce/includes/class-xoo-ml.php(66): require_once('...')
#6 /var/www/caraslens.com/htdocs/wp-content/plugins/mobile-login-woocommerce/includes/class-xoo-ml.php(23): Xoo_Ml->includes()
#7 /var/www/caraslens.com/htdocs/wp-content/plugins/mobile-login-woocommerce/includes/class-xoo-ml.php(16): Xoo_Ml->__construct()
#8 /var/www/caraslens.com/htdocs/wp-content/plugins/mobile-login-woocommerce/xoo-ml-main.php(46): Xoo_Ml::get_instance()
#9 /var/www/caraslens.com/htdocs/wp-content/plugins/mobile-login-woocommerce/xoo-ml-main.php(39): xoo_ml()
#10 /var/www/caraslens.com/htdocs/wp-includes/class-wp-hook.php(310): xoo_ml_init()
#11 /var/www/caraslens.com/htdocs/wp-includes/class-wp-hook.php(334): WP_Hook->apply_filters()
#12 /var/www/caraslens.com/htdocs/wp-includes/plugin.php(517): WP_Hook->do_action()
#13 /var/www/caraslens.com/htdocs/wp-settings.php(495): do_action()
#14 /var/www/caraslens.com/wp-config.php(113): require_once('...')
#15 /var/www/caraslens.com/htdocs/wp-load.php(55): require_once('...')
#16 /var/www/caraslens.com/htdocs/wp-blog-header.php(13): require_once('...')
#17 /var/www/caraslens.com/htdocs/index.php(17): require('...')
#18 {main}
  thrown in /var/www/caraslens.com/htdocs/wp-content/plugins/mobile-login-woocommerce/includes/class-xoo-ml-geolocation.php on line 25

2023-11-22T03:02:08+00:00 CRITICAL Uncaught TypeError: array_map(): Argument #2 ($array) must be of type array, null given in /var/www/caraslens.com/htdocs/wp-content/plugins/mobile-login-woocommerce/includes/class-xoo-ml-geolocation.php:25
Stack trace:
#0 /var/www/caraslens.com/htdocs/wp-content/plugins/mobile-login-woocommerce/includes/class-xoo-ml-geolocation.php(25): array_map()
#1 /var/www/caraslens.com/htdocs/wp-content/plugins/mobile-login-woocommerce/includes/class-xoo-ml-otp-handler.php(20): Xoo_Ml_Geolocation::get_data()
#2 /var/www/caraslens.com/htdocs/wp-content/plugins/mobile-login-woocommerce/includes/class-xoo-ml-otp-handler.php(14): Xoo_Ml_Otp_Handler->__construct()
#3 /var/www/caraslens.com/htdocs/wp-content/plugins/mobile-login-woocommerce/includes/class-xoo-ml-otp-handler.php(281): Xoo_Ml_Otp_Handler::get_instance()
#4 /var/www/caraslens.com/htdocs/wp-content/plugins/mobile-login-woocommerce/includes/class-xoo-ml-otp-handler.php(283): xoo_ml_otp_handler()
#5 /var/www/caraslens.com/htdocs/wp-content/plugins/mobile-login-woocommerce/includes/class-xoo-ml.php(66): require_once('...')
#6 /var/www/caraslens.com/htdocs/wp-content/plugins/mobile-login-woocommerce/includes/class-xoo-ml.php(23): Xoo_Ml->includes()
#7 /var/www/caraslens.com/htdocs/wp-content/plugins/mobile-login-woocommerce/includes/class-xoo-ml.php(16): Xoo_Ml->__construct()
#8 /var/www/caraslens.com/htdocs/wp-content/plugins/mobile-login-woocommerce/xoo-ml-main.php(46): Xoo_Ml::get_instance()
#9 /var/www/caraslens.com/htdocs/wp-content/plugins/mobile-login-woocommerce/xoo-ml-main.php(39): xoo_ml()
#10 /var/www/caraslens.com/htdocs/wp-includes/class-wp-hook.php(310): xoo_ml_init()
#11 /var/www/caraslens.com/htdocs/wp-includes/class-wp-hook.php(334): WP_Hook->apply_filters()
#12 /var/www/caraslens.com/htdocs/wp-includes/plugin.php(517): WP_Hook->do_action()
#13 /var/www/caraslens.com/htdocs/wp-settings.php(495): do_action()
#14 /var/www/caraslens.com/wp-config.php(113): require_once('...')
#15 /var/www/caraslens.com/htdocs/wp-load.php(55): require_once('...')
#16 /var/www/caraslens.com/htdocs/wp-admin/admin-ajax.php(22): require_once('...')
#17 {main}
  thrown in /var/www/caraslens.com/htdocs/wp-content/plugins/mobile-login-woocommerce/includes/class-xoo-ml-geolocation.php on line 25

2023-11-22T11:42:31+00:00 CRITICAL Uncaught TypeError: array_map(): Argument #2 ($array) must be of type array, null given in /var/www/caraslens.com/htdocs/wp-content/plugins/mobile-login-woocommerce/includes/class-xoo-ml-geolocation.php:25
Stack trace:
#0 /var/www/caraslens.com/htdocs/wp-content/plugins/mobile-login-woocommerce/includes/class-xoo-ml-geolocation.php(25): array_map()
#1 /var/www/caraslens.com/htdocs/wp-content/plugins/mobile-login-woocommerce/includes/class-xoo-ml-otp-handler.php(20): Xoo_Ml_Geolocation::get_data()
#2 /var/www/caraslens.com/htdocs/wp-content/plugins/mobile-login-woocommerce/includes/class-xoo-ml-otp-handler.php(14): Xoo_Ml_Otp_Handler->__construct()
#3 /var/www/caraslens.com/htdocs/wp-content/plugins/mobile-login-woocommerce/includes/class-xoo-ml-otp-handler.php(281): Xoo_Ml_Otp_Handler::get_instance()
#4 /var/www/caraslens.com/htdocs/wp-content/plugins/mobile-login-woocommerce/includes/class-xoo-ml-otp-handler.php(283): xoo_ml_otp_handler()
#5 /var/www/caraslens.com/htdocs/wp-content/plugins/mobile-login-woocommerce/includes/class-xoo-ml.php(66): require_once('...')
#6 /var/www/caraslens.com/htdocs/wp-content/plugins/mobile-login-woocommerce/includes/class-xoo-ml.php(23): Xoo_Ml->includes()
#7 /var/www/caraslens.com/htdocs/wp-content/plugins/mobile-login-woocommerce/includes/class-xoo-ml.php(16): Xoo_Ml->__construct()
#8 /var/www/caraslens.com/htdocs/wp-content/plugins/mobile-login-woocommerce/xoo-ml-main.php(46): Xoo_Ml::get_instance()
#9 /var/www/caraslens.com/htdocs/wp-content/plugins/mobile-login-woocommerce/xoo-ml-main.php(39): xoo_ml()
#10 /var/www/caraslens.com/htdocs/wp-includes/class-wp-hook.php(310): xoo_ml_init()
#11 /var/www/caraslens.com/htdocs/wp-includes/class-wp-hook.php(334): WP_Hook->apply_filters()
#12 /var/www/caraslens.com/htdocs/wp-includes/plugin.php(517): WP_Hook->do_action()
#13 /var/www/caraslens.com/htdocs/wp-settings.php(495): do_action()
#14 /var/www/caraslens.com/wp-config.php(113): require_once('...')
#15 /var/www/caraslens.com/htdocs/wp-load.php(55): require_once('...')
#16 /var/www/caraslens.com/htdocs/wp-blog-header.php(13): require_once('...')
#17 /var/www/caraslens.com/htdocs/index.php(17): require('...')
#18 {main}
  thrown in /var/www/caraslens.com/htdocs/wp-content/plugins/mobile-login-woocommerce/includes/class-xoo-ml-geolocation.php on line 25

2023-11-22T11:44:29+00:00 CRITICAL Uncaught TypeError: array_map(): Argument #2 ($array) must be of type array, null given in /var/www/caraslens.com/htdocs/wp-content/plugins/mobile-login-woocommerce/includes/class-xoo-ml-geolocation.php:25
Stack trace:
#0 /var/www/caraslens.com/htdocs/wp-content/plugins/mobile-login-woocommerce/includes/class-xoo-ml-geolocation.php(25): array_map()
#1 /var/www/caraslens.com/htdocs/wp-content/plugins/mobile-login-woocommerce/includes/class-xoo-ml-otp-handler.php(20): Xoo_Ml_Geolocation::get_data()
#2 /var/www/caraslens.com/htdocs/wp-content/plugins/mobile-login-woocommerce/includes/class-xoo-ml-otp-handler.php(14): Xoo_Ml_Otp_Handler->__construct()
#3 /var/www/caraslens.com/htdocs/wp-content/plugins/mobile-login-woocommerce/includes/class-xoo-ml-otp-handler.php(281): Xoo_Ml_Otp_Handler::get_instance()
#4 /var/www/caraslens.com/htdocs/wp-content/plugins/mobile-login-woocommerce/includes/class-xoo-ml-otp-handler.php(283): xoo_ml_otp_handler()
#5 /var/www/caraslens.com/htdocs/wp-content/plugins/mobile-login-woocommerce/includes/class-xoo-ml.php(66): require_once('...')
#6 /var/www/caraslens.com/htdocs/wp-content/plugins/mobile-login-woocommerce/includes/class-xoo-ml.php(23): Xoo_Ml->includes()
#7 /var/www/caraslens.com/htdocs/wp-content/plugins/mobile-login-woocommerce/includes/class-xoo-ml.php(16): Xoo_Ml->__construct()
#8 /var/www/caraslens.com/htdocs/wp-content/plugins/mobile-login-woocommerce/xoo-ml-main.php(46): Xoo_Ml::get_instance()
#9 /var/www/caraslens.com/htdocs/wp-content/plugins/mobile-login-woocommerce/xoo-ml-main.php(39): xoo_ml()
#10 /var/www/caraslens.com/htdocs/wp-includes/class-wp-hook.php(310): xoo_ml_init()
#11 /var/www/caraslens.com/htdocs/wp-includes/class-wp-hook.php(334): WP_Hook->apply_filters()
#12 /var/www/caraslens.com/htdocs/wp-includes/plugin.php(517): WP_Hook->do_action()
#13 /var/www/caraslens.com/htdocs/wp-settings.php(495): do_action()
#14 /var/www/caraslens.com/wp-config.php(113): require_once('...')
#15 /var/www/caraslens.com/htdocs/wp-load.php(55): require_once('...')
#16 /var/www/caraslens.com/htdocs/wp-blog-header.php(13): require_once('...')
#17 /var/www/caraslens.com/htdocs/index.php(17): require('...')
#18 {main}
  thrown in /var/www/caraslens.com/htdocs/wp-content/plugins/mobile-login-woocommerce/includes/class-xoo-ml-geolocation.php on line 25

2023-11-22T13:40:24+00:00 CRITICAL Uncaught TypeError: array_map(): Argument #2 ($array) must be of type array, null given in /var/www/caraslens.com/htdocs/wp-content/plugins/mobile-login-woocommerce/includes/class-xoo-ml-geolocation.php:25
Stack trace:
#0 /var/www/caraslens.com/htdocs/wp-content/plugins/mobile-login-woocommerce/includes/class-xoo-ml-geolocation.php(25): array_map()
#1 /var/www/caraslens.com/htdocs/wp-content/plugins/mobile-login-woocommerce/includes/class-xoo-ml-otp-handler.php(20): Xoo_Ml_Geolocation::get_data()
#2 /var/www/caraslens.com/htdocs/wp-content/plugins/mobile-login-woocommerce/includes/class-xoo-ml-otp-handler.php(14): Xoo_Ml_Otp_Handler->__construct()
#3 /var/www/caraslens.com/htdocs/wp-content/plugins/mobile-login-woocommerce/includes/class-xoo-ml-otp-handler.php(281): Xoo_Ml_Otp_Handler::get_instance()
#4 /var/www/caraslens.com/htdocs/wp-content/plugins/mobile-login-woocommerce/includes/class-xoo-ml-otp-handler.php(283): xoo_ml_otp_handler()
#5 /var/www/caraslens.com/htdocs/wp-content/plugins/mobile-login-woocommerce/includes/class-xoo-ml.php(66): require_once('...')
#6 /var/www/caraslens.com/htdocs/wp-content/plugins/mobile-login-woocommerce/includes/class-xoo-ml.php(23): Xoo_Ml->includes()
#7 /var/www/caraslens.com/htdocs/wp-content/plugins/mobile-login-woocommerce/includes/class-xoo-ml.php(16): Xoo_Ml->__construct()
#8 /var/www/caraslens.com/htdocs/wp-content/plugins/mobile-login-woocommerce/xoo-ml-main.php(46): Xoo_Ml::get_instance()
#9 /var/www/caraslens.com/htdocs/wp-content/plugins/mobile-login-woocommerce/xoo-ml-main.php(39): xoo_ml()
#10 /var/www/caraslens.com/htdocs/wp-includes/class-wp-hook.php(310): xoo_ml_init()
#11 /var/www/caraslens.com/htdocs/wp-includes/class-wp-hook.php(334): WP_Hook->apply_filters()
#12 /var/www/caraslens.com/htdocs/wp-includes/plugin.php(517): WP_Hook->do_action()
#13 /var/www/caraslens.com/htdocs/wp-settings.php(495): do_action()
#14 /var/www/caraslens.com/wp-config.php(113): require_once('...')
#15 /var/www/caraslens.com/htdocs/wp-load.php(55): require_once('...')
#16 /var/www/caraslens.com/htdocs/wp-blog-header.php(13): require_once('...')
#17 /var/www/caraslens.com/htdocs/index.php(17): require('...')
#18 {main}
  thrown in /var/www/caraslens.com/htdocs/wp-content/plugins/mobile-login-woocommerce/includes/class-xoo-ml-geolocation.php on line 25

2023-11-22T13:40:25+00:00 CRITICAL Uncaught TypeError: array_map(): Argument #2 ($array) must be of type array, null given in /var/www/caraslens.com/htdocs/wp-content/plugins/mobile-login-woocommerce/includes/class-xoo-ml-geolocation.php:25
Stack trace:
#0 /var/www/caraslens.com/htdocs/wp-content/plugins/mobile-login-woocommerce/includes/class-xoo-ml-geolocation.php(25): array_map()
#1 /var/www/caraslens.com/htdocs/wp-content/plugins/mobile-login-woocommerce/includes/class-xoo-ml-otp-handler.php(20): Xoo_Ml_Geolocation::get_data()
#2 /var/www/caraslens.com/htdocs/wp-content/plugins/mobile-login-woocommerce/includes/class-xoo-ml-otp-handler.php(14): Xoo_Ml_Otp_Handler->__construct()
#3 /var/www/caraslens.com/htdocs/wp-content/plugins/mobile-login-woocommerce/includes/class-xoo-ml-otp-handler.php(281): Xoo_Ml_Otp_Handler::get_instance()
#4 /var/www/caraslens.com/htdocs/wp-content/plugins/mobile-login-woocommerce/includes/class-xoo-ml-otp-handler.php(283): xoo_ml_otp_handler()
#5 /var/www/caraslens.com/htdocs/wp-content/plugins/mobile-login-woocommerce/includes/class-xoo-ml.php(66): require_once('...')
#6 /var/www/caraslens.com/htdocs/wp-content/plugins/mobile-login-woocommerce/includes/class-xoo-ml.php(23): Xoo_Ml->includes()
#7 /var/www/caraslens.com/htdocs/wp-content/plugins/mobile-login-woocommerce/includes/class-xoo-ml.php(16): Xoo_Ml->__construct()
#8 /var/www/caraslens.com/htdocs/wp-content/plugins/mobile-login-woocommerce/xoo-ml-main.php(46): Xoo_Ml::get_instance()
#9 /var/www/caraslens.com/htdocs/wp-content/plugins/mobile-login-woocommerce/xoo-ml-main.php(39): xoo_ml()
#10 /var/www/caraslens.com/htdocs/wp-includes/class-wp-hook.php(310): xoo_ml_init()
#11 /var/www/caraslens.com/htdocs/wp-includes/class-wp-hook.php(334): WP_Hook->apply_filters()
#12 /var/www/caraslens.com/htdocs/wp-includes/plugin.php(517): WP_Hook->do_action()
#13 /var/www/caraslens.com/htdocs/wp-settings.php(495): do_action()
#14 /var/www/caraslens.com/wp-config.php(113): require_once('...')
#15 /var/www/caraslens.com/htdocs/wp-load.php(55): require_once('...')
#16 /var/www/caraslens.com/htdocs/wp-blog-header.php(13): require_once('...')
#17 /var/www/caraslens.com/htdocs/index.php(17): require('...')
#18 {main}
  thrown in /var/www/caraslens.com/htdocs/wp-content/plugins/mobile-login-woocommerce/includes/class-xoo-ml-geolocation.php on line 25

2023-11-22T13:50:21+00:00 CRITICAL Uncaught TypeError: array_map(): Argument #2 ($array) must be of type array, null given in /var/www/caraslens.com/htdocs/wp-content/plugins/mobile-login-woocommerce/includes/class-xoo-ml-geolocation.php:25
Stack trace:
#0 /var/www/caraslens.com/htdocs/wp-content/plugins/mobile-login-woocommerce/includes/class-xoo-ml-geolocation.php(25): array_map()
#1 /var/www/caraslens.com/htdocs/wp-content/plugins/mobile-login-woocommerce/includes/class-xoo-ml-otp-handler.php(20): Xoo_Ml_Geolocation::get_data()
#2 /var/www/caraslens.com/htdocs/wp-content/plugins/mobile-login-woocommerce/includes/class-xoo-ml-otp-handler.php(14): Xoo_Ml_Otp_Handler->__construct()
#3 /var/www/caraslens.com/htdocs/wp-content/plugins/mobile-login-woocommerce/includes/class-xoo-ml-otp-handler.php(281): Xoo_Ml_Otp_Handler::get_instance()
#4 /var/www/caraslens.com/htdocs/wp-content/plugins/mobile-login-woocommerce/includes/class-xoo-ml-otp-handler.php(283): xoo_ml_otp_handler()
#5 /var/www/caraslens.com/htdocs/wp-content/plugins/mobile-login-woocommerce/includes/class-xoo-ml.php(66): require_once('...')
#6 /var/www/caraslens.com/htdocs/wp-content/plugins/mobile-login-woocommerce/includes/class-xoo-ml.php(23): Xoo_Ml->includes()
#7 /var/www/caraslens.com/htdocs/wp-content/plugins/mobile-login-woocommerce/includes/class-xoo-ml.php(16): Xoo_Ml->__construct()
#8 /var/www/caraslens.com/htdocs/wp-content/plugins/mobile-login-woocommerce/xoo-ml-main.php(46): Xoo_Ml::get_instance()
#9 /var/www/caraslens.com/htdocs/wp-content/plugins/mobile-login-woocommerce/xoo-ml-main.php(39): xoo_ml()
#10 /var/www/caraslens.com/htdocs/wp-includes/class-wp-hook.php(310): xoo_ml_init()
#11 /var/www/caraslens.com/htdocs/wp-includes/class-wp-hook.php(334): WP_Hook->apply_filters()
#12 /var/www/caraslens.com/htdocs/wp-includes/plugin.php(517): WP_Hook->do_action()
#13 /var/www/caraslens.com/htdocs/wp-settings.php(495): do_action()
#14 /var/www/caraslens.com/wp-config.php(113): require_once('...')
#15 /var/www/caraslens.com/htdocs/wp-load.php(55): require_once('...')
#16 /var/www/caraslens.com/htdocs/wp-blog-header.php(13): require_once('...')
#17 /var/www/caraslens.com/htdocs/index.php(17): require('...')
#18 {main}
  thrown in /var/www/caraslens.com/htdocs/wp-content/plugins/mobile-login-woocommerce/includes/class-xoo-ml-geolocation.php on line 25

2023-11-22T14:52:34+00:00 CRITICAL Uncaught TypeError: array_map(): Argument #2 ($array) must be of type array, null given in /var/www/caraslens.com/htdocs/wp-content/plugins/mobile-login-woocommerce/includes/class-xoo-ml-geolocation.php:25
Stack trace:
#0 /var/www/caraslens.com/htdocs/wp-content/plugins/mobile-login-woocommerce/includes/class-xoo-ml-geolocation.php(25): array_map()
#1 /var/www/caraslens.com/htdocs/wp-content/plugins/mobile-login-woocommerce/includes/class-xoo-ml-otp-handler.php(20): Xoo_Ml_Geolocation::get_data()
#2 /var/www/caraslens.com/htdocs/wp-content/plugins/mobile-login-woocommerce/includes/class-xoo-ml-otp-handler.php(14): Xoo_Ml_Otp_Handler->__construct()
#3 /var/www/caraslens.com/htdocs/wp-content/plugins/mobile-login-woocommerce/includes/class-xoo-ml-otp-handler.php(281): Xoo_Ml_Otp_Handler::get_instance()
#4 /var/www/caraslens.com/htdocs/wp-content/plugins/mobile-login-woocommerce/includes/class-xoo-ml-otp-handler.php(283): xoo_ml_otp_handler()
#5 /var/www/caraslens.com/htdocs/wp-content/plugins/mobile-login-woocommerce/includes/class-xoo-ml.php(66): require_once('...')
#6 /var/www/caraslens.com/htdocs/wp-content/plugins/mobile-login-woocommerce/includes/class-xoo-ml.php(23): Xoo_Ml->includes()
#7 /var/www/caraslens.com/htdocs/wp-content/plugins/mobile-login-woocommerce/includes/class-xoo-ml.php(16): Xoo_Ml->__construct()
#8 /var/www/caraslens.com/htdocs/wp-content/plugins/mobile-login-woocommerce/xoo-ml-main.php(46): Xoo_Ml::get_instance()
#9 /var/www/caraslens.com/htdocs/wp-content/plugins/mobile-login-woocommerce/xoo-ml-main.php(39): xoo_ml()
#10 /var/www/caraslens.com/htdocs/wp-includes/class-wp-hook.php(310): xoo_ml_init()
#11 /var/www/caraslens.com/htdocs/wp-includes/class-wp-hook.php(334): WP_Hook->apply_filters()
#12 /var/www/caraslens.com/htdocs/wp-includes/plugin.php(517): WP_Hook->do_action()
#13 /var/www/caraslens.com/htdocs/wp-settings.php(495): do_action()
#14 /var/www/caraslens.com/wp-config.php(113): require_once('...')
#15 /var/www/caraslens.com/htdocs/wp-load.php(55): require_once('...')
#16 /var/www/caraslens.com/htdocs/wp-admin/admin-ajax.php(22): require_once('...')
#17 {main}
  thrown in /var/www/caraslens.com/htdocs/wp-content/plugins/mobile-login-woocommerce/includes/class-xoo-ml-geolocation.php on line 25

2023-11-22T14:59:16+00:00 CRITICAL Uncaught TypeError: array_map(): Argument #2 ($array) must be of type array, null given in /var/www/caraslens.com/htdocs/wp-content/plugins/mobile-login-woocommerce/includes/class-xoo-ml-geolocation.php:25
Stack trace:
#0 /var/www/caraslens.com/htdocs/wp-content/plugins/mobile-login-woocommerce/includes/class-xoo-ml-geolocation.php(25): array_map()
#1 /var/www/caraslens.com/htdocs/wp-content/plugins/mobile-login-woocommerce/includes/class-xoo-ml-otp-handler.php(20): Xoo_Ml_Geolocation::get_data()
#2 /var/www/caraslens.com/htdocs/wp-content/plugins/mobile-login-woocommerce/includes/class-xoo-ml-otp-handler.php(14): Xoo_Ml_Otp_Handler->__construct()
#3 /var/www/caraslens.com/htdocs/wp-content/plugins/mobile-login-woocommerce/includes/class-xoo-ml-otp-handler.php(281): Xoo_Ml_Otp_Handler::get_instance()
#4 /var/www/caraslens.com/htdocs/wp-content/plugins/mobile-login-woocommerce/includes/class-xoo-ml-otp-handler.php(283): xoo_ml_otp_handler()
#5 /var/www/caraslens.com/htdocs/wp-content/plugins/mobile-login-woocommerce/includes/class-xoo-ml.php(66): require_once('...')
#6 /var/www/caraslens.com/htdocs/wp-content/plugins/mobile-login-woocommerce/includes/class-xoo-ml.php(23): Xoo_Ml->includes()
#7 /var/www/caraslens.com/htdocs/wp-content/plugins/mobile-login-woocommerce/includes/class-xoo-ml.php(16): Xoo_Ml->__construct()
#8 /var/www/caraslens.com/htdocs/wp-content/plugins/mobile-login-woocommerce/xoo-ml-main.php(46): Xoo_Ml::get_instance()
#9 /var/www/caraslens.com/htdocs/wp-content/plugins/mobile-login-woocommerce/xoo-ml-main.php(39): xoo_ml()
#10 /var/www/caraslens.com/htdocs/wp-includes/class-wp-hook.php(310): xoo_ml_init()
#11 /var/www/caraslens.com/htdocs/wp-includes/class-wp-hook.php(334): WP_Hook->apply_filters()
#12 /var/www/caraslens.com/htdocs/wp-includes/plugin.php(517): WP_Hook->do_action()
#13 /var/www/caraslens.com/htdocs/wp-settings.php(495): do_action()
#14 /var/www/caraslens.com/wp-config.php(113): require_once('...')
#15 /var/www/caraslens.com/htdocs/wp-load.php(55): require_once('...')
#16 /var/www/caraslens.com/htdocs/wp-blog-header.php(13): require_once('...')
#17 /var/www/caraslens.com/htdocs/index.php(17): require('...')
#18 {main}
  thrown in /var/www/caraslens.com/htdocs/wp-content/plugins/mobile-login-woocommerce/includes/class-xoo-ml-geolocation.php on line 25

2023-11-22T16:29:36+00:00 CRITICAL Uncaught TypeError: array_map(): Argument #2 ($array) must be of type array, null given in /var/www/caraslens.com/htdocs/wp-content/plugins/mobile-login-woocommerce/includes/class-xoo-ml-geolocation.php:25
Stack trace:
#0 /var/www/caraslens.com/htdocs/wp-content/plugins/mobile-login-woocommerce/includes/class-xoo-ml-geolocation.php(25): array_map()
#1 /var/www/caraslens.com/htdocs/wp-content/plugins/mobile-login-woocommerce/includes/class-xoo-ml-otp-handler.php(20): Xoo_Ml_Geolocation::get_data()
#2 /var/www/caraslens.com/htdocs/wp-content/plugins/mobile-login-woocommerce/includes/class-xoo-ml-otp-handler.php(14): Xoo_Ml_Otp_Handler->__construct()
#3 /var/www/caraslens.com/htdocs/wp-content/plugins/mobile-login-woocommerce/includes/class-xoo-ml-otp-handler.php(281): Xoo_Ml_Otp_Handler::get_instance()
#4 /var/www/caraslens.com/htdocs/wp-content/plugins/mobile-login-woocommerce/includes/class-xoo-ml-otp-handler.php(283): xoo_ml_otp_handler()
#5 /var/www/caraslens.com/htdocs/wp-content/plugins/mobile-login-woocommerce/includes/class-xoo-ml.php(66): require_once('...')
#6 /var/www/caraslens.com/htdocs/wp-content/plugins/mobile-login-woocommerce/includes/class-xoo-ml.php(23): Xoo_Ml->includes()
#7 /var/www/caraslens.com/htdocs/wp-content/plugins/mobile-login-woocommerce/includes/class-xoo-ml.php(16): Xoo_Ml->__construct()
#8 /var/www/caraslens.com/htdocs/wp-content/plugins/mobile-login-woocommerce/xoo-ml-main.php(46): Xoo_Ml::get_instance()
#9 /var/www/caraslens.com/htdocs/wp-content/plugins/mobile-login-woocommerce/xoo-ml-main.php(39): xoo_ml()
#10 /var/www/caraslens.com/htdocs/wp-includes/class-wp-hook.php(310): xoo_ml_init()
#11 /var/www/caraslens.com/htdocs/wp-includes/class-wp-hook.php(334): WP_Hook->apply_filters()
#12 /var/www/caraslens.com/htdocs/wp-includes/plugin.php(517): WP_Hook->do_action()
#13 /var/www/caraslens.com/htdocs/wp-settings.php(495): do_action()
#14 /var/www/caraslens.com/wp-config.php(113): require_once('...')
#15 /var/www/caraslens.com/htdocs/wp-load.php(55): require_once('...')
#16 /var/www/caraslens.com/htdocs/wp-blog-header.php(13): require_once('...')
#17 /var/www/caraslens.com/htdocs/index.php(17): require('...')
#18 {main}
  thrown in /var/www/caraslens.com/htdocs/wp-content/plugins/mobile-login-woocommerce/includes/class-xoo-ml-geolocation.php on line 25

2023-11-22T17:50:22+00:00 CRITICAL Uncaught TypeError: array_map(): Argument #2 ($array) must be of type array, null given in /var/www/caraslens.com/htdocs/wp-content/plugins/mobile-login-woocommerce/includes/class-xoo-ml-geolocation.php:25
Stack trace:
#0 /var/www/caraslens.com/htdocs/wp-content/plugins/mobile-login-woocommerce/includes/class-xoo-ml-geolocation.php(25): array_map()
#1 /var/www/caraslens.com/htdocs/wp-content/plugins/mobile-login-woocommerce/includes/class-xoo-ml-otp-handler.php(20): Xoo_Ml_Geolocation::get_data()
#2 /var/www/caraslens.com/htdocs/wp-content/plugins/mobile-login-woocommerce/includes/class-xoo-ml-otp-handler.php(14): Xoo_Ml_Otp_Handler->__construct()
#3 /var/www/caraslens.com/htdocs/wp-content/plugins/mobile-login-woocommerce/includes/class-xoo-ml-otp-handler.php(281): Xoo_Ml_Otp_Handler::get_instance()
#4 /var/www/caraslens.com/htdocs/wp-content/plugins/mobile-login-woocommerce/includes/class-xoo-ml-otp-handler.php(283): xoo_ml_otp_handler()
#5 /var/www/caraslens.com/htdocs/wp-content/plugins/mobile-login-woocommerce/includes/class-xoo-ml.php(66): require_once('...')
#6 /var/www/caraslens.com/htdocs/wp-content/plugins/mobile-login-woocommerce/includes/class-xoo-ml.php(23): Xoo_Ml->includes()
#7 /var/www/caraslens.com/htdocs/wp-content/plugins/mobile-login-woocommerce/includes/class-xoo-ml.php(16): Xoo_Ml->__construct()
#8 /var/www/caraslens.com/htdocs/wp-content/plugins/mobile-login-woocommerce/xoo-ml-main.php(46): Xoo_Ml::get_instance()
#9 /var/www/caraslens.com/htdocs/wp-content/plugins/mobile-login-woocommerce/xoo-ml-main.php(39): xoo_ml()
#10 /var/www/caraslens.com/htdocs/wp-includes/class-wp-hook.php(310): xoo_ml_init()
#11 /var/www/caraslens.com/htdocs/wp-includes/class-wp-hook.php(334): WP_Hook->apply_filters()
#12 /var/www/caraslens.com/htdocs/wp-includes/plugin.php(517): WP_Hook->do_action()
#13 /var/www/caraslens.com/htdocs/wp-settings.php(495): do_action()
#14 /var/www/caraslens.com/wp-config.php(113): require_once('...')
#15 /var/www/caraslens.com/htdocs/wp-load.php(55): require_once('...')
#16 /var/www/caraslens.com/htdocs/wp-blog-header.php(13): require_once('...')
#17 /var/www/caraslens.com/htdocs/index.php(17): require('...')
#18 {main}
  thrown in /var/www/caraslens.com/htdocs/wp-content/plugins/mobile-login-woocommerce/includes/class-xoo-ml-geolocation.php on line 25

2023-11-22T18:54:06+00:00 CRITICAL Uncaught TypeError: array_map(): Argument #2 ($array) must be of type array, null given in /var/www/caraslens.com/htdocs/wp-content/plugins/mobile-login-woocommerce/includes/class-xoo-ml-geolocation.php:25
Stack trace:
#0 /var/www/caraslens.com/htdocs/wp-content/plugins/mobile-login-woocommerce/includes/class-xoo-ml-geolocation.php(25): array_map()
#1 /var/www/caraslens.com/htdocs/wp-content/plugins/mobile-login-woocommerce/includes/class-xoo-ml-otp-handler.php(20): Xoo_Ml_Geolocation::get_data()
#2 /var/www/caraslens.com/htdocs/wp-content/plugins/mobile-login-woocommerce/includes/class-xoo-ml-otp-handler.php(14): Xoo_Ml_Otp_Handler->__construct()
#3 /var/www/caraslens.com/htdocs/wp-content/plugins/mobile-login-woocommerce/includes/class-xoo-ml-otp-handler.php(281): Xoo_Ml_Otp_Handler::get_instance()
#4 /var/www/caraslens.com/htdocs/wp-content/plugins/mobile-login-woocommerce/includes/class-xoo-ml-otp-handler.php(283): xoo_ml_otp_handler()
#5 /var/www/caraslens.com/htdocs/wp-content/plugins/mobile-login-woocommerce/includes/class-xoo-ml.php(66): require_once('...')
#6 /var/www/caraslens.com/htdocs/wp-content/plugins/mobile-login-woocommerce/includes/class-xoo-ml.php(23): Xoo_Ml->includes()
#7 /var/www/caraslens.com/htdocs/wp-content/plugins/mobile-login-woocommerce/includes/class-xoo-ml.php(16): Xoo_Ml->__construct()
#8 /var/www/caraslens.com/htdocs/wp-content/plugins/mobile-login-woocommerce/xoo-ml-main.php(46): Xoo_Ml::get_instance()
#9 /var/www/caraslens.com/htdocs/wp-content/plugins/mobile-login-woocommerce/xoo-ml-main.php(39): xoo_ml()
#10 /var/www/caraslens.com/htdocs/wp-includes/class-wp-hook.php(310): xoo_ml_init()
#11 /var/www/caraslens.com/htdocs/wp-includes/class-wp-hook.php(334): WP_Hook->apply_filters()
#12 /var/www/caraslens.com/htdocs/wp-includes/plugin.php(517): WP_Hook->do_action()
#13 /var/www/caraslens.com/htdocs/wp-settings.php(495): do_action()
#14 /var/www/caraslens.com/wp-config.php(113): require_once('...')
#15 /var/www/caraslens.com/htdocs/wp-load.php(55): require_once('...')
#16 /var/www/caraslens.com/htdocs/wp-blog-header.php(13): require_once('...')
#17 /var/www/caraslens.com/htdocs/index.php(17): require('...')
#18 {main}
  thrown in /var/www/caraslens.com/htdocs/wp-content/plugins/mobile-login-woocommerce/includes/class-xoo-ml-geolocation.php on line 25

2023-11-22T22:16:30+00:00 CRITICAL Uncaught TypeError: array_map(): Argument #2 ($array) must be of type array, null given in /var/www/caraslens.com/htdocs/wp-content/plugins/mobile-login-woocommerce/includes/class-xoo-ml-geolocation.php:25
Stack trace:
#0 /var/www/caraslens.com/htdocs/wp-content/plugins/mobile-login-woocommerce/includes/class-xoo-ml-geolocation.php(25): array_map()
#1 /var/www/caraslens.com/htdocs/wp-content/plugins/mobile-login-woocommerce/includes/class-xoo-ml-otp-handler.php(20): Xoo_Ml_Geolocation::get_data()
#2 /var/www/caraslens.com/htdocs/wp-content/plugins/mobile-login-woocommerce/includes/class-xoo-ml-otp-handler.php(14): Xoo_Ml_Otp_Handler->__construct()
#3 /var/www/caraslens.com/htdocs/wp-content/plugins/mobile-login-woocommerce/includes/class-xoo-ml-otp-handler.php(281): Xoo_Ml_Otp_Handler::get_instance()
#4 /var/www/caraslens.com/htdocs/wp-content/plugins/mobile-login-woocommerce/includes/class-xoo-ml-otp-handler.php(283): xoo_ml_otp_handler()
#5 /var/www/caraslens.com/htdocs/wp-content/plugins/mobile-login-woocommerce/includes/class-xoo-ml.php(66): require_once('...')
#6 /var/www/caraslens.com/htdocs/wp-content/plugins/mobile-login-woocommerce/includes/class-xoo-ml.php(23): Xoo_Ml->includes()
#7 /var/www/caraslens.com/htdocs/wp-content/plugins/mobile-login-woocommerce/includes/class-xoo-ml.php(16): Xoo_Ml->__construct()
#8 /var/www/caraslens.com/htdocs/wp-content/plugins/mobile-login-woocommerce/xoo-ml-main.php(46): Xoo_Ml::get_instance()
#9 /var/www/caraslens.com/htdocs/wp-content/plugins/mobile-login-woocommerce/xoo-ml-main.php(39): xoo_ml()
#10 /var/www/caraslens.com/htdocs/wp-includes/class-wp-hook.php(310): xoo_ml_init()
#11 /var/www/caraslens.com/htdocs/wp-includes/class-wp-hook.php(334): WP_Hook->apply_filters()
#12 /var/www/caraslens.com/htdocs/wp-includes/plugin.php(517): WP_Hook->do_action()
#13 /var/www/caraslens.com/htdocs/wp-settings.php(495): do_action()
#14 /var/www/caraslens.com/wp-config.php(113): require_once('...')
#15 /var/www/caraslens.com/htdocs/wp-load.php(55): require_once('...')
#16 /var/www/caraslens.com/htdocs/wp-blog-header.php(13): require_once('...')
#17 /var/www/caraslens.com/htdocs/index.php(17): require('...')
#18 {main}
  thrown in /var/www/caraslens.com/htdocs/wp-content/plugins/mobile-login-woocommerce/includes/class-xoo-ml-geolocation.php on line 25

2023-11-22T22:33:36+00:00 CRITICAL Uncaught TypeError: array_map(): Argument #2 ($array) must be of type array, null given in /var/www/caraslens.com/htdocs/wp-content/plugins/mobile-login-woocommerce/includes/class-xoo-ml-geolocation.php:25
Stack trace:
#0 /var/www/caraslens.com/htdocs/wp-content/plugins/mobile-login-woocommerce/includes/class-xoo-ml-geolocation.php(25): array_map()
#1 /var/www/caraslens.com/htdocs/wp-content/plugins/mobile-login-woocommerce/includes/class-xoo-ml-otp-handler.php(20): Xoo_Ml_Geolocation::get_data()
#2 /var/www/caraslens.com/htdocs/wp-content/plugins/mobile-login-woocommerce/includes/class-xoo-ml-otp-handler.php(14): Xoo_Ml_Otp_Handler->__construct()
#3 /var/www/caraslens.com/htdocs/wp-content/plugins/mobile-login-woocommerce/includes/class-xoo-ml-otp-handler.php(281): Xoo_Ml_Otp_Handler::get_instance()
#4 /var/www/caraslens.com/htdocs/wp-content/plugins/mobile-login-woocommerce/includes/class-xoo-ml-otp-handler.php(283): xoo_ml_otp_handler()
#5 /var/www/caraslens.com/htdocs/wp-content/plugins/mobile-login-woocommerce/includes/class-xoo-ml.php(66): require_once('...')
#6 /var/www/caraslens.com/htdocs/wp-content/plugins/mobile-login-woocommerce/includes/class-xoo-ml.php(23): Xoo_Ml->includes()
#7 /var/www/caraslens.com/htdocs/wp-content/plugins/mobile-login-woocommerce/includes/class-xoo-ml.php(16): Xoo_Ml->__construct()
#8 /var/www/caraslens.com/htdocs/wp-content/plugins/mobile-login-woocommerce/xoo-ml-main.php(46): Xoo_Ml::get_instance()
#9 /var/www/caraslens.com/htdocs/wp-content/plugins/mobile-login-woocommerce/xoo-ml-main.php(39): xoo_ml()
#10 /var/www/caraslens.com/htdocs/wp-includes/class-wp-hook.php(310): xoo_ml_init()
#11 /var/www/caraslens.com/htdocs/wp-includes/class-wp-hook.php(334): WP_Hook->apply_filters()
#12 /var/www/caraslens.com/htdocs/wp-includes/plugin.php(517): WP_Hook->do_action()
#13 /var/www/caraslens.com/htdocs/wp-settings.php(495): do_action()
#14 /var/www/caraslens.com/wp-config.php(113): require_once('...')
#15 /var/www/caraslens.com/htdocs/wp-load.php(55): require_once('...')
#16 /var/www/caraslens.com/htdocs/wp-blog-header.php(13): require_once('...')
#17 /var/www/caraslens.com/htdocs/index.php(17): require('...')
#18 {main}
  thrown in /var/www/caraslens.com/htdocs/wp-content/plugins/mobile-login-woocommerce/includes/class-xoo-ml-geolocation.php on line 25

2023-11-22T22:50:45+00:00 CRITICAL Uncaught TypeError: array_map(): Argument #2 ($array) must be of type array, null given in /var/www/caraslens.com/htdocs/wp-content/plugins/mobile-login-woocommerce/includes/class-xoo-ml-geolocation.php:25
Stack trace:
#0 /var/www/caraslens.com/htdocs/wp-content/plugins/mobile-login-woocommerce/includes/class-xoo-ml-geolocation.php(25): array_map()
#1 /var/www/caraslens.com/htdocs/wp-content/plugins/mobile-login-woocommerce/includes/class-xoo-ml-otp-handler.php(20): Xoo_Ml_Geolocation::get_data()
#2 /var/www/caraslens.com/htdocs/wp-content/plugins/mobile-login-woocommerce/includes/class-xoo-ml-otp-handler.php(14): Xoo_Ml_Otp_Handler->__construct()
#3 /var/www/caraslens.com/htdocs/wp-content/plugins/mobile-login-woocommerce/includes/class-xoo-ml-otp-handler.php(281): Xoo_Ml_Otp_Handler::get_instance()
#4 /var/www/caraslens.com/htdocs/wp-content/plugins/mobile-login-woocommerce/includes/class-xoo-ml-otp-handler.php(283): xoo_ml_otp_handler()
#5 /var/www/caraslens.com/htdocs/wp-content/plugins/mobile-login-woocommerce/includes/class-xoo-ml.php(66): require_once('...')
#6 /var/www/caraslens.com/htdocs/wp-content/plugins/mobile-login-woocommerce/includes/class-xoo-ml.php(23): Xoo_Ml->includes()
#7 /var/www/caraslens.com/htdocs/wp-content/plugins/mobile-login-woocommerce/includes/class-xoo-ml.php(16): Xoo_Ml->__construct()
#8 /var/www/caraslens.com/htdocs/wp-content/plugins/mobile-login-woocommerce/xoo-ml-main.php(46): Xoo_Ml::get_instance()
#9 /var/www/caraslens.com/htdocs/wp-content/plugins/mobile-login-woocommerce/xoo-ml-main.php(39): xoo_ml()
#10 /var/www/caraslens.com/htdocs/wp-includes/class-wp-hook.php(310): xoo_ml_init()
#11 /var/www/caraslens.com/htdocs/wp-includes/class-wp-hook.php(334): WP_Hook->apply_filters()
#12 /var/www/caraslens.com/htdocs/wp-includes/plugin.php(517): WP_Hook->do_action()
#13 /var/www/caraslens.com/htdocs/wp-settings.php(495): do_action()
#14 /var/www/caraslens.com/wp-config.php(113): require_once('...')
#15 /var/www/caraslens.com/htdocs/wp-load.php(55): require_once('...')
#16 /var/www/caraslens.com/htdocs/wp-blog-header.php(13): require_once('...')
#17 /var/www/caraslens.com/htdocs/index.php(17): require('...')
#18 {main}
  thrown in /var/www/caraslens.com/htdocs/wp-content/plugins/mobile-login-woocommerce/includes/class-xoo-ml-geolocation.php on line 25

2023-11-22T23:19:24+00:00 CRITICAL Uncaught TypeError: array_map(): Argument #2 ($array) must be of type array, null given in /var/www/caraslens.com/htdocs/wp-content/plugins/mobile-login-woocommerce/includes/class-xoo-ml-geolocation.php:25
Stack trace:
#0 /var/www/caraslens.com/htdocs/wp-content/plugins/mobile-login-woocommerce/includes/class-xoo-ml-geolocation.php(25): array_map()
#1 /var/www/caraslens.com/htdocs/wp-content/plugins/mobile-login-woocommerce/includes/class-xoo-ml-otp-handler.php(20): Xoo_Ml_Geolocation::get_data()
#2 /var/www/caraslens.com/htdocs/wp-content/plugins/mobile-login-woocommerce/includes/class-xoo-ml-otp-handler.php(14): Xoo_Ml_Otp_Handler->__construct()
#3 /var/www/caraslens.com/htdocs/wp-content/plugins/mobile-login-woocommerce/includes/class-xoo-ml-otp-handler.php(281): Xoo_Ml_Otp_Handler::get_instance()
#4 /var/www/caraslens.com/htdocs/wp-content/plugins/mobile-login-woocommerce/includes/class-xoo-ml-otp-handler.php(283): xoo_ml_otp_handler()
#5 /var/www/caraslens.com/htdocs/wp-content/plugins/mobile-login-woocommerce/includes/class-xoo-ml.php(66): require_once('...')
#6 /var/www/caraslens.com/htdocs/wp-content/plugins/mobile-login-woocommerce/includes/class-xoo-ml.php(23): Xoo_Ml->includes()
#7 /var/www/caraslens.com/htdocs/wp-content/plugins/mobile-login-woocommerce/includes/class-xoo-ml.php(16): Xoo_Ml->__construct()
#8 /var/www/caraslens.com/htdocs/wp-content/plugins/mobile-login-woocommerce/xoo-ml-main.php(46): Xoo_Ml::get_instance()
#9 /var/www/caraslens.com/htdocs/wp-content/plugins/mobile-login-woocommerce/xoo-ml-main.php(39): xoo_ml()
#10 /var/www/caraslens.com/htdocs/wp-includes/class-wp-hook.php(310): xoo_ml_init()
#11 /var/www/caraslens.com/htdocs/wp-includes/class-wp-hook.php(334): WP_Hook->apply_filters()
#12 /var/www/caraslens.com/htdocs/wp-includes/plugin.php(517): WP_Hook->do_action()
#13 /var/www/caraslens.com/htdocs/wp-settings.php(495): do_action()
#14 /var/www/caraslens.com/wp-config.php(113): require_once('...')
#15 /var/www/caraslens.com/htdocs/wp-load.php(55): require_once('...')
#16 /var/www/caraslens.com/htdocs/wp-blog-header.php(13): require_once('...')
#17 /var/www/caraslens.com/htdocs/index.php(17): require('...')
#18 {main}
  thrown in /var/www/caraslens.com/htdocs/wp-content/plugins/mobile-login-woocommerce/includes/class-xoo-ml-geolocation.php on line 25

2023-11-22T23:43:53+00:00 CRITICAL Uncaught TypeError: array_map(): Argument #2 ($array) must be of type array, null given in /var/www/caraslens.com/htdocs/wp-content/plugins/mobile-login-woocommerce/includes/class-xoo-ml-geolocation.php:25
Stack trace:
#0 /var/www/caraslens.com/htdocs/wp-content/plugins/mobile-login-woocommerce/includes/class-xoo-ml-geolocation.php(25): array_map()
#1 /var/www/caraslens.com/htdocs/wp-content/plugins/mobile-login-woocommerce/includes/class-xoo-ml-otp-handler.php(20): Xoo_Ml_Geolocation::get_data()
#2 /var/www/caraslens.com/htdocs/wp-content/plugins/mobile-login-woocommerce/includes/class-xoo-ml-otp-handler.php(14): Xoo_Ml_Otp_Handler->__construct()
#3 /var/www/caraslens.com/htdocs/wp-content/plugins/mobile-login-woocommerce/includes/class-xoo-ml-otp-handler.php(281): Xoo_Ml_Otp_Handler::get_instance()
#4 /var/www/caraslens.com/htdocs/wp-content/plugins/mobile-login-woocommerce/includes/class-xoo-ml-otp-handler.php(283): xoo_ml_otp_handler()
#5 /var/www/caraslens.com/htdocs/wp-content/plugins/mobile-login-woocommerce/includes/class-xoo-ml.php(66): require_once('...')
#6 /var/www/caraslens.com/htdocs/wp-content/plugins/mobile-login-woocommerce/includes/class-xoo-ml.php(23): Xoo_Ml->includes()
#7 /var/www/caraslens.com/htdocs/wp-content/plugins/mobile-login-woocommerce/includes/class-xoo-ml.php(16): Xoo_Ml->__construct()
#8 /var/www/caraslens.com/htdocs/wp-content/plugins/mobile-login-woocommerce/xoo-ml-main.php(46): Xoo_Ml::get_instance()
#9 /var/www/caraslens.com/htdocs/wp-content/plugins/mobile-login-woocommerce/xoo-ml-main.php(39): xoo_ml()
#10 /var/www/caraslens.com/htdocs/wp-includes/class-wp-hook.php(310): xoo_ml_init()
#11 /var/www/caraslens.com/htdocs/wp-includes/class-wp-hook.php(334): WP_Hook->apply_filters()
#12 /var/www/caraslens.com/htdocs/wp-includes/plugin.php(517): WP_Hook->do_action()
#13 /var/www/caraslens.com/htdocs/wp-settings.php(495): do_action()
#14 /var/www/caraslens.com/wp-config.php(113): require_once('...')
#15 /var/www/caraslens.com/htdocs/wp-load.php(55): require_once('...')
#16 /var/www/caraslens.com/htdocs/wp-blog-header.php(13): require_once('...')
#17 /var/www/caraslens.com/htdocs/index.php(17): require('...')
#18 {main}
  thrown in /var/www/caraslens.com/htdocs/wp-content/plugins/mobile-login-woocommerce/includes/class-xoo-ml-geolocation.php on line 25

2023-11-22T23:51:21+00:00 CRITICAL Uncaught TypeError: array_map(): Argument #2 ($array) must be of type array, null given in /var/www/caraslens.com/htdocs/wp-content/plugins/mobile-login-woocommerce/includes/class-xoo-ml-geolocation.php:25
Stack trace:
#0 /var/www/caraslens.com/htdocs/wp-content/plugins/mobile-login-woocommerce/includes/class-xoo-ml-geolocation.php(25): array_map()
#1 /var/www/caraslens.com/htdocs/wp-content/plugins/mobile-login-woocommerce/includes/class-xoo-ml-otp-handler.php(20): Xoo_Ml_Geolocation::get_data()
#2 /var/www/caraslens.com/htdocs/wp-content/plugins/mobile-login-woocommerce/includes/class-xoo-ml-otp-handler.php(14): Xoo_Ml_Otp_Handler->__construct()
#3 /var/www/caraslens.com/htdocs/wp-content/plugins/mobile-login-woocommerce/includes/class-xoo-ml-otp-handler.php(281): Xoo_Ml_Otp_Handler::get_instance()
#4 /var/www/caraslens.com/htdocs/wp-content/plugins/mobile-login-woocommerce/includes/class-xoo-ml-otp-handler.php(283): xoo_ml_otp_handler()
#5 /var/www/caraslens.com/htdocs/wp-content/plugins/mobile-login-woocommerce/includes/class-xoo-ml.php(66): require_once('...')
#6 /var/www/caraslens.com/htdocs/wp-content/plugins/mobile-login-woocommerce/includes/class-xoo-ml.php(23): Xoo_Ml->includes()
#7 /var/www/caraslens.com/htdocs/wp-content/plugins/mobile-login-woocommerce/includes/class-xoo-ml.php(16): Xoo_Ml->__construct()
#8 /var/www/caraslens.com/htdocs/wp-content/plugins/mobile-login-woocommerce/xoo-ml-main.php(46): Xoo_Ml::get_instance()
#9 /var/www/caraslens.com/htdocs/wp-content/plugins/mobile-login-woocommerce/xoo-ml-main.php(39): xoo_ml()
#10 /var/www/caraslens.com/htdocs/wp-includes/class-wp-hook.php(310): xoo_ml_init()
#11 /var/www/caraslens.com/htdocs/wp-includes/class-wp-hook.php(334): WP_Hook->apply_filters()
#12 /var/www/caraslens.com/htdocs/wp-includes/plugin.php(517): WP_Hook->do_action()
#13 /var/www/caraslens.com/htdocs/wp-settings.php(495): do_action()
#14 /var/www/caraslens.com/wp-config.php(113): require_once('...')
#15 /var/www/caraslens.com/htdocs/wp-load.php(55): require_once('...')
#16 /var/www/caraslens.com/htdocs/wp-blog-header.php(13): require_once('...')
#17 /var/www/caraslens.com/htdocs/index.php(17): require('...')
#18 {main}
  thrown in /var/www/caraslens.com/htdocs/wp-content/plugins/mobile-login-woocommerce/includes/class-xoo-ml-geolocation.php on line 25

