2022-08-30T10:39:04+00:00 CRITICAL Uncaught Error: Cannot use object of type WP_Term as array in D:\Ampps\www\ecommerce\wp-content\themes\storefront-child\page-tuyen-dung.php:31
Stack trace:
#0 D:\Ampps\www\ecommerce\wp-includes\template-loader.php(106): include()
#1 D:\Ampps\www\ecommerce\wp-blog-header.php(19): require_once('D:\\Ampps\\www\\ec...')
#2 D:\Ampps\www\ecommerce\index.php(17): require('D:\\Ampps\\www\\ec...')
#3 {main}
  thrown in D:\Ampps\www\ecommerce\wp-content\themes\storefront-child\page-tuyen-dung.php on line 31

2022-08-30T15:22:43+00:00 CRITICAL Uncaught Error: Call to a member function have_posts() on null in D:\Ampps\www\ecommerce\wp-content\themes\storefront-child\page-tuyen-dung.php:150
Stack trace:
#0 D:\Ampps\www\ecommerce\wp-includes\template-loader.php(106): include()
#1 D:\Ampps\www\ecommerce\wp-blog-header.php(19): require_once('D:\\Ampps\\www\\ec...')
#2 D:\Ampps\www\ecommerce\index.php(17): require('D:\\Ampps\\www\\ec...')
#3 {main}
  thrown in D:\Ampps\www\ecommerce\wp-content\themes\storefront-child\page-tuyen-dung.php on line 150

2022-08-30T18:19:48+00:00 CRITICAL Uncaught Error: Call to a member function get_original_product_id() on null in D:\Ampps\www\ecommerce\wp-content\plugins\woocommerce-multilingual\inc\currencies\class-wcml-custom-prices.php:79
Stack trace:
#0 D:\Ampps\www\ecommerce\wp-content\plugins\woocommerce-multilingual\inc\currencies\class-wcml-multi-currency-prices.php(246): WCML_Custom_Prices->get_product_custom_prices()
#1 D:\Ampps\www\ecommerce\wp-content\plugins\sitepress-multilingual-cms\vendor\wpml\fp\core\Logic.php(123): WCML_Multi_Currency_Prices->{closure}()
#2 [internal function]: WPML\FP\Logic::WPML\FP\{closure}()
#3 D:\Ampps\www\ecommerce\wp-content\plugins\sitepress-multilingual-cms\vendor\wpml\fp\core\functions.php(152): call_user_func_array()
#4 D:\Ampps\www\ecommerce\wp-content\plugins\woocommerce-multilingual\inc\currencies\class-wcml-multi-currency-prices.php(266): WPML\FP\{closure}()
#5 D:\Ampps\www\ecommerce\wp-includes\class-wp-hook.php(309): WCML_Multi_Currency_Prices->product_price_filter()
#6 D:\Ampps\www\ecommerce\wp-includes\p in D:\Ampps\www\ecommerce\wp-content\plugins\woocommerce-multilingual\inc\currencies\class-wcml-custom-prices.php on line 79

2022-08-30T18:20:00+00:00 CRITICAL Uncaught Error: Call to a member function get_original_product_id() on null in D:\Ampps\www\ecommerce\wp-content\plugins\woocommerce-multilingual\inc\currencies\class-wcml-custom-prices.php:79
Stack trace:
#0 D:\Ampps\www\ecommerce\wp-content\plugins\woocommerce-multilingual\inc\currencies\class-wcml-multi-currency-prices.php(246): WCML_Custom_Prices->get_product_custom_prices()
#1 D:\Ampps\www\ecommerce\wp-content\plugins\sitepress-multilingual-cms\vendor\wpml\fp\core\Logic.php(123): WCML_Multi_Currency_Prices->{closure}()
#2 [internal function]: WPML\FP\Logic::WPML\FP\{closure}()
#3 D:\Ampps\www\ecommerce\wp-content\plugins\sitepress-multilingual-cms\vendor\wpml\fp\core\functions.php(152): call_user_func_array()
#4 D:\Ampps\www\ecommerce\wp-content\plugins\woocommerce-multilingual\inc\currencies\class-wcml-multi-currency-prices.php(266): WPML\FP\{closure}()
#5 D:\Ampps\www\ecommerce\wp-includes\class-wp-hook.php(309): WCML_Multi_Currency_Prices->product_price_filter()
#6 D:\Ampps\www\ecommerce\wp-includes\p in D:\Ampps\www\ecommerce\wp-content\plugins\woocommerce-multilingual\inc\currencies\class-wcml-custom-prices.php on line 79

2022-08-30T18:20:06+00:00 CRITICAL Uncaught Error: Call to a member function get_original_product_id() on null in D:\Ampps\www\ecommerce\wp-content\plugins\woocommerce-multilingual\inc\currencies\class-wcml-custom-prices.php:79
Stack trace:
#0 D:\Ampps\www\ecommerce\wp-content\plugins\woocommerce-multilingual\inc\currencies\class-wcml-multi-currency-prices.php(246): WCML_Custom_Prices->get_product_custom_prices()
#1 D:\Ampps\www\ecommerce\wp-content\plugins\sitepress-multilingual-cms\vendor\wpml\fp\core\Logic.php(123): WCML_Multi_Currency_Prices->{closure}()
#2 [internal function]: WPML\FP\Logic::WPML\FP\{closure}()
#3 D:\Ampps\www\ecommerce\wp-content\plugins\sitepress-multilingual-cms\vendor\wpml\fp\core\functions.php(152): call_user_func_array()
#4 D:\Ampps\www\ecommerce\wp-content\plugins\woocommerce-multilingual\inc\currencies\class-wcml-multi-currency-prices.php(266): WPML\FP\{closure}()
#5 D:\Ampps\www\ecommerce\wp-includes\class-wp-hook.php(309): WCML_Multi_Currency_Prices->product_price_filter()
#6 D:\Ampps\www\ecommerce\wp-includes\p in D:\Ampps\www\ecommerce\wp-content\plugins\woocommerce-multilingual\inc\currencies\class-wcml-custom-prices.php on line 79

2022-08-30T18:21:26+00:00 CRITICAL Uncaught Error: Call to a member function get_original_product_id() on null in D:\Ampps\www\ecommerce\wp-content\plugins\woocommerce-multilingual\inc\currencies\class-wcml-custom-prices.php:79
Stack trace:
#0 D:\Ampps\www\ecommerce\wp-content\plugins\woocommerce-multilingual\inc\currencies\class-wcml-multi-currency-prices.php(246): WCML_Custom_Prices->get_product_custom_prices()
#1 D:\Ampps\www\ecommerce\wp-content\plugins\sitepress-multilingual-cms\vendor\wpml\fp\core\Logic.php(123): WCML_Multi_Currency_Prices->{closure}()
#2 [internal function]: WPML\FP\Logic::WPML\FP\{closure}()
#3 D:\Ampps\www\ecommerce\wp-content\plugins\sitepress-multilingual-cms\vendor\wpml\fp\core\functions.php(152): call_user_func_array()
#4 D:\Ampps\www\ecommerce\wp-content\plugins\woocommerce-multilingual\inc\currencies\class-wcml-multi-currency-prices.php(266): WPML\FP\{closure}()
#5 D:\Ampps\www\ecommerce\wp-includes\class-wp-hook.php(309): WCML_Multi_Currency_Prices->product_price_filter()
#6 D:\Ampps\www\ecommerce\wp-includes\p in D:\Ampps\www\ecommerce\wp-content\plugins\woocommerce-multilingual\inc\currencies\class-wcml-custom-prices.php on line 79

2022-08-30T18:21:36+00:00 CRITICAL Uncaught Error: Call to a member function get_original_product_id() on null in D:\Ampps\www\ecommerce\wp-content\plugins\woocommerce-multilingual\inc\currencies\class-wcml-custom-prices.php:79
Stack trace:
#0 D:\Ampps\www\ecommerce\wp-content\plugins\woocommerce-multilingual\inc\currencies\class-wcml-multi-currency-prices.php(246): WCML_Custom_Prices->get_product_custom_prices()
#1 D:\Ampps\www\ecommerce\wp-content\plugins\sitepress-multilingual-cms\vendor\wpml\fp\core\Logic.php(123): WCML_Multi_Currency_Prices->{closure}()
#2 [internal function]: WPML\FP\Logic::WPML\FP\{closure}()
#3 D:\Ampps\www\ecommerce\wp-content\plugins\sitepress-multilingual-cms\vendor\wpml\fp\core\functions.php(152): call_user_func_array()
#4 D:\Ampps\www\ecommerce\wp-content\plugins\woocommerce-multilingual\inc\currencies\class-wcml-multi-currency-prices.php(266): WPML\FP\{closure}()
#5 D:\Ampps\www\ecommerce\wp-includes\class-wp-hook.php(309): WCML_Multi_Currency_Prices->product_price_filter()
#6 D:\Ampps\www\ecommerce\wp-includes\p in D:\Ampps\www\ecommerce\wp-content\plugins\woocommerce-multilingual\inc\currencies\class-wcml-custom-prices.php on line 79

2022-08-30T18:23:36+00:00 CRITICAL Uncaught Error: Call to a member function get_original_product_id() on null in D:\Ampps\www\ecommerce\wp-content\plugins\woocommerce-multilingual\inc\currencies\class-wcml-custom-prices.php:79
Stack trace:
#0 D:\Ampps\www\ecommerce\wp-content\plugins\woocommerce-multilingual\inc\currencies\class-wcml-multi-currency-prices.php(246): WCML_Custom_Prices->get_product_custom_prices()
#1 D:\Ampps\www\ecommerce\wp-content\plugins\sitepress-multilingual-cms\vendor\wpml\fp\core\Logic.php(123): WCML_Multi_Currency_Prices->{closure}()
#2 [internal function]: WPML\FP\Logic::WPML\FP\{closure}()
#3 D:\Ampps\www\ecommerce\wp-content\plugins\sitepress-multilingual-cms\vendor\wpml\fp\core\functions.php(152): call_user_func_array()
#4 D:\Ampps\www\ecommerce\wp-content\plugins\woocommerce-multilingual\inc\currencies\class-wcml-multi-currency-prices.php(266): WPML\FP\{closure}()
#5 D:\Ampps\www\ecommerce\wp-includes\class-wp-hook.php(309): WCML_Multi_Currency_Prices->product_price_filter()
#6 D:\Ampps\www\ecommerce\wp-includes\p in D:\Ampps\www\ecommerce\wp-content\plugins\woocommerce-multilingual\inc\currencies\class-wcml-custom-prices.php on line 79

