2022-06-30T02:58:04+00:00 CRITICAL Uncaught Error: Call to undefined method WC_Product_Simple::wc_get_product_category_list() in /home/admin/domains/dev.caraslens.com/public_html/wp-content/themes/storefront-child/woocommerce/content-single-product.php:39
Stack trace:
#0 /home/admin/domains/dev.caraslens.com/public_html/wp-includes/template.php(772): require()
#1 /home/admin/domains/dev.caraslens.com/public_html/wp-content/plugins/woocommerce/includes/wc-core-functions.php(284): load_template()
#2 /home/admin/domains/dev.caraslens.com/public_html/wp-content/themes/storefront-child/woocommerce/single-product.php(37): wc_get_template_part()
#3 /home/admin/domains/dev.caraslens.com/public_html/wp-includes/template-loader.php(106): include('/home/admin/dom...')
#4 /home/admin/domains/dev.caraslens.com/public_html/wp-blog-header.php(19): require_once('/home/admin/dom...')
#5 /home/admin/domains/dev.caraslens.com/public_html/index.php(17): require('/home/admin/dom...')
#6 {main}
  thrown in /home/admin/domains/dev.caraslens.com/public_html/wp-content/themes/storefront-child/woocommerce/content-single-product.php on line 39

2022-06-30T03:12:27+00:00 CRITICAL Uncaught Error: Call to undefined method WC_Product_Simple::wc_get_product_category_list() in /home/admin/domains/dev.caraslens.com/public_html/wp-content/themes/storefront-child/woocommerce/content-single-product.php:39
Stack trace:
#0 /home/admin/domains/dev.caraslens.com/public_html/wp-includes/template.php(772): require()
#1 /home/admin/domains/dev.caraslens.com/public_html/wp-content/plugins/woocommerce/includes/wc-core-functions.php(284): load_template()
#2 /home/admin/domains/dev.caraslens.com/public_html/wp-content/themes/storefront-child/woocommerce/single-product.php(37): wc_get_template_part()
#3 /home/admin/domains/dev.caraslens.com/public_html/wp-includes/template-loader.php(106): include('/home/admin/dom...')
#4 /home/admin/domains/dev.caraslens.com/public_html/wp-blog-header.php(19): require_once('/home/admin/dom...')
#5 /home/admin/domains/dev.caraslens.com/public_html/index.php(17): require('/home/admin/dom...')
#6 {main}
  thrown in /home/admin/domains/dev.caraslens.com/public_html/wp-content/themes/storefront-child/woocommerce/content-single-product.php on line 39

2022-06-30T03:13:25+00:00 CRITICAL Uncaught Error: Call to undefined method WC_Product_Simple::wc_get_product_category_list() in /home/admin/domains/dev.caraslens.com/public_html/wp-content/themes/storefront-child/woocommerce/content-single-product.php:39
Stack trace:
#0 /home/admin/domains/dev.caraslens.com/public_html/wp-includes/template.php(772): require()
#1 /home/admin/domains/dev.caraslens.com/public_html/wp-content/plugins/woocommerce/includes/wc-core-functions.php(284): load_template()
#2 /home/admin/domains/dev.caraslens.com/public_html/wp-content/themes/storefront-child/woocommerce/single-product.php(37): wc_get_template_part()
#3 /home/admin/domains/dev.caraslens.com/public_html/wp-includes/template-loader.php(106): include('/home/admin/dom...')
#4 /home/admin/domains/dev.caraslens.com/public_html/wp-blog-header.php(19): require_once('/home/admin/dom...')
#5 /home/admin/domains/dev.caraslens.com/public_html/index.php(17): require('/home/admin/dom...')
#6 {main}
  thrown in /home/admin/domains/dev.caraslens.com/public_html/wp-content/themes/storefront-child/woocommerce/content-single-product.php on line 39

