2022-08-10T03:06:57+00:00 CRITICAL Uncaught Error: Call to a member function get_attribute() on null in D:\xampp\htdocs\ecommerce\wp-content\themes\storefront-child\module\product_item_loop.php:18
Stack trace:
#0 D:\xampp\htdocs\ecommerce\wp-content\themes\storefront-child\archive-product.php(248): require()
#1 D:\xampp\htdocs\ecommerce\wp-content\plugins\woocommerce\includes\wc-core-functions.php(345): include('D:\\xampp\\htdocs...')
#2 D:\xampp\htdocs\ecommerce\wp-content\themes\storefront-child\taxonomy-product-cat.php(22): wc_get_template('archive-product...')
#3 D:\xampp\htdocs\ecommerce\wp-includes\template-loader.php(106): include('D:\\xampp\\htdocs...')
#4 D:\xampp\htdocs\ecommerce\wp-blog-header.php(19): require_once('D:\\xampp\\htdocs...')
#5 D:\xampp\htdocs\ecommerce\index.php(17): require('D:\\xampp\\htdocs...')
#6 {main}
  thrown in D:\xampp\htdocs\ecommerce\wp-content\themes\storefront-child\module\product_item_loop.php on line 18

2022-08-10T03:11:16+00:00 CRITICAL Uncaught Error: Call to a member function get_attribute() on null in D:\xampp\htdocs\ecommerce\wp-content\themes\storefront-child\module\product_item_loop.php:18
Stack trace:
#0 D:\xampp\htdocs\ecommerce\wp-content\themes\storefront-child\archive-product.php(248): require()
#1 D:\xampp\htdocs\ecommerce\wp-content\plugins\woocommerce\includes\wc-core-functions.php(345): include('D:\\xampp\\htdocs...')
#2 D:\xampp\htdocs\ecommerce\wp-content\themes\storefront-child\taxonomy-product-cat.php(22): wc_get_template('archive-product...')
#3 D:\xampp\htdocs\ecommerce\wp-includes\template-loader.php(106): include('D:\\xampp\\htdocs...')
#4 D:\xampp\htdocs\ecommerce\wp-blog-header.php(19): require_once('D:\\xampp\\htdocs...')
#5 D:\xampp\htdocs\ecommerce\index.php(17): require('D:\\xampp\\htdocs...')
#6 {main}
  thrown in D:\xampp\htdocs\ecommerce\wp-content\themes\storefront-child\module\product_item_loop.php on line 18

