2023-11-16T00:49:12+00:00 CRITICAL Uncaught TypeError: array_map(): Argument #2 ($array) must be of type array, null given in /var/www/caraslens.com/htdocs/wp-content/plugins/mobile-login-woocommerce/includes/class-xoo-ml-geolocation.php:25
Stack trace:
#0 /var/www/caraslens.com/htdocs/wp-content/plugins/mobile-login-woocommerce/includes/class-xoo-ml-geolocation.php(25): array_map()
#1 /var/www/caraslens.com/htdocs/wp-content/plugins/mobile-login-woocommerce/includes/class-xoo-ml-otp-handler.php(20): Xoo_Ml_Geolocation::get_data()
#2 /var/www/caraslens.com/htdocs/wp-content/plugins/mobile-login-woocommerce/includes/class-xoo-ml-otp-handler.php(14): Xoo_Ml_Otp_Handler->__construct()
#3 /var/www/caraslens.com/htdocs/wp-content/plugins/mobile-login-woocommerce/includes/class-xoo-ml-otp-handler.php(281): Xoo_Ml_Otp_Handler::get_instance()
#4 /var/www/caraslens.com/htdocs/wp-content/plugins/mobile-login-woocommerce/includes/class-xoo-ml-otp-handler.php(283): xoo_ml_otp_handler()
#5 /var/www/caraslens.com/htdocs/wp-content/plugins/mobile-login-woocommerce/includes/class-xoo-ml.php(66): require_once('...')
#6 /var/www/caraslens.com/htdocs/wp-content/plugins/mobile-login-woocommerce/includes/class-xoo-ml.php(23): Xoo_Ml->includes()
#7 /var/www/caraslens.com/htdocs/wp-content/plugins/mobile-login-woocommerce/includes/class-xoo-ml.php(16): Xoo_Ml->__construct()
#8 /var/www/caraslens.com/htdocs/wp-content/plugins/mobile-login-woocommerce/xoo-ml-main.php(46): Xoo_Ml::get_instance()
#9 /var/www/caraslens.com/htdocs/wp-content/plugins/mobile-login-woocommerce/xoo-ml-main.php(39): xoo_ml()
#10 /var/www/caraslens.com/htdocs/wp-includes/class-wp-hook.php(310): xoo_ml_init()
#11 /var/www/caraslens.com/htdocs/wp-includes/class-wp-hook.php(334): WP_Hook->apply_filters()
#12 /var/www/caraslens.com/htdocs/wp-includes/plugin.php(517): WP_Hook->do_action()
#13 /var/www/caraslens.com/htdocs/wp-settings.php(495): do_action()
#14 /var/www/caraslens.com/wp-config.php(113): require_once('...')
#15 /var/www/caraslens.com/htdocs/wp-load.php(55): require_once('...')
#16 /var/www/caraslens.com/htdocs/wp-blog-header.php(13): require_once('...')
#17 /var/www/caraslens.com/htdocs/index.php(17): require('...')
#18 {main}
  thrown in /var/www/caraslens.com/htdocs/wp-content/plugins/mobile-login-woocommerce/includes/class-xoo-ml-geolocation.php on line 25

2023-11-16T01:54:58+00:00 CRITICAL Uncaught TypeError: array_map(): Argument #2 ($array) must be of type array, null given in /var/www/caraslens.com/htdocs/wp-content/plugins/mobile-login-woocommerce/includes/class-xoo-ml-geolocation.php:25
Stack trace:
#0 /var/www/caraslens.com/htdocs/wp-content/plugins/mobile-login-woocommerce/includes/class-xoo-ml-geolocation.php(25): array_map()
#1 /var/www/caraslens.com/htdocs/wp-content/plugins/mobile-login-woocommerce/includes/class-xoo-ml-otp-handler.php(20): Xoo_Ml_Geolocation::get_data()
#2 /var/www/caraslens.com/htdocs/wp-content/plugins/mobile-login-woocommerce/includes/class-xoo-ml-otp-handler.php(14): Xoo_Ml_Otp_Handler->__construct()
#3 /var/www/caraslens.com/htdocs/wp-content/plugins/mobile-login-woocommerce/includes/class-xoo-ml-otp-handler.php(281): Xoo_Ml_Otp_Handler::get_instance()
#4 /var/www/caraslens.com/htdocs/wp-content/plugins/mobile-login-woocommerce/includes/class-xoo-ml-otp-handler.php(283): xoo_ml_otp_handler()
#5 /var/www/caraslens.com/htdocs/wp-content/plugins/mobile-login-woocommerce/includes/class-xoo-ml.php(66): require_once('...')
#6 /var/www/caraslens.com/htdocs/wp-content/plugins/mobile-login-woocommerce/includes/class-xoo-ml.php(23): Xoo_Ml->includes()
#7 /var/www/caraslens.com/htdocs/wp-content/plugins/mobile-login-woocommerce/includes/class-xoo-ml.php(16): Xoo_Ml->__construct()
#8 /var/www/caraslens.com/htdocs/wp-content/plugins/mobile-login-woocommerce/xoo-ml-main.php(46): Xoo_Ml::get_instance()
#9 /var/www/caraslens.com/htdocs/wp-content/plugins/mobile-login-woocommerce/xoo-ml-main.php(39): xoo_ml()
#10 /var/www/caraslens.com/htdocs/wp-includes/class-wp-hook.php(310): xoo_ml_init()
#11 /var/www/caraslens.com/htdocs/wp-includes/class-wp-hook.php(334): WP_Hook->apply_filters()
#12 /var/www/caraslens.com/htdocs/wp-includes/plugin.php(517): WP_Hook->do_action()
#13 /var/www/caraslens.com/htdocs/wp-settings.php(495): do_action()
#14 /var/www/caraslens.com/wp-config.php(113): require_once('...')
#15 /var/www/caraslens.com/htdocs/wp-load.php(55): require_once('...')
#16 /var/www/caraslens.com/htdocs/wp-admin/admin-ajax.php(22): require_once('...')
#17 {main}
  thrown in /var/www/caraslens.com/htdocs/wp-content/plugins/mobile-login-woocommerce/includes/class-xoo-ml-geolocation.php on line 25

2023-11-16T02:15:46+00:00 CRITICAL Uncaught TypeError: array_map(): Argument #2 ($array) must be of type array, null given in /var/www/caraslens.com/htdocs/wp-content/plugins/mobile-login-woocommerce/includes/class-xoo-ml-geolocation.php:25
Stack trace:
#0 /var/www/caraslens.com/htdocs/wp-content/plugins/mobile-login-woocommerce/includes/class-xoo-ml-geolocation.php(25): array_map()
#1 /var/www/caraslens.com/htdocs/wp-content/plugins/mobile-login-woocommerce/includes/class-xoo-ml-otp-handler.php(20): Xoo_Ml_Geolocation::get_data()
#2 /var/www/caraslens.com/htdocs/wp-content/plugins/mobile-login-woocommerce/includes/class-xoo-ml-otp-handler.php(14): Xoo_Ml_Otp_Handler->__construct()
#3 /var/www/caraslens.com/htdocs/wp-content/plugins/mobile-login-woocommerce/includes/class-xoo-ml-otp-handler.php(281): Xoo_Ml_Otp_Handler::get_instance()
#4 /var/www/caraslens.com/htdocs/wp-content/plugins/mobile-login-woocommerce/includes/class-xoo-ml-otp-handler.php(283): xoo_ml_otp_handler()
#5 /var/www/caraslens.com/htdocs/wp-content/plugins/mobile-login-woocommerce/includes/class-xoo-ml.php(66): require_once('...')
#6 /var/www/caraslens.com/htdocs/wp-content/plugins/mobile-login-woocommerce/includes/class-xoo-ml.php(23): Xoo_Ml->includes()
#7 /var/www/caraslens.com/htdocs/wp-content/plugins/mobile-login-woocommerce/includes/class-xoo-ml.php(16): Xoo_Ml->__construct()
#8 /var/www/caraslens.com/htdocs/wp-content/plugins/mobile-login-woocommerce/xoo-ml-main.php(46): Xoo_Ml::get_instance()
#9 /var/www/caraslens.com/htdocs/wp-content/plugins/mobile-login-woocommerce/xoo-ml-main.php(39): xoo_ml()
#10 /var/www/caraslens.com/htdocs/wp-includes/class-wp-hook.php(310): xoo_ml_init()
#11 /var/www/caraslens.com/htdocs/wp-includes/class-wp-hook.php(334): WP_Hook->apply_filters()
#12 /var/www/caraslens.com/htdocs/wp-includes/plugin.php(517): WP_Hook->do_action()
#13 /var/www/caraslens.com/htdocs/wp-settings.php(495): do_action()
#14 /var/www/caraslens.com/wp-config.php(113): require_once('...')
#15 /var/www/caraslens.com/htdocs/wp-load.php(55): require_once('...')
#16 /var/www/caraslens.com/htdocs/wp-blog-header.php(13): require_once('...')
#17 /var/www/caraslens.com/htdocs/index.php(17): require('...')
#18 {main}
  thrown in /var/www/caraslens.com/htdocs/wp-content/plugins/mobile-login-woocommerce/includes/class-xoo-ml-geolocation.php on line 25

2023-11-16T02:22:37+00:00 CRITICAL Uncaught TypeError: array_map(): Argument #2 ($array) must be of type array, null given in /var/www/caraslens.com/htdocs/wp-content/plugins/mobile-login-woocommerce/includes/class-xoo-ml-geolocation.php:25
Stack trace:
#0 /var/www/caraslens.com/htdocs/wp-content/plugins/mobile-login-woocommerce/includes/class-xoo-ml-geolocation.php(25): array_map()
#1 /var/www/caraslens.com/htdocs/wp-content/plugins/mobile-login-woocommerce/includes/class-xoo-ml-otp-handler.php(20): Xoo_Ml_Geolocation::get_data()
#2 /var/www/caraslens.com/htdocs/wp-content/plugins/mobile-login-woocommerce/includes/class-xoo-ml-otp-handler.php(14): Xoo_Ml_Otp_Handler->__construct()
#3 /var/www/caraslens.com/htdocs/wp-content/plugins/mobile-login-woocommerce/includes/class-xoo-ml-otp-handler.php(281): Xoo_Ml_Otp_Handler::get_instance()
#4 /var/www/caraslens.com/htdocs/wp-content/plugins/mobile-login-woocommerce/includes/class-xoo-ml-otp-handler.php(283): xoo_ml_otp_handler()
#5 /var/www/caraslens.com/htdocs/wp-content/plugins/mobile-login-woocommerce/includes/class-xoo-ml.php(66): require_once('...')
#6 /var/www/caraslens.com/htdocs/wp-content/plugins/mobile-login-woocommerce/includes/class-xoo-ml.php(23): Xoo_Ml->includes()
#7 /var/www/caraslens.com/htdocs/wp-content/plugins/mobile-login-woocommerce/includes/class-xoo-ml.php(16): Xoo_Ml->__construct()
#8 /var/www/caraslens.com/htdocs/wp-content/plugins/mobile-login-woocommerce/xoo-ml-main.php(46): Xoo_Ml::get_instance()
#9 /var/www/caraslens.com/htdocs/wp-content/plugins/mobile-login-woocommerce/xoo-ml-main.php(39): xoo_ml()
#10 /var/www/caraslens.com/htdocs/wp-includes/class-wp-hook.php(310): xoo_ml_init()
#11 /var/www/caraslens.com/htdocs/wp-includes/class-wp-hook.php(334): WP_Hook->apply_filters()
#12 /var/www/caraslens.com/htdocs/wp-includes/plugin.php(517): WP_Hook->do_action()
#13 /var/www/caraslens.com/htdocs/wp-settings.php(495): do_action()
#14 /var/www/caraslens.com/wp-config.php(113): require_once('...')
#15 /var/www/caraslens.com/htdocs/wp-load.php(55): require_once('...')
#16 /var/www/caraslens.com/htdocs/wp-blog-header.php(13): require_once('...')
#17 /var/www/caraslens.com/htdocs/index.php(17): require('...')
#18 {main}
  thrown in /var/www/caraslens.com/htdocs/wp-content/plugins/mobile-login-woocommerce/includes/class-xoo-ml-geolocation.php on line 25

2023-11-16T02:24:36+00:00 CRITICAL Uncaught TypeError: array_map(): Argument #2 ($array) must be of type array, null given in /var/www/caraslens.com/htdocs/wp-content/plugins/mobile-login-woocommerce/includes/class-xoo-ml-geolocation.php:25
Stack trace:
#0 /var/www/caraslens.com/htdocs/wp-content/plugins/mobile-login-woocommerce/includes/class-xoo-ml-geolocation.php(25): array_map()
#1 /var/www/caraslens.com/htdocs/wp-content/plugins/mobile-login-woocommerce/includes/class-xoo-ml-otp-handler.php(20): Xoo_Ml_Geolocation::get_data()
#2 /var/www/caraslens.com/htdocs/wp-content/plugins/mobile-login-woocommerce/includes/class-xoo-ml-otp-handler.php(14): Xoo_Ml_Otp_Handler->__construct()
#3 /var/www/caraslens.com/htdocs/wp-content/plugins/mobile-login-woocommerce/includes/class-xoo-ml-otp-handler.php(281): Xoo_Ml_Otp_Handler::get_instance()
#4 /var/www/caraslens.com/htdocs/wp-content/plugins/mobile-login-woocommerce/includes/class-xoo-ml-otp-handler.php(283): xoo_ml_otp_handler()
#5 /var/www/caraslens.com/htdocs/wp-content/plugins/mobile-login-woocommerce/includes/class-xoo-ml.php(66): require_once('...')
#6 /var/www/caraslens.com/htdocs/wp-content/plugins/mobile-login-woocommerce/includes/class-xoo-ml.php(23): Xoo_Ml->includes()
#7 /var/www/caraslens.com/htdocs/wp-content/plugins/mobile-login-woocommerce/includes/class-xoo-ml.php(16): Xoo_Ml->__construct()
#8 /var/www/caraslens.com/htdocs/wp-content/plugins/mobile-login-woocommerce/xoo-ml-main.php(46): Xoo_Ml::get_instance()
#9 /var/www/caraslens.com/htdocs/wp-content/plugins/mobile-login-woocommerce/xoo-ml-main.php(39): xoo_ml()
#10 /var/www/caraslens.com/htdocs/wp-includes/class-wp-hook.php(310): xoo_ml_init()
#11 /var/www/caraslens.com/htdocs/wp-includes/class-wp-hook.php(334): WP_Hook->apply_filters()
#12 /var/www/caraslens.com/htdocs/wp-includes/plugin.php(517): WP_Hook->do_action()
#13 /var/www/caraslens.com/htdocs/wp-settings.php(495): do_action()
#14 /var/www/caraslens.com/wp-config.php(113): require_once('...')
#15 /var/www/caraslens.com/htdocs/wp-load.php(55): require_once('...')
#16 /var/www/caraslens.com/htdocs/wp-blog-header.php(13): require_once('...')
#17 /var/www/caraslens.com/htdocs/index.php(17): require('...')
#18 {main}
  thrown in /var/www/caraslens.com/htdocs/wp-content/plugins/mobile-login-woocommerce/includes/class-xoo-ml-geolocation.php on line 25

2023-11-16T03:13:56+00:00 CRITICAL Uncaught TypeError: array_map(): Argument #2 ($array) must be of type array, null given in /var/www/caraslens.com/htdocs/wp-content/plugins/mobile-login-woocommerce/includes/class-xoo-ml-geolocation.php:25
Stack trace:
#0 /var/www/caraslens.com/htdocs/wp-content/plugins/mobile-login-woocommerce/includes/class-xoo-ml-geolocation.php(25): array_map()
#1 /var/www/caraslens.com/htdocs/wp-content/plugins/mobile-login-woocommerce/includes/class-xoo-ml-otp-handler.php(20): Xoo_Ml_Geolocation::get_data()
#2 /var/www/caraslens.com/htdocs/wp-content/plugins/mobile-login-woocommerce/includes/class-xoo-ml-otp-handler.php(14): Xoo_Ml_Otp_Handler->__construct()
#3 /var/www/caraslens.com/htdocs/wp-content/plugins/mobile-login-woocommerce/includes/class-xoo-ml-otp-handler.php(281): Xoo_Ml_Otp_Handler::get_instance()
#4 /var/www/caraslens.com/htdocs/wp-content/plugins/mobile-login-woocommerce/includes/class-xoo-ml-otp-handler.php(283): xoo_ml_otp_handler()
#5 /var/www/caraslens.com/htdocs/wp-content/plugins/mobile-login-woocommerce/includes/class-xoo-ml.php(66): require_once('...')
#6 /var/www/caraslens.com/htdocs/wp-content/plugins/mobile-login-woocommerce/includes/class-xoo-ml.php(23): Xoo_Ml->includes()
#7 /var/www/caraslens.com/htdocs/wp-content/plugins/mobile-login-woocommerce/includes/class-xoo-ml.php(16): Xoo_Ml->__construct()
#8 /var/www/caraslens.com/htdocs/wp-content/plugins/mobile-login-woocommerce/xoo-ml-main.php(46): Xoo_Ml::get_instance()
#9 /var/www/caraslens.com/htdocs/wp-content/plugins/mobile-login-woocommerce/xoo-ml-main.php(39): xoo_ml()
#10 /var/www/caraslens.com/htdocs/wp-includes/class-wp-hook.php(310): xoo_ml_init()
#11 /var/www/caraslens.com/htdocs/wp-includes/class-wp-hook.php(334): WP_Hook->apply_filters()
#12 /var/www/caraslens.com/htdocs/wp-includes/plugin.php(517): WP_Hook->do_action()
#13 /var/www/caraslens.com/htdocs/wp-settings.php(495): do_action()
#14 /var/www/caraslens.com/wp-config.php(113): require_once('...')
#15 /var/www/caraslens.com/htdocs/wp-load.php(55): require_once('...')
#16 /var/www/caraslens.com/htdocs/wp-blog-header.php(13): require_once('...')
#17 /var/www/caraslens.com/htdocs/index.php(17): require('...')
#18 {main}
  thrown in /var/www/caraslens.com/htdocs/wp-content/plugins/mobile-login-woocommerce/includes/class-xoo-ml-geolocation.php on line 25

2023-11-16T03:14:01+00:00 CRITICAL Uncaught TypeError: array_map(): Argument #2 ($array) must be of type array, null given in /var/www/caraslens.com/htdocs/wp-content/plugins/mobile-login-woocommerce/includes/class-xoo-ml-geolocation.php:25
Stack trace:
#0 /var/www/caraslens.com/htdocs/wp-content/plugins/mobile-login-woocommerce/includes/class-xoo-ml-geolocation.php(25): array_map()
#1 /var/www/caraslens.com/htdocs/wp-content/plugins/mobile-login-woocommerce/includes/class-xoo-ml-otp-handler.php(20): Xoo_Ml_Geolocation::get_data()
#2 /var/www/caraslens.com/htdocs/wp-content/plugins/mobile-login-woocommerce/includes/class-xoo-ml-otp-handler.php(14): Xoo_Ml_Otp_Handler->__construct()
#3 /var/www/caraslens.com/htdocs/wp-content/plugins/mobile-login-woocommerce/includes/class-xoo-ml-otp-handler.php(281): Xoo_Ml_Otp_Handler::get_instance()
#4 /var/www/caraslens.com/htdocs/wp-content/plugins/mobile-login-woocommerce/includes/class-xoo-ml-otp-handler.php(283): xoo_ml_otp_handler()
#5 /var/www/caraslens.com/htdocs/wp-content/plugins/mobile-login-woocommerce/includes/class-xoo-ml.php(66): require_once('...')
#6 /var/www/caraslens.com/htdocs/wp-content/plugins/mobile-login-woocommerce/includes/class-xoo-ml.php(23): Xoo_Ml->includes()
#7 /var/www/caraslens.com/htdocs/wp-content/plugins/mobile-login-woocommerce/includes/class-xoo-ml.php(16): Xoo_Ml->__construct()
#8 /var/www/caraslens.com/htdocs/wp-content/plugins/mobile-login-woocommerce/xoo-ml-main.php(46): Xoo_Ml::get_instance()
#9 /var/www/caraslens.com/htdocs/wp-content/plugins/mobile-login-woocommerce/xoo-ml-main.php(39): xoo_ml()
#10 /var/www/caraslens.com/htdocs/wp-includes/class-wp-hook.php(310): xoo_ml_init()
#11 /var/www/caraslens.com/htdocs/wp-includes/class-wp-hook.php(334): WP_Hook->apply_filters()
#12 /var/www/caraslens.com/htdocs/wp-includes/plugin.php(517): WP_Hook->do_action()
#13 /var/www/caraslens.com/htdocs/wp-settings.php(495): do_action()
#14 /var/www/caraslens.com/wp-config.php(113): require_once('...')
#15 /var/www/caraslens.com/htdocs/wp-load.php(55): require_once('...')
#16 /var/www/caraslens.com/htdocs/wp-blog-header.php(13): require_once('...')
#17 /var/www/caraslens.com/htdocs/index.php(17): require('...')
#18 {main}
  thrown in /var/www/caraslens.com/htdocs/wp-content/plugins/mobile-login-woocommerce/includes/class-xoo-ml-geolocation.php on line 25

2023-11-16T03:23:52+00:00 CRITICAL Uncaught TypeError: array_map(): Argument #2 ($array) must be of type array, null given in /var/www/caraslens.com/htdocs/wp-content/plugins/mobile-login-woocommerce/includes/class-xoo-ml-geolocation.php:25
Stack trace:
#0 /var/www/caraslens.com/htdocs/wp-content/plugins/mobile-login-woocommerce/includes/class-xoo-ml-geolocation.php(25): array_map()
#1 /var/www/caraslens.com/htdocs/wp-content/plugins/mobile-login-woocommerce/includes/class-xoo-ml-otp-handler.php(20): Xoo_Ml_Geolocation::get_data()
#2 /var/www/caraslens.com/htdocs/wp-content/plugins/mobile-login-woocommerce/includes/class-xoo-ml-otp-handler.php(14): Xoo_Ml_Otp_Handler->__construct()
#3 /var/www/caraslens.com/htdocs/wp-content/plugins/mobile-login-woocommerce/includes/class-xoo-ml-otp-handler.php(281): Xoo_Ml_Otp_Handler::get_instance()
#4 /var/www/caraslens.com/htdocs/wp-content/plugins/mobile-login-woocommerce/includes/class-xoo-ml-otp-handler.php(283): xoo_ml_otp_handler()
#5 /var/www/caraslens.com/htdocs/wp-content/plugins/mobile-login-woocommerce/includes/class-xoo-ml.php(66): require_once('...')
#6 /var/www/caraslens.com/htdocs/wp-content/plugins/mobile-login-woocommerce/includes/class-xoo-ml.php(23): Xoo_Ml->includes()
#7 /var/www/caraslens.com/htdocs/wp-content/plugins/mobile-login-woocommerce/includes/class-xoo-ml.php(16): Xoo_Ml->__construct()
#8 /var/www/caraslens.com/htdocs/wp-content/plugins/mobile-login-woocommerce/xoo-ml-main.php(46): Xoo_Ml::get_instance()
#9 /var/www/caraslens.com/htdocs/wp-content/plugins/mobile-login-woocommerce/xoo-ml-main.php(39): xoo_ml()
#10 /var/www/caraslens.com/htdocs/wp-includes/class-wp-hook.php(310): xoo_ml_init()
#11 /var/www/caraslens.com/htdocs/wp-includes/class-wp-hook.php(334): WP_Hook->apply_filters()
#12 /var/www/caraslens.com/htdocs/wp-includes/plugin.php(517): WP_Hook->do_action()
#13 /var/www/caraslens.com/htdocs/wp-settings.php(495): do_action()
#14 /var/www/caraslens.com/wp-config.php(113): require_once('...')
#15 /var/www/caraslens.com/htdocs/wp-load.php(55): require_once('...')
#16 /var/www/caraslens.com/htdocs/wp-blog-header.php(13): require_once('...')
#17 /var/www/caraslens.com/htdocs/index.php(17): require('...')
#18 {main}
  thrown in /var/www/caraslens.com/htdocs/wp-content/plugins/mobile-login-woocommerce/includes/class-xoo-ml-geolocation.php on line 25

2023-11-16T04:37:34+00:00 CRITICAL Uncaught TypeError: array_map(): Argument #2 ($array) must be of type array, null given in /var/www/caraslens.com/htdocs/wp-content/plugins/mobile-login-woocommerce/includes/class-xoo-ml-geolocation.php:25
Stack trace:
#0 /var/www/caraslens.com/htdocs/wp-content/plugins/mobile-login-woocommerce/includes/class-xoo-ml-geolocation.php(25): array_map()
#1 /var/www/caraslens.com/htdocs/wp-content/plugins/mobile-login-woocommerce/includes/class-xoo-ml-otp-handler.php(20): Xoo_Ml_Geolocation::get_data()
#2 /var/www/caraslens.com/htdocs/wp-content/plugins/mobile-login-woocommerce/includes/class-xoo-ml-otp-handler.php(14): Xoo_Ml_Otp_Handler->__construct()
#3 /var/www/caraslens.com/htdocs/wp-content/plugins/mobile-login-woocommerce/includes/class-xoo-ml-otp-handler.php(281): Xoo_Ml_Otp_Handler::get_instance()
#4 /var/www/caraslens.com/htdocs/wp-content/plugins/mobile-login-woocommerce/includes/class-xoo-ml-otp-handler.php(283): xoo_ml_otp_handler()
#5 /var/www/caraslens.com/htdocs/wp-content/plugins/mobile-login-woocommerce/includes/class-xoo-ml.php(66): require_once('...')
#6 /var/www/caraslens.com/htdocs/wp-content/plugins/mobile-login-woocommerce/includes/class-xoo-ml.php(23): Xoo_Ml->includes()
#7 /var/www/caraslens.com/htdocs/wp-content/plugins/mobile-login-woocommerce/includes/class-xoo-ml.php(16): Xoo_Ml->__construct()
#8 /var/www/caraslens.com/htdocs/wp-content/plugins/mobile-login-woocommerce/xoo-ml-main.php(46): Xoo_Ml::get_instance()
#9 /var/www/caraslens.com/htdocs/wp-content/plugins/mobile-login-woocommerce/xoo-ml-main.php(39): xoo_ml()
#10 /var/www/caraslens.com/htdocs/wp-includes/class-wp-hook.php(310): xoo_ml_init()
#11 /var/www/caraslens.com/htdocs/wp-includes/class-wp-hook.php(334): WP_Hook->apply_filters()
#12 /var/www/caraslens.com/htdocs/wp-includes/plugin.php(517): WP_Hook->do_action()
#13 /var/www/caraslens.com/htdocs/wp-settings.php(495): do_action()
#14 /var/www/caraslens.com/wp-config.php(113): require_once('...')
#15 /var/www/caraslens.com/htdocs/wp-load.php(55): require_once('...')
#16 /var/www/caraslens.com/htdocs/wp-blog-header.php(13): require_once('...')
#17 /var/www/caraslens.com/htdocs/index.php(17): require('...')
#18 {main}
  thrown in /var/www/caraslens.com/htdocs/wp-content/plugins/mobile-login-woocommerce/includes/class-xoo-ml-geolocation.php on line 25

2023-11-16T04:47:19+00:00 CRITICAL Uncaught TypeError: array_map(): Argument #2 ($array) must be of type array, null given in /var/www/caraslens.com/htdocs/wp-content/plugins/mobile-login-woocommerce/includes/class-xoo-ml-geolocation.php:25
Stack trace:
#0 /var/www/caraslens.com/htdocs/wp-content/plugins/mobile-login-woocommerce/includes/class-xoo-ml-geolocation.php(25): array_map()
#1 /var/www/caraslens.com/htdocs/wp-content/plugins/mobile-login-woocommerce/includes/class-xoo-ml-otp-handler.php(20): Xoo_Ml_Geolocation::get_data()
#2 /var/www/caraslens.com/htdocs/wp-content/plugins/mobile-login-woocommerce/includes/class-xoo-ml-otp-handler.php(14): Xoo_Ml_Otp_Handler->__construct()
#3 /var/www/caraslens.com/htdocs/wp-content/plugins/mobile-login-woocommerce/includes/class-xoo-ml-otp-handler.php(281): Xoo_Ml_Otp_Handler::get_instance()
#4 /var/www/caraslens.com/htdocs/wp-content/plugins/mobile-login-woocommerce/includes/class-xoo-ml-otp-handler.php(283): xoo_ml_otp_handler()
#5 /var/www/caraslens.com/htdocs/wp-content/plugins/mobile-login-woocommerce/includes/class-xoo-ml.php(66): require_once('...')
#6 /var/www/caraslens.com/htdocs/wp-content/plugins/mobile-login-woocommerce/includes/class-xoo-ml.php(23): Xoo_Ml->includes()
#7 /var/www/caraslens.com/htdocs/wp-content/plugins/mobile-login-woocommerce/includes/class-xoo-ml.php(16): Xoo_Ml->__construct()
#8 /var/www/caraslens.com/htdocs/wp-content/plugins/mobile-login-woocommerce/xoo-ml-main.php(46): Xoo_Ml::get_instance()
#9 /var/www/caraslens.com/htdocs/wp-content/plugins/mobile-login-woocommerce/xoo-ml-main.php(39): xoo_ml()
#10 /var/www/caraslens.com/htdocs/wp-includes/class-wp-hook.php(310): xoo_ml_init()
#11 /var/www/caraslens.com/htdocs/wp-includes/class-wp-hook.php(334): WP_Hook->apply_filters()
#12 /var/www/caraslens.com/htdocs/wp-includes/plugin.php(517): WP_Hook->do_action()
#13 /var/www/caraslens.com/htdocs/wp-settings.php(495): do_action()
#14 /var/www/caraslens.com/wp-config.php(113): require_once('...')
#15 /var/www/caraslens.com/htdocs/wp-load.php(55): require_once('...')
#16 /var/www/caraslens.com/htdocs/wp-blog-header.php(13): require_once('...')
#17 /var/www/caraslens.com/htdocs/index.php(17): require('...')
#18 {main}
  thrown in /var/www/caraslens.com/htdocs/wp-content/plugins/mobile-login-woocommerce/includes/class-xoo-ml-geolocation.php on line 25

2023-11-16T07:47:19+00:00 CRITICAL Uncaught TypeError: array_map(): Argument #2 ($array) must be of type array, null given in /var/www/caraslens.com/htdocs/wp-content/plugins/mobile-login-woocommerce/includes/class-xoo-ml-geolocation.php:25
Stack trace:
#0 /var/www/caraslens.com/htdocs/wp-content/plugins/mobile-login-woocommerce/includes/class-xoo-ml-geolocation.php(25): array_map()
#1 /var/www/caraslens.com/htdocs/wp-content/plugins/mobile-login-woocommerce/includes/class-xoo-ml-otp-handler.php(20): Xoo_Ml_Geolocation::get_data()
#2 /var/www/caraslens.com/htdocs/wp-content/plugins/mobile-login-woocommerce/includes/class-xoo-ml-otp-handler.php(14): Xoo_Ml_Otp_Handler->__construct()
#3 /var/www/caraslens.com/htdocs/wp-content/plugins/mobile-login-woocommerce/includes/class-xoo-ml-otp-handler.php(281): Xoo_Ml_Otp_Handler::get_instance()
#4 /var/www/caraslens.com/htdocs/wp-content/plugins/mobile-login-woocommerce/includes/class-xoo-ml-otp-handler.php(283): xoo_ml_otp_handler()
#5 /var/www/caraslens.com/htdocs/wp-content/plugins/mobile-login-woocommerce/includes/class-xoo-ml.php(66): require_once('...')
#6 /var/www/caraslens.com/htdocs/wp-content/plugins/mobile-login-woocommerce/includes/class-xoo-ml.php(23): Xoo_Ml->includes()
#7 /var/www/caraslens.com/htdocs/wp-content/plugins/mobile-login-woocommerce/includes/class-xoo-ml.php(16): Xoo_Ml->__construct()
#8 /var/www/caraslens.com/htdocs/wp-content/plugins/mobile-login-woocommerce/xoo-ml-main.php(46): Xoo_Ml::get_instance()
#9 /var/www/caraslens.com/htdocs/wp-content/plugins/mobile-login-woocommerce/xoo-ml-main.php(39): xoo_ml()
#10 /var/www/caraslens.com/htdocs/wp-includes/class-wp-hook.php(310): xoo_ml_init()
#11 /var/www/caraslens.com/htdocs/wp-includes/class-wp-hook.php(334): WP_Hook->apply_filters()
#12 /var/www/caraslens.com/htdocs/wp-includes/plugin.php(517): WP_Hook->do_action()
#13 /var/www/caraslens.com/htdocs/wp-settings.php(495): do_action()
#14 /var/www/caraslens.com/wp-config.php(113): require_once('...')
#15 /var/www/caraslens.com/htdocs/wp-load.php(55): require_once('...')
#16 /var/www/caraslens.com/htdocs/wp-blog-header.php(13): require_once('...')
#17 /var/www/caraslens.com/htdocs/index.php(17): require('...')
#18 {main}
  thrown in /var/www/caraslens.com/htdocs/wp-content/plugins/mobile-login-woocommerce/includes/class-xoo-ml-geolocation.php on line 25

2023-11-16T08:00:10+00:00 CRITICAL Uncaught TypeError: array_map(): Argument #2 ($array) must be of type array, null given in /var/www/caraslens.com/htdocs/wp-content/plugins/mobile-login-woocommerce/includes/class-xoo-ml-geolocation.php:25
Stack trace:
#0 /var/www/caraslens.com/htdocs/wp-content/plugins/mobile-login-woocommerce/includes/class-xoo-ml-geolocation.php(25): array_map()
#1 /var/www/caraslens.com/htdocs/wp-content/plugins/mobile-login-woocommerce/includes/class-xoo-ml-otp-handler.php(20): Xoo_Ml_Geolocation::get_data()
#2 /var/www/caraslens.com/htdocs/wp-content/plugins/mobile-login-woocommerce/includes/class-xoo-ml-otp-handler.php(14): Xoo_Ml_Otp_Handler->__construct()
#3 /var/www/caraslens.com/htdocs/wp-content/plugins/mobile-login-woocommerce/includes/class-xoo-ml-otp-handler.php(281): Xoo_Ml_Otp_Handler::get_instance()
#4 /var/www/caraslens.com/htdocs/wp-content/plugins/mobile-login-woocommerce/includes/class-xoo-ml-otp-handler.php(283): xoo_ml_otp_handler()
#5 /var/www/caraslens.com/htdocs/wp-content/plugins/mobile-login-woocommerce/includes/class-xoo-ml.php(66): require_once('...')
#6 /var/www/caraslens.com/htdocs/wp-content/plugins/mobile-login-woocommerce/includes/class-xoo-ml.php(23): Xoo_Ml->includes()
#7 /var/www/caraslens.com/htdocs/wp-content/plugins/mobile-login-woocommerce/includes/class-xoo-ml.php(16): Xoo_Ml->__construct()
#8 /var/www/caraslens.com/htdocs/wp-content/plugins/mobile-login-woocommerce/xoo-ml-main.php(46): Xoo_Ml::get_instance()
#9 /var/www/caraslens.com/htdocs/wp-content/plugins/mobile-login-woocommerce/xoo-ml-main.php(39): xoo_ml()
#10 /var/www/caraslens.com/htdocs/wp-includes/class-wp-hook.php(310): xoo_ml_init()
#11 /var/www/caraslens.com/htdocs/wp-includes/class-wp-hook.php(334): WP_Hook->apply_filters()
#12 /var/www/caraslens.com/htdocs/wp-includes/plugin.php(517): WP_Hook->do_action()
#13 /var/www/caraslens.com/htdocs/wp-settings.php(495): do_action()
#14 /var/www/caraslens.com/wp-config.php(113): require_once('...')
#15 /var/www/caraslens.com/htdocs/wp-load.php(55): require_once('...')
#16 /var/www/caraslens.com/htdocs/wp-blog-header.php(13): require_once('...')
#17 /var/www/caraslens.com/htdocs/index.php(17): require('...')
#18 {main}
  thrown in /var/www/caraslens.com/htdocs/wp-content/plugins/mobile-login-woocommerce/includes/class-xoo-ml-geolocation.php on line 25

2023-11-16T09:04:32+00:00 CRITICAL Uncaught TypeError: array_map(): Argument #2 ($array) must be of type array, null given in /var/www/caraslens.com/htdocs/wp-content/plugins/mobile-login-woocommerce/includes/class-xoo-ml-geolocation.php:25
Stack trace:
#0 /var/www/caraslens.com/htdocs/wp-content/plugins/mobile-login-woocommerce/includes/class-xoo-ml-geolocation.php(25): array_map()
#1 /var/www/caraslens.com/htdocs/wp-content/plugins/mobile-login-woocommerce/includes/class-xoo-ml-otp-handler.php(20): Xoo_Ml_Geolocation::get_data()
#2 /var/www/caraslens.com/htdocs/wp-content/plugins/mobile-login-woocommerce/includes/class-xoo-ml-otp-handler.php(14): Xoo_Ml_Otp_Handler->__construct()
#3 /var/www/caraslens.com/htdocs/wp-content/plugins/mobile-login-woocommerce/includes/class-xoo-ml-otp-handler.php(281): Xoo_Ml_Otp_Handler::get_instance()
#4 /var/www/caraslens.com/htdocs/wp-content/plugins/mobile-login-woocommerce/includes/class-xoo-ml-otp-handler.php(283): xoo_ml_otp_handler()
#5 /var/www/caraslens.com/htdocs/wp-content/plugins/mobile-login-woocommerce/includes/class-xoo-ml.php(66): require_once('...')
#6 /var/www/caraslens.com/htdocs/wp-content/plugins/mobile-login-woocommerce/includes/class-xoo-ml.php(23): Xoo_Ml->includes()
#7 /var/www/caraslens.com/htdocs/wp-content/plugins/mobile-login-woocommerce/includes/class-xoo-ml.php(16): Xoo_Ml->__construct()
#8 /var/www/caraslens.com/htdocs/wp-content/plugins/mobile-login-woocommerce/xoo-ml-main.php(46): Xoo_Ml::get_instance()
#9 /var/www/caraslens.com/htdocs/wp-content/plugins/mobile-login-woocommerce/xoo-ml-main.php(39): xoo_ml()
#10 /var/www/caraslens.com/htdocs/wp-includes/class-wp-hook.php(310): xoo_ml_init()
#11 /var/www/caraslens.com/htdocs/wp-includes/class-wp-hook.php(334): WP_Hook->apply_filters()
#12 /var/www/caraslens.com/htdocs/wp-includes/plugin.php(517): WP_Hook->do_action()
#13 /var/www/caraslens.com/htdocs/wp-settings.php(495): do_action()
#14 /var/www/caraslens.com/wp-config.php(113): require_once('...')
#15 /var/www/caraslens.com/htdocs/wp-load.php(55): require_once('...')
#16 /var/www/caraslens.com/htdocs/wp-blog-header.php(13): require_once('...')
#17 /var/www/caraslens.com/htdocs/index.php(17): require('...')
#18 {main}
  thrown in /var/www/caraslens.com/htdocs/wp-content/plugins/mobile-login-woocommerce/includes/class-xoo-ml-geolocation.php on line 25

2023-11-16T12:24:22+00:00 CRITICAL Uncaught TypeError: array_map(): Argument #2 ($array) must be of type array, null given in /var/www/caraslens.com/htdocs/wp-content/plugins/mobile-login-woocommerce/includes/class-xoo-ml-geolocation.php:25
Stack trace:
#0 /var/www/caraslens.com/htdocs/wp-content/plugins/mobile-login-woocommerce/includes/class-xoo-ml-geolocation.php(25): array_map()
#1 /var/www/caraslens.com/htdocs/wp-content/plugins/mobile-login-woocommerce/includes/class-xoo-ml-otp-handler.php(20): Xoo_Ml_Geolocation::get_data()
#2 /var/www/caraslens.com/htdocs/wp-content/plugins/mobile-login-woocommerce/includes/class-xoo-ml-otp-handler.php(14): Xoo_Ml_Otp_Handler->__construct()
#3 /var/www/caraslens.com/htdocs/wp-content/plugins/mobile-login-woocommerce/includes/class-xoo-ml-otp-handler.php(281): Xoo_Ml_Otp_Handler::get_instance()
#4 /var/www/caraslens.com/htdocs/wp-content/plugins/mobile-login-woocommerce/includes/class-xoo-ml-otp-handler.php(283): xoo_ml_otp_handler()
#5 /var/www/caraslens.com/htdocs/wp-content/plugins/mobile-login-woocommerce/includes/class-xoo-ml.php(66): require_once('...')
#6 /var/www/caraslens.com/htdocs/wp-content/plugins/mobile-login-woocommerce/includes/class-xoo-ml.php(23): Xoo_Ml->includes()
#7 /var/www/caraslens.com/htdocs/wp-content/plugins/mobile-login-woocommerce/includes/class-xoo-ml.php(16): Xoo_Ml->__construct()
#8 /var/www/caraslens.com/htdocs/wp-content/plugins/mobile-login-woocommerce/xoo-ml-main.php(46): Xoo_Ml::get_instance()
#9 /var/www/caraslens.com/htdocs/wp-content/plugins/mobile-login-woocommerce/xoo-ml-main.php(39): xoo_ml()
#10 /var/www/caraslens.com/htdocs/wp-includes/class-wp-hook.php(310): xoo_ml_init()
#11 /var/www/caraslens.com/htdocs/wp-includes/class-wp-hook.php(334): WP_Hook->apply_filters()
#12 /var/www/caraslens.com/htdocs/wp-includes/plugin.php(517): WP_Hook->do_action()
#13 /var/www/caraslens.com/htdocs/wp-settings.php(495): do_action()
#14 /var/www/caraslens.com/wp-config.php(113): require_once('...')
#15 /var/www/caraslens.com/htdocs/wp-load.php(55): require_once('...')
#16 /var/www/caraslens.com/htdocs/wp-blog-header.php(13): require_once('...')
#17 /var/www/caraslens.com/htdocs/index.php(17): require('...')
#18 {main}
  thrown in /var/www/caraslens.com/htdocs/wp-content/plugins/mobile-login-woocommerce/includes/class-xoo-ml-geolocation.php on line 25

2023-11-16T14:52:43+00:00 CRITICAL Uncaught TypeError: array_map(): Argument #2 ($array) must be of type array, null given in /var/www/caraslens.com/htdocs/wp-content/plugins/mobile-login-woocommerce/includes/class-xoo-ml-geolocation.php:25
Stack trace:
#0 /var/www/caraslens.com/htdocs/wp-content/plugins/mobile-login-woocommerce/includes/class-xoo-ml-geolocation.php(25): array_map()
#1 /var/www/caraslens.com/htdocs/wp-content/plugins/mobile-login-woocommerce/includes/class-xoo-ml-otp-handler.php(20): Xoo_Ml_Geolocation::get_data()
#2 /var/www/caraslens.com/htdocs/wp-content/plugins/mobile-login-woocommerce/includes/class-xoo-ml-otp-handler.php(14): Xoo_Ml_Otp_Handler->__construct()
#3 /var/www/caraslens.com/htdocs/wp-content/plugins/mobile-login-woocommerce/includes/class-xoo-ml-otp-handler.php(281): Xoo_Ml_Otp_Handler::get_instance()
#4 /var/www/caraslens.com/htdocs/wp-content/plugins/mobile-login-woocommerce/includes/class-xoo-ml-otp-handler.php(283): xoo_ml_otp_handler()
#5 /var/www/caraslens.com/htdocs/wp-content/plugins/mobile-login-woocommerce/includes/class-xoo-ml.php(66): require_once('...')
#6 /var/www/caraslens.com/htdocs/wp-content/plugins/mobile-login-woocommerce/includes/class-xoo-ml.php(23): Xoo_Ml->includes()
#7 /var/www/caraslens.com/htdocs/wp-content/plugins/mobile-login-woocommerce/includes/class-xoo-ml.php(16): Xoo_Ml->__construct()
#8 /var/www/caraslens.com/htdocs/wp-content/plugins/mobile-login-woocommerce/xoo-ml-main.php(46): Xoo_Ml::get_instance()
#9 /var/www/caraslens.com/htdocs/wp-content/plugins/mobile-login-woocommerce/xoo-ml-main.php(39): xoo_ml()
#10 /var/www/caraslens.com/htdocs/wp-includes/class-wp-hook.php(310): xoo_ml_init()
#11 /var/www/caraslens.com/htdocs/wp-includes/class-wp-hook.php(334): WP_Hook->apply_filters()
#12 /var/www/caraslens.com/htdocs/wp-includes/plugin.php(517): WP_Hook->do_action()
#13 /var/www/caraslens.com/htdocs/wp-settings.php(495): do_action()
#14 /var/www/caraslens.com/wp-config.php(113): require_once('...')
#15 /var/www/caraslens.com/htdocs/wp-load.php(55): require_once('...')
#16 /var/www/caraslens.com/htdocs/wp-blog-header.php(13): require_once('...')
#17 /var/www/caraslens.com/htdocs/index.php(17): require('...')
#18 {main}
  thrown in /var/www/caraslens.com/htdocs/wp-content/plugins/mobile-login-woocommerce/includes/class-xoo-ml-geolocation.php on line 25

2023-11-16T18:15:09+00:00 CRITICAL Uncaught TypeError: array_map(): Argument #2 ($array) must be of type array, null given in /var/www/caraslens.com/htdocs/wp-content/plugins/mobile-login-woocommerce/includes/class-xoo-ml-geolocation.php:25
Stack trace:
#0 /var/www/caraslens.com/htdocs/wp-content/plugins/mobile-login-woocommerce/includes/class-xoo-ml-geolocation.php(25): array_map()
#1 /var/www/caraslens.com/htdocs/wp-content/plugins/mobile-login-woocommerce/includes/class-xoo-ml-otp-handler.php(20): Xoo_Ml_Geolocation::get_data()
#2 /var/www/caraslens.com/htdocs/wp-content/plugins/mobile-login-woocommerce/includes/class-xoo-ml-otp-handler.php(14): Xoo_Ml_Otp_Handler->__construct()
#3 /var/www/caraslens.com/htdocs/wp-content/plugins/mobile-login-woocommerce/includes/class-xoo-ml-otp-handler.php(281): Xoo_Ml_Otp_Handler::get_instance()
#4 /var/www/caraslens.com/htdocs/wp-content/plugins/mobile-login-woocommerce/includes/class-xoo-ml-otp-handler.php(283): xoo_ml_otp_handler()
#5 /var/www/caraslens.com/htdocs/wp-content/plugins/mobile-login-woocommerce/includes/class-xoo-ml.php(66): require_once('...')
#6 /var/www/caraslens.com/htdocs/wp-content/plugins/mobile-login-woocommerce/includes/class-xoo-ml.php(23): Xoo_Ml->includes()
#7 /var/www/caraslens.com/htdocs/wp-content/plugins/mobile-login-woocommerce/includes/class-xoo-ml.php(16): Xoo_Ml->__construct()
#8 /var/www/caraslens.com/htdocs/wp-content/plugins/mobile-login-woocommerce/xoo-ml-main.php(46): Xoo_Ml::get_instance()
#9 /var/www/caraslens.com/htdocs/wp-content/plugins/mobile-login-woocommerce/xoo-ml-main.php(39): xoo_ml()
#10 /var/www/caraslens.com/htdocs/wp-includes/class-wp-hook.php(310): xoo_ml_init()
#11 /var/www/caraslens.com/htdocs/wp-includes/class-wp-hook.php(334): WP_Hook->apply_filters()
#12 /var/www/caraslens.com/htdocs/wp-includes/plugin.php(517): WP_Hook->do_action()
#13 /var/www/caraslens.com/htdocs/wp-settings.php(495): do_action()
#14 /var/www/caraslens.com/wp-config.php(113): require_once('...')
#15 /var/www/caraslens.com/htdocs/wp-load.php(55): require_once('...')
#16 /var/www/caraslens.com/htdocs/wp-blog-header.php(13): require_once('...')
#17 /var/www/caraslens.com/htdocs/index.php(17): require('...')
#18 {main}
  thrown in /var/www/caraslens.com/htdocs/wp-content/plugins/mobile-login-woocommerce/includes/class-xoo-ml-geolocation.php on line 25

2023-11-16T20:36:53+00:00 CRITICAL Uncaught TypeError: array_map(): Argument #2 ($array) must be of type array, null given in /var/www/caraslens.com/htdocs/wp-content/plugins/mobile-login-woocommerce/includes/class-xoo-ml-geolocation.php:25
Stack trace:
#0 /var/www/caraslens.com/htdocs/wp-content/plugins/mobile-login-woocommerce/includes/class-xoo-ml-geolocation.php(25): array_map()
#1 /var/www/caraslens.com/htdocs/wp-content/plugins/mobile-login-woocommerce/includes/class-xoo-ml-otp-handler.php(20): Xoo_Ml_Geolocation::get_data()
#2 /var/www/caraslens.com/htdocs/wp-content/plugins/mobile-login-woocommerce/includes/class-xoo-ml-otp-handler.php(14): Xoo_Ml_Otp_Handler->__construct()
#3 /var/www/caraslens.com/htdocs/wp-content/plugins/mobile-login-woocommerce/includes/class-xoo-ml-otp-handler.php(281): Xoo_Ml_Otp_Handler::get_instance()
#4 /var/www/caraslens.com/htdocs/wp-content/plugins/mobile-login-woocommerce/includes/class-xoo-ml-otp-handler.php(283): xoo_ml_otp_handler()
#5 /var/www/caraslens.com/htdocs/wp-content/plugins/mobile-login-woocommerce/includes/class-xoo-ml.php(66): require_once('...')
#6 /var/www/caraslens.com/htdocs/wp-content/plugins/mobile-login-woocommerce/includes/class-xoo-ml.php(23): Xoo_Ml->includes()
#7 /var/www/caraslens.com/htdocs/wp-content/plugins/mobile-login-woocommerce/includes/class-xoo-ml.php(16): Xoo_Ml->__construct()
#8 /var/www/caraslens.com/htdocs/wp-content/plugins/mobile-login-woocommerce/xoo-ml-main.php(46): Xoo_Ml::get_instance()
#9 /var/www/caraslens.com/htdocs/wp-content/plugins/mobile-login-woocommerce/xoo-ml-main.php(39): xoo_ml()
#10 /var/www/caraslens.com/htdocs/wp-includes/class-wp-hook.php(310): xoo_ml_init()
#11 /var/www/caraslens.com/htdocs/wp-includes/class-wp-hook.php(334): WP_Hook->apply_filters()
#12 /var/www/caraslens.com/htdocs/wp-includes/plugin.php(517): WP_Hook->do_action()
#13 /var/www/caraslens.com/htdocs/wp-settings.php(495): do_action()
#14 /var/www/caraslens.com/wp-config.php(113): require_once('...')
#15 /var/www/caraslens.com/htdocs/wp-load.php(55): require_once('...')
#16 /var/www/caraslens.com/htdocs/wp-blog-header.php(13): require_once('...')
#17 /var/www/caraslens.com/htdocs/index.php(17): require('...')
#18 {main}
  thrown in /var/www/caraslens.com/htdocs/wp-content/plugins/mobile-login-woocommerce/includes/class-xoo-ml-geolocation.php on line 25

2023-11-16T20:58:22+00:00 CRITICAL Uncaught TypeError: array_map(): Argument #2 ($array) must be of type array, null given in /var/www/caraslens.com/htdocs/wp-content/plugins/mobile-login-woocommerce/includes/class-xoo-ml-geolocation.php:25
Stack trace:
#0 /var/www/caraslens.com/htdocs/wp-content/plugins/mobile-login-woocommerce/includes/class-xoo-ml-geolocation.php(25): array_map()
#1 /var/www/caraslens.com/htdocs/wp-content/plugins/mobile-login-woocommerce/includes/class-xoo-ml-otp-handler.php(20): Xoo_Ml_Geolocation::get_data()
#2 /var/www/caraslens.com/htdocs/wp-content/plugins/mobile-login-woocommerce/includes/class-xoo-ml-otp-handler.php(14): Xoo_Ml_Otp_Handler->__construct()
#3 /var/www/caraslens.com/htdocs/wp-content/plugins/mobile-login-woocommerce/includes/class-xoo-ml-otp-handler.php(281): Xoo_Ml_Otp_Handler::get_instance()
#4 /var/www/caraslens.com/htdocs/wp-content/plugins/mobile-login-woocommerce/includes/class-xoo-ml-otp-handler.php(283): xoo_ml_otp_handler()
#5 /var/www/caraslens.com/htdocs/wp-content/plugins/mobile-login-woocommerce/includes/class-xoo-ml.php(66): require_once('...')
#6 /var/www/caraslens.com/htdocs/wp-content/plugins/mobile-login-woocommerce/includes/class-xoo-ml.php(23): Xoo_Ml->includes()
#7 /var/www/caraslens.com/htdocs/wp-content/plugins/mobile-login-woocommerce/includes/class-xoo-ml.php(16): Xoo_Ml->__construct()
#8 /var/www/caraslens.com/htdocs/wp-content/plugins/mobile-login-woocommerce/xoo-ml-main.php(46): Xoo_Ml::get_instance()
#9 /var/www/caraslens.com/htdocs/wp-content/plugins/mobile-login-woocommerce/xoo-ml-main.php(39): xoo_ml()
#10 /var/www/caraslens.com/htdocs/wp-includes/class-wp-hook.php(310): xoo_ml_init()
#11 /var/www/caraslens.com/htdocs/wp-includes/class-wp-hook.php(334): WP_Hook->apply_filters()
#12 /var/www/caraslens.com/htdocs/wp-includes/plugin.php(517): WP_Hook->do_action()
#13 /var/www/caraslens.com/htdocs/wp-settings.php(495): do_action()
#14 /var/www/caraslens.com/wp-config.php(113): require_once('...')
#15 /var/www/caraslens.com/htdocs/wp-load.php(55): require_once('...')
#16 /var/www/caraslens.com/htdocs/wp-blog-header.php(13): require_once('...')
#17 /var/www/caraslens.com/htdocs/index.php(17): require('...')
#18 {main}
  thrown in /var/www/caraslens.com/htdocs/wp-content/plugins/mobile-login-woocommerce/includes/class-xoo-ml-geolocation.php on line 25

2023-11-16T21:08:37+00:00 CRITICAL Uncaught TypeError: array_map(): Argument #2 ($array) must be of type array, null given in /var/www/caraslens.com/htdocs/wp-content/plugins/mobile-login-woocommerce/includes/class-xoo-ml-geolocation.php:25
Stack trace:
#0 /var/www/caraslens.com/htdocs/wp-content/plugins/mobile-login-woocommerce/includes/class-xoo-ml-geolocation.php(25): array_map()
#1 /var/www/caraslens.com/htdocs/wp-content/plugins/mobile-login-woocommerce/includes/class-xoo-ml-otp-handler.php(20): Xoo_Ml_Geolocation::get_data()
#2 /var/www/caraslens.com/htdocs/wp-content/plugins/mobile-login-woocommerce/includes/class-xoo-ml-otp-handler.php(14): Xoo_Ml_Otp_Handler->__construct()
#3 /var/www/caraslens.com/htdocs/wp-content/plugins/mobile-login-woocommerce/includes/class-xoo-ml-otp-handler.php(281): Xoo_Ml_Otp_Handler::get_instance()
#4 /var/www/caraslens.com/htdocs/wp-content/plugins/mobile-login-woocommerce/includes/class-xoo-ml-otp-handler.php(283): xoo_ml_otp_handler()
#5 /var/www/caraslens.com/htdocs/wp-content/plugins/mobile-login-woocommerce/includes/class-xoo-ml.php(66): require_once('...')
#6 /var/www/caraslens.com/htdocs/wp-content/plugins/mobile-login-woocommerce/includes/class-xoo-ml.php(23): Xoo_Ml->includes()
#7 /var/www/caraslens.com/htdocs/wp-content/plugins/mobile-login-woocommerce/includes/class-xoo-ml.php(16): Xoo_Ml->__construct()
#8 /var/www/caraslens.com/htdocs/wp-content/plugins/mobile-login-woocommerce/xoo-ml-main.php(46): Xoo_Ml::get_instance()
#9 /var/www/caraslens.com/htdocs/wp-content/plugins/mobile-login-woocommerce/xoo-ml-main.php(39): xoo_ml()
#10 /var/www/caraslens.com/htdocs/wp-includes/class-wp-hook.php(310): xoo_ml_init()
#11 /var/www/caraslens.com/htdocs/wp-includes/class-wp-hook.php(334): WP_Hook->apply_filters()
#12 /var/www/caraslens.com/htdocs/wp-includes/plugin.php(517): WP_Hook->do_action()
#13 /var/www/caraslens.com/htdocs/wp-settings.php(495): do_action()
#14 /var/www/caraslens.com/wp-config.php(113): require_once('...')
#15 /var/www/caraslens.com/htdocs/wp-load.php(55): require_once('...')
#16 /var/www/caraslens.com/htdocs/wp-blog-header.php(13): require_once('...')
#17 /var/www/caraslens.com/htdocs/index.php(17): require('...')
#18 {main}
  thrown in /var/www/caraslens.com/htdocs/wp-content/plugins/mobile-login-woocommerce/includes/class-xoo-ml-geolocation.php on line 25

2023-11-16T21:18:19+00:00 CRITICAL Uncaught TypeError: array_map(): Argument #2 ($array) must be of type array, null given in /var/www/caraslens.com/htdocs/wp-content/plugins/mobile-login-woocommerce/includes/class-xoo-ml-geolocation.php:25
Stack trace:
#0 /var/www/caraslens.com/htdocs/wp-content/plugins/mobile-login-woocommerce/includes/class-xoo-ml-geolocation.php(25): array_map()
#1 /var/www/caraslens.com/htdocs/wp-content/plugins/mobile-login-woocommerce/includes/class-xoo-ml-otp-handler.php(20): Xoo_Ml_Geolocation::get_data()
#2 /var/www/caraslens.com/htdocs/wp-content/plugins/mobile-login-woocommerce/includes/class-xoo-ml-otp-handler.php(14): Xoo_Ml_Otp_Handler->__construct()
#3 /var/www/caraslens.com/htdocs/wp-content/plugins/mobile-login-woocommerce/includes/class-xoo-ml-otp-handler.php(281): Xoo_Ml_Otp_Handler::get_instance()
#4 /var/www/caraslens.com/htdocs/wp-content/plugins/mobile-login-woocommerce/includes/class-xoo-ml-otp-handler.php(283): xoo_ml_otp_handler()
#5 /var/www/caraslens.com/htdocs/wp-content/plugins/mobile-login-woocommerce/includes/class-xoo-ml.php(66): require_once('...')
#6 /var/www/caraslens.com/htdocs/wp-content/plugins/mobile-login-woocommerce/includes/class-xoo-ml.php(23): Xoo_Ml->includes()
#7 /var/www/caraslens.com/htdocs/wp-content/plugins/mobile-login-woocommerce/includes/class-xoo-ml.php(16): Xoo_Ml->__construct()
#8 /var/www/caraslens.com/htdocs/wp-content/plugins/mobile-login-woocommerce/xoo-ml-main.php(46): Xoo_Ml::get_instance()
#9 /var/www/caraslens.com/htdocs/wp-content/plugins/mobile-login-woocommerce/xoo-ml-main.php(39): xoo_ml()
#10 /var/www/caraslens.com/htdocs/wp-includes/class-wp-hook.php(310): xoo_ml_init()
#11 /var/www/caraslens.com/htdocs/wp-includes/class-wp-hook.php(334): WP_Hook->apply_filters()
#12 /var/www/caraslens.com/htdocs/wp-includes/plugin.php(517): WP_Hook->do_action()
#13 /var/www/caraslens.com/htdocs/wp-settings.php(495): do_action()
#14 /var/www/caraslens.com/wp-config.php(113): require_once('...')
#15 /var/www/caraslens.com/htdocs/wp-load.php(55): require_once('...')
#16 /var/www/caraslens.com/htdocs/wp-blog-header.php(13): require_once('...')
#17 /var/www/caraslens.com/htdocs/index.php(17): require('...')
#18 {main}
  thrown in /var/www/caraslens.com/htdocs/wp-content/plugins/mobile-login-woocommerce/includes/class-xoo-ml-geolocation.php on line 25

2023-11-16T21:55:31+00:00 CRITICAL Uncaught TypeError: array_map(): Argument #2 ($array) must be of type array, null given in /var/www/caraslens.com/htdocs/wp-content/plugins/mobile-login-woocommerce/includes/class-xoo-ml-geolocation.php:25
Stack trace:
#0 /var/www/caraslens.com/htdocs/wp-content/plugins/mobile-login-woocommerce/includes/class-xoo-ml-geolocation.php(25): array_map()
#1 /var/www/caraslens.com/htdocs/wp-content/plugins/mobile-login-woocommerce/includes/class-xoo-ml-otp-handler.php(20): Xoo_Ml_Geolocation::get_data()
#2 /var/www/caraslens.com/htdocs/wp-content/plugins/mobile-login-woocommerce/includes/class-xoo-ml-otp-handler.php(14): Xoo_Ml_Otp_Handler->__construct()
#3 /var/www/caraslens.com/htdocs/wp-content/plugins/mobile-login-woocommerce/includes/class-xoo-ml-otp-handler.php(281): Xoo_Ml_Otp_Handler::get_instance()
#4 /var/www/caraslens.com/htdocs/wp-content/plugins/mobile-login-woocommerce/includes/class-xoo-ml-otp-handler.php(283): xoo_ml_otp_handler()
#5 /var/www/caraslens.com/htdocs/wp-content/plugins/mobile-login-woocommerce/includes/class-xoo-ml.php(66): require_once('...')
#6 /var/www/caraslens.com/htdocs/wp-content/plugins/mobile-login-woocommerce/includes/class-xoo-ml.php(23): Xoo_Ml->includes()
#7 /var/www/caraslens.com/htdocs/wp-content/plugins/mobile-login-woocommerce/includes/class-xoo-ml.php(16): Xoo_Ml->__construct()
#8 /var/www/caraslens.com/htdocs/wp-content/plugins/mobile-login-woocommerce/xoo-ml-main.php(46): Xoo_Ml::get_instance()
#9 /var/www/caraslens.com/htdocs/wp-content/plugins/mobile-login-woocommerce/xoo-ml-main.php(39): xoo_ml()
#10 /var/www/caraslens.com/htdocs/wp-includes/class-wp-hook.php(310): xoo_ml_init()
#11 /var/www/caraslens.com/htdocs/wp-includes/class-wp-hook.php(334): WP_Hook->apply_filters()
#12 /var/www/caraslens.com/htdocs/wp-includes/plugin.php(517): WP_Hook->do_action()
#13 /var/www/caraslens.com/htdocs/wp-settings.php(495): do_action()
#14 /var/www/caraslens.com/wp-config.php(113): require_once('...')
#15 /var/www/caraslens.com/htdocs/wp-load.php(55): require_once('...')
#16 /var/www/caraslens.com/htdocs/wp-blog-header.php(13): require_once('...')
#17 /var/www/caraslens.com/htdocs/index.php(17): require('...')
#18 {main}
  thrown in /var/www/caraslens.com/htdocs/wp-content/plugins/mobile-login-woocommerce/includes/class-xoo-ml-geolocation.php on line 25

2023-11-16T21:57:44+00:00 CRITICAL Uncaught TypeError: array_map(): Argument #2 ($array) must be of type array, null given in /var/www/caraslens.com/htdocs/wp-content/plugins/mobile-login-woocommerce/includes/class-xoo-ml-geolocation.php:25
Stack trace:
#0 /var/www/caraslens.com/htdocs/wp-content/plugins/mobile-login-woocommerce/includes/class-xoo-ml-geolocation.php(25): array_map()
#1 /var/www/caraslens.com/htdocs/wp-content/plugins/mobile-login-woocommerce/includes/class-xoo-ml-otp-handler.php(20): Xoo_Ml_Geolocation::get_data()
#2 /var/www/caraslens.com/htdocs/wp-content/plugins/mobile-login-woocommerce/includes/class-xoo-ml-otp-handler.php(14): Xoo_Ml_Otp_Handler->__construct()
#3 /var/www/caraslens.com/htdocs/wp-content/plugins/mobile-login-woocommerce/includes/class-xoo-ml-otp-handler.php(281): Xoo_Ml_Otp_Handler::get_instance()
#4 /var/www/caraslens.com/htdocs/wp-content/plugins/mobile-login-woocommerce/includes/class-xoo-ml-otp-handler.php(283): xoo_ml_otp_handler()
#5 /var/www/caraslens.com/htdocs/wp-content/plugins/mobile-login-woocommerce/includes/class-xoo-ml.php(66): require_once('...')
#6 /var/www/caraslens.com/htdocs/wp-content/plugins/mobile-login-woocommerce/includes/class-xoo-ml.php(23): Xoo_Ml->includes()
#7 /var/www/caraslens.com/htdocs/wp-content/plugins/mobile-login-woocommerce/includes/class-xoo-ml.php(16): Xoo_Ml->__construct()
#8 /var/www/caraslens.com/htdocs/wp-content/plugins/mobile-login-woocommerce/xoo-ml-main.php(46): Xoo_Ml::get_instance()
#9 /var/www/caraslens.com/htdocs/wp-content/plugins/mobile-login-woocommerce/xoo-ml-main.php(39): xoo_ml()
#10 /var/www/caraslens.com/htdocs/wp-includes/class-wp-hook.php(310): xoo_ml_init()
#11 /var/www/caraslens.com/htdocs/wp-includes/class-wp-hook.php(334): WP_Hook->apply_filters()
#12 /var/www/caraslens.com/htdocs/wp-includes/plugin.php(517): WP_Hook->do_action()
#13 /var/www/caraslens.com/htdocs/wp-settings.php(495): do_action()
#14 /var/www/caraslens.com/wp-config.php(113): require_once('...')
#15 /var/www/caraslens.com/htdocs/wp-load.php(55): require_once('...')
#16 /var/www/caraslens.com/htdocs/wp-blog-header.php(13): require_once('...')
#17 /var/www/caraslens.com/htdocs/index.php(17): require('...')
#18 {main}
  thrown in /var/www/caraslens.com/htdocs/wp-content/plugins/mobile-login-woocommerce/includes/class-xoo-ml-geolocation.php on line 25

2023-11-16T22:48:04+00:00 CRITICAL Uncaught TypeError: array_map(): Argument #2 ($array) must be of type array, null given in /var/www/caraslens.com/htdocs/wp-content/plugins/mobile-login-woocommerce/includes/class-xoo-ml-geolocation.php:25
Stack trace:
#0 /var/www/caraslens.com/htdocs/wp-content/plugins/mobile-login-woocommerce/includes/class-xoo-ml-geolocation.php(25): array_map()
#1 /var/www/caraslens.com/htdocs/wp-content/plugins/mobile-login-woocommerce/includes/class-xoo-ml-otp-handler.php(20): Xoo_Ml_Geolocation::get_data()
#2 /var/www/caraslens.com/htdocs/wp-content/plugins/mobile-login-woocommerce/includes/class-xoo-ml-otp-handler.php(14): Xoo_Ml_Otp_Handler->__construct()
#3 /var/www/caraslens.com/htdocs/wp-content/plugins/mobile-login-woocommerce/includes/class-xoo-ml-otp-handler.php(281): Xoo_Ml_Otp_Handler::get_instance()
#4 /var/www/caraslens.com/htdocs/wp-content/plugins/mobile-login-woocommerce/includes/class-xoo-ml-otp-handler.php(283): xoo_ml_otp_handler()
#5 /var/www/caraslens.com/htdocs/wp-content/plugins/mobile-login-woocommerce/includes/class-xoo-ml.php(66): require_once('...')
#6 /var/www/caraslens.com/htdocs/wp-content/plugins/mobile-login-woocommerce/includes/class-xoo-ml.php(23): Xoo_Ml->includes()
#7 /var/www/caraslens.com/htdocs/wp-content/plugins/mobile-login-woocommerce/includes/class-xoo-ml.php(16): Xoo_Ml->__construct()
#8 /var/www/caraslens.com/htdocs/wp-content/plugins/mobile-login-woocommerce/xoo-ml-main.php(46): Xoo_Ml::get_instance()
#9 /var/www/caraslens.com/htdocs/wp-content/plugins/mobile-login-woocommerce/xoo-ml-main.php(39): xoo_ml()
#10 /var/www/caraslens.com/htdocs/wp-includes/class-wp-hook.php(310): xoo_ml_init()
#11 /var/www/caraslens.com/htdocs/wp-includes/class-wp-hook.php(334): WP_Hook->apply_filters()
#12 /var/www/caraslens.com/htdocs/wp-includes/plugin.php(517): WP_Hook->do_action()
#13 /var/www/caraslens.com/htdocs/wp-settings.php(495): do_action()
#14 /var/www/caraslens.com/wp-config.php(113): require_once('...')
#15 /var/www/caraslens.com/htdocs/wp-load.php(55): require_once('...')
#16 /var/www/caraslens.com/htdocs/wp-blog-header.php(13): require_once('...')
#17 /var/www/caraslens.com/htdocs/index.php(17): require('...')
#18 {main}
  thrown in /var/www/caraslens.com/htdocs/wp-content/plugins/mobile-login-woocommerce/includes/class-xoo-ml-geolocation.php on line 25

2023-11-16T22:51:44+00:00 CRITICAL Uncaught TypeError: array_map(): Argument #2 ($array) must be of type array, null given in /var/www/caraslens.com/htdocs/wp-content/plugins/mobile-login-woocommerce/includes/class-xoo-ml-geolocation.php:25
Stack trace:
#0 /var/www/caraslens.com/htdocs/wp-content/plugins/mobile-login-woocommerce/includes/class-xoo-ml-geolocation.php(25): array_map()
#1 /var/www/caraslens.com/htdocs/wp-content/plugins/mobile-login-woocommerce/includes/class-xoo-ml-otp-handler.php(20): Xoo_Ml_Geolocation::get_data()
#2 /var/www/caraslens.com/htdocs/wp-content/plugins/mobile-login-woocommerce/includes/class-xoo-ml-otp-handler.php(14): Xoo_Ml_Otp_Handler->__construct()
#3 /var/www/caraslens.com/htdocs/wp-content/plugins/mobile-login-woocommerce/includes/class-xoo-ml-otp-handler.php(281): Xoo_Ml_Otp_Handler::get_instance()
#4 /var/www/caraslens.com/htdocs/wp-content/plugins/mobile-login-woocommerce/includes/class-xoo-ml-otp-handler.php(283): xoo_ml_otp_handler()
#5 /var/www/caraslens.com/htdocs/wp-content/plugins/mobile-login-woocommerce/includes/class-xoo-ml.php(66): require_once('...')
#6 /var/www/caraslens.com/htdocs/wp-content/plugins/mobile-login-woocommerce/includes/class-xoo-ml.php(23): Xoo_Ml->includes()
#7 /var/www/caraslens.com/htdocs/wp-content/plugins/mobile-login-woocommerce/includes/class-xoo-ml.php(16): Xoo_Ml->__construct()
#8 /var/www/caraslens.com/htdocs/wp-content/plugins/mobile-login-woocommerce/xoo-ml-main.php(46): Xoo_Ml::get_instance()
#9 /var/www/caraslens.com/htdocs/wp-content/plugins/mobile-login-woocommerce/xoo-ml-main.php(39): xoo_ml()
#10 /var/www/caraslens.com/htdocs/wp-includes/class-wp-hook.php(310): xoo_ml_init()
#11 /var/www/caraslens.com/htdocs/wp-includes/class-wp-hook.php(334): WP_Hook->apply_filters()
#12 /var/www/caraslens.com/htdocs/wp-includes/plugin.php(517): WP_Hook->do_action()
#13 /var/www/caraslens.com/htdocs/wp-settings.php(495): do_action()
#14 /var/www/caraslens.com/wp-config.php(113): require_once('...')
#15 /var/www/caraslens.com/htdocs/wp-load.php(55): require_once('...')
#16 /var/www/caraslens.com/htdocs/wp-blog-header.php(13): require_once('...')
#17 /var/www/caraslens.com/htdocs/index.php(17): require('...')
#18 {main}
  thrown in /var/www/caraslens.com/htdocs/wp-content/plugins/mobile-login-woocommerce/includes/class-xoo-ml-geolocation.php on line 25

2023-11-16T23:14:53+00:00 CRITICAL Uncaught TypeError: array_map(): Argument #2 ($array) must be of type array, null given in /var/www/caraslens.com/htdocs/wp-content/plugins/mobile-login-woocommerce/includes/class-xoo-ml-geolocation.php:25
Stack trace:
#0 /var/www/caraslens.com/htdocs/wp-content/plugins/mobile-login-woocommerce/includes/class-xoo-ml-geolocation.php(25): array_map()
#1 /var/www/caraslens.com/htdocs/wp-content/plugins/mobile-login-woocommerce/includes/class-xoo-ml-otp-handler.php(20): Xoo_Ml_Geolocation::get_data()
#2 /var/www/caraslens.com/htdocs/wp-content/plugins/mobile-login-woocommerce/includes/class-xoo-ml-otp-handler.php(14): Xoo_Ml_Otp_Handler->__construct()
#3 /var/www/caraslens.com/htdocs/wp-content/plugins/mobile-login-woocommerce/includes/class-xoo-ml-otp-handler.php(281): Xoo_Ml_Otp_Handler::get_instance()
#4 /var/www/caraslens.com/htdocs/wp-content/plugins/mobile-login-woocommerce/includes/class-xoo-ml-otp-handler.php(283): xoo_ml_otp_handler()
#5 /var/www/caraslens.com/htdocs/wp-content/plugins/mobile-login-woocommerce/includes/class-xoo-ml.php(66): require_once('...')
#6 /var/www/caraslens.com/htdocs/wp-content/plugins/mobile-login-woocommerce/includes/class-xoo-ml.php(23): Xoo_Ml->includes()
#7 /var/www/caraslens.com/htdocs/wp-content/plugins/mobile-login-woocommerce/includes/class-xoo-ml.php(16): Xoo_Ml->__construct()
#8 /var/www/caraslens.com/htdocs/wp-content/plugins/mobile-login-woocommerce/xoo-ml-main.php(46): Xoo_Ml::get_instance()
#9 /var/www/caraslens.com/htdocs/wp-content/plugins/mobile-login-woocommerce/xoo-ml-main.php(39): xoo_ml()
#10 /var/www/caraslens.com/htdocs/wp-includes/class-wp-hook.php(310): xoo_ml_init()
#11 /var/www/caraslens.com/htdocs/wp-includes/class-wp-hook.php(334): WP_Hook->apply_filters()
#12 /var/www/caraslens.com/htdocs/wp-includes/plugin.php(517): WP_Hook->do_action()
#13 /var/www/caraslens.com/htdocs/wp-settings.php(495): do_action()
#14 /var/www/caraslens.com/wp-config.php(113): require_once('...')
#15 /var/www/caraslens.com/htdocs/wp-load.php(55): require_once('...')
#16 /var/www/caraslens.com/htdocs/wp-blog-header.php(13): require_once('...')
#17 /var/www/caraslens.com/htdocs/index.php(17): require('...')
#18 {main}
  thrown in /var/www/caraslens.com/htdocs/wp-content/plugins/mobile-login-woocommerce/includes/class-xoo-ml-geolocation.php on line 25

2023-11-16T23:42:30+00:00 CRITICAL Uncaught TypeError: array_map(): Argument #2 ($array) must be of type array, null given in /var/www/caraslens.com/htdocs/wp-content/plugins/mobile-login-woocommerce/includes/class-xoo-ml-geolocation.php:25
Stack trace:
#0 /var/www/caraslens.com/htdocs/wp-content/plugins/mobile-login-woocommerce/includes/class-xoo-ml-geolocation.php(25): array_map()
#1 /var/www/caraslens.com/htdocs/wp-content/plugins/mobile-login-woocommerce/includes/class-xoo-ml-otp-handler.php(20): Xoo_Ml_Geolocation::get_data()
#2 /var/www/caraslens.com/htdocs/wp-content/plugins/mobile-login-woocommerce/includes/class-xoo-ml-otp-handler.php(14): Xoo_Ml_Otp_Handler->__construct()
#3 /var/www/caraslens.com/htdocs/wp-content/plugins/mobile-login-woocommerce/includes/class-xoo-ml-otp-handler.php(281): Xoo_Ml_Otp_Handler::get_instance()
#4 /var/www/caraslens.com/htdocs/wp-content/plugins/mobile-login-woocommerce/includes/class-xoo-ml-otp-handler.php(283): xoo_ml_otp_handler()
#5 /var/www/caraslens.com/htdocs/wp-content/plugins/mobile-login-woocommerce/includes/class-xoo-ml.php(66): require_once('...')
#6 /var/www/caraslens.com/htdocs/wp-content/plugins/mobile-login-woocommerce/includes/class-xoo-ml.php(23): Xoo_Ml->includes()
#7 /var/www/caraslens.com/htdocs/wp-content/plugins/mobile-login-woocommerce/includes/class-xoo-ml.php(16): Xoo_Ml->__construct()
#8 /var/www/caraslens.com/htdocs/wp-content/plugins/mobile-login-woocommerce/xoo-ml-main.php(46): Xoo_Ml::get_instance()
#9 /var/www/caraslens.com/htdocs/wp-content/plugins/mobile-login-woocommerce/xoo-ml-main.php(39): xoo_ml()
#10 /var/www/caraslens.com/htdocs/wp-includes/class-wp-hook.php(310): xoo_ml_init()
#11 /var/www/caraslens.com/htdocs/wp-includes/class-wp-hook.php(334): WP_Hook->apply_filters()
#12 /var/www/caraslens.com/htdocs/wp-includes/plugin.php(517): WP_Hook->do_action()
#13 /var/www/caraslens.com/htdocs/wp-settings.php(495): do_action()
#14 /var/www/caraslens.com/wp-config.php(113): require_once('...')
#15 /var/www/caraslens.com/htdocs/wp-load.php(55): require_once('...')
#16 /var/www/caraslens.com/htdocs/wp-blog-header.php(13): require_once('...')
#17 /var/www/caraslens.com/htdocs/index.php(17): require('...')
#18 {main}
  thrown in /var/www/caraslens.com/htdocs/wp-content/plugins/mobile-login-woocommerce/includes/class-xoo-ml-geolocation.php on line 25

2023-11-16T23:44:33+00:00 CRITICAL Uncaught TypeError: array_map(): Argument #2 ($array) must be of type array, null given in /var/www/caraslens.com/htdocs/wp-content/plugins/mobile-login-woocommerce/includes/class-xoo-ml-geolocation.php:25
Stack trace:
#0 /var/www/caraslens.com/htdocs/wp-content/plugins/mobile-login-woocommerce/includes/class-xoo-ml-geolocation.php(25): array_map()
#1 /var/www/caraslens.com/htdocs/wp-content/plugins/mobile-login-woocommerce/includes/class-xoo-ml-otp-handler.php(20): Xoo_Ml_Geolocation::get_data()
#2 /var/www/caraslens.com/htdocs/wp-content/plugins/mobile-login-woocommerce/includes/class-xoo-ml-otp-handler.php(14): Xoo_Ml_Otp_Handler->__construct()
#3 /var/www/caraslens.com/htdocs/wp-content/plugins/mobile-login-woocommerce/includes/class-xoo-ml-otp-handler.php(281): Xoo_Ml_Otp_Handler::get_instance()
#4 /var/www/caraslens.com/htdocs/wp-content/plugins/mobile-login-woocommerce/includes/class-xoo-ml-otp-handler.php(283): xoo_ml_otp_handler()
#5 /var/www/caraslens.com/htdocs/wp-content/plugins/mobile-login-woocommerce/includes/class-xoo-ml.php(66): require_once('...')
#6 /var/www/caraslens.com/htdocs/wp-content/plugins/mobile-login-woocommerce/includes/class-xoo-ml.php(23): Xoo_Ml->includes()
#7 /var/www/caraslens.com/htdocs/wp-content/plugins/mobile-login-woocommerce/includes/class-xoo-ml.php(16): Xoo_Ml->__construct()
#8 /var/www/caraslens.com/htdocs/wp-content/plugins/mobile-login-woocommerce/xoo-ml-main.php(46): Xoo_Ml::get_instance()
#9 /var/www/caraslens.com/htdocs/wp-content/plugins/mobile-login-woocommerce/xoo-ml-main.php(39): xoo_ml()
#10 /var/www/caraslens.com/htdocs/wp-includes/class-wp-hook.php(310): xoo_ml_init()
#11 /var/www/caraslens.com/htdocs/wp-includes/class-wp-hook.php(334): WP_Hook->apply_filters()
#12 /var/www/caraslens.com/htdocs/wp-includes/plugin.php(517): WP_Hook->do_action()
#13 /var/www/caraslens.com/htdocs/wp-settings.php(495): do_action()
#14 /var/www/caraslens.com/wp-config.php(113): require_once('...')
#15 /var/www/caraslens.com/htdocs/wp-load.php(55): require_once('...')
#16 /var/www/caraslens.com/htdocs/wp-blog-header.php(13): require_once('...')
#17 /var/www/caraslens.com/htdocs/index.php(17): require('...')
#18 {main}
  thrown in /var/www/caraslens.com/htdocs/wp-content/plugins/mobile-login-woocommerce/includes/class-xoo-ml-geolocation.php on line 25

2023-11-16T23:51:44+00:00 CRITICAL Uncaught TypeError: array_map(): Argument #2 ($array) must be of type array, null given in /var/www/caraslens.com/htdocs/wp-content/plugins/mobile-login-woocommerce/includes/class-xoo-ml-geolocation.php:25
Stack trace:
#0 /var/www/caraslens.com/htdocs/wp-content/plugins/mobile-login-woocommerce/includes/class-xoo-ml-geolocation.php(25): array_map()
#1 /var/www/caraslens.com/htdocs/wp-content/plugins/mobile-login-woocommerce/includes/class-xoo-ml-otp-handler.php(20): Xoo_Ml_Geolocation::get_data()
#2 /var/www/caraslens.com/htdocs/wp-content/plugins/mobile-login-woocommerce/includes/class-xoo-ml-otp-handler.php(14): Xoo_Ml_Otp_Handler->__construct()
#3 /var/www/caraslens.com/htdocs/wp-content/plugins/mobile-login-woocommerce/includes/class-xoo-ml-otp-handler.php(281): Xoo_Ml_Otp_Handler::get_instance()
#4 /var/www/caraslens.com/htdocs/wp-content/plugins/mobile-login-woocommerce/includes/class-xoo-ml-otp-handler.php(283): xoo_ml_otp_handler()
#5 /var/www/caraslens.com/htdocs/wp-content/plugins/mobile-login-woocommerce/includes/class-xoo-ml.php(66): require_once('...')
#6 /var/www/caraslens.com/htdocs/wp-content/plugins/mobile-login-woocommerce/includes/class-xoo-ml.php(23): Xoo_Ml->includes()
#7 /var/www/caraslens.com/htdocs/wp-content/plugins/mobile-login-woocommerce/includes/class-xoo-ml.php(16): Xoo_Ml->__construct()
#8 /var/www/caraslens.com/htdocs/wp-content/plugins/mobile-login-woocommerce/xoo-ml-main.php(46): Xoo_Ml::get_instance()
#9 /var/www/caraslens.com/htdocs/wp-content/plugins/mobile-login-woocommerce/xoo-ml-main.php(39): xoo_ml()
#10 /var/www/caraslens.com/htdocs/wp-includes/class-wp-hook.php(310): xoo_ml_init()
#11 /var/www/caraslens.com/htdocs/wp-includes/class-wp-hook.php(334): WP_Hook->apply_filters()
#12 /var/www/caraslens.com/htdocs/wp-includes/plugin.php(517): WP_Hook->do_action()
#13 /var/www/caraslens.com/htdocs/wp-settings.php(495): do_action()
#14 /var/www/caraslens.com/wp-config.php(113): require_once('...')
#15 /var/www/caraslens.com/htdocs/wp-load.php(55): require_once('...')
#16 /var/www/caraslens.com/htdocs/wp-blog-header.php(13): require_once('...')
#17 /var/www/caraslens.com/htdocs/index.php(17): require('...')
#18 {main}
  thrown in /var/www/caraslens.com/htdocs/wp-content/plugins/mobile-login-woocommerce/includes/class-xoo-ml-geolocation.php on line 25

