2022-11-16T00:58:54+00:00 CRITICAL Out of memory (allocated 85983232) (tried to allocate 32768 bytes) in D:\xampp\htdocs\ecommerce\wp-content\plugins\advanced-custom-fields-pro\includes\fields\class-acf-field-relationship.php on line 507

2022-11-16T07:18:09+00:00 CRITICAL Uncaught Error: Call to a member function get_available_variations() on bool in D:\xampp\htdocs\ecommerce\wp-content\themes\storefront-child\functions\cart.php:8
Stack trace:
#0 D:\xampp\htdocs\ecommerce\wp-includes\class-wp-hook.php(308): productVariation('')
#1 D:\xampp\htdocs\ecommerce\wp-includes\class-wp-hook.php(332): WP_Hook->apply_filters('', Array)
#2 D:\xampp\htdocs\ecommerce\wp-includes\plugin.php(517): WP_Hook->do_action(Array)
#3 D:\xampp\htdocs\ecommerce\wp-admin\admin-ajax.php(188): do_action('wp_ajax_product...')
#4 {main}
  thrown in D:\xampp\htdocs\ecommerce\wp-content\themes\storefront-child\functions\cart.php on line 8

2022-11-16T07:18:15+00:00 CRITICAL Uncaught Error: Call to a member function get_available_variations() on bool in D:\xampp\htdocs\ecommerce\wp-content\themes\storefront-child\functions\cart.php:8
Stack trace:
#0 D:\xampp\htdocs\ecommerce\wp-includes\class-wp-hook.php(308): productVariation('')
#1 D:\xampp\htdocs\ecommerce\wp-includes\class-wp-hook.php(332): WP_Hook->apply_filters('', Array)
#2 D:\xampp\htdocs\ecommerce\wp-includes\plugin.php(517): WP_Hook->do_action(Array)
#3 D:\xampp\htdocs\ecommerce\wp-admin\admin-ajax.php(188): do_action('wp_ajax_product...')
#4 {main}
  thrown in D:\xampp\htdocs\ecommerce\wp-content\themes\storefront-child\functions\cart.php on line 8

2022-11-16T07:18:23+00:00 CRITICAL Uncaught Error: Call to a member function get_available_variations() on bool in D:\xampp\htdocs\ecommerce\wp-content\themes\storefront-child\functions\cart.php:8
Stack trace:
#0 D:\xampp\htdocs\ecommerce\wp-includes\class-wp-hook.php(308): productVariation('')
#1 D:\xampp\htdocs\ecommerce\wp-includes\class-wp-hook.php(332): WP_Hook->apply_filters('', Array)
#2 D:\xampp\htdocs\ecommerce\wp-includes\plugin.php(517): WP_Hook->do_action(Array)
#3 D:\xampp\htdocs\ecommerce\wp-admin\admin-ajax.php(188): do_action('wp_ajax_product...')
#4 {main}
  thrown in D:\xampp\htdocs\ecommerce\wp-content\themes\storefront-child\functions\cart.php on line 8

2022-11-16T07:20:53+00:00 CRITICAL Uncaught Error: Call to a member function get_available_variations() on bool in D:\xampp\htdocs\ecommerce\wp-content\themes\storefront-child\functions\cart.php:8
Stack trace:
#0 D:\xampp\htdocs\ecommerce\wp-includes\class-wp-hook.php(308): productVariation('')
#1 D:\xampp\htdocs\ecommerce\wp-includes\class-wp-hook.php(332): WP_Hook->apply_filters('', Array)
#2 D:\xampp\htdocs\ecommerce\wp-includes\plugin.php(517): WP_Hook->do_action(Array)
#3 D:\xampp\htdocs\ecommerce\wp-admin\admin-ajax.php(188): do_action('wp_ajax_product...')
#4 {main}
  thrown in D:\xampp\htdocs\ecommerce\wp-content\themes\storefront-child\functions\cart.php on line 8

2022-11-16T07:21:06+00:00 CRITICAL Uncaught Error: Call to a member function get_available_variations() on bool in D:\xampp\htdocs\ecommerce\wp-content\themes\storefront-child\functions\cart.php:8
Stack trace:
#0 D:\xampp\htdocs\ecommerce\wp-includes\class-wp-hook.php(308): productVariation('')
#1 D:\xampp\htdocs\ecommerce\wp-includes\class-wp-hook.php(332): WP_Hook->apply_filters('', Array)
#2 D:\xampp\htdocs\ecommerce\wp-includes\plugin.php(517): WP_Hook->do_action(Array)
#3 D:\xampp\htdocs\ecommerce\wp-admin\admin-ajax.php(188): do_action('wp_ajax_product...')
#4 {main}
  thrown in D:\xampp\htdocs\ecommerce\wp-content\themes\storefront-child\functions\cart.php on line 8

2022-11-16T07:21:15+00:00 CRITICAL Uncaught Error: Call to a member function get_available_variations() on bool in D:\xampp\htdocs\ecommerce\wp-content\themes\storefront-child\functions\cart.php:8
Stack trace:
#0 D:\xampp\htdocs\ecommerce\wp-includes\class-wp-hook.php(308): productVariation('')
#1 D:\xampp\htdocs\ecommerce\wp-includes\class-wp-hook.php(332): WP_Hook->apply_filters('', Array)
#2 D:\xampp\htdocs\ecommerce\wp-includes\plugin.php(517): WP_Hook->do_action(Array)
#3 D:\xampp\htdocs\ecommerce\wp-admin\admin-ajax.php(188): do_action('wp_ajax_product...')
#4 {main}
  thrown in D:\xampp\htdocs\ecommerce\wp-content\themes\storefront-child\functions\cart.php on line 8

2022-11-16T07:21:29+00:00 CRITICAL Uncaught Error: Call to a member function get_available_variations() on bool in D:\xampp\htdocs\ecommerce\wp-content\themes\storefront-child\functions\cart.php:8
Stack trace:
#0 D:\xampp\htdocs\ecommerce\wp-includes\class-wp-hook.php(308): productVariation('')
#1 D:\xampp\htdocs\ecommerce\wp-includes\class-wp-hook.php(332): WP_Hook->apply_filters('', Array)
#2 D:\xampp\htdocs\ecommerce\wp-includes\plugin.php(517): WP_Hook->do_action(Array)
#3 D:\xampp\htdocs\ecommerce\wp-admin\admin-ajax.php(188): do_action('wp_ajax_product...')
#4 {main}
  thrown in D:\xampp\htdocs\ecommerce\wp-content\themes\storefront-child\functions\cart.php on line 8

2022-11-16T07:21:35+00:00 CRITICAL Uncaught Error: Call to a member function get_available_variations() on bool in D:\xampp\htdocs\ecommerce\wp-content\themes\storefront-child\functions\cart.php:8
Stack trace:
#0 D:\xampp\htdocs\ecommerce\wp-includes\class-wp-hook.php(308): productVariation('')
#1 D:\xampp\htdocs\ecommerce\wp-includes\class-wp-hook.php(332): WP_Hook->apply_filters('', Array)
#2 D:\xampp\htdocs\ecommerce\wp-includes\plugin.php(517): WP_Hook->do_action(Array)
#3 D:\xampp\htdocs\ecommerce\wp-admin\admin-ajax.php(188): do_action('wp_ajax_product...')
#4 {main}
  thrown in D:\xampp\htdocs\ecommerce\wp-content\themes\storefront-child\functions\cart.php on line 8

2022-11-16T08:04:47+00:00 CRITICAL Uncaught Error: Class 'WPML_ST_Initialize' not found in D:\xampp\htdocs\ecommerce\wp-content\plugins\wpml-string-translation\plugin.php:26
Stack trace:
#0 D:\xampp\htdocs\ecommerce\wp-admin\includes\plugin.php(2314): include_once()
#1 D:\xampp\htdocs\ecommerce\wp-admin\includes\plugin.php(661): plugin_sandbox_scrape('wpml-string-tra...')
#2 D:\xampp\htdocs\ecommerce\wp-admin\plugins.php(58): activate_plugin('wpml-string-tra...', 'http://ecommerc...', false)
#3 {main}
  thrown in D:\xampp\htdocs\ecommerce\wp-content\plugins\wpml-string-translation\plugin.php on line 26

2022-11-16T08:04:51+00:00 CRITICAL Uncaught Error: Class 'WPML_ST_Initialize' not found in D:\xampp\htdocs\ecommerce\wp-content\plugins\wpml-string-translation\plugin.php:26
Stack trace:
#0 D:\xampp\htdocs\ecommerce\wp-admin\includes\plugin.php(2314): include_once()
#1 D:\xampp\htdocs\ecommerce\wp-admin\plugins.php(192): plugin_sandbox_scrape('wpml-string-tra...')
#2 {main}
  thrown in D:\xampp\htdocs\ecommerce\wp-content\plugins\wpml-string-translation\plugin.php on line 26

2022-11-16T08:04:51+00:00 CRITICAL Uncaught Error: Class 'WPML_ST_Initialize' not found in D:\xampp\htdocs\ecommerce\wp-content\plugins\wpml-string-translation\plugin.php:26
Stack trace:
#0 D:\xampp\htdocs\ecommerce\wp-admin\includes\plugin.php(2314): include_once()
#1 D:\xampp\htdocs\ecommerce\wp-admin\plugins.php(192): plugin_sandbox_scrape('wpml-string-tra...')
#2 {main}
  thrown in D:\xampp\htdocs\ecommerce\wp-content\plugins\wpml-string-translation\plugin.php on line 26

2022-11-16T08:04:53+00:00 CRITICAL Uncaught Error: Class 'WPML_ST_Initialize' not found in D:\xampp\htdocs\ecommerce\wp-content\plugins\wpml-string-translation\plugin.php:26
Stack trace:
#0 D:\xampp\htdocs\ecommerce\wp-admin\includes\plugin.php(2314): include_once()
#1 D:\xampp\htdocs\ecommerce\wp-admin\includes\plugin.php(661): plugin_sandbox_scrape('wpml-string-tra...')
#2 D:\xampp\htdocs\ecommerce\wp-admin\plugins.php(58): activate_plugin('wpml-string-tra...', 'http://ecommerc...', false)
#3 {main}
  thrown in D:\xampp\htdocs\ecommerce\wp-content\plugins\wpml-string-translation\plugin.php on line 26

2022-11-16T08:04:57+00:00 CRITICAL Uncaught Error: Class 'WPML_ST_Initialize' not found in D:\xampp\htdocs\ecommerce\wp-content\plugins\wpml-string-translation\plugin.php:26
Stack trace:
#0 D:\xampp\htdocs\ecommerce\wp-admin\includes\plugin.php(2314): include_once()
#1 D:\xampp\htdocs\ecommerce\wp-admin\plugins.php(192): plugin_sandbox_scrape('wpml-string-tra...')
#2 {main}
  thrown in D:\xampp\htdocs\ecommerce\wp-content\plugins\wpml-string-translation\plugin.php on line 26

2022-11-16T08:04:57+00:00 CRITICAL Uncaught Error: Class 'WPML_ST_Initialize' not found in D:\xampp\htdocs\ecommerce\wp-content\plugins\wpml-string-translation\plugin.php:26
Stack trace:
#0 D:\xampp\htdocs\ecommerce\wp-admin\includes\plugin.php(2314): include_once()
#1 D:\xampp\htdocs\ecommerce\wp-admin\plugins.php(192): plugin_sandbox_scrape('wpml-string-tra...')
#2 {main}
  thrown in D:\xampp\htdocs\ecommerce\wp-content\plugins\wpml-string-translation\plugin.php on line 26

