2023-04-09T00:14:41+00:00 CRITICAL Uncaught Error: Call to a member function get_original_product_id() on null in /home/caraslens.com/public_html/wp-content/plugins/woocommerce-multilingual/inc/currencies/class-wcml-custom-prices.php:84
Stack trace:
#0 /home/caraslens.com/public_html/wp-content/plugins/woocommerce-multilingual/inc/currencies/class-wcml-multi-currency-prices.php(267): WCML_Custom_Prices->get_product_custom_prices()
#1 /home/caraslens.com/public_html/wp-content/plugins/sitepress-multilingual-cms/vendor/wpml/fp/core/Logic.php(121): WCML_Multi_Currency_Prices->{closure}()
#2 [internal function]: WPML\FP\Logic::WPML\FP\{closure}()
#3 /home/caraslens.com/public_html/wp-content/plugins/sitepress-multilingual-cms/vendor/wpml/fp/core/functions.php(152): call_user_func_array()
#4 /home/caraslens.com/public_html/wp-content/plugins/woocommerce-multilingual/inc/currencies/class-wcml-multi-currency-prices.php(287): WPML\FP\{closure}()
#5 /home/caraslens.com/public_html/wp-includes/class-wp-hook.php(310): WCML_Multi_Currency_Prices->product_ in /home/caraslens.com/public_html/wp-content/plugins/woocommerce-multilingual/inc/currencies/class-wcml-custom-prices.php on line 84

2023-04-09T01:05:16+00:00 CRITICAL Uncaught Error: Call to a member function get_original_product_id() on null in /home/caraslens.com/public_html/wp-content/plugins/woocommerce-multilingual/inc/currencies/class-wcml-custom-prices.php:84
Stack trace:
#0 /home/caraslens.com/public_html/wp-content/plugins/woocommerce-multilingual/inc/currencies/class-wcml-multi-currency-prices.php(267): WCML_Custom_Prices->get_product_custom_prices()
#1 /home/caraslens.com/public_html/wp-content/plugins/sitepress-multilingual-cms/vendor/wpml/fp/core/Logic.php(121): WCML_Multi_Currency_Prices->{closure}()
#2 [internal function]: WPML\FP\Logic::WPML\FP\{closure}()
#3 /home/caraslens.com/public_html/wp-content/plugins/sitepress-multilingual-cms/vendor/wpml/fp/core/functions.php(152): call_user_func_array()
#4 /home/caraslens.com/public_html/wp-content/plugins/woocommerce-multilingual/inc/currencies/class-wcml-multi-currency-prices.php(287): WPML\FP\{closure}()
#5 /home/caraslens.com/public_html/wp-includes/class-wp-hook.php(310): WCML_Multi_Currency_Prices->product_ in /home/caraslens.com/public_html/wp-content/plugins/woocommerce-multilingual/inc/currencies/class-wcml-custom-prices.php on line 84

2023-04-09T01:25:07+00:00 CRITICAL Uncaught Error: Call to a member function get_original_product_id() on null in /home/caraslens.com/public_html/wp-content/plugins/woocommerce-multilingual/inc/currencies/class-wcml-custom-prices.php:84
Stack trace:
#0 /home/caraslens.com/public_html/wp-content/plugins/woocommerce-multilingual/inc/currencies/class-wcml-multi-currency-prices.php(267): WCML_Custom_Prices->get_product_custom_prices()
#1 /home/caraslens.com/public_html/wp-content/plugins/sitepress-multilingual-cms/vendor/wpml/fp/core/Logic.php(121): WCML_Multi_Currency_Prices->{closure}()
#2 [internal function]: WPML\FP\Logic::WPML\FP\{closure}()
#3 /home/caraslens.com/public_html/wp-content/plugins/sitepress-multilingual-cms/vendor/wpml/fp/core/functions.php(152): call_user_func_array()
#4 /home/caraslens.com/public_html/wp-content/plugins/woocommerce-multilingual/inc/currencies/class-wcml-multi-currency-prices.php(287): WPML\FP\{closure}()
#5 /home/caraslens.com/public_html/wp-includes/class-wp-hook.php(310): WCML_Multi_Currency_Prices->product_ in /home/caraslens.com/public_html/wp-content/plugins/woocommerce-multilingual/inc/currencies/class-wcml-custom-prices.php on line 84

2023-04-09T01:39:00+00:00 CRITICAL Uncaught Error: Call to a member function get_original_product_id() on null in /home/caraslens.com/public_html/wp-content/plugins/woocommerce-multilingual/inc/currencies/class-wcml-custom-prices.php:84
Stack trace:
#0 /home/caraslens.com/public_html/wp-content/plugins/woocommerce-multilingual/inc/currencies/class-wcml-multi-currency-prices.php(267): WCML_Custom_Prices->get_product_custom_prices()
#1 /home/caraslens.com/public_html/wp-content/plugins/sitepress-multilingual-cms/vendor/wpml/fp/core/Logic.php(121): WCML_Multi_Currency_Prices->{closure}()
#2 [internal function]: WPML\FP\Logic::WPML\FP\{closure}()
#3 /home/caraslens.com/public_html/wp-content/plugins/sitepress-multilingual-cms/vendor/wpml/fp/core/functions.php(152): call_user_func_array()
#4 /home/caraslens.com/public_html/wp-content/plugins/woocommerce-multilingual/inc/currencies/class-wcml-multi-currency-prices.php(287): WPML\FP\{closure}()
#5 /home/caraslens.com/public_html/wp-includes/class-wp-hook.php(310): WCML_Multi_Currency_Prices->product_ in /home/caraslens.com/public_html/wp-content/plugins/woocommerce-multilingual/inc/currencies/class-wcml-custom-prices.php on line 84

2023-04-09T01:40:17+00:00 CRITICAL Uncaught Error: Call to a member function get_original_product_id() on null in /home/caraslens.com/public_html/wp-content/plugins/woocommerce-multilingual/inc/currencies/class-wcml-custom-prices.php:84
Stack trace:
#0 /home/caraslens.com/public_html/wp-content/plugins/woocommerce-multilingual/inc/currencies/class-wcml-multi-currency-prices.php(267): WCML_Custom_Prices->get_product_custom_prices()
#1 /home/caraslens.com/public_html/wp-content/plugins/sitepress-multilingual-cms/vendor/wpml/fp/core/Logic.php(121): WCML_Multi_Currency_Prices->{closure}()
#2 [internal function]: WPML\FP\Logic::WPML\FP\{closure}()
#3 /home/caraslens.com/public_html/wp-content/plugins/sitepress-multilingual-cms/vendor/wpml/fp/core/functions.php(152): call_user_func_array()
#4 /home/caraslens.com/public_html/wp-content/plugins/woocommerce-multilingual/inc/currencies/class-wcml-multi-currency-prices.php(287): WPML\FP\{closure}()
#5 /home/caraslens.com/public_html/wp-includes/class-wp-hook.php(310): WCML_Multi_Currency_Prices->product_ in /home/caraslens.com/public_html/wp-content/plugins/woocommerce-multilingual/inc/currencies/class-wcml-custom-prices.php on line 84

2023-04-09T01:46:01+00:00 CRITICAL Uncaught Error: Call to a member function get_original_product_id() on null in /home/caraslens.com/public_html/wp-content/plugins/woocommerce-multilingual/inc/currencies/class-wcml-custom-prices.php:84
Stack trace:
#0 /home/caraslens.com/public_html/wp-content/plugins/woocommerce-multilingual/inc/currencies/class-wcml-multi-currency-prices.php(267): WCML_Custom_Prices->get_product_custom_prices()
#1 /home/caraslens.com/public_html/wp-content/plugins/sitepress-multilingual-cms/vendor/wpml/fp/core/Logic.php(121): WCML_Multi_Currency_Prices->{closure}()
#2 [internal function]: WPML\FP\Logic::WPML\FP\{closure}()
#3 /home/caraslens.com/public_html/wp-content/plugins/sitepress-multilingual-cms/vendor/wpml/fp/core/functions.php(152): call_user_func_array()
#4 /home/caraslens.com/public_html/wp-content/plugins/woocommerce-multilingual/inc/currencies/class-wcml-multi-currency-prices.php(287): WPML\FP\{closure}()
#5 /home/caraslens.com/public_html/wp-includes/class-wp-hook.php(310): WCML_Multi_Currency_Prices->product_ in /home/caraslens.com/public_html/wp-content/plugins/woocommerce-multilingual/inc/currencies/class-wcml-custom-prices.php on line 84

2023-04-09T01:52:44+00:00 CRITICAL Uncaught Error: Call to a member function get_original_product_id() on null in /home/caraslens.com/public_html/wp-content/plugins/woocommerce-multilingual/inc/currencies/class-wcml-custom-prices.php:84
Stack trace:
#0 /home/caraslens.com/public_html/wp-content/plugins/woocommerce-multilingual/inc/currencies/class-wcml-multi-currency-prices.php(267): WCML_Custom_Prices->get_product_custom_prices()
#1 /home/caraslens.com/public_html/wp-content/plugins/sitepress-multilingual-cms/vendor/wpml/fp/core/Logic.php(121): WCML_Multi_Currency_Prices->{closure}()
#2 [internal function]: WPML\FP\Logic::WPML\FP\{closure}()
#3 /home/caraslens.com/public_html/wp-content/plugins/sitepress-multilingual-cms/vendor/wpml/fp/core/functions.php(152): call_user_func_array()
#4 /home/caraslens.com/public_html/wp-content/plugins/woocommerce-multilingual/inc/currencies/class-wcml-multi-currency-prices.php(287): WPML\FP\{closure}()
#5 /home/caraslens.com/public_html/wp-includes/class-wp-hook.php(310): WCML_Multi_Currency_Prices->product_ in /home/caraslens.com/public_html/wp-content/plugins/woocommerce-multilingual/inc/currencies/class-wcml-custom-prices.php on line 84

2023-04-09T01:52:58+00:00 CRITICAL Uncaught Error: Call to a member function get_original_product_id() on null in /home/caraslens.com/public_html/wp-content/plugins/woocommerce-multilingual/inc/currencies/class-wcml-custom-prices.php:84
Stack trace:
#0 /home/caraslens.com/public_html/wp-content/plugins/woocommerce-multilingual/inc/currencies/class-wcml-multi-currency-prices.php(267): WCML_Custom_Prices->get_product_custom_prices()
#1 /home/caraslens.com/public_html/wp-content/plugins/sitepress-multilingual-cms/vendor/wpml/fp/core/Logic.php(121): WCML_Multi_Currency_Prices->{closure}()
#2 [internal function]: WPML\FP\Logic::WPML\FP\{closure}()
#3 /home/caraslens.com/public_html/wp-content/plugins/sitepress-multilingual-cms/vendor/wpml/fp/core/functions.php(152): call_user_func_array()
#4 /home/caraslens.com/public_html/wp-content/plugins/woocommerce-multilingual/inc/currencies/class-wcml-multi-currency-prices.php(287): WPML\FP\{closure}()
#5 /home/caraslens.com/public_html/wp-includes/class-wp-hook.php(310): WCML_Multi_Currency_Prices->product_ in /home/caraslens.com/public_html/wp-content/plugins/woocommerce-multilingual/inc/currencies/class-wcml-custom-prices.php on line 84

2023-04-09T01:55:09+00:00 CRITICAL Uncaught Error: Call to a member function get_original_product_id() on null in /home/caraslens.com/public_html/wp-content/plugins/woocommerce-multilingual/inc/currencies/class-wcml-custom-prices.php:84
Stack trace:
#0 /home/caraslens.com/public_html/wp-content/plugins/woocommerce-multilingual/inc/currencies/class-wcml-multi-currency-prices.php(267): WCML_Custom_Prices->get_product_custom_prices()
#1 /home/caraslens.com/public_html/wp-content/plugins/sitepress-multilingual-cms/vendor/wpml/fp/core/Logic.php(121): WCML_Multi_Currency_Prices->{closure}()
#2 [internal function]: WPML\FP\Logic::WPML\FP\{closure}()
#3 /home/caraslens.com/public_html/wp-content/plugins/sitepress-multilingual-cms/vendor/wpml/fp/core/functions.php(152): call_user_func_array()
#4 /home/caraslens.com/public_html/wp-content/plugins/woocommerce-multilingual/inc/currencies/class-wcml-multi-currency-prices.php(287): WPML\FP\{closure}()
#5 /home/caraslens.com/public_html/wp-includes/class-wp-hook.php(310): WCML_Multi_Currency_Prices->product_ in /home/caraslens.com/public_html/wp-content/plugins/woocommerce-multilingual/inc/currencies/class-wcml-custom-prices.php on line 84

2023-04-09T01:55:20+00:00 CRITICAL Uncaught Error: Call to a member function get_original_product_id() on null in /home/caraslens.com/public_html/wp-content/plugins/woocommerce-multilingual/inc/currencies/class-wcml-custom-prices.php:84
Stack trace:
#0 /home/caraslens.com/public_html/wp-content/plugins/woocommerce-multilingual/inc/currencies/class-wcml-multi-currency-prices.php(267): WCML_Custom_Prices->get_product_custom_prices()
#1 /home/caraslens.com/public_html/wp-content/plugins/sitepress-multilingual-cms/vendor/wpml/fp/core/Logic.php(121): WCML_Multi_Currency_Prices->{closure}()
#2 [internal function]: WPML\FP\Logic::WPML\FP\{closure}()
#3 /home/caraslens.com/public_html/wp-content/plugins/sitepress-multilingual-cms/vendor/wpml/fp/core/functions.php(152): call_user_func_array()
#4 /home/caraslens.com/public_html/wp-content/plugins/woocommerce-multilingual/inc/currencies/class-wcml-multi-currency-prices.php(287): WPML\FP\{closure}()
#5 /home/caraslens.com/public_html/wp-includes/class-wp-hook.php(310): WCML_Multi_Currency_Prices->product_ in /home/caraslens.com/public_html/wp-content/plugins/woocommerce-multilingual/inc/currencies/class-wcml-custom-prices.php on line 84

2023-04-09T01:55:27+00:00 CRITICAL Uncaught Error: Call to a member function get_original_product_id() on null in /home/caraslens.com/public_html/wp-content/plugins/woocommerce-multilingual/inc/currencies/class-wcml-custom-prices.php:84
Stack trace:
#0 /home/caraslens.com/public_html/wp-content/plugins/woocommerce-multilingual/inc/currencies/class-wcml-multi-currency-prices.php(267): WCML_Custom_Prices->get_product_custom_prices()
#1 /home/caraslens.com/public_html/wp-content/plugins/sitepress-multilingual-cms/vendor/wpml/fp/core/Logic.php(121): WCML_Multi_Currency_Prices->{closure}()
#2 [internal function]: WPML\FP\Logic::WPML\FP\{closure}()
#3 /home/caraslens.com/public_html/wp-content/plugins/sitepress-multilingual-cms/vendor/wpml/fp/core/functions.php(152): call_user_func_array()
#4 /home/caraslens.com/public_html/wp-content/plugins/woocommerce-multilingual/inc/currencies/class-wcml-multi-currency-prices.php(287): WPML\FP\{closure}()
#5 /home/caraslens.com/public_html/wp-includes/class-wp-hook.php(310): WCML_Multi_Currency_Prices->product_ in /home/caraslens.com/public_html/wp-content/plugins/woocommerce-multilingual/inc/currencies/class-wcml-custom-prices.php on line 84

2023-04-09T01:55:35+00:00 CRITICAL Uncaught Error: Call to a member function get_original_product_id() on null in /home/caraslens.com/public_html/wp-content/plugins/woocommerce-multilingual/inc/currencies/class-wcml-custom-prices.php:84
Stack trace:
#0 /home/caraslens.com/public_html/wp-content/plugins/woocommerce-multilingual/inc/currencies/class-wcml-multi-currency-prices.php(267): WCML_Custom_Prices->get_product_custom_prices()
#1 /home/caraslens.com/public_html/wp-content/plugins/sitepress-multilingual-cms/vendor/wpml/fp/core/Logic.php(121): WCML_Multi_Currency_Prices->{closure}()
#2 [internal function]: WPML\FP\Logic::WPML\FP\{closure}()
#3 /home/caraslens.com/public_html/wp-content/plugins/sitepress-multilingual-cms/vendor/wpml/fp/core/functions.php(152): call_user_func_array()
#4 /home/caraslens.com/public_html/wp-content/plugins/woocommerce-multilingual/inc/currencies/class-wcml-multi-currency-prices.php(287): WPML\FP\{closure}()
#5 /home/caraslens.com/public_html/wp-includes/class-wp-hook.php(310): WCML_Multi_Currency_Prices->product_ in /home/caraslens.com/public_html/wp-content/plugins/woocommerce-multilingual/inc/currencies/class-wcml-custom-prices.php on line 84

2023-04-09T01:55:44+00:00 CRITICAL Uncaught Error: Call to a member function get_original_product_id() on null in /home/caraslens.com/public_html/wp-content/plugins/woocommerce-multilingual/inc/currencies/class-wcml-custom-prices.php:84
Stack trace:
#0 /home/caraslens.com/public_html/wp-content/plugins/woocommerce-multilingual/inc/currencies/class-wcml-multi-currency-prices.php(267): WCML_Custom_Prices->get_product_custom_prices()
#1 /home/caraslens.com/public_html/wp-content/plugins/sitepress-multilingual-cms/vendor/wpml/fp/core/Logic.php(121): WCML_Multi_Currency_Prices->{closure}()
#2 [internal function]: WPML\FP\Logic::WPML\FP\{closure}()
#3 /home/caraslens.com/public_html/wp-content/plugins/sitepress-multilingual-cms/vendor/wpml/fp/core/functions.php(152): call_user_func_array()
#4 /home/caraslens.com/public_html/wp-content/plugins/woocommerce-multilingual/inc/currencies/class-wcml-multi-currency-prices.php(287): WPML\FP\{closure}()
#5 /home/caraslens.com/public_html/wp-includes/class-wp-hook.php(310): WCML_Multi_Currency_Prices->product_ in /home/caraslens.com/public_html/wp-content/plugins/woocommerce-multilingual/inc/currencies/class-wcml-custom-prices.php on line 84

2023-04-09T01:56:33+00:00 CRITICAL Uncaught Error: Call to a member function get_original_product_id() on null in /home/caraslens.com/public_html/wp-content/plugins/woocommerce-multilingual/inc/currencies/class-wcml-custom-prices.php:84
Stack trace:
#0 /home/caraslens.com/public_html/wp-content/plugins/woocommerce-multilingual/inc/currencies/class-wcml-multi-currency-prices.php(267): WCML_Custom_Prices->get_product_custom_prices()
#1 /home/caraslens.com/public_html/wp-content/plugins/sitepress-multilingual-cms/vendor/wpml/fp/core/Logic.php(121): WCML_Multi_Currency_Prices->{closure}()
#2 [internal function]: WPML\FP\Logic::WPML\FP\{closure}()
#3 /home/caraslens.com/public_html/wp-content/plugins/sitepress-multilingual-cms/vendor/wpml/fp/core/functions.php(152): call_user_func_array()
#4 /home/caraslens.com/public_html/wp-content/plugins/woocommerce-multilingual/inc/currencies/class-wcml-multi-currency-prices.php(287): WPML\FP\{closure}()
#5 /home/caraslens.com/public_html/wp-includes/class-wp-hook.php(310): WCML_Multi_Currency_Prices->product_ in /home/caraslens.com/public_html/wp-content/plugins/woocommerce-multilingual/inc/currencies/class-wcml-custom-prices.php on line 84

2023-04-09T01:56:58+00:00 CRITICAL Uncaught Error: Call to a member function get_original_product_id() on null in /home/caraslens.com/public_html/wp-content/plugins/woocommerce-multilingual/inc/currencies/class-wcml-custom-prices.php:84
Stack trace:
#0 /home/caraslens.com/public_html/wp-content/plugins/woocommerce-multilingual/inc/currencies/class-wcml-multi-currency-prices.php(267): WCML_Custom_Prices->get_product_custom_prices()
#1 /home/caraslens.com/public_html/wp-content/plugins/sitepress-multilingual-cms/vendor/wpml/fp/core/Logic.php(121): WCML_Multi_Currency_Prices->{closure}()
#2 [internal function]: WPML\FP\Logic::WPML\FP\{closure}()
#3 /home/caraslens.com/public_html/wp-content/plugins/sitepress-multilingual-cms/vendor/wpml/fp/core/functions.php(152): call_user_func_array()
#4 /home/caraslens.com/public_html/wp-content/plugins/woocommerce-multilingual/inc/currencies/class-wcml-multi-currency-prices.php(287): WPML\FP\{closure}()
#5 /home/caraslens.com/public_html/wp-includes/class-wp-hook.php(310): WCML_Multi_Currency_Prices->product_ in /home/caraslens.com/public_html/wp-content/plugins/woocommerce-multilingual/inc/currencies/class-wcml-custom-prices.php on line 84

2023-04-09T01:59:40+00:00 CRITICAL Uncaught Error: Call to a member function get_original_product_id() on null in /home/caraslens.com/public_html/wp-content/plugins/woocommerce-multilingual/inc/currencies/class-wcml-custom-prices.php:84
Stack trace:
#0 /home/caraslens.com/public_html/wp-content/plugins/woocommerce-multilingual/inc/currencies/class-wcml-multi-currency-prices.php(267): WCML_Custom_Prices->get_product_custom_prices()
#1 /home/caraslens.com/public_html/wp-content/plugins/sitepress-multilingual-cms/vendor/wpml/fp/core/Logic.php(121): WCML_Multi_Currency_Prices->{closure}()
#2 [internal function]: WPML\FP\Logic::WPML\FP\{closure}()
#3 /home/caraslens.com/public_html/wp-content/plugins/sitepress-multilingual-cms/vendor/wpml/fp/core/functions.php(152): call_user_func_array()
#4 /home/caraslens.com/public_html/wp-content/plugins/woocommerce-multilingual/inc/currencies/class-wcml-multi-currency-prices.php(287): WPML\FP\{closure}()
#5 /home/caraslens.com/public_html/wp-includes/class-wp-hook.php(310): WCML_Multi_Currency_Prices->product_ in /home/caraslens.com/public_html/wp-content/plugins/woocommerce-multilingual/inc/currencies/class-wcml-custom-prices.php on line 84

2023-04-09T02:00:11+00:00 CRITICAL Uncaught Error: Call to a member function get_original_product_id() on null in /home/caraslens.com/public_html/wp-content/plugins/woocommerce-multilingual/inc/currencies/class-wcml-custom-prices.php:84
Stack trace:
#0 /home/caraslens.com/public_html/wp-content/plugins/woocommerce-multilingual/inc/currencies/class-wcml-multi-currency-prices.php(267): WCML_Custom_Prices->get_product_custom_prices()
#1 /home/caraslens.com/public_html/wp-content/plugins/sitepress-multilingual-cms/vendor/wpml/fp/core/Logic.php(121): WCML_Multi_Currency_Prices->{closure}()
#2 [internal function]: WPML\FP\Logic::WPML\FP\{closure}()
#3 /home/caraslens.com/public_html/wp-content/plugins/sitepress-multilingual-cms/vendor/wpml/fp/core/functions.php(152): call_user_func_array()
#4 /home/caraslens.com/public_html/wp-content/plugins/woocommerce-multilingual/inc/currencies/class-wcml-multi-currency-prices.php(287): WPML\FP\{closure}()
#5 /home/caraslens.com/public_html/wp-includes/class-wp-hook.php(310): WCML_Multi_Currency_Prices->product_ in /home/caraslens.com/public_html/wp-content/plugins/woocommerce-multilingual/inc/currencies/class-wcml-custom-prices.php on line 84

2023-04-09T02:01:10+00:00 CRITICAL Uncaught Error: Call to a member function get_original_product_id() on null in /home/caraslens.com/public_html/wp-content/plugins/woocommerce-multilingual/inc/currencies/class-wcml-custom-prices.php:84
Stack trace:
#0 /home/caraslens.com/public_html/wp-content/plugins/woocommerce-multilingual/inc/currencies/class-wcml-multi-currency-prices.php(267): WCML_Custom_Prices->get_product_custom_prices()
#1 /home/caraslens.com/public_html/wp-content/plugins/sitepress-multilingual-cms/vendor/wpml/fp/core/Logic.php(121): WCML_Multi_Currency_Prices->{closure}()
#2 [internal function]: WPML\FP\Logic::WPML\FP\{closure}()
#3 /home/caraslens.com/public_html/wp-content/plugins/sitepress-multilingual-cms/vendor/wpml/fp/core/functions.php(152): call_user_func_array()
#4 /home/caraslens.com/public_html/wp-content/plugins/woocommerce-multilingual/inc/currencies/class-wcml-multi-currency-prices.php(287): WPML\FP\{closure}()
#5 /home/caraslens.com/public_html/wp-includes/class-wp-hook.php(310): WCML_Multi_Currency_Prices->product_ in /home/caraslens.com/public_html/wp-content/plugins/woocommerce-multilingual/inc/currencies/class-wcml-custom-prices.php on line 84

2023-04-09T02:48:36+00:00 CRITICAL Uncaught Error: Call to a member function get_original_product_id() on null in /home/caraslens.com/public_html/wp-content/plugins/woocommerce-multilingual/inc/currencies/class-wcml-custom-prices.php:84
Stack trace:
#0 /home/caraslens.com/public_html/wp-content/plugins/woocommerce-multilingual/inc/currencies/class-wcml-multi-currency-prices.php(267): WCML_Custom_Prices->get_product_custom_prices()
#1 /home/caraslens.com/public_html/wp-content/plugins/sitepress-multilingual-cms/vendor/wpml/fp/core/Logic.php(121): WCML_Multi_Currency_Prices->{closure}()
#2 [internal function]: WPML\FP\Logic::WPML\FP\{closure}()
#3 /home/caraslens.com/public_html/wp-content/plugins/sitepress-multilingual-cms/vendor/wpml/fp/core/functions.php(152): call_user_func_array()
#4 /home/caraslens.com/public_html/wp-content/plugins/woocommerce-multilingual/inc/currencies/class-wcml-multi-currency-prices.php(287): WPML\FP\{closure}()
#5 /home/caraslens.com/public_html/wp-includes/class-wp-hook.php(310): WCML_Multi_Currency_Prices->product_ in /home/caraslens.com/public_html/wp-content/plugins/woocommerce-multilingual/inc/currencies/class-wcml-custom-prices.php on line 84

2023-04-09T03:19:28+00:00 CRITICAL Uncaught Error: Call to a member function get_original_product_id() on null in /home/caraslens.com/public_html/wp-content/plugins/woocommerce-multilingual/inc/currencies/class-wcml-custom-prices.php:84
Stack trace:
#0 /home/caraslens.com/public_html/wp-content/plugins/woocommerce-multilingual/inc/currencies/class-wcml-multi-currency-prices.php(267): WCML_Custom_Prices->get_product_custom_prices()
#1 /home/caraslens.com/public_html/wp-content/plugins/sitepress-multilingual-cms/vendor/wpml/fp/core/Logic.php(121): WCML_Multi_Currency_Prices->{closure}()
#2 [internal function]: WPML\FP\Logic::WPML\FP\{closure}()
#3 /home/caraslens.com/public_html/wp-content/plugins/sitepress-multilingual-cms/vendor/wpml/fp/core/functions.php(152): call_user_func_array()
#4 /home/caraslens.com/public_html/wp-content/plugins/woocommerce-multilingual/inc/currencies/class-wcml-multi-currency-prices.php(287): WPML\FP\{closure}()
#5 /home/caraslens.com/public_html/wp-includes/class-wp-hook.php(310): WCML_Multi_Currency_Prices->product_ in /home/caraslens.com/public_html/wp-content/plugins/woocommerce-multilingual/inc/currencies/class-wcml-custom-prices.php on line 84

2023-04-09T03:25:32+00:00 CRITICAL Uncaught Error: Call to a member function get_original_product_id() on null in /home/caraslens.com/public_html/wp-content/plugins/woocommerce-multilingual/inc/currencies/class-wcml-custom-prices.php:84
Stack trace:
#0 /home/caraslens.com/public_html/wp-content/plugins/woocommerce-multilingual/inc/currencies/class-wcml-multi-currency-prices.php(267): WCML_Custom_Prices->get_product_custom_prices()
#1 /home/caraslens.com/public_html/wp-content/plugins/sitepress-multilingual-cms/vendor/wpml/fp/core/Logic.php(121): WCML_Multi_Currency_Prices->{closure}()
#2 [internal function]: WPML\FP\Logic::WPML\FP\{closure}()
#3 /home/caraslens.com/public_html/wp-content/plugins/sitepress-multilingual-cms/vendor/wpml/fp/core/functions.php(152): call_user_func_array()
#4 /home/caraslens.com/public_html/wp-content/plugins/woocommerce-multilingual/inc/currencies/class-wcml-multi-currency-prices.php(287): WPML\FP\{closure}()
#5 /home/caraslens.com/public_html/wp-includes/class-wp-hook.php(310): WCML_Multi_Currency_Prices->product_ in /home/caraslens.com/public_html/wp-content/plugins/woocommerce-multilingual/inc/currencies/class-wcml-custom-prices.php on line 84

2023-04-09T03:26:33+00:00 CRITICAL Uncaught Error: Call to a member function get_original_product_id() on null in /home/caraslens.com/public_html/wp-content/plugins/woocommerce-multilingual/inc/currencies/class-wcml-custom-prices.php:84
Stack trace:
#0 /home/caraslens.com/public_html/wp-content/plugins/woocommerce-multilingual/inc/currencies/class-wcml-multi-currency-prices.php(267): WCML_Custom_Prices->get_product_custom_prices()
#1 /home/caraslens.com/public_html/wp-content/plugins/sitepress-multilingual-cms/vendor/wpml/fp/core/Logic.php(121): WCML_Multi_Currency_Prices->{closure}()
#2 [internal function]: WPML\FP\Logic::WPML\FP\{closure}()
#3 /home/caraslens.com/public_html/wp-content/plugins/sitepress-multilingual-cms/vendor/wpml/fp/core/functions.php(152): call_user_func_array()
#4 /home/caraslens.com/public_html/wp-content/plugins/woocommerce-multilingual/inc/currencies/class-wcml-multi-currency-prices.php(287): WPML\FP\{closure}()
#5 /home/caraslens.com/public_html/wp-includes/class-wp-hook.php(310): WCML_Multi_Currency_Prices->product_ in /home/caraslens.com/public_html/wp-content/plugins/woocommerce-multilingual/inc/currencies/class-wcml-custom-prices.php on line 84

2023-04-09T03:27:37+00:00 CRITICAL Uncaught Error: Call to a member function get_original_product_id() on null in /home/caraslens.com/public_html/wp-content/plugins/woocommerce-multilingual/inc/currencies/class-wcml-custom-prices.php:84
Stack trace:
#0 /home/caraslens.com/public_html/wp-content/plugins/woocommerce-multilingual/inc/currencies/class-wcml-multi-currency-prices.php(267): WCML_Custom_Prices->get_product_custom_prices()
#1 /home/caraslens.com/public_html/wp-content/plugins/sitepress-multilingual-cms/vendor/wpml/fp/core/Logic.php(121): WCML_Multi_Currency_Prices->{closure}()
#2 [internal function]: WPML\FP\Logic::WPML\FP\{closure}()
#3 /home/caraslens.com/public_html/wp-content/plugins/sitepress-multilingual-cms/vendor/wpml/fp/core/functions.php(152): call_user_func_array()
#4 /home/caraslens.com/public_html/wp-content/plugins/woocommerce-multilingual/inc/currencies/class-wcml-multi-currency-prices.php(287): WPML\FP\{closure}()
#5 /home/caraslens.com/public_html/wp-includes/class-wp-hook.php(310): WCML_Multi_Currency_Prices->product_ in /home/caraslens.com/public_html/wp-content/plugins/woocommerce-multilingual/inc/currencies/class-wcml-custom-prices.php on line 84

2023-04-09T03:27:40+00:00 CRITICAL Uncaught Error: Call to a member function get_original_product_id() on null in /home/caraslens.com/public_html/wp-content/plugins/woocommerce-multilingual/inc/currencies/class-wcml-custom-prices.php:84
Stack trace:
#0 /home/caraslens.com/public_html/wp-content/plugins/woocommerce-multilingual/inc/currencies/class-wcml-multi-currency-prices.php(267): WCML_Custom_Prices->get_product_custom_prices()
#1 /home/caraslens.com/public_html/wp-content/plugins/sitepress-multilingual-cms/vendor/wpml/fp/core/Logic.php(121): WCML_Multi_Currency_Prices->{closure}()
#2 [internal function]: WPML\FP\Logic::WPML\FP\{closure}()
#3 /home/caraslens.com/public_html/wp-content/plugins/sitepress-multilingual-cms/vendor/wpml/fp/core/functions.php(152): call_user_func_array()
#4 /home/caraslens.com/public_html/wp-content/plugins/woocommerce-multilingual/inc/currencies/class-wcml-multi-currency-prices.php(287): WPML\FP\{closure}()
#5 /home/caraslens.com/public_html/wp-includes/class-wp-hook.php(310): WCML_Multi_Currency_Prices->product_ in /home/caraslens.com/public_html/wp-content/plugins/woocommerce-multilingual/inc/currencies/class-wcml-custom-prices.php on line 84

2023-04-09T03:28:24+00:00 CRITICAL Uncaught Error: Call to a member function get_original_product_id() on null in /home/caraslens.com/public_html/wp-content/plugins/woocommerce-multilingual/inc/currencies/class-wcml-custom-prices.php:84
Stack trace:
#0 /home/caraslens.com/public_html/wp-content/plugins/woocommerce-multilingual/inc/currencies/class-wcml-multi-currency-prices.php(267): WCML_Custom_Prices->get_product_custom_prices()
#1 /home/caraslens.com/public_html/wp-content/plugins/sitepress-multilingual-cms/vendor/wpml/fp/core/Logic.php(121): WCML_Multi_Currency_Prices->{closure}()
#2 [internal function]: WPML\FP\Logic::WPML\FP\{closure}()
#3 /home/caraslens.com/public_html/wp-content/plugins/sitepress-multilingual-cms/vendor/wpml/fp/core/functions.php(152): call_user_func_array()
#4 /home/caraslens.com/public_html/wp-content/plugins/woocommerce-multilingual/inc/currencies/class-wcml-multi-currency-prices.php(287): WPML\FP\{closure}()
#5 /home/caraslens.com/public_html/wp-includes/class-wp-hook.php(310): WCML_Multi_Currency_Prices->product_ in /home/caraslens.com/public_html/wp-content/plugins/woocommerce-multilingual/inc/currencies/class-wcml-custom-prices.php on line 84

2023-04-09T03:29:03+00:00 CRITICAL Uncaught Error: Call to a member function get_original_product_id() on null in /home/caraslens.com/public_html/wp-content/plugins/woocommerce-multilingual/inc/currencies/class-wcml-custom-prices.php:84
Stack trace:
#0 /home/caraslens.com/public_html/wp-content/plugins/woocommerce-multilingual/inc/currencies/class-wcml-multi-currency-prices.php(267): WCML_Custom_Prices->get_product_custom_prices()
#1 /home/caraslens.com/public_html/wp-content/plugins/sitepress-multilingual-cms/vendor/wpml/fp/core/Logic.php(121): WCML_Multi_Currency_Prices->{closure}()
#2 [internal function]: WPML\FP\Logic::WPML\FP\{closure}()
#3 /home/caraslens.com/public_html/wp-content/plugins/sitepress-multilingual-cms/vendor/wpml/fp/core/functions.php(152): call_user_func_array()
#4 /home/caraslens.com/public_html/wp-content/plugins/woocommerce-multilingual/inc/currencies/class-wcml-multi-currency-prices.php(287): WPML\FP\{closure}()
#5 /home/caraslens.com/public_html/wp-includes/class-wp-hook.php(310): WCML_Multi_Currency_Prices->product_ in /home/caraslens.com/public_html/wp-content/plugins/woocommerce-multilingual/inc/currencies/class-wcml-custom-prices.php on line 84

2023-04-09T03:29:18+00:00 CRITICAL Uncaught Error: Call to a member function get_original_product_id() on null in /home/caraslens.com/public_html/wp-content/plugins/woocommerce-multilingual/inc/currencies/class-wcml-custom-prices.php:84
Stack trace:
#0 /home/caraslens.com/public_html/wp-content/plugins/woocommerce-multilingual/inc/currencies/class-wcml-multi-currency-prices.php(267): WCML_Custom_Prices->get_product_custom_prices()
#1 /home/caraslens.com/public_html/wp-content/plugins/sitepress-multilingual-cms/vendor/wpml/fp/core/Logic.php(121): WCML_Multi_Currency_Prices->{closure}()
#2 [internal function]: WPML\FP\Logic::WPML\FP\{closure}()
#3 /home/caraslens.com/public_html/wp-content/plugins/sitepress-multilingual-cms/vendor/wpml/fp/core/functions.php(152): call_user_func_array()
#4 /home/caraslens.com/public_html/wp-content/plugins/woocommerce-multilingual/inc/currencies/class-wcml-multi-currency-prices.php(287): WPML\FP\{closure}()
#5 /home/caraslens.com/public_html/wp-includes/class-wp-hook.php(310): WCML_Multi_Currency_Prices->product_ in /home/caraslens.com/public_html/wp-content/plugins/woocommerce-multilingual/inc/currencies/class-wcml-custom-prices.php on line 84

2023-04-09T03:47:18+00:00 CRITICAL Uncaught Error: Call to a member function get_original_product_id() on null in /home/caraslens.com/public_html/wp-content/plugins/woocommerce-multilingual/inc/currencies/class-wcml-custom-prices.php:84
Stack trace:
#0 /home/caraslens.com/public_html/wp-content/plugins/woocommerce-multilingual/inc/currencies/class-wcml-multi-currency-prices.php(267): WCML_Custom_Prices->get_product_custom_prices()
#1 /home/caraslens.com/public_html/wp-content/plugins/sitepress-multilingual-cms/vendor/wpml/fp/core/Logic.php(121): WCML_Multi_Currency_Prices->{closure}()
#2 [internal function]: WPML\FP\Logic::WPML\FP\{closure}()
#3 /home/caraslens.com/public_html/wp-content/plugins/sitepress-multilingual-cms/vendor/wpml/fp/core/functions.php(152): call_user_func_array()
#4 /home/caraslens.com/public_html/wp-content/plugins/woocommerce-multilingual/inc/currencies/class-wcml-multi-currency-prices.php(287): WPML\FP\{closure}()
#5 /home/caraslens.com/public_html/wp-includes/class-wp-hook.php(310): WCML_Multi_Currency_Prices->product_ in /home/caraslens.com/public_html/wp-content/plugins/woocommerce-multilingual/inc/currencies/class-wcml-custom-prices.php on line 84

2023-04-09T04:11:29+00:00 CRITICAL Uncaught Error: Call to a member function get_original_product_id() on null in /home/caraslens.com/public_html/wp-content/plugins/woocommerce-multilingual/inc/currencies/class-wcml-custom-prices.php:84
Stack trace:
#0 /home/caraslens.com/public_html/wp-content/plugins/woocommerce-multilingual/inc/currencies/class-wcml-multi-currency-prices.php(267): WCML_Custom_Prices->get_product_custom_prices()
#1 /home/caraslens.com/public_html/wp-content/plugins/sitepress-multilingual-cms/vendor/wpml/fp/core/Logic.php(121): WCML_Multi_Currency_Prices->{closure}()
#2 [internal function]: WPML\FP\Logic::WPML\FP\{closure}()
#3 /home/caraslens.com/public_html/wp-content/plugins/sitepress-multilingual-cms/vendor/wpml/fp/core/functions.php(152): call_user_func_array()
#4 /home/caraslens.com/public_html/wp-content/plugins/woocommerce-multilingual/inc/currencies/class-wcml-multi-currency-prices.php(287): WPML\FP\{closure}()
#5 /home/caraslens.com/public_html/wp-includes/class-wp-hook.php(310): WCML_Multi_Currency_Prices->product_ in /home/caraslens.com/public_html/wp-content/plugins/woocommerce-multilingual/inc/currencies/class-wcml-custom-prices.php on line 84

2023-04-09T04:40:35+00:00 CRITICAL Uncaught Error: Call to a member function get_original_product_id() on null in /home/caraslens.com/public_html/wp-content/plugins/woocommerce-multilingual/inc/currencies/class-wcml-custom-prices.php:84
Stack trace:
#0 /home/caraslens.com/public_html/wp-content/plugins/woocommerce-multilingual/inc/currencies/class-wcml-multi-currency-prices.php(267): WCML_Custom_Prices->get_product_custom_prices()
#1 /home/caraslens.com/public_html/wp-content/plugins/sitepress-multilingual-cms/vendor/wpml/fp/core/Logic.php(121): WCML_Multi_Currency_Prices->{closure}()
#2 [internal function]: WPML\FP\Logic::WPML\FP\{closure}()
#3 /home/caraslens.com/public_html/wp-content/plugins/sitepress-multilingual-cms/vendor/wpml/fp/core/functions.php(152): call_user_func_array()
#4 /home/caraslens.com/public_html/wp-content/plugins/woocommerce-multilingual/inc/currencies/class-wcml-multi-currency-prices.php(287): WPML\FP\{closure}()
#5 /home/caraslens.com/public_html/wp-includes/class-wp-hook.php(310): WCML_Multi_Currency_Prices->product_ in /home/caraslens.com/public_html/wp-content/plugins/woocommerce-multilingual/inc/currencies/class-wcml-custom-prices.php on line 84

2023-04-09T05:02:18+00:00 CRITICAL Uncaught Error: Call to a member function get_original_product_id() on null in /home/caraslens.com/public_html/wp-content/plugins/woocommerce-multilingual/inc/currencies/class-wcml-custom-prices.php:84
Stack trace:
#0 /home/caraslens.com/public_html/wp-content/plugins/woocommerce-multilingual/inc/currencies/class-wcml-multi-currency-prices.php(267): WCML_Custom_Prices->get_product_custom_prices()
#1 /home/caraslens.com/public_html/wp-content/plugins/sitepress-multilingual-cms/vendor/wpml/fp/core/Logic.php(121): WCML_Multi_Currency_Prices->{closure}()
#2 [internal function]: WPML\FP\Logic::WPML\FP\{closure}()
#3 /home/caraslens.com/public_html/wp-content/plugins/sitepress-multilingual-cms/vendor/wpml/fp/core/functions.php(152): call_user_func_array()
#4 /home/caraslens.com/public_html/wp-content/plugins/woocommerce-multilingual/inc/currencies/class-wcml-multi-currency-prices.php(287): WPML\FP\{closure}()
#5 /home/caraslens.com/public_html/wp-includes/class-wp-hook.php(310): WCML_Multi_Currency_Prices->product_ in /home/caraslens.com/public_html/wp-content/plugins/woocommerce-multilingual/inc/currencies/class-wcml-custom-prices.php on line 84

2023-04-09T07:12:16+00:00 CRITICAL Uncaught Error: Call to a member function get_original_product_id() on null in /home/caraslens.com/public_html/wp-content/plugins/woocommerce-multilingual/inc/currencies/class-wcml-custom-prices.php:84
Stack trace:
#0 /home/caraslens.com/public_html/wp-content/plugins/woocommerce-multilingual/inc/currencies/class-wcml-multi-currency-prices.php(267): WCML_Custom_Prices->get_product_custom_prices()
#1 /home/caraslens.com/public_html/wp-content/plugins/sitepress-multilingual-cms/vendor/wpml/fp/core/Logic.php(121): WCML_Multi_Currency_Prices->{closure}()
#2 [internal function]: WPML\FP\Logic::WPML\FP\{closure}()
#3 /home/caraslens.com/public_html/wp-content/plugins/sitepress-multilingual-cms/vendor/wpml/fp/core/functions.php(152): call_user_func_array()
#4 /home/caraslens.com/public_html/wp-content/plugins/woocommerce-multilingual/inc/currencies/class-wcml-multi-currency-prices.php(287): WPML\FP\{closure}()
#5 /home/caraslens.com/public_html/wp-includes/class-wp-hook.php(310): WCML_Multi_Currency_Prices->product_ in /home/caraslens.com/public_html/wp-content/plugins/woocommerce-multilingual/inc/currencies/class-wcml-custom-prices.php on line 84

2023-04-09T07:17:49+00:00 CRITICAL Uncaught Error: Call to a member function get_original_product_id() on null in /home/caraslens.com/public_html/wp-content/plugins/woocommerce-multilingual/inc/currencies/class-wcml-custom-prices.php:84
Stack trace:
#0 /home/caraslens.com/public_html/wp-content/plugins/woocommerce-multilingual/inc/currencies/class-wcml-multi-currency-prices.php(267): WCML_Custom_Prices->get_product_custom_prices()
#1 /home/caraslens.com/public_html/wp-content/plugins/sitepress-multilingual-cms/vendor/wpml/fp/core/Logic.php(121): WCML_Multi_Currency_Prices->{closure}()
#2 [internal function]: WPML\FP\Logic::WPML\FP\{closure}()
#3 /home/caraslens.com/public_html/wp-content/plugins/sitepress-multilingual-cms/vendor/wpml/fp/core/functions.php(152): call_user_func_array()
#4 /home/caraslens.com/public_html/wp-content/plugins/woocommerce-multilingual/inc/currencies/class-wcml-multi-currency-prices.php(287): WPML\FP\{closure}()
#5 /home/caraslens.com/public_html/wp-includes/class-wp-hook.php(310): WCML_Multi_Currency_Prices->product_ in /home/caraslens.com/public_html/wp-content/plugins/woocommerce-multilingual/inc/currencies/class-wcml-custom-prices.php on line 84

2023-04-09T07:42:41+00:00 CRITICAL Uncaught Error: Call to a member function get_original_product_id() on null in /home/caraslens.com/public_html/wp-content/plugins/woocommerce-multilingual/inc/currencies/class-wcml-custom-prices.php:84
Stack trace:
#0 /home/caraslens.com/public_html/wp-content/plugins/woocommerce-multilingual/inc/currencies/class-wcml-multi-currency-prices.php(267): WCML_Custom_Prices->get_product_custom_prices()
#1 /home/caraslens.com/public_html/wp-content/plugins/sitepress-multilingual-cms/vendor/wpml/fp/core/Logic.php(121): WCML_Multi_Currency_Prices->{closure}()
#2 [internal function]: WPML\FP\Logic::WPML\FP\{closure}()
#3 /home/caraslens.com/public_html/wp-content/plugins/sitepress-multilingual-cms/vendor/wpml/fp/core/functions.php(152): call_user_func_array()
#4 /home/caraslens.com/public_html/wp-content/plugins/woocommerce-multilingual/inc/currencies/class-wcml-multi-currency-prices.php(287): WPML\FP\{closure}()
#5 /home/caraslens.com/public_html/wp-includes/class-wp-hook.php(310): WCML_Multi_Currency_Prices->product_ in /home/caraslens.com/public_html/wp-content/plugins/woocommerce-multilingual/inc/currencies/class-wcml-custom-prices.php on line 84

2023-04-09T08:05:47+00:00 CRITICAL Uncaught Error: Call to a member function get_original_product_id() on null in /home/caraslens.com/public_html/wp-content/plugins/woocommerce-multilingual/inc/currencies/class-wcml-custom-prices.php:84
Stack trace:
#0 /home/caraslens.com/public_html/wp-content/plugins/woocommerce-multilingual/inc/currencies/class-wcml-multi-currency-prices.php(267): WCML_Custom_Prices->get_product_custom_prices()
#1 /home/caraslens.com/public_html/wp-content/plugins/sitepress-multilingual-cms/vendor/wpml/fp/core/Logic.php(121): WCML_Multi_Currency_Prices->{closure}()
#2 [internal function]: WPML\FP\Logic::WPML\FP\{closure}()
#3 /home/caraslens.com/public_html/wp-content/plugins/sitepress-multilingual-cms/vendor/wpml/fp/core/functions.php(152): call_user_func_array()
#4 /home/caraslens.com/public_html/wp-content/plugins/woocommerce-multilingual/inc/currencies/class-wcml-multi-currency-prices.php(287): WPML\FP\{closure}()
#5 /home/caraslens.com/public_html/wp-includes/class-wp-hook.php(310): WCML_Multi_Currency_Prices->product_ in /home/caraslens.com/public_html/wp-content/plugins/woocommerce-multilingual/inc/currencies/class-wcml-custom-prices.php on line 84

2023-04-09T08:11:31+00:00 CRITICAL Uncaught Error: Call to a member function get_original_product_id() on null in /home/caraslens.com/public_html/wp-content/plugins/woocommerce-multilingual/inc/currencies/class-wcml-custom-prices.php:84
Stack trace:
#0 /home/caraslens.com/public_html/wp-content/plugins/woocommerce-multilingual/inc/currencies/class-wcml-multi-currency-prices.php(267): WCML_Custom_Prices->get_product_custom_prices()
#1 /home/caraslens.com/public_html/wp-content/plugins/sitepress-multilingual-cms/vendor/wpml/fp/core/Logic.php(121): WCML_Multi_Currency_Prices->{closure}()
#2 [internal function]: WPML\FP\Logic::WPML\FP\{closure}()
#3 /home/caraslens.com/public_html/wp-content/plugins/sitepress-multilingual-cms/vendor/wpml/fp/core/functions.php(152): call_user_func_array()
#4 /home/caraslens.com/public_html/wp-content/plugins/woocommerce-multilingual/inc/currencies/class-wcml-multi-currency-prices.php(287): WPML\FP\{closure}()
#5 /home/caraslens.com/public_html/wp-includes/class-wp-hook.php(310): WCML_Multi_Currency_Prices->product_ in /home/caraslens.com/public_html/wp-content/plugins/woocommerce-multilingual/inc/currencies/class-wcml-custom-prices.php on line 84

2023-04-09T08:30:56+00:00 CRITICAL Uncaught Error: Call to a member function get_original_product_id() on null in /home/caraslens.com/public_html/wp-content/plugins/woocommerce-multilingual/inc/currencies/class-wcml-custom-prices.php:84
Stack trace:
#0 /home/caraslens.com/public_html/wp-content/plugins/woocommerce-multilingual/inc/currencies/class-wcml-multi-currency-prices.php(267): WCML_Custom_Prices->get_product_custom_prices()
#1 /home/caraslens.com/public_html/wp-content/plugins/sitepress-multilingual-cms/vendor/wpml/fp/core/Logic.php(121): WCML_Multi_Currency_Prices->{closure}()
#2 [internal function]: WPML\FP\Logic::WPML\FP\{closure}()
#3 /home/caraslens.com/public_html/wp-content/plugins/sitepress-multilingual-cms/vendor/wpml/fp/core/functions.php(152): call_user_func_array()
#4 /home/caraslens.com/public_html/wp-content/plugins/woocommerce-multilingual/inc/currencies/class-wcml-multi-currency-prices.php(287): WPML\FP\{closure}()
#5 /home/caraslens.com/public_html/wp-includes/class-wp-hook.php(310): WCML_Multi_Currency_Prices->product_ in /home/caraslens.com/public_html/wp-content/plugins/woocommerce-multilingual/inc/currencies/class-wcml-custom-prices.php on line 84

2023-04-09T08:30:59+00:00 CRITICAL Uncaught Error: Call to a member function get_original_product_id() on null in /home/caraslens.com/public_html/wp-content/plugins/woocommerce-multilingual/inc/currencies/class-wcml-custom-prices.php:84
Stack trace:
#0 /home/caraslens.com/public_html/wp-content/plugins/woocommerce-multilingual/inc/currencies/class-wcml-multi-currency-prices.php(267): WCML_Custom_Prices->get_product_custom_prices()
#1 /home/caraslens.com/public_html/wp-content/plugins/sitepress-multilingual-cms/vendor/wpml/fp/core/Logic.php(121): WCML_Multi_Currency_Prices->{closure}()
#2 [internal function]: WPML\FP\Logic::WPML\FP\{closure}()
#3 /home/caraslens.com/public_html/wp-content/plugins/sitepress-multilingual-cms/vendor/wpml/fp/core/functions.php(152): call_user_func_array()
#4 /home/caraslens.com/public_html/wp-content/plugins/woocommerce-multilingual/inc/currencies/class-wcml-multi-currency-prices.php(287): WPML\FP\{closure}()
#5 /home/caraslens.com/public_html/wp-includes/class-wp-hook.php(310): WCML_Multi_Currency_Prices->product_ in /home/caraslens.com/public_html/wp-content/plugins/woocommerce-multilingual/inc/currencies/class-wcml-custom-prices.php on line 84

2023-04-09T08:31:03+00:00 CRITICAL Uncaught Error: Call to a member function get_original_product_id() on null in /home/caraslens.com/public_html/wp-content/plugins/woocommerce-multilingual/inc/currencies/class-wcml-custom-prices.php:84
Stack trace:
#0 /home/caraslens.com/public_html/wp-content/plugins/woocommerce-multilingual/inc/currencies/class-wcml-multi-currency-prices.php(267): WCML_Custom_Prices->get_product_custom_prices()
#1 /home/caraslens.com/public_html/wp-content/plugins/sitepress-multilingual-cms/vendor/wpml/fp/core/Logic.php(121): WCML_Multi_Currency_Prices->{closure}()
#2 [internal function]: WPML\FP\Logic::WPML\FP\{closure}()
#3 /home/caraslens.com/public_html/wp-content/plugins/sitepress-multilingual-cms/vendor/wpml/fp/core/functions.php(152): call_user_func_array()
#4 /home/caraslens.com/public_html/wp-content/plugins/woocommerce-multilingual/inc/currencies/class-wcml-multi-currency-prices.php(287): WPML\FP\{closure}()
#5 /home/caraslens.com/public_html/wp-includes/class-wp-hook.php(310): WCML_Multi_Currency_Prices->product_ in /home/caraslens.com/public_html/wp-content/plugins/woocommerce-multilingual/inc/currencies/class-wcml-custom-prices.php on line 84

2023-04-09T08:38:44+00:00 CRITICAL Uncaught Error: Call to a member function get_original_product_id() on null in /home/caraslens.com/public_html/wp-content/plugins/woocommerce-multilingual/inc/currencies/class-wcml-custom-prices.php:84
Stack trace:
#0 /home/caraslens.com/public_html/wp-content/plugins/woocommerce-multilingual/inc/currencies/class-wcml-multi-currency-prices.php(267): WCML_Custom_Prices->get_product_custom_prices()
#1 /home/caraslens.com/public_html/wp-content/plugins/sitepress-multilingual-cms/vendor/wpml/fp/core/Logic.php(121): WCML_Multi_Currency_Prices->{closure}()
#2 [internal function]: WPML\FP\Logic::WPML\FP\{closure}()
#3 /home/caraslens.com/public_html/wp-content/plugins/sitepress-multilingual-cms/vendor/wpml/fp/core/functions.php(152): call_user_func_array()
#4 /home/caraslens.com/public_html/wp-content/plugins/woocommerce-multilingual/inc/currencies/class-wcml-multi-currency-prices.php(287): WPML\FP\{closure}()
#5 /home/caraslens.com/public_html/wp-includes/class-wp-hook.php(310): WCML_Multi_Currency_Prices->product_ in /home/caraslens.com/public_html/wp-content/plugins/woocommerce-multilingual/inc/currencies/class-wcml-custom-prices.php on line 84

2023-04-09T08:45:31+00:00 CRITICAL Uncaught Error: Call to a member function get_original_product_id() on null in /home/caraslens.com/public_html/wp-content/plugins/woocommerce-multilingual/inc/currencies/class-wcml-custom-prices.php:84
Stack trace:
#0 /home/caraslens.com/public_html/wp-content/plugins/woocommerce-multilingual/inc/currencies/class-wcml-multi-currency-prices.php(267): WCML_Custom_Prices->get_product_custom_prices()
#1 /home/caraslens.com/public_html/wp-content/plugins/sitepress-multilingual-cms/vendor/wpml/fp/core/Logic.php(121): WCML_Multi_Currency_Prices->{closure}()
#2 [internal function]: WPML\FP\Logic::WPML\FP\{closure}()
#3 /home/caraslens.com/public_html/wp-content/plugins/sitepress-multilingual-cms/vendor/wpml/fp/core/functions.php(152): call_user_func_array()
#4 /home/caraslens.com/public_html/wp-content/plugins/woocommerce-multilingual/inc/currencies/class-wcml-multi-currency-prices.php(287): WPML\FP\{closure}()
#5 /home/caraslens.com/public_html/wp-includes/class-wp-hook.php(310): WCML_Multi_Currency_Prices->product_ in /home/caraslens.com/public_html/wp-content/plugins/woocommerce-multilingual/inc/currencies/class-wcml-custom-prices.php on line 84

2023-04-09T08:46:37+00:00 CRITICAL Uncaught Error: Call to a member function get_original_product_id() on null in /home/caraslens.com/public_html/wp-content/plugins/woocommerce-multilingual/inc/currencies/class-wcml-custom-prices.php:84
Stack trace:
#0 /home/caraslens.com/public_html/wp-content/plugins/woocommerce-multilingual/inc/currencies/class-wcml-multi-currency-prices.php(267): WCML_Custom_Prices->get_product_custom_prices()
#1 /home/caraslens.com/public_html/wp-content/plugins/sitepress-multilingual-cms/vendor/wpml/fp/core/Logic.php(121): WCML_Multi_Currency_Prices->{closure}()
#2 [internal function]: WPML\FP\Logic::WPML\FP\{closure}()
#3 /home/caraslens.com/public_html/wp-content/plugins/sitepress-multilingual-cms/vendor/wpml/fp/core/functions.php(152): call_user_func_array()
#4 /home/caraslens.com/public_html/wp-content/plugins/woocommerce-multilingual/inc/currencies/class-wcml-multi-currency-prices.php(287): WPML\FP\{closure}()
#5 /home/caraslens.com/public_html/wp-includes/class-wp-hook.php(310): WCML_Multi_Currency_Prices->product_ in /home/caraslens.com/public_html/wp-content/plugins/woocommerce-multilingual/inc/currencies/class-wcml-custom-prices.php on line 84

2023-04-09T08:47:01+00:00 CRITICAL Uncaught Error: Call to a member function get_original_product_id() on null in /home/caraslens.com/public_html/wp-content/plugins/woocommerce-multilingual/inc/currencies/class-wcml-custom-prices.php:84
Stack trace:
#0 /home/caraslens.com/public_html/wp-content/plugins/woocommerce-multilingual/inc/currencies/class-wcml-multi-currency-prices.php(267): WCML_Custom_Prices->get_product_custom_prices()
#1 /home/caraslens.com/public_html/wp-content/plugins/sitepress-multilingual-cms/vendor/wpml/fp/core/Logic.php(121): WCML_Multi_Currency_Prices->{closure}()
#2 [internal function]: WPML\FP\Logic::WPML\FP\{closure}()
#3 /home/caraslens.com/public_html/wp-content/plugins/sitepress-multilingual-cms/vendor/wpml/fp/core/functions.php(152): call_user_func_array()
#4 /home/caraslens.com/public_html/wp-content/plugins/woocommerce-multilingual/inc/currencies/class-wcml-multi-currency-prices.php(287): WPML\FP\{closure}()
#5 /home/caraslens.com/public_html/wp-includes/class-wp-hook.php(310): WCML_Multi_Currency_Prices->product_ in /home/caraslens.com/public_html/wp-content/plugins/woocommerce-multilingual/inc/currencies/class-wcml-custom-prices.php on line 84

2023-04-09T09:11:58+00:00 CRITICAL Uncaught Error: Call to a member function get_original_product_id() on null in /home/caraslens.com/public_html/wp-content/plugins/woocommerce-multilingual/inc/currencies/class-wcml-custom-prices.php:84
Stack trace:
#0 /home/caraslens.com/public_html/wp-content/plugins/woocommerce-multilingual/inc/currencies/class-wcml-multi-currency-prices.php(267): WCML_Custom_Prices->get_product_custom_prices()
#1 /home/caraslens.com/public_html/wp-content/plugins/sitepress-multilingual-cms/vendor/wpml/fp/core/Logic.php(121): WCML_Multi_Currency_Prices->{closure}()
#2 [internal function]: WPML\FP\Logic::WPML\FP\{closure}()
#3 /home/caraslens.com/public_html/wp-content/plugins/sitepress-multilingual-cms/vendor/wpml/fp/core/functions.php(152): call_user_func_array()
#4 /home/caraslens.com/public_html/wp-content/plugins/woocommerce-multilingual/inc/currencies/class-wcml-multi-currency-prices.php(287): WPML\FP\{closure}()
#5 /home/caraslens.com/public_html/wp-includes/class-wp-hook.php(310): WCML_Multi_Currency_Prices->product_ in /home/caraslens.com/public_html/wp-content/plugins/woocommerce-multilingual/inc/currencies/class-wcml-custom-prices.php on line 84

2023-04-09T09:24:31+00:00 CRITICAL Uncaught Error: Call to a member function get_original_product_id() on null in /home/caraslens.com/public_html/wp-content/plugins/woocommerce-multilingual/inc/currencies/class-wcml-custom-prices.php:84
Stack trace:
#0 /home/caraslens.com/public_html/wp-content/plugins/woocommerce-multilingual/inc/currencies/class-wcml-multi-currency-prices.php(267): WCML_Custom_Prices->get_product_custom_prices()
#1 /home/caraslens.com/public_html/wp-content/plugins/sitepress-multilingual-cms/vendor/wpml/fp/core/Logic.php(121): WCML_Multi_Currency_Prices->{closure}()
#2 [internal function]: WPML\FP\Logic::WPML\FP\{closure}()
#3 /home/caraslens.com/public_html/wp-content/plugins/sitepress-multilingual-cms/vendor/wpml/fp/core/functions.php(152): call_user_func_array()
#4 /home/caraslens.com/public_html/wp-content/plugins/woocommerce-multilingual/inc/currencies/class-wcml-multi-currency-prices.php(287): WPML\FP\{closure}()
#5 /home/caraslens.com/public_html/wp-includes/class-wp-hook.php(310): WCML_Multi_Currency_Prices->product_ in /home/caraslens.com/public_html/wp-content/plugins/woocommerce-multilingual/inc/currencies/class-wcml-custom-prices.php on line 84

2023-04-09T09:24:48+00:00 CRITICAL Uncaught Error: Call to a member function get_original_product_id() on null in /home/caraslens.com/public_html/wp-content/plugins/woocommerce-multilingual/inc/currencies/class-wcml-custom-prices.php:84
Stack trace:
#0 /home/caraslens.com/public_html/wp-content/plugins/woocommerce-multilingual/inc/currencies/class-wcml-multi-currency-prices.php(267): WCML_Custom_Prices->get_product_custom_prices()
#1 /home/caraslens.com/public_html/wp-content/plugins/sitepress-multilingual-cms/vendor/wpml/fp/core/Logic.php(121): WCML_Multi_Currency_Prices->{closure}()
#2 [internal function]: WPML\FP\Logic::WPML\FP\{closure}()
#3 /home/caraslens.com/public_html/wp-content/plugins/sitepress-multilingual-cms/vendor/wpml/fp/core/functions.php(152): call_user_func_array()
#4 /home/caraslens.com/public_html/wp-content/plugins/woocommerce-multilingual/inc/currencies/class-wcml-multi-currency-prices.php(287): WPML\FP\{closure}()
#5 /home/caraslens.com/public_html/wp-includes/class-wp-hook.php(310): WCML_Multi_Currency_Prices->product_ in /home/caraslens.com/public_html/wp-content/plugins/woocommerce-multilingual/inc/currencies/class-wcml-custom-prices.php on line 84

2023-04-09T09:25:08+00:00 CRITICAL Uncaught Error: Call to a member function get_original_product_id() on null in /home/caraslens.com/public_html/wp-content/plugins/woocommerce-multilingual/inc/currencies/class-wcml-custom-prices.php:84
Stack trace:
#0 /home/caraslens.com/public_html/wp-content/plugins/woocommerce-multilingual/inc/currencies/class-wcml-multi-currency-prices.php(267): WCML_Custom_Prices->get_product_custom_prices()
#1 /home/caraslens.com/public_html/wp-content/plugins/sitepress-multilingual-cms/vendor/wpml/fp/core/Logic.php(121): WCML_Multi_Currency_Prices->{closure}()
#2 [internal function]: WPML\FP\Logic::WPML\FP\{closure}()
#3 /home/caraslens.com/public_html/wp-content/plugins/sitepress-multilingual-cms/vendor/wpml/fp/core/functions.php(152): call_user_func_array()
#4 /home/caraslens.com/public_html/wp-content/plugins/woocommerce-multilingual/inc/currencies/class-wcml-multi-currency-prices.php(287): WPML\FP\{closure}()
#5 /home/caraslens.com/public_html/wp-includes/class-wp-hook.php(310): WCML_Multi_Currency_Prices->product_ in /home/caraslens.com/public_html/wp-content/plugins/woocommerce-multilingual/inc/currencies/class-wcml-custom-prices.php on line 84

2023-04-09T09:25:45+00:00 CRITICAL Uncaught Error: Call to a member function get_original_product_id() on null in /home/caraslens.com/public_html/wp-content/plugins/woocommerce-multilingual/inc/currencies/class-wcml-custom-prices.php:84
Stack trace:
#0 /home/caraslens.com/public_html/wp-content/plugins/woocommerce-multilingual/inc/currencies/class-wcml-multi-currency-prices.php(267): WCML_Custom_Prices->get_product_custom_prices()
#1 /home/caraslens.com/public_html/wp-content/plugins/sitepress-multilingual-cms/vendor/wpml/fp/core/Logic.php(121): WCML_Multi_Currency_Prices->{closure}()
#2 [internal function]: WPML\FP\Logic::WPML\FP\{closure}()
#3 /home/caraslens.com/public_html/wp-content/plugins/sitepress-multilingual-cms/vendor/wpml/fp/core/functions.php(152): call_user_func_array()
#4 /home/caraslens.com/public_html/wp-content/plugins/woocommerce-multilingual/inc/currencies/class-wcml-multi-currency-prices.php(287): WPML\FP\{closure}()
#5 /home/caraslens.com/public_html/wp-includes/class-wp-hook.php(310): WCML_Multi_Currency_Prices->product_ in /home/caraslens.com/public_html/wp-content/plugins/woocommerce-multilingual/inc/currencies/class-wcml-custom-prices.php on line 84

2023-04-09T09:41:04+00:00 CRITICAL Out of memory (allocated 25165824) (tried to allocate 20480 bytes) in /home/caraslens.com/public_html/wp-content/plugins/woocommerce/src/Internal/Traits/AccessiblePrivateMethods.php on line 158

2023-04-09T09:47:07+00:00 CRITICAL Uncaught Error: Call to a member function get_original_product_id() on null in /home/caraslens.com/public_html/wp-content/plugins/woocommerce-multilingual/inc/currencies/class-wcml-custom-prices.php:84
Stack trace:
#0 /home/caraslens.com/public_html/wp-content/plugins/woocommerce-multilingual/inc/currencies/class-wcml-multi-currency-prices.php(267): WCML_Custom_Prices->get_product_custom_prices()
#1 /home/caraslens.com/public_html/wp-content/plugins/sitepress-multilingual-cms/vendor/wpml/fp/core/Logic.php(121): WCML_Multi_Currency_Prices->{closure}()
#2 [internal function]: WPML\FP\Logic::WPML\FP\{closure}()
#3 /home/caraslens.com/public_html/wp-content/plugins/sitepress-multilingual-cms/vendor/wpml/fp/core/functions.php(152): call_user_func_array()
#4 /home/caraslens.com/public_html/wp-content/plugins/woocommerce-multilingual/inc/currencies/class-wcml-multi-currency-prices.php(287): WPML\FP\{closure}()
#5 /home/caraslens.com/public_html/wp-includes/class-wp-hook.php(310): WCML_Multi_Currency_Prices->product_ in /home/caraslens.com/public_html/wp-content/plugins/woocommerce-multilingual/inc/currencies/class-wcml-custom-prices.php on line 84

2023-04-09T09:48:16+00:00 CRITICAL Uncaught Error: Call to a member function get_original_product_id() on null in /home/caraslens.com/public_html/wp-content/plugins/woocommerce-multilingual/inc/currencies/class-wcml-custom-prices.php:84
Stack trace:
#0 /home/caraslens.com/public_html/wp-content/plugins/woocommerce-multilingual/inc/currencies/class-wcml-multi-currency-prices.php(267): WCML_Custom_Prices->get_product_custom_prices()
#1 /home/caraslens.com/public_html/wp-content/plugins/sitepress-multilingual-cms/vendor/wpml/fp/core/Logic.php(121): WCML_Multi_Currency_Prices->{closure}()
#2 [internal function]: WPML\FP\Logic::WPML\FP\{closure}()
#3 /home/caraslens.com/public_html/wp-content/plugins/sitepress-multilingual-cms/vendor/wpml/fp/core/functions.php(152): call_user_func_array()
#4 /home/caraslens.com/public_html/wp-content/plugins/woocommerce-multilingual/inc/currencies/class-wcml-multi-currency-prices.php(287): WPML\FP\{closure}()
#5 /home/caraslens.com/public_html/wp-includes/class-wp-hook.php(310): WCML_Multi_Currency_Prices->product_ in /home/caraslens.com/public_html/wp-content/plugins/woocommerce-multilingual/inc/currencies/class-wcml-custom-prices.php on line 84

2023-04-09T09:48:27+00:00 CRITICAL Uncaught Error: Call to a member function get_original_product_id() on null in /home/caraslens.com/public_html/wp-content/plugins/woocommerce-multilingual/inc/currencies/class-wcml-custom-prices.php:84
Stack trace:
#0 /home/caraslens.com/public_html/wp-content/plugins/woocommerce-multilingual/inc/currencies/class-wcml-multi-currency-prices.php(267): WCML_Custom_Prices->get_product_custom_prices()
#1 /home/caraslens.com/public_html/wp-content/plugins/sitepress-multilingual-cms/vendor/wpml/fp/core/Logic.php(121): WCML_Multi_Currency_Prices->{closure}()
#2 [internal function]: WPML\FP\Logic::WPML\FP\{closure}()
#3 /home/caraslens.com/public_html/wp-content/plugins/sitepress-multilingual-cms/vendor/wpml/fp/core/functions.php(152): call_user_func_array()
#4 /home/caraslens.com/public_html/wp-content/plugins/woocommerce-multilingual/inc/currencies/class-wcml-multi-currency-prices.php(287): WPML\FP\{closure}()
#5 /home/caraslens.com/public_html/wp-includes/class-wp-hook.php(310): WCML_Multi_Currency_Prices->product_ in /home/caraslens.com/public_html/wp-content/plugins/woocommerce-multilingual/inc/currencies/class-wcml-custom-prices.php on line 84

2023-04-09T09:51:25+00:00 CRITICAL Uncaught Error: Call to a member function get_original_product_id() on null in /home/caraslens.com/public_html/wp-content/plugins/woocommerce-multilingual/inc/currencies/class-wcml-custom-prices.php:84
Stack trace:
#0 /home/caraslens.com/public_html/wp-content/plugins/woocommerce-multilingual/inc/currencies/class-wcml-multi-currency-prices.php(267): WCML_Custom_Prices->get_product_custom_prices()
#1 /home/caraslens.com/public_html/wp-content/plugins/sitepress-multilingual-cms/vendor/wpml/fp/core/Logic.php(121): WCML_Multi_Currency_Prices->{closure}()
#2 [internal function]: WPML\FP\Logic::WPML\FP\{closure}()
#3 /home/caraslens.com/public_html/wp-content/plugins/sitepress-multilingual-cms/vendor/wpml/fp/core/functions.php(152): call_user_func_array()
#4 /home/caraslens.com/public_html/wp-content/plugins/woocommerce-multilingual/inc/currencies/class-wcml-multi-currency-prices.php(287): WPML\FP\{closure}()
#5 /home/caraslens.com/public_html/wp-includes/class-wp-hook.php(310): WCML_Multi_Currency_Prices->product_ in /home/caraslens.com/public_html/wp-content/plugins/woocommerce-multilingual/inc/currencies/class-wcml-custom-prices.php on line 84

2023-04-09T11:47:41+00:00 CRITICAL Uncaught Error: Call to a member function get_original_product_id() on null in /home/caraslens.com/public_html/wp-content/plugins/woocommerce-multilingual/inc/currencies/class-wcml-custom-prices.php:84
Stack trace:
#0 /home/caraslens.com/public_html/wp-content/plugins/woocommerce-multilingual/inc/currencies/class-wcml-multi-currency-prices.php(267): WCML_Custom_Prices->get_product_custom_prices()
#1 /home/caraslens.com/public_html/wp-content/plugins/sitepress-multilingual-cms/vendor/wpml/fp/core/Logic.php(121): WCML_Multi_Currency_Prices->{closure}()
#2 [internal function]: WPML\FP\Logic::WPML\FP\{closure}()
#3 /home/caraslens.com/public_html/wp-content/plugins/sitepress-multilingual-cms/vendor/wpml/fp/core/functions.php(152): call_user_func_array()
#4 /home/caraslens.com/public_html/wp-content/plugins/woocommerce-multilingual/inc/currencies/class-wcml-multi-currency-prices.php(287): WPML\FP\{closure}()
#5 /home/caraslens.com/public_html/wp-includes/class-wp-hook.php(310): WCML_Multi_Currency_Prices->product_ in /home/caraslens.com/public_html/wp-content/plugins/woocommerce-multilingual/inc/currencies/class-wcml-custom-prices.php on line 84

2023-04-09T13:56:33+00:00 CRITICAL Uncaught Error: Call to a member function get_original_product_id() on null in /home/caraslens.com/public_html/wp-content/plugins/woocommerce-multilingual/inc/currencies/class-wcml-custom-prices.php:84
Stack trace:
#0 /home/caraslens.com/public_html/wp-content/plugins/woocommerce-multilingual/inc/currencies/class-wcml-multi-currency-prices.php(267): WCML_Custom_Prices->get_product_custom_prices()
#1 /home/caraslens.com/public_html/wp-content/plugins/sitepress-multilingual-cms/vendor/wpml/fp/core/Logic.php(121): WCML_Multi_Currency_Prices->{closure}()
#2 [internal function]: WPML\FP\Logic::WPML\FP\{closure}()
#3 /home/caraslens.com/public_html/wp-content/plugins/sitepress-multilingual-cms/vendor/wpml/fp/core/functions.php(152): call_user_func_array()
#4 /home/caraslens.com/public_html/wp-content/plugins/woocommerce-multilingual/inc/currencies/class-wcml-multi-currency-prices.php(287): WPML\FP\{closure}()
#5 /home/caraslens.com/public_html/wp-includes/class-wp-hook.php(310): WCML_Multi_Currency_Prices->product_ in /home/caraslens.com/public_html/wp-content/plugins/woocommerce-multilingual/inc/currencies/class-wcml-custom-prices.php on line 84

2023-04-09T15:31:14+00:00 CRITICAL Uncaught Error: Call to a member function get_original_product_id() on null in /home/caraslens.com/public_html/wp-content/plugins/woocommerce-multilingual/inc/currencies/class-wcml-custom-prices.php:84
Stack trace:
#0 /home/caraslens.com/public_html/wp-content/plugins/woocommerce-multilingual/inc/currencies/class-wcml-multi-currency-prices.php(267): WCML_Custom_Prices->get_product_custom_prices()
#1 /home/caraslens.com/public_html/wp-content/plugins/sitepress-multilingual-cms/vendor/wpml/fp/core/Logic.php(121): WCML_Multi_Currency_Prices->{closure}()
#2 [internal function]: WPML\FP\Logic::WPML\FP\{closure}()
#3 /home/caraslens.com/public_html/wp-content/plugins/sitepress-multilingual-cms/vendor/wpml/fp/core/functions.php(152): call_user_func_array()
#4 /home/caraslens.com/public_html/wp-content/plugins/woocommerce-multilingual/inc/currencies/class-wcml-multi-currency-prices.php(287): WPML\FP\{closure}()
#5 /home/caraslens.com/public_html/wp-includes/class-wp-hook.php(310): WCML_Multi_Currency_Prices->product_ in /home/caraslens.com/public_html/wp-content/plugins/woocommerce-multilingual/inc/currencies/class-wcml-custom-prices.php on line 84

2023-04-09T15:31:49+00:00 CRITICAL Uncaught Error: Call to a member function get_original_product_id() on null in /home/caraslens.com/public_html/wp-content/plugins/woocommerce-multilingual/inc/currencies/class-wcml-custom-prices.php:84
Stack trace:
#0 /home/caraslens.com/public_html/wp-content/plugins/woocommerce-multilingual/inc/currencies/class-wcml-multi-currency-prices.php(267): WCML_Custom_Prices->get_product_custom_prices()
#1 /home/caraslens.com/public_html/wp-content/plugins/sitepress-multilingual-cms/vendor/wpml/fp/core/Logic.php(121): WCML_Multi_Currency_Prices->{closure}()
#2 [internal function]: WPML\FP\Logic::WPML\FP\{closure}()
#3 /home/caraslens.com/public_html/wp-content/plugins/sitepress-multilingual-cms/vendor/wpml/fp/core/functions.php(152): call_user_func_array()
#4 /home/caraslens.com/public_html/wp-content/plugins/woocommerce-multilingual/inc/currencies/class-wcml-multi-currency-prices.php(287): WPML\FP\{closure}()
#5 /home/caraslens.com/public_html/wp-includes/class-wp-hook.php(310): WCML_Multi_Currency_Prices->product_ in /home/caraslens.com/public_html/wp-content/plugins/woocommerce-multilingual/inc/currencies/class-wcml-custom-prices.php on line 84

2023-04-09T15:31:57+00:00 CRITICAL Uncaught Error: Call to a member function get_original_product_id() on null in /home/caraslens.com/public_html/wp-content/plugins/woocommerce-multilingual/inc/currencies/class-wcml-custom-prices.php:84
Stack trace:
#0 /home/caraslens.com/public_html/wp-content/plugins/woocommerce-multilingual/inc/currencies/class-wcml-multi-currency-prices.php(267): WCML_Custom_Prices->get_product_custom_prices()
#1 /home/caraslens.com/public_html/wp-content/plugins/sitepress-multilingual-cms/vendor/wpml/fp/core/Logic.php(121): WCML_Multi_Currency_Prices->{closure}()
#2 [internal function]: WPML\FP\Logic::WPML\FP\{closure}()
#3 /home/caraslens.com/public_html/wp-content/plugins/sitepress-multilingual-cms/vendor/wpml/fp/core/functions.php(152): call_user_func_array()
#4 /home/caraslens.com/public_html/wp-content/plugins/woocommerce-multilingual/inc/currencies/class-wcml-multi-currency-prices.php(287): WPML\FP\{closure}()
#5 /home/caraslens.com/public_html/wp-includes/class-wp-hook.php(310): WCML_Multi_Currency_Prices->product_ in /home/caraslens.com/public_html/wp-content/plugins/woocommerce-multilingual/inc/currencies/class-wcml-custom-prices.php on line 84

2023-04-09T15:51:27+00:00 CRITICAL Uncaught Error: Call to a member function get_original_product_id() on null in /home/caraslens.com/public_html/wp-content/plugins/woocommerce-multilingual/inc/currencies/class-wcml-custom-prices.php:84
Stack trace:
#0 /home/caraslens.com/public_html/wp-content/plugins/woocommerce-multilingual/inc/currencies/class-wcml-multi-currency-prices.php(267): WCML_Custom_Prices->get_product_custom_prices()
#1 /home/caraslens.com/public_html/wp-content/plugins/sitepress-multilingual-cms/vendor/wpml/fp/core/Logic.php(121): WCML_Multi_Currency_Prices->{closure}()
#2 [internal function]: WPML\FP\Logic::WPML\FP\{closure}()
#3 /home/caraslens.com/public_html/wp-content/plugins/sitepress-multilingual-cms/vendor/wpml/fp/core/functions.php(152): call_user_func_array()
#4 /home/caraslens.com/public_html/wp-content/plugins/woocommerce-multilingual/inc/currencies/class-wcml-multi-currency-prices.php(287): WPML\FP\{closure}()
#5 /home/caraslens.com/public_html/wp-includes/class-wp-hook.php(310): WCML_Multi_Currency_Prices->product_ in /home/caraslens.com/public_html/wp-content/plugins/woocommerce-multilingual/inc/currencies/class-wcml-custom-prices.php on line 84

2023-04-09T16:18:20+00:00 CRITICAL Uncaught Error: Call to a member function get_original_product_id() on null in /home/caraslens.com/public_html/wp-content/plugins/woocommerce-multilingual/inc/currencies/class-wcml-custom-prices.php:84
Stack trace:
#0 /home/caraslens.com/public_html/wp-content/plugins/woocommerce-multilingual/inc/currencies/class-wcml-multi-currency-prices.php(267): WCML_Custom_Prices->get_product_custom_prices()
#1 /home/caraslens.com/public_html/wp-content/plugins/sitepress-multilingual-cms/vendor/wpml/fp/core/Logic.php(121): WCML_Multi_Currency_Prices->{closure}()
#2 [internal function]: WPML\FP\Logic::WPML\FP\{closure}()
#3 /home/caraslens.com/public_html/wp-content/plugins/sitepress-multilingual-cms/vendor/wpml/fp/core/functions.php(152): call_user_func_array()
#4 /home/caraslens.com/public_html/wp-content/plugins/woocommerce-multilingual/inc/currencies/class-wcml-multi-currency-prices.php(287): WPML\FP\{closure}()
#5 /home/caraslens.com/public_html/wp-includes/class-wp-hook.php(310): WCML_Multi_Currency_Prices->product_ in /home/caraslens.com/public_html/wp-content/plugins/woocommerce-multilingual/inc/currencies/class-wcml-custom-prices.php on line 84

2023-04-09T16:47:54+00:00 CRITICAL Uncaught Error: Call to a member function get_original_product_id() on null in /home/caraslens.com/public_html/wp-content/plugins/woocommerce-multilingual/inc/currencies/class-wcml-custom-prices.php:84
Stack trace:
#0 /home/caraslens.com/public_html/wp-content/plugins/woocommerce-multilingual/inc/currencies/class-wcml-multi-currency-prices.php(267): WCML_Custom_Prices->get_product_custom_prices()
#1 /home/caraslens.com/public_html/wp-content/plugins/sitepress-multilingual-cms/vendor/wpml/fp/core/Logic.php(121): WCML_Multi_Currency_Prices->{closure}()
#2 [internal function]: WPML\FP\Logic::WPML\FP\{closure}()
#3 /home/caraslens.com/public_html/wp-content/plugins/sitepress-multilingual-cms/vendor/wpml/fp/core/functions.php(152): call_user_func_array()
#4 /home/caraslens.com/public_html/wp-content/plugins/woocommerce-multilingual/inc/currencies/class-wcml-multi-currency-prices.php(287): WPML\FP\{closure}()
#5 /home/caraslens.com/public_html/wp-includes/class-wp-hook.php(310): WCML_Multi_Currency_Prices->product_ in /home/caraslens.com/public_html/wp-content/plugins/woocommerce-multilingual/inc/currencies/class-wcml-custom-prices.php on line 84

2023-04-09T17:28:23+00:00 CRITICAL Uncaught Error: Call to a member function get_original_product_id() on null in /home/caraslens.com/public_html/wp-content/plugins/woocommerce-multilingual/inc/currencies/class-wcml-custom-prices.php:84
Stack trace:
#0 /home/caraslens.com/public_html/wp-content/plugins/woocommerce-multilingual/inc/currencies/class-wcml-multi-currency-prices.php(267): WCML_Custom_Prices->get_product_custom_prices()
#1 /home/caraslens.com/public_html/wp-content/plugins/sitepress-multilingual-cms/vendor/wpml/fp/core/Logic.php(121): WCML_Multi_Currency_Prices->{closure}()
#2 [internal function]: WPML\FP\Logic::WPML\FP\{closure}()
#3 /home/caraslens.com/public_html/wp-content/plugins/sitepress-multilingual-cms/vendor/wpml/fp/core/functions.php(152): call_user_func_array()
#4 /home/caraslens.com/public_html/wp-content/plugins/woocommerce-multilingual/inc/currencies/class-wcml-multi-currency-prices.php(287): WPML\FP\{closure}()
#5 /home/caraslens.com/public_html/wp-includes/class-wp-hook.php(310): WCML_Multi_Currency_Prices->product_ in /home/caraslens.com/public_html/wp-content/plugins/woocommerce-multilingual/inc/currencies/class-wcml-custom-prices.php on line 84

2023-04-09T18:46:17+00:00 CRITICAL Uncaught Error: Call to a member function get_original_product_id() on null in /home/caraslens.com/public_html/wp-content/plugins/woocommerce-multilingual/inc/currencies/class-wcml-custom-prices.php:84
Stack trace:
#0 /home/caraslens.com/public_html/wp-content/plugins/woocommerce-multilingual/inc/currencies/class-wcml-multi-currency-prices.php(267): WCML_Custom_Prices->get_product_custom_prices()
#1 /home/caraslens.com/public_html/wp-content/plugins/sitepress-multilingual-cms/vendor/wpml/fp/core/Logic.php(121): WCML_Multi_Currency_Prices->{closure}()
#2 [internal function]: WPML\FP\Logic::WPML\FP\{closure}()
#3 /home/caraslens.com/public_html/wp-content/plugins/sitepress-multilingual-cms/vendor/wpml/fp/core/functions.php(152): call_user_func_array()
#4 /home/caraslens.com/public_html/wp-content/plugins/woocommerce-multilingual/inc/currencies/class-wcml-multi-currency-prices.php(287): WPML\FP\{closure}()
#5 /home/caraslens.com/public_html/wp-includes/class-wp-hook.php(310): WCML_Multi_Currency_Prices->product_ in /home/caraslens.com/public_html/wp-content/plugins/woocommerce-multilingual/inc/currencies/class-wcml-custom-prices.php on line 84

2023-04-09T19:02:51+00:00 CRITICAL Uncaught Error: Call to a member function get_original_product_id() on null in /home/caraslens.com/public_html/wp-content/plugins/woocommerce-multilingual/inc/currencies/class-wcml-custom-prices.php:84
Stack trace:
#0 /home/caraslens.com/public_html/wp-content/plugins/woocommerce-multilingual/inc/currencies/class-wcml-multi-currency-prices.php(267): WCML_Custom_Prices->get_product_custom_prices()
#1 /home/caraslens.com/public_html/wp-content/plugins/sitepress-multilingual-cms/vendor/wpml/fp/core/Logic.php(121): WCML_Multi_Currency_Prices->{closure}()
#2 [internal function]: WPML\FP\Logic::WPML\FP\{closure}()
#3 /home/caraslens.com/public_html/wp-content/plugins/sitepress-multilingual-cms/vendor/wpml/fp/core/functions.php(152): call_user_func_array()
#4 /home/caraslens.com/public_html/wp-content/plugins/woocommerce-multilingual/inc/currencies/class-wcml-multi-currency-prices.php(287): WPML\FP\{closure}()
#5 /home/caraslens.com/public_html/wp-includes/class-wp-hook.php(310): WCML_Multi_Currency_Prices->product_ in /home/caraslens.com/public_html/wp-content/plugins/woocommerce-multilingual/inc/currencies/class-wcml-custom-prices.php on line 84

2023-04-09T23:40:28+00:00 CRITICAL Uncaught Error: Call to a member function get_original_product_id() on null in /home/caraslens.com/public_html/wp-content/plugins/woocommerce-multilingual/inc/currencies/class-wcml-custom-prices.php:84
Stack trace:
#0 /home/caraslens.com/public_html/wp-content/plugins/woocommerce-multilingual/inc/currencies/class-wcml-multi-currency-prices.php(267): WCML_Custom_Prices->get_product_custom_prices()
#1 /home/caraslens.com/public_html/wp-content/plugins/sitepress-multilingual-cms/vendor/wpml/fp/core/Logic.php(121): WCML_Multi_Currency_Prices->{closure}()
#2 [internal function]: WPML\FP\Logic::WPML\FP\{closure}()
#3 /home/caraslens.com/public_html/wp-content/plugins/sitepress-multilingual-cms/vendor/wpml/fp/core/functions.php(152): call_user_func_array()
#4 /home/caraslens.com/public_html/wp-content/plugins/woocommerce-multilingual/inc/currencies/class-wcml-multi-currency-prices.php(287): WPML\FP\{closure}()
#5 /home/caraslens.com/public_html/wp-includes/class-wp-hook.php(310): WCML_Multi_Currency_Prices->product_ in /home/caraslens.com/public_html/wp-content/plugins/woocommerce-multilingual/inc/currencies/class-wcml-custom-prices.php on line 84

