2023-11-13T05:44:00+00:00 CRITICAL Uncaught TypeError: array_map(): Argument #2 ($array) must be of type array, null given in /var/www/caraslens.com/htdocs/wp-content/plugins/mobile-login-woocommerce/includes/class-xoo-ml-geolocation.php:25
Stack trace:
#0 /var/www/caraslens.com/htdocs/wp-content/plugins/mobile-login-woocommerce/includes/class-xoo-ml-geolocation.php(25): array_map()
#1 /var/www/caraslens.com/htdocs/wp-content/plugins/mobile-login-woocommerce/includes/class-xoo-ml-otp-handler.php(20): Xoo_Ml_Geolocation::get_data()
#2 /var/www/caraslens.com/htdocs/wp-content/plugins/mobile-login-woocommerce/includes/class-xoo-ml-otp-handler.php(14): Xoo_Ml_Otp_Handler->__construct()
#3 /var/www/caraslens.com/htdocs/wp-content/plugins/mobile-login-woocommerce/includes/class-xoo-ml-otp-handler.php(281): Xoo_Ml_Otp_Handler::get_instance()
#4 /var/www/caraslens.com/htdocs/wp-content/plugins/mobile-login-woocommerce/includes/class-xoo-ml-otp-handler.php(283): xoo_ml_otp_handler()
#5 /var/www/caraslens.com/htdocs/wp-content/plugins/mobile-login-woocommerce/includes/class-xoo-ml.php(66): require_once('...')
#6 /var/www/caraslens.com/htdocs/wp-content/plugins/mobile-login-woocommerce/includes/class-xoo-ml.php(23): Xoo_Ml->includes()
#7 /var/www/caraslens.com/htdocs/wp-content/plugins/mobile-login-woocommerce/includes/class-xoo-ml.php(16): Xoo_Ml->__construct()
#8 /var/www/caraslens.com/htdocs/wp-content/plugins/mobile-login-woocommerce/xoo-ml-main.php(46): Xoo_Ml::get_instance()
#9 /var/www/caraslens.com/htdocs/wp-content/plugins/mobile-login-woocommerce/xoo-ml-main.php(39): xoo_ml()
#10 /var/www/caraslens.com/htdocs/wp-includes/class-wp-hook.php(310): xoo_ml_init()
#11 /var/www/caraslens.com/htdocs/wp-includes/class-wp-hook.php(334): WP_Hook->apply_filters()
#12 /var/www/caraslens.com/htdocs/wp-includes/plugin.php(517): WP_Hook->do_action()
#13 /var/www/caraslens.com/htdocs/wp-settings.php(495): do_action()
#14 /var/www/caraslens.com/wp-config.php(113): require_once('...')
#15 /var/www/caraslens.com/htdocs/wp-load.php(55): require_once('...')
#16 /var/www/caraslens.com/htdocs/wp-blog-header.php(13): require_once('...')
#17 /var/www/caraslens.com/htdocs/index.php(17): require('...')
#18 {main}
  thrown in /var/www/caraslens.com/htdocs/wp-content/plugins/mobile-login-woocommerce/includes/class-xoo-ml-geolocation.php on line 25

2023-11-13T07:59:51+00:00 CRITICAL Uncaught TypeError: array_map(): Argument #2 ($array) must be of type array, null given in /var/www/caraslens.com/htdocs/wp-content/plugins/mobile-login-woocommerce/includes/class-xoo-ml-geolocation.php:25
Stack trace:
#0 /var/www/caraslens.com/htdocs/wp-content/plugins/mobile-login-woocommerce/includes/class-xoo-ml-geolocation.php(25): array_map()
#1 /var/www/caraslens.com/htdocs/wp-content/plugins/mobile-login-woocommerce/includes/class-xoo-ml-otp-handler.php(20): Xoo_Ml_Geolocation::get_data()
#2 /var/www/caraslens.com/htdocs/wp-content/plugins/mobile-login-woocommerce/includes/class-xoo-ml-otp-handler.php(14): Xoo_Ml_Otp_Handler->__construct()
#3 /var/www/caraslens.com/htdocs/wp-content/plugins/mobile-login-woocommerce/includes/class-xoo-ml-otp-handler.php(281): Xoo_Ml_Otp_Handler::get_instance()
#4 /var/www/caraslens.com/htdocs/wp-content/plugins/mobile-login-woocommerce/includes/class-xoo-ml-otp-handler.php(283): xoo_ml_otp_handler()
#5 /var/www/caraslens.com/htdocs/wp-content/plugins/mobile-login-woocommerce/includes/class-xoo-ml.php(66): require_once('...')
#6 /var/www/caraslens.com/htdocs/wp-content/plugins/mobile-login-woocommerce/includes/class-xoo-ml.php(23): Xoo_Ml->includes()
#7 /var/www/caraslens.com/htdocs/wp-content/plugins/mobile-login-woocommerce/includes/class-xoo-ml.php(16): Xoo_Ml->__construct()
#8 /var/www/caraslens.com/htdocs/wp-content/plugins/mobile-login-woocommerce/xoo-ml-main.php(46): Xoo_Ml::get_instance()
#9 /var/www/caraslens.com/htdocs/wp-content/plugins/mobile-login-woocommerce/xoo-ml-main.php(39): xoo_ml()
#10 /var/www/caraslens.com/htdocs/wp-includes/class-wp-hook.php(310): xoo_ml_init()
#11 /var/www/caraslens.com/htdocs/wp-includes/class-wp-hook.php(334): WP_Hook->apply_filters()
#12 /var/www/caraslens.com/htdocs/wp-includes/plugin.php(517): WP_Hook->do_action()
#13 /var/www/caraslens.com/htdocs/wp-settings.php(495): do_action()
#14 /var/www/caraslens.com/wp-config.php(113): require_once('...')
#15 /var/www/caraslens.com/htdocs/wp-load.php(55): require_once('...')
#16 /var/www/caraslens.com/htdocs/wp-blog-header.php(13): require_once('...')
#17 /var/www/caraslens.com/htdocs/index.php(17): require('...')
#18 {main}
  thrown in /var/www/caraslens.com/htdocs/wp-content/plugins/mobile-login-woocommerce/includes/class-xoo-ml-geolocation.php on line 25

2023-11-13T07:59:52+00:00 CRITICAL Uncaught TypeError: array_map(): Argument #2 ($array) must be of type array, null given in /var/www/caraslens.com/htdocs/wp-content/plugins/mobile-login-woocommerce/includes/class-xoo-ml-geolocation.php:25
Stack trace:
#0 /var/www/caraslens.com/htdocs/wp-content/plugins/mobile-login-woocommerce/includes/class-xoo-ml-geolocation.php(25): array_map()
#1 /var/www/caraslens.com/htdocs/wp-content/plugins/mobile-login-woocommerce/includes/class-xoo-ml-otp-handler.php(20): Xoo_Ml_Geolocation::get_data()
#2 /var/www/caraslens.com/htdocs/wp-content/plugins/mobile-login-woocommerce/includes/class-xoo-ml-otp-handler.php(14): Xoo_Ml_Otp_Handler->__construct()
#3 /var/www/caraslens.com/htdocs/wp-content/plugins/mobile-login-woocommerce/includes/class-xoo-ml-otp-handler.php(281): Xoo_Ml_Otp_Handler::get_instance()
#4 /var/www/caraslens.com/htdocs/wp-content/plugins/mobile-login-woocommerce/includes/class-xoo-ml-otp-handler.php(283): xoo_ml_otp_handler()
#5 /var/www/caraslens.com/htdocs/wp-content/plugins/mobile-login-woocommerce/includes/class-xoo-ml.php(66): require_once('...')
#6 /var/www/caraslens.com/htdocs/wp-content/plugins/mobile-login-woocommerce/includes/class-xoo-ml.php(23): Xoo_Ml->includes()
#7 /var/www/caraslens.com/htdocs/wp-content/plugins/mobile-login-woocommerce/includes/class-xoo-ml.php(16): Xoo_Ml->__construct()
#8 /var/www/caraslens.com/htdocs/wp-content/plugins/mobile-login-woocommerce/xoo-ml-main.php(46): Xoo_Ml::get_instance()
#9 /var/www/caraslens.com/htdocs/wp-content/plugins/mobile-login-woocommerce/xoo-ml-main.php(39): xoo_ml()
#10 /var/www/caraslens.com/htdocs/wp-includes/class-wp-hook.php(310): xoo_ml_init()
#11 /var/www/caraslens.com/htdocs/wp-includes/class-wp-hook.php(334): WP_Hook->apply_filters()
#12 /var/www/caraslens.com/htdocs/wp-includes/plugin.php(517): WP_Hook->do_action()
#13 /var/www/caraslens.com/htdocs/wp-settings.php(495): do_action()
#14 /var/www/caraslens.com/wp-config.php(113): require_once('...')
#15 /var/www/caraslens.com/htdocs/wp-load.php(55): require_once('...')
#16 /var/www/caraslens.com/htdocs/wp-blog-header.php(13): require_once('...')
#17 /var/www/caraslens.com/htdocs/index.php(17): require('...')
#18 {main}
  thrown in /var/www/caraslens.com/htdocs/wp-content/plugins/mobile-login-woocommerce/includes/class-xoo-ml-geolocation.php on line 25

2023-11-13T09:42:19+00:00 CRITICAL Uncaught TypeError: array_map(): Argument #2 ($array) must be of type array, null given in /var/www/caraslens.com/htdocs/wp-content/plugins/mobile-login-woocommerce/includes/class-xoo-ml-geolocation.php:25
Stack trace:
#0 /var/www/caraslens.com/htdocs/wp-content/plugins/mobile-login-woocommerce/includes/class-xoo-ml-geolocation.php(25): array_map()
#1 /var/www/caraslens.com/htdocs/wp-content/plugins/mobile-login-woocommerce/includes/class-xoo-ml-otp-handler.php(20): Xoo_Ml_Geolocation::get_data()
#2 /var/www/caraslens.com/htdocs/wp-content/plugins/mobile-login-woocommerce/includes/class-xoo-ml-otp-handler.php(14): Xoo_Ml_Otp_Handler->__construct()
#3 /var/www/caraslens.com/htdocs/wp-content/plugins/mobile-login-woocommerce/includes/class-xoo-ml-otp-handler.php(281): Xoo_Ml_Otp_Handler::get_instance()
#4 /var/www/caraslens.com/htdocs/wp-content/plugins/mobile-login-woocommerce/includes/class-xoo-ml-otp-handler.php(283): xoo_ml_otp_handler()
#5 /var/www/caraslens.com/htdocs/wp-content/plugins/mobile-login-woocommerce/includes/class-xoo-ml.php(66): require_once('...')
#6 /var/www/caraslens.com/htdocs/wp-content/plugins/mobile-login-woocommerce/includes/class-xoo-ml.php(23): Xoo_Ml->includes()
#7 /var/www/caraslens.com/htdocs/wp-content/plugins/mobile-login-woocommerce/includes/class-xoo-ml.php(16): Xoo_Ml->__construct()
#8 /var/www/caraslens.com/htdocs/wp-content/plugins/mobile-login-woocommerce/xoo-ml-main.php(46): Xoo_Ml::get_instance()
#9 /var/www/caraslens.com/htdocs/wp-content/plugins/mobile-login-woocommerce/xoo-ml-main.php(39): xoo_ml()
#10 /var/www/caraslens.com/htdocs/wp-includes/class-wp-hook.php(310): xoo_ml_init()
#11 /var/www/caraslens.com/htdocs/wp-includes/class-wp-hook.php(334): WP_Hook->apply_filters()
#12 /var/www/caraslens.com/htdocs/wp-includes/plugin.php(517): WP_Hook->do_action()
#13 /var/www/caraslens.com/htdocs/wp-settings.php(495): do_action()
#14 /var/www/caraslens.com/wp-config.php(113): require_once('...')
#15 /var/www/caraslens.com/htdocs/wp-load.php(55): require_once('...')
#16 /var/www/caraslens.com/htdocs/wp-blog-header.php(13): require_once('...')
#17 /var/www/caraslens.com/htdocs/index.php(17): require('...')
#18 {main}
  thrown in /var/www/caraslens.com/htdocs/wp-content/plugins/mobile-login-woocommerce/includes/class-xoo-ml-geolocation.php on line 25

2023-11-13T10:19:15+00:00 CRITICAL Uncaught TypeError: array_map(): Argument #2 ($array) must be of type array, null given in /var/www/caraslens.com/htdocs/wp-content/plugins/mobile-login-woocommerce/includes/class-xoo-ml-geolocation.php:25
Stack trace:
#0 /var/www/caraslens.com/htdocs/wp-content/plugins/mobile-login-woocommerce/includes/class-xoo-ml-geolocation.php(25): array_map()
#1 /var/www/caraslens.com/htdocs/wp-content/plugins/mobile-login-woocommerce/includes/class-xoo-ml-otp-handler.php(20): Xoo_Ml_Geolocation::get_data()
#2 /var/www/caraslens.com/htdocs/wp-content/plugins/mobile-login-woocommerce/includes/class-xoo-ml-otp-handler.php(14): Xoo_Ml_Otp_Handler->__construct()
#3 /var/www/caraslens.com/htdocs/wp-content/plugins/mobile-login-woocommerce/includes/class-xoo-ml-otp-handler.php(281): Xoo_Ml_Otp_Handler::get_instance()
#4 /var/www/caraslens.com/htdocs/wp-content/plugins/mobile-login-woocommerce/includes/class-xoo-ml-otp-handler.php(283): xoo_ml_otp_handler()
#5 /var/www/caraslens.com/htdocs/wp-content/plugins/mobile-login-woocommerce/includes/class-xoo-ml.php(66): require_once('...')
#6 /var/www/caraslens.com/htdocs/wp-content/plugins/mobile-login-woocommerce/includes/class-xoo-ml.php(23): Xoo_Ml->includes()
#7 /var/www/caraslens.com/htdocs/wp-content/plugins/mobile-login-woocommerce/includes/class-xoo-ml.php(16): Xoo_Ml->__construct()
#8 /var/www/caraslens.com/htdocs/wp-content/plugins/mobile-login-woocommerce/xoo-ml-main.php(46): Xoo_Ml::get_instance()
#9 /var/www/caraslens.com/htdocs/wp-content/plugins/mobile-login-woocommerce/xoo-ml-main.php(39): xoo_ml()
#10 /var/www/caraslens.com/htdocs/wp-includes/class-wp-hook.php(310): xoo_ml_init()
#11 /var/www/caraslens.com/htdocs/wp-includes/class-wp-hook.php(334): WP_Hook->apply_filters()
#12 /var/www/caraslens.com/htdocs/wp-includes/plugin.php(517): WP_Hook->do_action()
#13 /var/www/caraslens.com/htdocs/wp-settings.php(495): do_action()
#14 /var/www/caraslens.com/wp-config.php(113): require_once('...')
#15 /var/www/caraslens.com/htdocs/wp-load.php(55): require_once('...')
#16 /var/www/caraslens.com/htdocs/wp-blog-header.php(13): require_once('...')
#17 /var/www/caraslens.com/htdocs/index.php(17): require('...')
#18 {main}
  thrown in /var/www/caraslens.com/htdocs/wp-content/plugins/mobile-login-woocommerce/includes/class-xoo-ml-geolocation.php on line 25

2023-11-13T10:40:22+00:00 CRITICAL Uncaught TypeError: array_map(): Argument #2 ($array) must be of type array, null given in /var/www/caraslens.com/htdocs/wp-content/plugins/mobile-login-woocommerce/includes/class-xoo-ml-geolocation.php:25
Stack trace:
#0 /var/www/caraslens.com/htdocs/wp-content/plugins/mobile-login-woocommerce/includes/class-xoo-ml-geolocation.php(25): array_map()
#1 /var/www/caraslens.com/htdocs/wp-content/plugins/mobile-login-woocommerce/includes/class-xoo-ml-otp-handler.php(20): Xoo_Ml_Geolocation::get_data()
#2 /var/www/caraslens.com/htdocs/wp-content/plugins/mobile-login-woocommerce/includes/class-xoo-ml-otp-handler.php(14): Xoo_Ml_Otp_Handler->__construct()
#3 /var/www/caraslens.com/htdocs/wp-content/plugins/mobile-login-woocommerce/includes/class-xoo-ml-otp-handler.php(281): Xoo_Ml_Otp_Handler::get_instance()
#4 /var/www/caraslens.com/htdocs/wp-content/plugins/mobile-login-woocommerce/includes/class-xoo-ml-otp-handler.php(283): xoo_ml_otp_handler()
#5 /var/www/caraslens.com/htdocs/wp-content/plugins/mobile-login-woocommerce/includes/class-xoo-ml.php(66): require_once('...')
#6 /var/www/caraslens.com/htdocs/wp-content/plugins/mobile-login-woocommerce/includes/class-xoo-ml.php(23): Xoo_Ml->includes()
#7 /var/www/caraslens.com/htdocs/wp-content/plugins/mobile-login-woocommerce/includes/class-xoo-ml.php(16): Xoo_Ml->__construct()
#8 /var/www/caraslens.com/htdocs/wp-content/plugins/mobile-login-woocommerce/xoo-ml-main.php(46): Xoo_Ml::get_instance()
#9 /var/www/caraslens.com/htdocs/wp-content/plugins/mobile-login-woocommerce/xoo-ml-main.php(39): xoo_ml()
#10 /var/www/caraslens.com/htdocs/wp-includes/class-wp-hook.php(310): xoo_ml_init()
#11 /var/www/caraslens.com/htdocs/wp-includes/class-wp-hook.php(334): WP_Hook->apply_filters()
#12 /var/www/caraslens.com/htdocs/wp-includes/plugin.php(517): WP_Hook->do_action()
#13 /var/www/caraslens.com/htdocs/wp-settings.php(495): do_action()
#14 /var/www/caraslens.com/wp-config.php(113): require_once('...')
#15 /var/www/caraslens.com/htdocs/wp-load.php(55): require_once('...')
#16 /var/www/caraslens.com/htdocs/wp-blog-header.php(13): require_once('...')
#17 /var/www/caraslens.com/htdocs/index.php(17): require('...')
#18 {main}
  thrown in /var/www/caraslens.com/htdocs/wp-content/plugins/mobile-login-woocommerce/includes/class-xoo-ml-geolocation.php on line 25

2023-11-13T11:25:38+00:00 CRITICAL Uncaught TypeError: array_map(): Argument #2 ($array) must be of type array, null given in /var/www/caraslens.com/htdocs/wp-content/plugins/mobile-login-woocommerce/includes/class-xoo-ml-geolocation.php:25
Stack trace:
#0 /var/www/caraslens.com/htdocs/wp-content/plugins/mobile-login-woocommerce/includes/class-xoo-ml-geolocation.php(25): array_map()
#1 /var/www/caraslens.com/htdocs/wp-content/plugins/mobile-login-woocommerce/includes/class-xoo-ml-otp-handler.php(20): Xoo_Ml_Geolocation::get_data()
#2 /var/www/caraslens.com/htdocs/wp-content/plugins/mobile-login-woocommerce/includes/class-xoo-ml-otp-handler.php(14): Xoo_Ml_Otp_Handler->__construct()
#3 /var/www/caraslens.com/htdocs/wp-content/plugins/mobile-login-woocommerce/includes/class-xoo-ml-otp-handler.php(281): Xoo_Ml_Otp_Handler::get_instance()
#4 /var/www/caraslens.com/htdocs/wp-content/plugins/mobile-login-woocommerce/includes/class-xoo-ml-otp-handler.php(283): xoo_ml_otp_handler()
#5 /var/www/caraslens.com/htdocs/wp-content/plugins/mobile-login-woocommerce/includes/class-xoo-ml.php(66): require_once('...')
#6 /var/www/caraslens.com/htdocs/wp-content/plugins/mobile-login-woocommerce/includes/class-xoo-ml.php(23): Xoo_Ml->includes()
#7 /var/www/caraslens.com/htdocs/wp-content/plugins/mobile-login-woocommerce/includes/class-xoo-ml.php(16): Xoo_Ml->__construct()
#8 /var/www/caraslens.com/htdocs/wp-content/plugins/mobile-login-woocommerce/xoo-ml-main.php(46): Xoo_Ml::get_instance()
#9 /var/www/caraslens.com/htdocs/wp-content/plugins/mobile-login-woocommerce/xoo-ml-main.php(39): xoo_ml()
#10 /var/www/caraslens.com/htdocs/wp-includes/class-wp-hook.php(310): xoo_ml_init()
#11 /var/www/caraslens.com/htdocs/wp-includes/class-wp-hook.php(334): WP_Hook->apply_filters()
#12 /var/www/caraslens.com/htdocs/wp-includes/plugin.php(517): WP_Hook->do_action()
#13 /var/www/caraslens.com/htdocs/wp-settings.php(495): do_action()
#14 /var/www/caraslens.com/wp-config.php(113): require_once('...')
#15 /var/www/caraslens.com/htdocs/wp-load.php(55): require_once('...')
#16 /var/www/caraslens.com/htdocs/wp-blog-header.php(13): require_once('...')
#17 /var/www/caraslens.com/htdocs/index.php(17): require('...')
#18 {main}
  thrown in /var/www/caraslens.com/htdocs/wp-content/plugins/mobile-login-woocommerce/includes/class-xoo-ml-geolocation.php on line 25

2023-11-13T11:28:15+00:00 CRITICAL Uncaught TypeError: array_map(): Argument #2 ($array) must be of type array, null given in /var/www/caraslens.com/htdocs/wp-content/plugins/mobile-login-woocommerce/includes/class-xoo-ml-geolocation.php:25
Stack trace:
#0 /var/www/caraslens.com/htdocs/wp-content/plugins/mobile-login-woocommerce/includes/class-xoo-ml-geolocation.php(25): array_map()
#1 /var/www/caraslens.com/htdocs/wp-content/plugins/mobile-login-woocommerce/includes/class-xoo-ml-otp-handler.php(20): Xoo_Ml_Geolocation::get_data()
#2 /var/www/caraslens.com/htdocs/wp-content/plugins/mobile-login-woocommerce/includes/class-xoo-ml-otp-handler.php(14): Xoo_Ml_Otp_Handler->__construct()
#3 /var/www/caraslens.com/htdocs/wp-content/plugins/mobile-login-woocommerce/includes/class-xoo-ml-otp-handler.php(281): Xoo_Ml_Otp_Handler::get_instance()
#4 /var/www/caraslens.com/htdocs/wp-content/plugins/mobile-login-woocommerce/includes/class-xoo-ml-otp-handler.php(283): xoo_ml_otp_handler()
#5 /var/www/caraslens.com/htdocs/wp-content/plugins/mobile-login-woocommerce/includes/class-xoo-ml.php(66): require_once('...')
#6 /var/www/caraslens.com/htdocs/wp-content/plugins/mobile-login-woocommerce/includes/class-xoo-ml.php(23): Xoo_Ml->includes()
#7 /var/www/caraslens.com/htdocs/wp-content/plugins/mobile-login-woocommerce/includes/class-xoo-ml.php(16): Xoo_Ml->__construct()
#8 /var/www/caraslens.com/htdocs/wp-content/plugins/mobile-login-woocommerce/xoo-ml-main.php(46): Xoo_Ml::get_instance()
#9 /var/www/caraslens.com/htdocs/wp-content/plugins/mobile-login-woocommerce/xoo-ml-main.php(39): xoo_ml()
#10 /var/www/caraslens.com/htdocs/wp-includes/class-wp-hook.php(310): xoo_ml_init()
#11 /var/www/caraslens.com/htdocs/wp-includes/class-wp-hook.php(334): WP_Hook->apply_filters()
#12 /var/www/caraslens.com/htdocs/wp-includes/plugin.php(517): WP_Hook->do_action()
#13 /var/www/caraslens.com/htdocs/wp-settings.php(495): do_action()
#14 /var/www/caraslens.com/wp-config.php(113): require_once('...')
#15 /var/www/caraslens.com/htdocs/wp-load.php(55): require_once('...')
#16 /var/www/caraslens.com/htdocs/wp-blog-header.php(13): require_once('...')
#17 /var/www/caraslens.com/htdocs/index.php(17): require('...')
#18 {main}
  thrown in /var/www/caraslens.com/htdocs/wp-content/plugins/mobile-login-woocommerce/includes/class-xoo-ml-geolocation.php on line 25

2023-11-13T12:58:20+00:00 CRITICAL Uncaught TypeError: array_map(): Argument #2 ($array) must be of type array, null given in /var/www/caraslens.com/htdocs/wp-content/plugins/mobile-login-woocommerce/includes/class-xoo-ml-geolocation.php:25
Stack trace:
#0 /var/www/caraslens.com/htdocs/wp-content/plugins/mobile-login-woocommerce/includes/class-xoo-ml-geolocation.php(25): array_map()
#1 /var/www/caraslens.com/htdocs/wp-content/plugins/mobile-login-woocommerce/includes/class-xoo-ml-otp-handler.php(20): Xoo_Ml_Geolocation::get_data()
#2 /var/www/caraslens.com/htdocs/wp-content/plugins/mobile-login-woocommerce/includes/class-xoo-ml-otp-handler.php(14): Xoo_Ml_Otp_Handler->__construct()
#3 /var/www/caraslens.com/htdocs/wp-content/plugins/mobile-login-woocommerce/includes/class-xoo-ml-otp-handler.php(281): Xoo_Ml_Otp_Handler::get_instance()
#4 /var/www/caraslens.com/htdocs/wp-content/plugins/mobile-login-woocommerce/includes/class-xoo-ml-otp-handler.php(283): xoo_ml_otp_handler()
#5 /var/www/caraslens.com/htdocs/wp-content/plugins/mobile-login-woocommerce/includes/class-xoo-ml.php(66): require_once('...')
#6 /var/www/caraslens.com/htdocs/wp-content/plugins/mobile-login-woocommerce/includes/class-xoo-ml.php(23): Xoo_Ml->includes()
#7 /var/www/caraslens.com/htdocs/wp-content/plugins/mobile-login-woocommerce/includes/class-xoo-ml.php(16): Xoo_Ml->__construct()
#8 /var/www/caraslens.com/htdocs/wp-content/plugins/mobile-login-woocommerce/xoo-ml-main.php(46): Xoo_Ml::get_instance()
#9 /var/www/caraslens.com/htdocs/wp-content/plugins/mobile-login-woocommerce/xoo-ml-main.php(39): xoo_ml()
#10 /var/www/caraslens.com/htdocs/wp-includes/class-wp-hook.php(310): xoo_ml_init()
#11 /var/www/caraslens.com/htdocs/wp-includes/class-wp-hook.php(334): WP_Hook->apply_filters()
#12 /var/www/caraslens.com/htdocs/wp-includes/plugin.php(517): WP_Hook->do_action()
#13 /var/www/caraslens.com/htdocs/wp-settings.php(495): do_action()
#14 /var/www/caraslens.com/wp-config.php(113): require_once('...')
#15 /var/www/caraslens.com/htdocs/wp-load.php(55): require_once('...')
#16 /var/www/caraslens.com/htdocs/wp-blog-header.php(13): require_once('...')
#17 /var/www/caraslens.com/htdocs/index.php(17): require('...')
#18 {main}
  thrown in /var/www/caraslens.com/htdocs/wp-content/plugins/mobile-login-woocommerce/includes/class-xoo-ml-geolocation.php on line 25

2023-11-13T13:56:48+00:00 CRITICAL Uncaught TypeError: array_map(): Argument #2 ($array) must be of type array, null given in /var/www/caraslens.com/htdocs/wp-content/plugins/mobile-login-woocommerce/includes/class-xoo-ml-geolocation.php:25
Stack trace:
#0 /var/www/caraslens.com/htdocs/wp-content/plugins/mobile-login-woocommerce/includes/class-xoo-ml-geolocation.php(25): array_map()
#1 /var/www/caraslens.com/htdocs/wp-content/plugins/mobile-login-woocommerce/includes/class-xoo-ml-otp-handler.php(20): Xoo_Ml_Geolocation::get_data()
#2 /var/www/caraslens.com/htdocs/wp-content/plugins/mobile-login-woocommerce/includes/class-xoo-ml-otp-handler.php(14): Xoo_Ml_Otp_Handler->__construct()
#3 /var/www/caraslens.com/htdocs/wp-content/plugins/mobile-login-woocommerce/includes/class-xoo-ml-otp-handler.php(281): Xoo_Ml_Otp_Handler::get_instance()
#4 /var/www/caraslens.com/htdocs/wp-content/plugins/mobile-login-woocommerce/includes/class-xoo-ml-otp-handler.php(283): xoo_ml_otp_handler()
#5 /var/www/caraslens.com/htdocs/wp-content/plugins/mobile-login-woocommerce/includes/class-xoo-ml.php(66): require_once('...')
#6 /var/www/caraslens.com/htdocs/wp-content/plugins/mobile-login-woocommerce/includes/class-xoo-ml.php(23): Xoo_Ml->includes()
#7 /var/www/caraslens.com/htdocs/wp-content/plugins/mobile-login-woocommerce/includes/class-xoo-ml.php(16): Xoo_Ml->__construct()
#8 /var/www/caraslens.com/htdocs/wp-content/plugins/mobile-login-woocommerce/xoo-ml-main.php(46): Xoo_Ml::get_instance()
#9 /var/www/caraslens.com/htdocs/wp-content/plugins/mobile-login-woocommerce/xoo-ml-main.php(39): xoo_ml()
#10 /var/www/caraslens.com/htdocs/wp-includes/class-wp-hook.php(310): xoo_ml_init()
#11 /var/www/caraslens.com/htdocs/wp-includes/class-wp-hook.php(334): WP_Hook->apply_filters()
#12 /var/www/caraslens.com/htdocs/wp-includes/plugin.php(517): WP_Hook->do_action()
#13 /var/www/caraslens.com/htdocs/wp-settings.php(495): do_action()
#14 /var/www/caraslens.com/wp-config.php(113): require_once('...')
#15 /var/www/caraslens.com/htdocs/wp-load.php(55): require_once('...')
#16 /var/www/caraslens.com/htdocs/wp-blog-header.php(13): require_once('...')
#17 /var/www/caraslens.com/htdocs/index.php(17): require('...')
#18 {main}
  thrown in /var/www/caraslens.com/htdocs/wp-content/plugins/mobile-login-woocommerce/includes/class-xoo-ml-geolocation.php on line 25

2023-11-13T15:24:15+00:00 CRITICAL Uncaught TypeError: array_map(): Argument #2 ($array) must be of type array, null given in /var/www/caraslens.com/htdocs/wp-content/plugins/mobile-login-woocommerce/includes/class-xoo-ml-geolocation.php:25
Stack trace:
#0 /var/www/caraslens.com/htdocs/wp-content/plugins/mobile-login-woocommerce/includes/class-xoo-ml-geolocation.php(25): array_map()
#1 /var/www/caraslens.com/htdocs/wp-content/plugins/mobile-login-woocommerce/includes/class-xoo-ml-otp-handler.php(20): Xoo_Ml_Geolocation::get_data()
#2 /var/www/caraslens.com/htdocs/wp-content/plugins/mobile-login-woocommerce/includes/class-xoo-ml-otp-handler.php(14): Xoo_Ml_Otp_Handler->__construct()
#3 /var/www/caraslens.com/htdocs/wp-content/plugins/mobile-login-woocommerce/includes/class-xoo-ml-otp-handler.php(281): Xoo_Ml_Otp_Handler::get_instance()
#4 /var/www/caraslens.com/htdocs/wp-content/plugins/mobile-login-woocommerce/includes/class-xoo-ml-otp-handler.php(283): xoo_ml_otp_handler()
#5 /var/www/caraslens.com/htdocs/wp-content/plugins/mobile-login-woocommerce/includes/class-xoo-ml.php(66): require_once('...')
#6 /var/www/caraslens.com/htdocs/wp-content/plugins/mobile-login-woocommerce/includes/class-xoo-ml.php(23): Xoo_Ml->includes()
#7 /var/www/caraslens.com/htdocs/wp-content/plugins/mobile-login-woocommerce/includes/class-xoo-ml.php(16): Xoo_Ml->__construct()
#8 /var/www/caraslens.com/htdocs/wp-content/plugins/mobile-login-woocommerce/xoo-ml-main.php(46): Xoo_Ml::get_instance()
#9 /var/www/caraslens.com/htdocs/wp-content/plugins/mobile-login-woocommerce/xoo-ml-main.php(39): xoo_ml()
#10 /var/www/caraslens.com/htdocs/wp-includes/class-wp-hook.php(310): xoo_ml_init()
#11 /var/www/caraslens.com/htdocs/wp-includes/class-wp-hook.php(334): WP_Hook->apply_filters()
#12 /var/www/caraslens.com/htdocs/wp-includes/plugin.php(517): WP_Hook->do_action()
#13 /var/www/caraslens.com/htdocs/wp-settings.php(495): do_action()
#14 /var/www/caraslens.com/wp-config.php(113): require_once('...')
#15 /var/www/caraslens.com/htdocs/wp-load.php(55): require_once('...')
#16 /var/www/caraslens.com/htdocs/wp-blog-header.php(13): require_once('...')
#17 /var/www/caraslens.com/htdocs/index.php(17): require('...')
#18 {main}
  thrown in /var/www/caraslens.com/htdocs/wp-content/plugins/mobile-login-woocommerce/includes/class-xoo-ml-geolocation.php on line 25

2023-11-13T17:55:22+00:00 CRITICAL Uncaught TypeError: array_map(): Argument #2 ($array) must be of type array, null given in /var/www/caraslens.com/htdocs/wp-content/plugins/mobile-login-woocommerce/includes/class-xoo-ml-geolocation.php:25
Stack trace:
#0 /var/www/caraslens.com/htdocs/wp-content/plugins/mobile-login-woocommerce/includes/class-xoo-ml-geolocation.php(25): array_map()
#1 /var/www/caraslens.com/htdocs/wp-content/plugins/mobile-login-woocommerce/includes/class-xoo-ml-otp-handler.php(20): Xoo_Ml_Geolocation::get_data()
#2 /var/www/caraslens.com/htdocs/wp-content/plugins/mobile-login-woocommerce/includes/class-xoo-ml-otp-handler.php(14): Xoo_Ml_Otp_Handler->__construct()
#3 /var/www/caraslens.com/htdocs/wp-content/plugins/mobile-login-woocommerce/includes/class-xoo-ml-otp-handler.php(281): Xoo_Ml_Otp_Handler::get_instance()
#4 /var/www/caraslens.com/htdocs/wp-content/plugins/mobile-login-woocommerce/includes/class-xoo-ml-otp-handler.php(283): xoo_ml_otp_handler()
#5 /var/www/caraslens.com/htdocs/wp-content/plugins/mobile-login-woocommerce/includes/class-xoo-ml.php(66): require_once('...')
#6 /var/www/caraslens.com/htdocs/wp-content/plugins/mobile-login-woocommerce/includes/class-xoo-ml.php(23): Xoo_Ml->includes()
#7 /var/www/caraslens.com/htdocs/wp-content/plugins/mobile-login-woocommerce/includes/class-xoo-ml.php(16): Xoo_Ml->__construct()
#8 /var/www/caraslens.com/htdocs/wp-content/plugins/mobile-login-woocommerce/xoo-ml-main.php(46): Xoo_Ml::get_instance()
#9 /var/www/caraslens.com/htdocs/wp-content/plugins/mobile-login-woocommerce/xoo-ml-main.php(39): xoo_ml()
#10 /var/www/caraslens.com/htdocs/wp-includes/class-wp-hook.php(310): xoo_ml_init()
#11 /var/www/caraslens.com/htdocs/wp-includes/class-wp-hook.php(334): WP_Hook->apply_filters()
#12 /var/www/caraslens.com/htdocs/wp-includes/plugin.php(517): WP_Hook->do_action()
#13 /var/www/caraslens.com/htdocs/wp-settings.php(495): do_action()
#14 /var/www/caraslens.com/wp-config.php(113): require_once('...')
#15 /var/www/caraslens.com/htdocs/wp-load.php(55): require_once('...')
#16 /var/www/caraslens.com/htdocs/wp-blog-header.php(13): require_once('...')
#17 /var/www/caraslens.com/htdocs/index.php(17): require('...')
#18 {main}
  thrown in /var/www/caraslens.com/htdocs/wp-content/plugins/mobile-login-woocommerce/includes/class-xoo-ml-geolocation.php on line 25

2023-11-13T18:50:05+00:00 CRITICAL Uncaught TypeError: array_map(): Argument #2 ($array) must be of type array, null given in /var/www/caraslens.com/htdocs/wp-content/plugins/mobile-login-woocommerce/includes/class-xoo-ml-geolocation.php:25
Stack trace:
#0 /var/www/caraslens.com/htdocs/wp-content/plugins/mobile-login-woocommerce/includes/class-xoo-ml-geolocation.php(25): array_map()
#1 /var/www/caraslens.com/htdocs/wp-content/plugins/mobile-login-woocommerce/includes/class-xoo-ml-otp-handler.php(20): Xoo_Ml_Geolocation::get_data()
#2 /var/www/caraslens.com/htdocs/wp-content/plugins/mobile-login-woocommerce/includes/class-xoo-ml-otp-handler.php(14): Xoo_Ml_Otp_Handler->__construct()
#3 /var/www/caraslens.com/htdocs/wp-content/plugins/mobile-login-woocommerce/includes/class-xoo-ml-otp-handler.php(281): Xoo_Ml_Otp_Handler::get_instance()
#4 /var/www/caraslens.com/htdocs/wp-content/plugins/mobile-login-woocommerce/includes/class-xoo-ml-otp-handler.php(283): xoo_ml_otp_handler()
#5 /var/www/caraslens.com/htdocs/wp-content/plugins/mobile-login-woocommerce/includes/class-xoo-ml.php(66): require_once('...')
#6 /var/www/caraslens.com/htdocs/wp-content/plugins/mobile-login-woocommerce/includes/class-xoo-ml.php(23): Xoo_Ml->includes()
#7 /var/www/caraslens.com/htdocs/wp-content/plugins/mobile-login-woocommerce/includes/class-xoo-ml.php(16): Xoo_Ml->__construct()
#8 /var/www/caraslens.com/htdocs/wp-content/plugins/mobile-login-woocommerce/xoo-ml-main.php(46): Xoo_Ml::get_instance()
#9 /var/www/caraslens.com/htdocs/wp-content/plugins/mobile-login-woocommerce/xoo-ml-main.php(39): xoo_ml()
#10 /var/www/caraslens.com/htdocs/wp-includes/class-wp-hook.php(310): xoo_ml_init()
#11 /var/www/caraslens.com/htdocs/wp-includes/class-wp-hook.php(334): WP_Hook->apply_filters()
#12 /var/www/caraslens.com/htdocs/wp-includes/plugin.php(517): WP_Hook->do_action()
#13 /var/www/caraslens.com/htdocs/wp-settings.php(495): do_action()
#14 /var/www/caraslens.com/wp-config.php(113): require_once('...')
#15 /var/www/caraslens.com/htdocs/wp-load.php(55): require_once('...')
#16 /var/www/caraslens.com/htdocs/wp-blog-header.php(13): require_once('...')
#17 /var/www/caraslens.com/htdocs/index.php(17): require('...')
#18 {main}
  thrown in /var/www/caraslens.com/htdocs/wp-content/plugins/mobile-login-woocommerce/includes/class-xoo-ml-geolocation.php on line 25

2023-11-13T19:36:46+00:00 CRITICAL Uncaught TypeError: array_map(): Argument #2 ($array) must be of type array, null given in /var/www/caraslens.com/htdocs/wp-content/plugins/mobile-login-woocommerce/includes/class-xoo-ml-geolocation.php:25
Stack trace:
#0 /var/www/caraslens.com/htdocs/wp-content/plugins/mobile-login-woocommerce/includes/class-xoo-ml-geolocation.php(25): array_map()
#1 /var/www/caraslens.com/htdocs/wp-content/plugins/mobile-login-woocommerce/includes/class-xoo-ml-otp-handler.php(20): Xoo_Ml_Geolocation::get_data()
#2 /var/www/caraslens.com/htdocs/wp-content/plugins/mobile-login-woocommerce/includes/class-xoo-ml-otp-handler.php(14): Xoo_Ml_Otp_Handler->__construct()
#3 /var/www/caraslens.com/htdocs/wp-content/plugins/mobile-login-woocommerce/includes/class-xoo-ml-otp-handler.php(281): Xoo_Ml_Otp_Handler::get_instance()
#4 /var/www/caraslens.com/htdocs/wp-content/plugins/mobile-login-woocommerce/includes/class-xoo-ml-otp-handler.php(283): xoo_ml_otp_handler()
#5 /var/www/caraslens.com/htdocs/wp-content/plugins/mobile-login-woocommerce/includes/class-xoo-ml.php(66): require_once('...')
#6 /var/www/caraslens.com/htdocs/wp-content/plugins/mobile-login-woocommerce/includes/class-xoo-ml.php(23): Xoo_Ml->includes()
#7 /var/www/caraslens.com/htdocs/wp-content/plugins/mobile-login-woocommerce/includes/class-xoo-ml.php(16): Xoo_Ml->__construct()
#8 /var/www/caraslens.com/htdocs/wp-content/plugins/mobile-login-woocommerce/xoo-ml-main.php(46): Xoo_Ml::get_instance()
#9 /var/www/caraslens.com/htdocs/wp-content/plugins/mobile-login-woocommerce/xoo-ml-main.php(39): xoo_ml()
#10 /var/www/caraslens.com/htdocs/wp-includes/class-wp-hook.php(310): xoo_ml_init()
#11 /var/www/caraslens.com/htdocs/wp-includes/class-wp-hook.php(334): WP_Hook->apply_filters()
#12 /var/www/caraslens.com/htdocs/wp-includes/plugin.php(517): WP_Hook->do_action()
#13 /var/www/caraslens.com/htdocs/wp-settings.php(495): do_action()
#14 /var/www/caraslens.com/wp-config.php(113): require_once('...')
#15 /var/www/caraslens.com/htdocs/wp-load.php(55): require_once('...')
#16 /var/www/caraslens.com/htdocs/wp-blog-header.php(13): require_once('...')
#17 /var/www/caraslens.com/htdocs/index.php(17): require('...')
#18 {main}
  thrown in /var/www/caraslens.com/htdocs/wp-content/plugins/mobile-login-woocommerce/includes/class-xoo-ml-geolocation.php on line 25

2023-11-13T20:55:22+00:00 CRITICAL Uncaught TypeError: array_map(): Argument #2 ($array) must be of type array, null given in /var/www/caraslens.com/htdocs/wp-content/plugins/mobile-login-woocommerce/includes/class-xoo-ml-geolocation.php:25
Stack trace:
#0 /var/www/caraslens.com/htdocs/wp-content/plugins/mobile-login-woocommerce/includes/class-xoo-ml-geolocation.php(25): array_map()
#1 /var/www/caraslens.com/htdocs/wp-content/plugins/mobile-login-woocommerce/includes/class-xoo-ml-otp-handler.php(20): Xoo_Ml_Geolocation::get_data()
#2 /var/www/caraslens.com/htdocs/wp-content/plugins/mobile-login-woocommerce/includes/class-xoo-ml-otp-handler.php(14): Xoo_Ml_Otp_Handler->__construct()
#3 /var/www/caraslens.com/htdocs/wp-content/plugins/mobile-login-woocommerce/includes/class-xoo-ml-otp-handler.php(281): Xoo_Ml_Otp_Handler::get_instance()
#4 /var/www/caraslens.com/htdocs/wp-content/plugins/mobile-login-woocommerce/includes/class-xoo-ml-otp-handler.php(283): xoo_ml_otp_handler()
#5 /var/www/caraslens.com/htdocs/wp-content/plugins/mobile-login-woocommerce/includes/class-xoo-ml.php(66): require_once('...')
#6 /var/www/caraslens.com/htdocs/wp-content/plugins/mobile-login-woocommerce/includes/class-xoo-ml.php(23): Xoo_Ml->includes()
#7 /var/www/caraslens.com/htdocs/wp-content/plugins/mobile-login-woocommerce/includes/class-xoo-ml.php(16): Xoo_Ml->__construct()
#8 /var/www/caraslens.com/htdocs/wp-content/plugins/mobile-login-woocommerce/xoo-ml-main.php(46): Xoo_Ml::get_instance()
#9 /var/www/caraslens.com/htdocs/wp-content/plugins/mobile-login-woocommerce/xoo-ml-main.php(39): xoo_ml()
#10 /var/www/caraslens.com/htdocs/wp-includes/class-wp-hook.php(310): xoo_ml_init()
#11 /var/www/caraslens.com/htdocs/wp-includes/class-wp-hook.php(334): WP_Hook->apply_filters()
#12 /var/www/caraslens.com/htdocs/wp-includes/plugin.php(517): WP_Hook->do_action()
#13 /var/www/caraslens.com/htdocs/wp-settings.php(495): do_action()
#14 /var/www/caraslens.com/wp-config.php(113): require_once('...')
#15 /var/www/caraslens.com/htdocs/wp-load.php(55): require_once('...')
#16 /var/www/caraslens.com/htdocs/wp-blog-header.php(13): require_once('...')
#17 /var/www/caraslens.com/htdocs/index.php(17): require('...')
#18 {main}
  thrown in /var/www/caraslens.com/htdocs/wp-content/plugins/mobile-login-woocommerce/includes/class-xoo-ml-geolocation.php on line 25

2023-11-13T22:13:44+00:00 CRITICAL Uncaught TypeError: array_map(): Argument #2 ($array) must be of type array, null given in /var/www/caraslens.com/htdocs/wp-content/plugins/mobile-login-woocommerce/includes/class-xoo-ml-geolocation.php:25
Stack trace:
#0 /var/www/caraslens.com/htdocs/wp-content/plugins/mobile-login-woocommerce/includes/class-xoo-ml-geolocation.php(25): array_map()
#1 /var/www/caraslens.com/htdocs/wp-content/plugins/mobile-login-woocommerce/includes/class-xoo-ml-otp-handler.php(20): Xoo_Ml_Geolocation::get_data()
#2 /var/www/caraslens.com/htdocs/wp-content/plugins/mobile-login-woocommerce/includes/class-xoo-ml-otp-handler.php(14): Xoo_Ml_Otp_Handler->__construct()
#3 /var/www/caraslens.com/htdocs/wp-content/plugins/mobile-login-woocommerce/includes/class-xoo-ml-otp-handler.php(281): Xoo_Ml_Otp_Handler::get_instance()
#4 /var/www/caraslens.com/htdocs/wp-content/plugins/mobile-login-woocommerce/includes/class-xoo-ml-otp-handler.php(283): xoo_ml_otp_handler()
#5 /var/www/caraslens.com/htdocs/wp-content/plugins/mobile-login-woocommerce/includes/class-xoo-ml.php(66): require_once('...')
#6 /var/www/caraslens.com/htdocs/wp-content/plugins/mobile-login-woocommerce/includes/class-xoo-ml.php(23): Xoo_Ml->includes()
#7 /var/www/caraslens.com/htdocs/wp-content/plugins/mobile-login-woocommerce/includes/class-xoo-ml.php(16): Xoo_Ml->__construct()
#8 /var/www/caraslens.com/htdocs/wp-content/plugins/mobile-login-woocommerce/xoo-ml-main.php(46): Xoo_Ml::get_instance()
#9 /var/www/caraslens.com/htdocs/wp-content/plugins/mobile-login-woocommerce/xoo-ml-main.php(39): xoo_ml()
#10 /var/www/caraslens.com/htdocs/wp-includes/class-wp-hook.php(310): xoo_ml_init()
#11 /var/www/caraslens.com/htdocs/wp-includes/class-wp-hook.php(334): WP_Hook->apply_filters()
#12 /var/www/caraslens.com/htdocs/wp-includes/plugin.php(517): WP_Hook->do_action()
#13 /var/www/caraslens.com/htdocs/wp-settings.php(495): do_action()
#14 /var/www/caraslens.com/wp-config.php(113): require_once('...')
#15 /var/www/caraslens.com/htdocs/wp-load.php(55): require_once('...')
#16 /var/www/caraslens.com/htdocs/wp-blog-header.php(13): require_once('...')
#17 /var/www/caraslens.com/htdocs/index.php(17): require('...')
#18 {main}
  thrown in /var/www/caraslens.com/htdocs/wp-content/plugins/mobile-login-woocommerce/includes/class-xoo-ml-geolocation.php on line 25

2023-11-13T23:32:45+00:00 CRITICAL Uncaught TypeError: array_map(): Argument #2 ($array) must be of type array, null given in /var/www/caraslens.com/htdocs/wp-content/plugins/mobile-login-woocommerce/includes/class-xoo-ml-geolocation.php:25
Stack trace:
#0 /var/www/caraslens.com/htdocs/wp-content/plugins/mobile-login-woocommerce/includes/class-xoo-ml-geolocation.php(25): array_map()
#1 /var/www/caraslens.com/htdocs/wp-content/plugins/mobile-login-woocommerce/includes/class-xoo-ml-otp-handler.php(20): Xoo_Ml_Geolocation::get_data()
#2 /var/www/caraslens.com/htdocs/wp-content/plugins/mobile-login-woocommerce/includes/class-xoo-ml-otp-handler.php(14): Xoo_Ml_Otp_Handler->__construct()
#3 /var/www/caraslens.com/htdocs/wp-content/plugins/mobile-login-woocommerce/includes/class-xoo-ml-otp-handler.php(281): Xoo_Ml_Otp_Handler::get_instance()
#4 /var/www/caraslens.com/htdocs/wp-content/plugins/mobile-login-woocommerce/includes/class-xoo-ml-otp-handler.php(283): xoo_ml_otp_handler()
#5 /var/www/caraslens.com/htdocs/wp-content/plugins/mobile-login-woocommerce/includes/class-xoo-ml.php(66): require_once('...')
#6 /var/www/caraslens.com/htdocs/wp-content/plugins/mobile-login-woocommerce/includes/class-xoo-ml.php(23): Xoo_Ml->includes()
#7 /var/www/caraslens.com/htdocs/wp-content/plugins/mobile-login-woocommerce/includes/class-xoo-ml.php(16): Xoo_Ml->__construct()
#8 /var/www/caraslens.com/htdocs/wp-content/plugins/mobile-login-woocommerce/xoo-ml-main.php(46): Xoo_Ml::get_instance()
#9 /var/www/caraslens.com/htdocs/wp-content/plugins/mobile-login-woocommerce/xoo-ml-main.php(39): xoo_ml()
#10 /var/www/caraslens.com/htdocs/wp-includes/class-wp-hook.php(310): xoo_ml_init()
#11 /var/www/caraslens.com/htdocs/wp-includes/class-wp-hook.php(334): WP_Hook->apply_filters()
#12 /var/www/caraslens.com/htdocs/wp-includes/plugin.php(517): WP_Hook->do_action()
#13 /var/www/caraslens.com/htdocs/wp-settings.php(495): do_action()
#14 /var/www/caraslens.com/wp-config.php(113): require_once('...')
#15 /var/www/caraslens.com/htdocs/wp-load.php(55): require_once('...')
#16 /var/www/caraslens.com/htdocs/wp-blog-header.php(13): require_once('...')
#17 /var/www/caraslens.com/htdocs/index.php(17): require('...')
#18 {main}
  thrown in /var/www/caraslens.com/htdocs/wp-content/plugins/mobile-login-woocommerce/includes/class-xoo-ml-geolocation.php on line 25

2023-11-13T23:38:51+00:00 CRITICAL Uncaught TypeError: array_map(): Argument #2 ($array) must be of type array, null given in /var/www/caraslens.com/htdocs/wp-content/plugins/mobile-login-woocommerce/includes/class-xoo-ml-geolocation.php:25
Stack trace:
#0 /var/www/caraslens.com/htdocs/wp-content/plugins/mobile-login-woocommerce/includes/class-xoo-ml-geolocation.php(25): array_map()
#1 /var/www/caraslens.com/htdocs/wp-content/plugins/mobile-login-woocommerce/includes/class-xoo-ml-otp-handler.php(20): Xoo_Ml_Geolocation::get_data()
#2 /var/www/caraslens.com/htdocs/wp-content/plugins/mobile-login-woocommerce/includes/class-xoo-ml-otp-handler.php(14): Xoo_Ml_Otp_Handler->__construct()
#3 /var/www/caraslens.com/htdocs/wp-content/plugins/mobile-login-woocommerce/includes/class-xoo-ml-otp-handler.php(281): Xoo_Ml_Otp_Handler::get_instance()
#4 /var/www/caraslens.com/htdocs/wp-content/plugins/mobile-login-woocommerce/includes/class-xoo-ml-otp-handler.php(283): xoo_ml_otp_handler()
#5 /var/www/caraslens.com/htdocs/wp-content/plugins/mobile-login-woocommerce/includes/class-xoo-ml.php(66): require_once('...')
#6 /var/www/caraslens.com/htdocs/wp-content/plugins/mobile-login-woocommerce/includes/class-xoo-ml.php(23): Xoo_Ml->includes()
#7 /var/www/caraslens.com/htdocs/wp-content/plugins/mobile-login-woocommerce/includes/class-xoo-ml.php(16): Xoo_Ml->__construct()
#8 /var/www/caraslens.com/htdocs/wp-content/plugins/mobile-login-woocommerce/xoo-ml-main.php(46): Xoo_Ml::get_instance()
#9 /var/www/caraslens.com/htdocs/wp-content/plugins/mobile-login-woocommerce/xoo-ml-main.php(39): xoo_ml()
#10 /var/www/caraslens.com/htdocs/wp-includes/class-wp-hook.php(310): xoo_ml_init()
#11 /var/www/caraslens.com/htdocs/wp-includes/class-wp-hook.php(334): WP_Hook->apply_filters()
#12 /var/www/caraslens.com/htdocs/wp-includes/plugin.php(517): WP_Hook->do_action()
#13 /var/www/caraslens.com/htdocs/wp-settings.php(495): do_action()
#14 /var/www/caraslens.com/wp-config.php(113): require_once('...')
#15 /var/www/caraslens.com/htdocs/wp-load.php(55): require_once('...')
#16 /var/www/caraslens.com/htdocs/wp-blog-header.php(13): require_once('...')
#17 /var/www/caraslens.com/htdocs/index.php(17): require('...')
#18 {main}
  thrown in /var/www/caraslens.com/htdocs/wp-content/plugins/mobile-login-woocommerce/includes/class-xoo-ml-geolocation.php on line 25

2023-11-13T23:38:53+00:00 CRITICAL Uncaught TypeError: array_map(): Argument #2 ($array) must be of type array, null given in /var/www/caraslens.com/htdocs/wp-content/plugins/mobile-login-woocommerce/includes/class-xoo-ml-geolocation.php:25
Stack trace:
#0 /var/www/caraslens.com/htdocs/wp-content/plugins/mobile-login-woocommerce/includes/class-xoo-ml-geolocation.php(25): array_map()
#1 /var/www/caraslens.com/htdocs/wp-content/plugins/mobile-login-woocommerce/includes/class-xoo-ml-otp-handler.php(20): Xoo_Ml_Geolocation::get_data()
#2 /var/www/caraslens.com/htdocs/wp-content/plugins/mobile-login-woocommerce/includes/class-xoo-ml-otp-handler.php(14): Xoo_Ml_Otp_Handler->__construct()
#3 /var/www/caraslens.com/htdocs/wp-content/plugins/mobile-login-woocommerce/includes/class-xoo-ml-otp-handler.php(281): Xoo_Ml_Otp_Handler::get_instance()
#4 /var/www/caraslens.com/htdocs/wp-content/plugins/mobile-login-woocommerce/includes/class-xoo-ml-otp-handler.php(283): xoo_ml_otp_handler()
#5 /var/www/caraslens.com/htdocs/wp-content/plugins/mobile-login-woocommerce/includes/class-xoo-ml.php(66): require_once('...')
#6 /var/www/caraslens.com/htdocs/wp-content/plugins/mobile-login-woocommerce/includes/class-xoo-ml.php(23): Xoo_Ml->includes()
#7 /var/www/caraslens.com/htdocs/wp-content/plugins/mobile-login-woocommerce/includes/class-xoo-ml.php(16): Xoo_Ml->__construct()
#8 /var/www/caraslens.com/htdocs/wp-content/plugins/mobile-login-woocommerce/xoo-ml-main.php(46): Xoo_Ml::get_instance()
#9 /var/www/caraslens.com/htdocs/wp-content/plugins/mobile-login-woocommerce/xoo-ml-main.php(39): xoo_ml()
#10 /var/www/caraslens.com/htdocs/wp-includes/class-wp-hook.php(310): xoo_ml_init()
#11 /var/www/caraslens.com/htdocs/wp-includes/class-wp-hook.php(334): WP_Hook->apply_filters()
#12 /var/www/caraslens.com/htdocs/wp-includes/plugin.php(517): WP_Hook->do_action()
#13 /var/www/caraslens.com/htdocs/wp-settings.php(495): do_action()
#14 /var/www/caraslens.com/wp-config.php(113): require_once('...')
#15 /var/www/caraslens.com/htdocs/wp-load.php(55): require_once('...')
#16 /var/www/caraslens.com/htdocs/wp-blog-header.php(13): require_once('...')
#17 /var/www/caraslens.com/htdocs/index.php(17): require('...')
#18 {main}
  thrown in /var/www/caraslens.com/htdocs/wp-content/plugins/mobile-login-woocommerce/includes/class-xoo-ml-geolocation.php on line 25

2023-11-13T23:38:55+00:00 CRITICAL Uncaught TypeError: array_map(): Argument #2 ($array) must be of type array, null given in /var/www/caraslens.com/htdocs/wp-content/plugins/mobile-login-woocommerce/includes/class-xoo-ml-geolocation.php:25
Stack trace:
#0 /var/www/caraslens.com/htdocs/wp-content/plugins/mobile-login-woocommerce/includes/class-xoo-ml-geolocation.php(25): array_map()
#1 /var/www/caraslens.com/htdocs/wp-content/plugins/mobile-login-woocommerce/includes/class-xoo-ml-otp-handler.php(20): Xoo_Ml_Geolocation::get_data()
#2 /var/www/caraslens.com/htdocs/wp-content/plugins/mobile-login-woocommerce/includes/class-xoo-ml-otp-handler.php(14): Xoo_Ml_Otp_Handler->__construct()
#3 /var/www/caraslens.com/htdocs/wp-content/plugins/mobile-login-woocommerce/includes/class-xoo-ml-otp-handler.php(281): Xoo_Ml_Otp_Handler::get_instance()
#4 /var/www/caraslens.com/htdocs/wp-content/plugins/mobile-login-woocommerce/includes/class-xoo-ml-otp-handler.php(283): xoo_ml_otp_handler()
#5 /var/www/caraslens.com/htdocs/wp-content/plugins/mobile-login-woocommerce/includes/class-xoo-ml.php(66): require_once('...')
#6 /var/www/caraslens.com/htdocs/wp-content/plugins/mobile-login-woocommerce/includes/class-xoo-ml.php(23): Xoo_Ml->includes()
#7 /var/www/caraslens.com/htdocs/wp-content/plugins/mobile-login-woocommerce/includes/class-xoo-ml.php(16): Xoo_Ml->__construct()
#8 /var/www/caraslens.com/htdocs/wp-content/plugins/mobile-login-woocommerce/xoo-ml-main.php(46): Xoo_Ml::get_instance()
#9 /var/www/caraslens.com/htdocs/wp-content/plugins/mobile-login-woocommerce/xoo-ml-main.php(39): xoo_ml()
#10 /var/www/caraslens.com/htdocs/wp-includes/class-wp-hook.php(310): xoo_ml_init()
#11 /var/www/caraslens.com/htdocs/wp-includes/class-wp-hook.php(334): WP_Hook->apply_filters()
#12 /var/www/caraslens.com/htdocs/wp-includes/plugin.php(517): WP_Hook->do_action()
#13 /var/www/caraslens.com/htdocs/wp-settings.php(495): do_action()
#14 /var/www/caraslens.com/wp-config.php(113): require_once('...')
#15 /var/www/caraslens.com/htdocs/wp-load.php(55): require_once('...')
#16 /var/www/caraslens.com/htdocs/wp-blog-header.php(13): require_once('...')
#17 /var/www/caraslens.com/htdocs/index.php(17): require('...')
#18 {main}
  thrown in /var/www/caraslens.com/htdocs/wp-content/plugins/mobile-login-woocommerce/includes/class-xoo-ml-geolocation.php on line 25

2023-11-13T23:43:06+00:00 CRITICAL Uncaught TypeError: array_map(): Argument #2 ($array) must be of type array, null given in /var/www/caraslens.com/htdocs/wp-content/plugins/mobile-login-woocommerce/includes/class-xoo-ml-geolocation.php:25
Stack trace:
#0 /var/www/caraslens.com/htdocs/wp-content/plugins/mobile-login-woocommerce/includes/class-xoo-ml-geolocation.php(25): array_map()
#1 /var/www/caraslens.com/htdocs/wp-content/plugins/mobile-login-woocommerce/includes/class-xoo-ml-otp-handler.php(20): Xoo_Ml_Geolocation::get_data()
#2 /var/www/caraslens.com/htdocs/wp-content/plugins/mobile-login-woocommerce/includes/class-xoo-ml-otp-handler.php(14): Xoo_Ml_Otp_Handler->__construct()
#3 /var/www/caraslens.com/htdocs/wp-content/plugins/mobile-login-woocommerce/includes/class-xoo-ml-otp-handler.php(281): Xoo_Ml_Otp_Handler::get_instance()
#4 /var/www/caraslens.com/htdocs/wp-content/plugins/mobile-login-woocommerce/includes/class-xoo-ml-otp-handler.php(283): xoo_ml_otp_handler()
#5 /var/www/caraslens.com/htdocs/wp-content/plugins/mobile-login-woocommerce/includes/class-xoo-ml.php(66): require_once('...')
#6 /var/www/caraslens.com/htdocs/wp-content/plugins/mobile-login-woocommerce/includes/class-xoo-ml.php(23): Xoo_Ml->includes()
#7 /var/www/caraslens.com/htdocs/wp-content/plugins/mobile-login-woocommerce/includes/class-xoo-ml.php(16): Xoo_Ml->__construct()
#8 /var/www/caraslens.com/htdocs/wp-content/plugins/mobile-login-woocommerce/xoo-ml-main.php(46): Xoo_Ml::get_instance()
#9 /var/www/caraslens.com/htdocs/wp-content/plugins/mobile-login-woocommerce/xoo-ml-main.php(39): xoo_ml()
#10 /var/www/caraslens.com/htdocs/wp-includes/class-wp-hook.php(310): xoo_ml_init()
#11 /var/www/caraslens.com/htdocs/wp-includes/class-wp-hook.php(334): WP_Hook->apply_filters()
#12 /var/www/caraslens.com/htdocs/wp-includes/plugin.php(517): WP_Hook->do_action()
#13 /var/www/caraslens.com/htdocs/wp-settings.php(495): do_action()
#14 /var/www/caraslens.com/wp-config.php(113): require_once('...')
#15 /var/www/caraslens.com/htdocs/wp-load.php(55): require_once('...')
#16 /var/www/caraslens.com/htdocs/wp-blog-header.php(13): require_once('...')
#17 /var/www/caraslens.com/htdocs/index.php(17): require('...')
#18 {main}
  thrown in /var/www/caraslens.com/htdocs/wp-content/plugins/mobile-login-woocommerce/includes/class-xoo-ml-geolocation.php on line 25

2023-11-13T23:49:57+00:00 CRITICAL Uncaught TypeError: array_map(): Argument #2 ($array) must be of type array, null given in /var/www/caraslens.com/htdocs/wp-content/plugins/mobile-login-woocommerce/includes/class-xoo-ml-geolocation.php:25
Stack trace:
#0 /var/www/caraslens.com/htdocs/wp-content/plugins/mobile-login-woocommerce/includes/class-xoo-ml-geolocation.php(25): array_map()
#1 /var/www/caraslens.com/htdocs/wp-content/plugins/mobile-login-woocommerce/includes/class-xoo-ml-otp-handler.php(20): Xoo_Ml_Geolocation::get_data()
#2 /var/www/caraslens.com/htdocs/wp-content/plugins/mobile-login-woocommerce/includes/class-xoo-ml-otp-handler.php(14): Xoo_Ml_Otp_Handler->__construct()
#3 /var/www/caraslens.com/htdocs/wp-content/plugins/mobile-login-woocommerce/includes/class-xoo-ml-otp-handler.php(281): Xoo_Ml_Otp_Handler::get_instance()
#4 /var/www/caraslens.com/htdocs/wp-content/plugins/mobile-login-woocommerce/includes/class-xoo-ml-otp-handler.php(283): xoo_ml_otp_handler()
#5 /var/www/caraslens.com/htdocs/wp-content/plugins/mobile-login-woocommerce/includes/class-xoo-ml.php(66): require_once('...')
#6 /var/www/caraslens.com/htdocs/wp-content/plugins/mobile-login-woocommerce/includes/class-xoo-ml.php(23): Xoo_Ml->includes()
#7 /var/www/caraslens.com/htdocs/wp-content/plugins/mobile-login-woocommerce/includes/class-xoo-ml.php(16): Xoo_Ml->__construct()
#8 /var/www/caraslens.com/htdocs/wp-content/plugins/mobile-login-woocommerce/xoo-ml-main.php(46): Xoo_Ml::get_instance()
#9 /var/www/caraslens.com/htdocs/wp-content/plugins/mobile-login-woocommerce/xoo-ml-main.php(39): xoo_ml()
#10 /var/www/caraslens.com/htdocs/wp-includes/class-wp-hook.php(310): xoo_ml_init()
#11 /var/www/caraslens.com/htdocs/wp-includes/class-wp-hook.php(334): WP_Hook->apply_filters()
#12 /var/www/caraslens.com/htdocs/wp-includes/plugin.php(517): WP_Hook->do_action()
#13 /var/www/caraslens.com/htdocs/wp-settings.php(495): do_action()
#14 /var/www/caraslens.com/wp-config.php(113): require_once('...')
#15 /var/www/caraslens.com/htdocs/wp-load.php(55): require_once('...')
#16 /var/www/caraslens.com/htdocs/wp-blog-header.php(13): require_once('...')
#17 /var/www/caraslens.com/htdocs/index.php(17): require('...')
#18 {main}
  thrown in /var/www/caraslens.com/htdocs/wp-content/plugins/mobile-login-woocommerce/includes/class-xoo-ml-geolocation.php on line 25

2023-11-13T23:53:43+00:00 CRITICAL Uncaught TypeError: array_map(): Argument #2 ($array) must be of type array, null given in /var/www/caraslens.com/htdocs/wp-content/plugins/mobile-login-woocommerce/includes/class-xoo-ml-geolocation.php:25
Stack trace:
#0 /var/www/caraslens.com/htdocs/wp-content/plugins/mobile-login-woocommerce/includes/class-xoo-ml-geolocation.php(25): array_map()
#1 /var/www/caraslens.com/htdocs/wp-content/plugins/mobile-login-woocommerce/includes/class-xoo-ml-otp-handler.php(20): Xoo_Ml_Geolocation::get_data()
#2 /var/www/caraslens.com/htdocs/wp-content/plugins/mobile-login-woocommerce/includes/class-xoo-ml-otp-handler.php(14): Xoo_Ml_Otp_Handler->__construct()
#3 /var/www/caraslens.com/htdocs/wp-content/plugins/mobile-login-woocommerce/includes/class-xoo-ml-otp-handler.php(281): Xoo_Ml_Otp_Handler::get_instance()
#4 /var/www/caraslens.com/htdocs/wp-content/plugins/mobile-login-woocommerce/includes/class-xoo-ml-otp-handler.php(283): xoo_ml_otp_handler()
#5 /var/www/caraslens.com/htdocs/wp-content/plugins/mobile-login-woocommerce/includes/class-xoo-ml.php(66): require_once('...')
#6 /var/www/caraslens.com/htdocs/wp-content/plugins/mobile-login-woocommerce/includes/class-xoo-ml.php(23): Xoo_Ml->includes()
#7 /var/www/caraslens.com/htdocs/wp-content/plugins/mobile-login-woocommerce/includes/class-xoo-ml.php(16): Xoo_Ml->__construct()
#8 /var/www/caraslens.com/htdocs/wp-content/plugins/mobile-login-woocommerce/xoo-ml-main.php(46): Xoo_Ml::get_instance()
#9 /var/www/caraslens.com/htdocs/wp-content/plugins/mobile-login-woocommerce/xoo-ml-main.php(39): xoo_ml()
#10 /var/www/caraslens.com/htdocs/wp-includes/class-wp-hook.php(310): xoo_ml_init()
#11 /var/www/caraslens.com/htdocs/wp-includes/class-wp-hook.php(334): WP_Hook->apply_filters()
#12 /var/www/caraslens.com/htdocs/wp-includes/plugin.php(517): WP_Hook->do_action()
#13 /var/www/caraslens.com/htdocs/wp-settings.php(495): do_action()
#14 /var/www/caraslens.com/wp-config.php(113): require_once('...')
#15 /var/www/caraslens.com/htdocs/wp-load.php(55): require_once('...')
#16 /var/www/caraslens.com/htdocs/wp-blog-header.php(13): require_once('...')
#17 /var/www/caraslens.com/htdocs/index.php(17): require('...')
#18 {main}
  thrown in /var/www/caraslens.com/htdocs/wp-content/plugins/mobile-login-woocommerce/includes/class-xoo-ml-geolocation.php on line 25

