2022-11-15T15:07:35+00:00 CRITICAL Uncaught Error: Call to undefined method WP_Textdomain_Registry::reset() in D:\Ampps\www\ecommerce\wp-content\plugins\wpml-string-translation\classes\MO\Hooks\LanguageSwitch.php:139
Stack trace:
#0 D:\Ampps\www\ecommerce\wp-content\plugins\wpml-string-translation\classes\MO\Hooks\LanguageSwitch.php(119): WPML\ST\MO\Hooks\LanguageSwitch->resetTranslationAvailabilityInformation()
#1 D:\Ampps\www\ecommerce\wp-content\plugins\wpml-string-translation\classes\MO\Hooks\LanguageSwitch.php(73): WPML\ST\MO\Hooks\LanguageSwitch->changeMoObjects()
#2 D:\Ampps\www\ecommerce\wp-content\plugins\wpml-string-translation\classes\MO\Hooks\LanguageSwitch.php(48): WPML\ST\MO\Hooks\LanguageSwitch->switchToLocale()
#3 D:\Ampps\www\ecommerce\wp-includes\class-wp-hook.php(310): WPML\ST\MO\Hooks\LanguageSwitch->languageHasSwitched()
#4 D:\Ampps\www\ecommerce\wp-includes\class-wp-hook.php(332): WP_Hook->apply_filters()
#5 D:\Ampps\www\ecommerce\wp-includes\plugin.php(517): WP_Hook->do_action()
#6 D:\Ampps\www\ecommerce\wp-content\plugi in D:\Ampps\www\ecommerce\wp-content\plugins\wpml-string-translation\classes\MO\Hooks\LanguageSwitch.php on line 139

2022-11-15T15:12:35+00:00 CRITICAL Uncaught Error: Call to undefined method WP_Textdomain_Registry::reset() in D:\Ampps\www\ecommerce\wp-content\plugins\wpml-string-translation\classes\MO\Hooks\LanguageSwitch.php:139
Stack trace:
#0 D:\Ampps\www\ecommerce\wp-content\plugins\wpml-string-translation\classes\MO\Hooks\LanguageSwitch.php(119): WPML\ST\MO\Hooks\LanguageSwitch->resetTranslationAvailabilityInformation()
#1 D:\Ampps\www\ecommerce\wp-content\plugins\wpml-string-translation\classes\MO\Hooks\LanguageSwitch.php(73): WPML\ST\MO\Hooks\LanguageSwitch->changeMoObjects()
#2 D:\Ampps\www\ecommerce\wp-content\plugins\wpml-string-translation\classes\MO\Hooks\LanguageSwitch.php(48): WPML\ST\MO\Hooks\LanguageSwitch->switchToLocale()
#3 D:\Ampps\www\ecommerce\wp-includes\class-wp-hook.php(310): WPML\ST\MO\Hooks\LanguageSwitch->languageHasSwitched()
#4 D:\Ampps\www\ecommerce\wp-includes\class-wp-hook.php(332): WP_Hook->apply_filters()
#5 D:\Ampps\www\ecommerce\wp-includes\plugin.php(517): WP_Hook->do_action()
#6 D:\Ampps\www\ecommerce\wp-content\plugi in D:\Ampps\www\ecommerce\wp-content\plugins\wpml-string-translation\classes\MO\Hooks\LanguageSwitch.php on line 139

2022-11-15T15:22:34+00:00 CRITICAL Uncaught Error: Call to undefined method WP_Textdomain_Registry::reset() in D:\Ampps\www\ecommerce\wp-content\plugins\wpml-string-translation\classes\MO\Hooks\LanguageSwitch.php:139
Stack trace:
#0 D:\Ampps\www\ecommerce\wp-content\plugins\wpml-string-translation\classes\MO\Hooks\LanguageSwitch.php(119): WPML\ST\MO\Hooks\LanguageSwitch->resetTranslationAvailabilityInformation()
#1 D:\Ampps\www\ecommerce\wp-content\plugins\wpml-string-translation\classes\MO\Hooks\LanguageSwitch.php(73): WPML\ST\MO\Hooks\LanguageSwitch->changeMoObjects()
#2 D:\Ampps\www\ecommerce\wp-content\plugins\wpml-string-translation\classes\MO\Hooks\LanguageSwitch.php(48): WPML\ST\MO\Hooks\LanguageSwitch->switchToLocale()
#3 D:\Ampps\www\ecommerce\wp-includes\class-wp-hook.php(310): WPML\ST\MO\Hooks\LanguageSwitch->languageHasSwitched()
#4 D:\Ampps\www\ecommerce\wp-includes\class-wp-hook.php(332): WP_Hook->apply_filters()
#5 D:\Ampps\www\ecommerce\wp-includes\plugin.php(517): WP_Hook->do_action()
#6 D:\Ampps\www\ecommerce\wp-content\plugi in D:\Ampps\www\ecommerce\wp-content\plugins\wpml-string-translation\classes\MO\Hooks\LanguageSwitch.php on line 139

2022-11-15T15:48:22+00:00 CRITICAL Uncaught Error: Call to undefined method WP_Textdomain_Registry::reset() in D:\Ampps\www\ecommerce\wp-content\plugins\wpml-string-translation\classes\MO\Hooks\LanguageSwitch.php:139
Stack trace:
#0 D:\Ampps\www\ecommerce\wp-content\plugins\wpml-string-translation\classes\MO\Hooks\LanguageSwitch.php(119): WPML\ST\MO\Hooks\LanguageSwitch->resetTranslationAvailabilityInformation()
#1 D:\Ampps\www\ecommerce\wp-content\plugins\wpml-string-translation\classes\MO\Hooks\LanguageSwitch.php(73): WPML\ST\MO\Hooks\LanguageSwitch->changeMoObjects()
#2 D:\Ampps\www\ecommerce\wp-content\plugins\wpml-string-translation\classes\MO\Hooks\LanguageSwitch.php(48): WPML\ST\MO\Hooks\LanguageSwitch->switchToLocale()
#3 D:\Ampps\www\ecommerce\wp-includes\class-wp-hook.php(310): WPML\ST\MO\Hooks\LanguageSwitch->languageHasSwitched()
#4 D:\Ampps\www\ecommerce\wp-includes\class-wp-hook.php(332): WP_Hook->apply_filters()
#5 D:\Ampps\www\ecommerce\wp-includes\plugin.php(517): WP_Hook->do_action()
#6 D:\Ampps\www\ecommerce\wp-content\plugi in D:\Ampps\www\ecommerce\wp-content\plugins\wpml-string-translation\classes\MO\Hooks\LanguageSwitch.php on line 139

