2022-07-28T01:28:26+00:00 CRITICAL Uncaught Error: Call to undefined function http://ecommerce.io/wp-content/themes/storefront-child() in D:\xampp\htdocs\ecommerce\wp-content\themes\storefront-child\functions\gallery-slider\woo-product-gallery-image-slider.php:21
Stack trace:
#0 D:\xampp\htdocs\ecommerce\wp-includes\class-wp-hook.php(307): wpgis_enqueue_scripts('')
#1 D:\xampp\htdocs\ecommerce\wp-includes\class-wp-hook.php(331): WP_Hook->apply_filters(NULL, Array)
#2 D:\xampp\htdocs\ecommerce\wp-includes\plugin.php(476): WP_Hook->do_action(Array)
#3 D:\xampp\htdocs\ecommerce\wp-includes\script-loader.php(2156): do_action('wp_enqueue_scri...')
#4 D:\xampp\htdocs\ecommerce\wp-includes\class-wp-hook.php(307): wp_enqueue_scripts('')
#5 D:\xampp\htdocs\ecommerce\wp-includes\class-wp-hook.php(331): WP_Hook->apply_filters('', Array)
#6 D:\xampp\htdocs\ecommerce\wp-includes\plugin.php(476): WP_Hook->do_action(Array)
#7 D:\xampp\htdocs\ecommerce\wp-includes\general-template.php(3042): do_action('wp_head')
#8 D:\xampp\htdocs\ecommerce\wp-content\themes\ in D:\xampp\htdocs\ecommerce\wp-content\themes\storefront-child\functions\gallery-slider\woo-product-gallery-image-slider.php on line 21

2022-07-28T01:28:51+00:00 CRITICAL Uncaught Error: Call to undefined function http://ecommerce.io/wp-content/themes/storefront-child() in D:\xampp\htdocs\ecommerce\wp-content\themes\storefront-child\functions\gallery-slider\woo-product-gallery-image-slider.php:8
Stack trace:
#0 D:\xampp\htdocs\ecommerce\wp-includes\class-wp-hook.php(307): wpgis_enqueue_scripts('')
#1 D:\xampp\htdocs\ecommerce\wp-includes\class-wp-hook.php(331): WP_Hook->apply_filters(NULL, Array)
#2 D:\xampp\htdocs\ecommerce\wp-includes\plugin.php(476): WP_Hook->do_action(Array)
#3 D:\xampp\htdocs\ecommerce\wp-includes\script-loader.php(2156): do_action('wp_enqueue_scri...')
#4 D:\xampp\htdocs\ecommerce\wp-includes\class-wp-hook.php(307): wp_enqueue_scripts('')
#5 D:\xampp\htdocs\ecommerce\wp-includes\class-wp-hook.php(331): WP_Hook->apply_filters('', Array)
#6 D:\xampp\htdocs\ecommerce\wp-includes\plugin.php(476): WP_Hook->do_action(Array)
#7 D:\xampp\htdocs\ecommerce\wp-includes\general-template.php(3042): do_action('wp_head')
#8 D:\xampp\htdocs\ecommerce\wp-content\themes\s in D:\xampp\htdocs\ecommerce\wp-content\themes\storefront-child\functions\gallery-slider\woo-product-gallery-image-slider.php on line 8

