2023-04-17T00:19:14+00:00 CRITICAL Uncaught Error: Call to a member function get_original_product_id() on null in /home/caraslens.com/public_html/wp-content/plugins/woocommerce-multilingual/inc/currencies/class-wcml-custom-prices.php:84
Stack trace:
#0 /home/caraslens.com/public_html/wp-content/plugins/woocommerce-multilingual/inc/currencies/class-wcml-multi-currency-prices.php(267): WCML_Custom_Prices->get_product_custom_prices()
#1 /home/caraslens.com/public_html/wp-content/plugins/sitepress-multilingual-cms/vendor/wpml/fp/core/Logic.php(121): WCML_Multi_Currency_Prices->{closure}()
#2 [internal function]: WPML\FP\Logic::WPML\FP\{closure}()
#3 /home/caraslens.com/public_html/wp-content/plugins/sitepress-multilingual-cms/vendor/wpml/fp/core/functions.php(152): call_user_func_array()
#4 /home/caraslens.com/public_html/wp-content/plugins/woocommerce-multilingual/inc/currencies/class-wcml-multi-currency-prices.php(287): WPML\FP\{closure}()
#5 /home/caraslens.com/public_html/wp-includes/class-wp-hook.php(310): WCML_Multi_Currency_Prices->product_ in /home/caraslens.com/public_html/wp-content/plugins/woocommerce-multilingual/inc/currencies/class-wcml-custom-prices.php on line 84

2023-04-17T00:30:52+00:00 CRITICAL Uncaught Error: Call to a member function get_original_product_id() on null in /home/caraslens.com/public_html/wp-content/plugins/woocommerce-multilingual/inc/currencies/class-wcml-custom-prices.php:84
Stack trace:
#0 /home/caraslens.com/public_html/wp-content/plugins/woocommerce-multilingual/inc/currencies/class-wcml-multi-currency-prices.php(267): WCML_Custom_Prices->get_product_custom_prices()
#1 /home/caraslens.com/public_html/wp-content/plugins/sitepress-multilingual-cms/vendor/wpml/fp/core/Logic.php(121): WCML_Multi_Currency_Prices->{closure}()
#2 [internal function]: WPML\FP\Logic::WPML\FP\{closure}()
#3 /home/caraslens.com/public_html/wp-content/plugins/sitepress-multilingual-cms/vendor/wpml/fp/core/functions.php(152): call_user_func_array()
#4 /home/caraslens.com/public_html/wp-content/plugins/woocommerce-multilingual/inc/currencies/class-wcml-multi-currency-prices.php(287): WPML\FP\{closure}()
#5 /home/caraslens.com/public_html/wp-includes/class-wp-hook.php(310): WCML_Multi_Currency_Prices->product_ in /home/caraslens.com/public_html/wp-content/plugins/woocommerce-multilingual/inc/currencies/class-wcml-custom-prices.php on line 84

2023-04-17T00:31:15+00:00 CRITICAL Uncaught Error: Call to a member function get_original_product_id() on null in /home/caraslens.com/public_html/wp-content/plugins/woocommerce-multilingual/inc/currencies/class-wcml-custom-prices.php:84
Stack trace:
#0 /home/caraslens.com/public_html/wp-content/plugins/woocommerce-multilingual/inc/currencies/class-wcml-multi-currency-prices.php(267): WCML_Custom_Prices->get_product_custom_prices()
#1 /home/caraslens.com/public_html/wp-content/plugins/sitepress-multilingual-cms/vendor/wpml/fp/core/Logic.php(121): WCML_Multi_Currency_Prices->{closure}()
#2 [internal function]: WPML\FP\Logic::WPML\FP\{closure}()
#3 /home/caraslens.com/public_html/wp-content/plugins/sitepress-multilingual-cms/vendor/wpml/fp/core/functions.php(152): call_user_func_array()
#4 /home/caraslens.com/public_html/wp-content/plugins/woocommerce-multilingual/inc/currencies/class-wcml-multi-currency-prices.php(287): WPML\FP\{closure}()
#5 /home/caraslens.com/public_html/wp-includes/class-wp-hook.php(310): WCML_Multi_Currency_Prices->product_ in /home/caraslens.com/public_html/wp-content/plugins/woocommerce-multilingual/inc/currencies/class-wcml-custom-prices.php on line 84

2023-04-17T01:56:43+00:00 CRITICAL Uncaught Error: Call to a member function get_original_product_id() on null in /home/caraslens.com/public_html/wp-content/plugins/woocommerce-multilingual/inc/currencies/class-wcml-custom-prices.php:84
Stack trace:
#0 /home/caraslens.com/public_html/wp-content/plugins/woocommerce-multilingual/inc/currencies/class-wcml-multi-currency-prices.php(267): WCML_Custom_Prices->get_product_custom_prices()
#1 /home/caraslens.com/public_html/wp-content/plugins/sitepress-multilingual-cms/vendor/wpml/fp/core/Logic.php(121): WCML_Multi_Currency_Prices->{closure}()
#2 [internal function]: WPML\FP\Logic::WPML\FP\{closure}()
#3 /home/caraslens.com/public_html/wp-content/plugins/sitepress-multilingual-cms/vendor/wpml/fp/core/functions.php(152): call_user_func_array()
#4 /home/caraslens.com/public_html/wp-content/plugins/woocommerce-multilingual/inc/currencies/class-wcml-multi-currency-prices.php(287): WPML\FP\{closure}()
#5 /home/caraslens.com/public_html/wp-includes/class-wp-hook.php(310): WCML_Multi_Currency_Prices->product_ in /home/caraslens.com/public_html/wp-content/plugins/woocommerce-multilingual/inc/currencies/class-wcml-custom-prices.php on line 84

2023-04-17T02:03:37+00:00 CRITICAL Uncaught Error: Call to a member function get_original_product_id() on null in /home/caraslens.com/public_html/wp-content/plugins/woocommerce-multilingual/inc/currencies/class-wcml-custom-prices.php:84
Stack trace:
#0 /home/caraslens.com/public_html/wp-content/plugins/woocommerce-multilingual/inc/currencies/class-wcml-multi-currency-prices.php(267): WCML_Custom_Prices->get_product_custom_prices()
#1 /home/caraslens.com/public_html/wp-content/plugins/sitepress-multilingual-cms/vendor/wpml/fp/core/Logic.php(121): WCML_Multi_Currency_Prices->{closure}()
#2 [internal function]: WPML\FP\Logic::WPML\FP\{closure}()
#3 /home/caraslens.com/public_html/wp-content/plugins/sitepress-multilingual-cms/vendor/wpml/fp/core/functions.php(152): call_user_func_array()
#4 /home/caraslens.com/public_html/wp-content/plugins/woocommerce-multilingual/inc/currencies/class-wcml-multi-currency-prices.php(287): WPML\FP\{closure}()
#5 /home/caraslens.com/public_html/wp-includes/class-wp-hook.php(310): WCML_Multi_Currency_Prices->product_ in /home/caraslens.com/public_html/wp-content/plugins/woocommerce-multilingual/inc/currencies/class-wcml-custom-prices.php on line 84

2023-04-17T02:59:57+00:00 CRITICAL Uncaught Error: Call to a member function get_original_product_id() on null in /home/caraslens.com/public_html/wp-content/plugins/woocommerce-multilingual/inc/currencies/class-wcml-custom-prices.php:84
Stack trace:
#0 /home/caraslens.com/public_html/wp-content/plugins/woocommerce-multilingual/inc/currencies/class-wcml-multi-currency-prices.php(267): WCML_Custom_Prices->get_product_custom_prices()
#1 /home/caraslens.com/public_html/wp-content/plugins/sitepress-multilingual-cms/vendor/wpml/fp/core/Logic.php(121): WCML_Multi_Currency_Prices->{closure}()
#2 [internal function]: WPML\FP\Logic::WPML\FP\{closure}()
#3 /home/caraslens.com/public_html/wp-content/plugins/sitepress-multilingual-cms/vendor/wpml/fp/core/functions.php(152): call_user_func_array()
#4 /home/caraslens.com/public_html/wp-content/plugins/woocommerce-multilingual/inc/currencies/class-wcml-multi-currency-prices.php(287): WPML\FP\{closure}()
#5 /home/caraslens.com/public_html/wp-includes/class-wp-hook.php(310): WCML_Multi_Currency_Prices->product_ in /home/caraslens.com/public_html/wp-content/plugins/woocommerce-multilingual/inc/currencies/class-wcml-custom-prices.php on line 84

2023-04-17T03:00:09+00:00 CRITICAL Uncaught Error: Call to a member function get_original_product_id() on null in /home/caraslens.com/public_html/wp-content/plugins/woocommerce-multilingual/inc/currencies/class-wcml-custom-prices.php:84
Stack trace:
#0 /home/caraslens.com/public_html/wp-content/plugins/woocommerce-multilingual/inc/currencies/class-wcml-multi-currency-prices.php(267): WCML_Custom_Prices->get_product_custom_prices()
#1 /home/caraslens.com/public_html/wp-content/plugins/sitepress-multilingual-cms/vendor/wpml/fp/core/Logic.php(121): WCML_Multi_Currency_Prices->{closure}()
#2 [internal function]: WPML\FP\Logic::WPML\FP\{closure}()
#3 /home/caraslens.com/public_html/wp-content/plugins/sitepress-multilingual-cms/vendor/wpml/fp/core/functions.php(152): call_user_func_array()
#4 /home/caraslens.com/public_html/wp-content/plugins/woocommerce-multilingual/inc/currencies/class-wcml-multi-currency-prices.php(287): WPML\FP\{closure}()
#5 /home/caraslens.com/public_html/wp-includes/class-wp-hook.php(310): WCML_Multi_Currency_Prices->product_ in /home/caraslens.com/public_html/wp-content/plugins/woocommerce-multilingual/inc/currencies/class-wcml-custom-prices.php on line 84

2023-04-17T03:08:22+00:00 CRITICAL Uncaught Error: Call to a member function get_original_product_id() on null in /home/caraslens.com/public_html/wp-content/plugins/woocommerce-multilingual/inc/currencies/class-wcml-custom-prices.php:84
Stack trace:
#0 /home/caraslens.com/public_html/wp-content/plugins/woocommerce-multilingual/inc/currencies/class-wcml-multi-currency-prices.php(267): WCML_Custom_Prices->get_product_custom_prices()
#1 /home/caraslens.com/public_html/wp-content/plugins/sitepress-multilingual-cms/vendor/wpml/fp/core/Logic.php(121): WCML_Multi_Currency_Prices->{closure}()
#2 [internal function]: WPML\FP\Logic::WPML\FP\{closure}()
#3 /home/caraslens.com/public_html/wp-content/plugins/sitepress-multilingual-cms/vendor/wpml/fp/core/functions.php(152): call_user_func_array()
#4 /home/caraslens.com/public_html/wp-content/plugins/woocommerce-multilingual/inc/currencies/class-wcml-multi-currency-prices.php(287): WPML\FP\{closure}()
#5 /home/caraslens.com/public_html/wp-includes/class-wp-hook.php(310): WCML_Multi_Currency_Prices->product_ in /home/caraslens.com/public_html/wp-content/plugins/woocommerce-multilingual/inc/currencies/class-wcml-custom-prices.php on line 84

2023-04-17T03:08:58+00:00 CRITICAL Uncaught Error: Call to a member function get_original_product_id() on null in /home/caraslens.com/public_html/wp-content/plugins/woocommerce-multilingual/inc/currencies/class-wcml-custom-prices.php:84
Stack trace:
#0 /home/caraslens.com/public_html/wp-content/plugins/woocommerce-multilingual/inc/currencies/class-wcml-multi-currency-prices.php(267): WCML_Custom_Prices->get_product_custom_prices()
#1 /home/caraslens.com/public_html/wp-content/plugins/sitepress-multilingual-cms/vendor/wpml/fp/core/Logic.php(121): WCML_Multi_Currency_Prices->{closure}()
#2 [internal function]: WPML\FP\Logic::WPML\FP\{closure}()
#3 /home/caraslens.com/public_html/wp-content/plugins/sitepress-multilingual-cms/vendor/wpml/fp/core/functions.php(152): call_user_func_array()
#4 /home/caraslens.com/public_html/wp-content/plugins/woocommerce-multilingual/inc/currencies/class-wcml-multi-currency-prices.php(287): WPML\FP\{closure}()
#5 /home/caraslens.com/public_html/wp-includes/class-wp-hook.php(310): WCML_Multi_Currency_Prices->product_ in /home/caraslens.com/public_html/wp-content/plugins/woocommerce-multilingual/inc/currencies/class-wcml-custom-prices.php on line 84

2023-04-17T03:09:16+00:00 CRITICAL Uncaught Error: Call to a member function get_original_product_id() on null in /home/caraslens.com/public_html/wp-content/plugins/woocommerce-multilingual/inc/currencies/class-wcml-custom-prices.php:84
Stack trace:
#0 /home/caraslens.com/public_html/wp-content/plugins/woocommerce-multilingual/inc/currencies/class-wcml-multi-currency-prices.php(267): WCML_Custom_Prices->get_product_custom_prices()
#1 /home/caraslens.com/public_html/wp-content/plugins/sitepress-multilingual-cms/vendor/wpml/fp/core/Logic.php(121): WCML_Multi_Currency_Prices->{closure}()
#2 [internal function]: WPML\FP\Logic::WPML\FP\{closure}()
#3 /home/caraslens.com/public_html/wp-content/plugins/sitepress-multilingual-cms/vendor/wpml/fp/core/functions.php(152): call_user_func_array()
#4 /home/caraslens.com/public_html/wp-content/plugins/woocommerce-multilingual/inc/currencies/class-wcml-multi-currency-prices.php(287): WPML\FP\{closure}()
#5 /home/caraslens.com/public_html/wp-includes/class-wp-hook.php(310): WCML_Multi_Currency_Prices->product_ in /home/caraslens.com/public_html/wp-content/plugins/woocommerce-multilingual/inc/currencies/class-wcml-custom-prices.php on line 84

2023-04-17T03:09:29+00:00 CRITICAL Uncaught Error: Call to a member function get_original_product_id() on null in /home/caraslens.com/public_html/wp-content/plugins/woocommerce-multilingual/inc/currencies/class-wcml-custom-prices.php:84
Stack trace:
#0 /home/caraslens.com/public_html/wp-content/plugins/woocommerce-multilingual/inc/currencies/class-wcml-multi-currency-prices.php(267): WCML_Custom_Prices->get_product_custom_prices()
#1 /home/caraslens.com/public_html/wp-content/plugins/sitepress-multilingual-cms/vendor/wpml/fp/core/Logic.php(121): WCML_Multi_Currency_Prices->{closure}()
#2 [internal function]: WPML\FP\Logic::WPML\FP\{closure}()
#3 /home/caraslens.com/public_html/wp-content/plugins/sitepress-multilingual-cms/vendor/wpml/fp/core/functions.php(152): call_user_func_array()
#4 /home/caraslens.com/public_html/wp-content/plugins/woocommerce-multilingual/inc/currencies/class-wcml-multi-currency-prices.php(287): WPML\FP\{closure}()
#5 /home/caraslens.com/public_html/wp-includes/class-wp-hook.php(310): WCML_Multi_Currency_Prices->product_ in /home/caraslens.com/public_html/wp-content/plugins/woocommerce-multilingual/inc/currencies/class-wcml-custom-prices.php on line 84

2023-04-17T03:09:51+00:00 CRITICAL Uncaught Error: Call to a member function get_original_product_id() on null in /home/caraslens.com/public_html/wp-content/plugins/woocommerce-multilingual/inc/currencies/class-wcml-custom-prices.php:84
Stack trace:
#0 /home/caraslens.com/public_html/wp-content/plugins/woocommerce-multilingual/inc/currencies/class-wcml-multi-currency-prices.php(267): WCML_Custom_Prices->get_product_custom_prices()
#1 /home/caraslens.com/public_html/wp-content/plugins/sitepress-multilingual-cms/vendor/wpml/fp/core/Logic.php(121): WCML_Multi_Currency_Prices->{closure}()
#2 [internal function]: WPML\FP\Logic::WPML\FP\{closure}()
#3 /home/caraslens.com/public_html/wp-content/plugins/sitepress-multilingual-cms/vendor/wpml/fp/core/functions.php(152): call_user_func_array()
#4 /home/caraslens.com/public_html/wp-content/plugins/woocommerce-multilingual/inc/currencies/class-wcml-multi-currency-prices.php(287): WPML\FP\{closure}()
#5 /home/caraslens.com/public_html/wp-includes/class-wp-hook.php(310): WCML_Multi_Currency_Prices->product_ in /home/caraslens.com/public_html/wp-content/plugins/woocommerce-multilingual/inc/currencies/class-wcml-custom-prices.php on line 84

2023-04-17T03:09:56+00:00 CRITICAL Uncaught Error: Call to a member function get_original_product_id() on null in /home/caraslens.com/public_html/wp-content/plugins/woocommerce-multilingual/inc/currencies/class-wcml-custom-prices.php:84
Stack trace:
#0 /home/caraslens.com/public_html/wp-content/plugins/woocommerce-multilingual/inc/currencies/class-wcml-multi-currency-prices.php(267): WCML_Custom_Prices->get_product_custom_prices()
#1 /home/caraslens.com/public_html/wp-content/plugins/sitepress-multilingual-cms/vendor/wpml/fp/core/Logic.php(121): WCML_Multi_Currency_Prices->{closure}()
#2 [internal function]: WPML\FP\Logic::WPML\FP\{closure}()
#3 /home/caraslens.com/public_html/wp-content/plugins/sitepress-multilingual-cms/vendor/wpml/fp/core/functions.php(152): call_user_func_array()
#4 /home/caraslens.com/public_html/wp-content/plugins/woocommerce-multilingual/inc/currencies/class-wcml-multi-currency-prices.php(287): WPML\FP\{closure}()
#5 /home/caraslens.com/public_html/wp-includes/class-wp-hook.php(310): WCML_Multi_Currency_Prices->product_ in /home/caraslens.com/public_html/wp-content/plugins/woocommerce-multilingual/inc/currencies/class-wcml-custom-prices.php on line 84

2023-04-17T03:10:02+00:00 CRITICAL Uncaught Error: Call to a member function get_original_product_id() on null in /home/caraslens.com/public_html/wp-content/plugins/woocommerce-multilingual/inc/currencies/class-wcml-custom-prices.php:84
Stack trace:
#0 /home/caraslens.com/public_html/wp-content/plugins/woocommerce-multilingual/inc/currencies/class-wcml-multi-currency-prices.php(267): WCML_Custom_Prices->get_product_custom_prices()
#1 /home/caraslens.com/public_html/wp-content/plugins/sitepress-multilingual-cms/vendor/wpml/fp/core/Logic.php(121): WCML_Multi_Currency_Prices->{closure}()
#2 [internal function]: WPML\FP\Logic::WPML\FP\{closure}()
#3 /home/caraslens.com/public_html/wp-content/plugins/sitepress-multilingual-cms/vendor/wpml/fp/core/functions.php(152): call_user_func_array()
#4 /home/caraslens.com/public_html/wp-content/plugins/woocommerce-multilingual/inc/currencies/class-wcml-multi-currency-prices.php(287): WPML\FP\{closure}()
#5 /home/caraslens.com/public_html/wp-includes/class-wp-hook.php(310): WCML_Multi_Currency_Prices->product_ in /home/caraslens.com/public_html/wp-content/plugins/woocommerce-multilingual/inc/currencies/class-wcml-custom-prices.php on line 84

2023-04-17T03:10:12+00:00 CRITICAL Uncaught Error: Call to a member function get_original_product_id() on null in /home/caraslens.com/public_html/wp-content/plugins/woocommerce-multilingual/inc/currencies/class-wcml-custom-prices.php:84
Stack trace:
#0 /home/caraslens.com/public_html/wp-content/plugins/woocommerce-multilingual/inc/currencies/class-wcml-multi-currency-prices.php(267): WCML_Custom_Prices->get_product_custom_prices()
#1 /home/caraslens.com/public_html/wp-content/plugins/sitepress-multilingual-cms/vendor/wpml/fp/core/Logic.php(121): WCML_Multi_Currency_Prices->{closure}()
#2 [internal function]: WPML\FP\Logic::WPML\FP\{closure}()
#3 /home/caraslens.com/public_html/wp-content/plugins/sitepress-multilingual-cms/vendor/wpml/fp/core/functions.php(152): call_user_func_array()
#4 /home/caraslens.com/public_html/wp-content/plugins/woocommerce-multilingual/inc/currencies/class-wcml-multi-currency-prices.php(287): WPML\FP\{closure}()
#5 /home/caraslens.com/public_html/wp-includes/class-wp-hook.php(310): WCML_Multi_Currency_Prices->product_ in /home/caraslens.com/public_html/wp-content/plugins/woocommerce-multilingual/inc/currencies/class-wcml-custom-prices.php on line 84

2023-04-17T04:10:31+00:00 CRITICAL Uncaught Error: Call to a member function get_original_product_id() on null in /home/caraslens.com/public_html/wp-content/plugins/woocommerce-multilingual/inc/currencies/class-wcml-custom-prices.php:84
Stack trace:
#0 /home/caraslens.com/public_html/wp-content/plugins/woocommerce-multilingual/inc/currencies/class-wcml-multi-currency-prices.php(267): WCML_Custom_Prices->get_product_custom_prices()
#1 /home/caraslens.com/public_html/wp-content/plugins/sitepress-multilingual-cms/vendor/wpml/fp/core/Logic.php(121): WCML_Multi_Currency_Prices->{closure}()
#2 [internal function]: WPML\FP\Logic::WPML\FP\{closure}()
#3 /home/caraslens.com/public_html/wp-content/plugins/sitepress-multilingual-cms/vendor/wpml/fp/core/functions.php(152): call_user_func_array()
#4 /home/caraslens.com/public_html/wp-content/plugins/woocommerce-multilingual/inc/currencies/class-wcml-multi-currency-prices.php(287): WPML\FP\{closure}()
#5 /home/caraslens.com/public_html/wp-includes/class-wp-hook.php(310): WCML_Multi_Currency_Prices->product_ in /home/caraslens.com/public_html/wp-content/plugins/woocommerce-multilingual/inc/currencies/class-wcml-custom-prices.php on line 84

2023-04-17T04:10:42+00:00 CRITICAL Uncaught Error: Call to a member function get_original_product_id() on null in /home/caraslens.com/public_html/wp-content/plugins/woocommerce-multilingual/inc/currencies/class-wcml-custom-prices.php:84
Stack trace:
#0 /home/caraslens.com/public_html/wp-content/plugins/woocommerce-multilingual/inc/currencies/class-wcml-multi-currency-prices.php(267): WCML_Custom_Prices->get_product_custom_prices()
#1 /home/caraslens.com/public_html/wp-content/plugins/sitepress-multilingual-cms/vendor/wpml/fp/core/Logic.php(121): WCML_Multi_Currency_Prices->{closure}()
#2 [internal function]: WPML\FP\Logic::WPML\FP\{closure}()
#3 /home/caraslens.com/public_html/wp-content/plugins/sitepress-multilingual-cms/vendor/wpml/fp/core/functions.php(152): call_user_func_array()
#4 /home/caraslens.com/public_html/wp-content/plugins/woocommerce-multilingual/inc/currencies/class-wcml-multi-currency-prices.php(287): WPML\FP\{closure}()
#5 /home/caraslens.com/public_html/wp-includes/class-wp-hook.php(310): WCML_Multi_Currency_Prices->product_ in /home/caraslens.com/public_html/wp-content/plugins/woocommerce-multilingual/inc/currencies/class-wcml-custom-prices.php on line 84

2023-04-17T04:53:32+00:00 CRITICAL Uncaught Error: Call to a member function get_original_product_id() on null in /home/caraslens.com/public_html/wp-content/plugins/woocommerce-multilingual/inc/currencies/class-wcml-custom-prices.php:84
Stack trace:
#0 /home/caraslens.com/public_html/wp-content/plugins/woocommerce-multilingual/inc/currencies/class-wcml-multi-currency-prices.php(267): WCML_Custom_Prices->get_product_custom_prices()
#1 /home/caraslens.com/public_html/wp-content/plugins/sitepress-multilingual-cms/vendor/wpml/fp/core/Logic.php(121): WCML_Multi_Currency_Prices->{closure}()
#2 [internal function]: WPML\FP\Logic::WPML\FP\{closure}()
#3 /home/caraslens.com/public_html/wp-content/plugins/sitepress-multilingual-cms/vendor/wpml/fp/core/functions.php(152): call_user_func_array()
#4 /home/caraslens.com/public_html/wp-content/plugins/woocommerce-multilingual/inc/currencies/class-wcml-multi-currency-prices.php(287): WPML\FP\{closure}()
#5 /home/caraslens.com/public_html/wp-includes/class-wp-hook.php(310): WCML_Multi_Currency_Prices->product_ in /home/caraslens.com/public_html/wp-content/plugins/woocommerce-multilingual/inc/currencies/class-wcml-custom-prices.php on line 84

2023-04-17T05:46:14+00:00 CRITICAL Uncaught Error: Call to a member function get_original_product_id() on null in /home/caraslens.com/public_html/wp-content/plugins/woocommerce-multilingual/inc/currencies/class-wcml-custom-prices.php:84
Stack trace:
#0 /home/caraslens.com/public_html/wp-content/plugins/woocommerce-multilingual/inc/currencies/class-wcml-multi-currency-prices.php(267): WCML_Custom_Prices->get_product_custom_prices()
#1 /home/caraslens.com/public_html/wp-content/plugins/sitepress-multilingual-cms/vendor/wpml/fp/core/Logic.php(121): WCML_Multi_Currency_Prices->{closure}()
#2 [internal function]: WPML\FP\Logic::WPML\FP\{closure}()
#3 /home/caraslens.com/public_html/wp-content/plugins/sitepress-multilingual-cms/vendor/wpml/fp/core/functions.php(152): call_user_func_array()
#4 /home/caraslens.com/public_html/wp-content/plugins/woocommerce-multilingual/inc/currencies/class-wcml-multi-currency-prices.php(287): WPML\FP\{closure}()
#5 /home/caraslens.com/public_html/wp-includes/class-wp-hook.php(310): WCML_Multi_Currency_Prices->product_ in /home/caraslens.com/public_html/wp-content/plugins/woocommerce-multilingual/inc/currencies/class-wcml-custom-prices.php on line 84

2023-04-17T05:46:32+00:00 CRITICAL Uncaught Error: Call to a member function get_original_product_id() on null in /home/caraslens.com/public_html/wp-content/plugins/woocommerce-multilingual/inc/currencies/class-wcml-custom-prices.php:84
Stack trace:
#0 /home/caraslens.com/public_html/wp-content/plugins/woocommerce-multilingual/inc/currencies/class-wcml-multi-currency-prices.php(267): WCML_Custom_Prices->get_product_custom_prices()
#1 /home/caraslens.com/public_html/wp-content/plugins/sitepress-multilingual-cms/vendor/wpml/fp/core/Logic.php(121): WCML_Multi_Currency_Prices->{closure}()
#2 [internal function]: WPML\FP\Logic::WPML\FP\{closure}()
#3 /home/caraslens.com/public_html/wp-content/plugins/sitepress-multilingual-cms/vendor/wpml/fp/core/functions.php(152): call_user_func_array()
#4 /home/caraslens.com/public_html/wp-content/plugins/woocommerce-multilingual/inc/currencies/class-wcml-multi-currency-prices.php(287): WPML\FP\{closure}()
#5 /home/caraslens.com/public_html/wp-includes/class-wp-hook.php(310): WCML_Multi_Currency_Prices->product_ in /home/caraslens.com/public_html/wp-content/plugins/woocommerce-multilingual/inc/currencies/class-wcml-custom-prices.php on line 84

2023-04-17T05:46:38+00:00 CRITICAL Uncaught Error: Call to a member function get_original_product_id() on null in /home/caraslens.com/public_html/wp-content/plugins/woocommerce-multilingual/inc/currencies/class-wcml-custom-prices.php:84
Stack trace:
#0 /home/caraslens.com/public_html/wp-content/plugins/woocommerce-multilingual/inc/currencies/class-wcml-multi-currency-prices.php(267): WCML_Custom_Prices->get_product_custom_prices()
#1 /home/caraslens.com/public_html/wp-content/plugins/sitepress-multilingual-cms/vendor/wpml/fp/core/Logic.php(121): WCML_Multi_Currency_Prices->{closure}()
#2 [internal function]: WPML\FP\Logic::WPML\FP\{closure}()
#3 /home/caraslens.com/public_html/wp-content/plugins/sitepress-multilingual-cms/vendor/wpml/fp/core/functions.php(152): call_user_func_array()
#4 /home/caraslens.com/public_html/wp-content/plugins/woocommerce-multilingual/inc/currencies/class-wcml-multi-currency-prices.php(287): WPML\FP\{closure}()
#5 /home/caraslens.com/public_html/wp-includes/class-wp-hook.php(310): WCML_Multi_Currency_Prices->product_ in /home/caraslens.com/public_html/wp-content/plugins/woocommerce-multilingual/inc/currencies/class-wcml-custom-prices.php on line 84

2023-04-17T06:01:10+00:00 CRITICAL Uncaught Error: Call to a member function get_original_product_id() on null in /home/caraslens.com/public_html/wp-content/plugins/woocommerce-multilingual/inc/currencies/class-wcml-custom-prices.php:84
Stack trace:
#0 /home/caraslens.com/public_html/wp-content/plugins/woocommerce-multilingual/inc/currencies/class-wcml-multi-currency-prices.php(267): WCML_Custom_Prices->get_product_custom_prices()
#1 /home/caraslens.com/public_html/wp-content/plugins/sitepress-multilingual-cms/vendor/wpml/fp/core/Logic.php(121): WCML_Multi_Currency_Prices->{closure}()
#2 [internal function]: WPML\FP\Logic::WPML\FP\{closure}()
#3 /home/caraslens.com/public_html/wp-content/plugins/sitepress-multilingual-cms/vendor/wpml/fp/core/functions.php(152): call_user_func_array()
#4 /home/caraslens.com/public_html/wp-content/plugins/woocommerce-multilingual/inc/currencies/class-wcml-multi-currency-prices.php(287): WPML\FP\{closure}()
#5 /home/caraslens.com/public_html/wp-includes/class-wp-hook.php(310): WCML_Multi_Currency_Prices->product_ in /home/caraslens.com/public_html/wp-content/plugins/woocommerce-multilingual/inc/currencies/class-wcml-custom-prices.php on line 84

2023-04-17T06:37:52+00:00 CRITICAL Uncaught Error: Call to a member function get_original_product_id() on null in /home/caraslens.com/public_html/wp-content/plugins/woocommerce-multilingual/inc/currencies/class-wcml-custom-prices.php:84
Stack trace:
#0 /home/caraslens.com/public_html/wp-content/plugins/woocommerce-multilingual/inc/currencies/class-wcml-multi-currency-prices.php(267): WCML_Custom_Prices->get_product_custom_prices()
#1 /home/caraslens.com/public_html/wp-content/plugins/sitepress-multilingual-cms/vendor/wpml/fp/core/Logic.php(121): WCML_Multi_Currency_Prices->{closure}()
#2 [internal function]: WPML\FP\Logic::WPML\FP\{closure}()
#3 /home/caraslens.com/public_html/wp-content/plugins/sitepress-multilingual-cms/vendor/wpml/fp/core/functions.php(152): call_user_func_array()
#4 /home/caraslens.com/public_html/wp-content/plugins/woocommerce-multilingual/inc/currencies/class-wcml-multi-currency-prices.php(287): WPML\FP\{closure}()
#5 /home/caraslens.com/public_html/wp-includes/class-wp-hook.php(310): WCML_Multi_Currency_Prices->product_ in /home/caraslens.com/public_html/wp-content/plugins/woocommerce-multilingual/inc/currencies/class-wcml-custom-prices.php on line 84

2023-04-17T07:11:14+00:00 CRITICAL Uncaught Error: Call to a member function get_original_product_id() on null in /home/caraslens.com/public_html/wp-content/plugins/woocommerce-multilingual/inc/currencies/class-wcml-custom-prices.php:84
Stack trace:
#0 /home/caraslens.com/public_html/wp-content/plugins/woocommerce-multilingual/inc/currencies/class-wcml-multi-currency-prices.php(267): WCML_Custom_Prices->get_product_custom_prices()
#1 /home/caraslens.com/public_html/wp-content/plugins/sitepress-multilingual-cms/vendor/wpml/fp/core/Logic.php(121): WCML_Multi_Currency_Prices->{closure}()
#2 [internal function]: WPML\FP\Logic::WPML\FP\{closure}()
#3 /home/caraslens.com/public_html/wp-content/plugins/sitepress-multilingual-cms/vendor/wpml/fp/core/functions.php(152): call_user_func_array()
#4 /home/caraslens.com/public_html/wp-content/plugins/woocommerce-multilingual/inc/currencies/class-wcml-multi-currency-prices.php(287): WPML\FP\{closure}()
#5 /home/caraslens.com/public_html/wp-includes/class-wp-hook.php(310): WCML_Multi_Currency_Prices->product_ in /home/caraslens.com/public_html/wp-content/plugins/woocommerce-multilingual/inc/currencies/class-wcml-custom-prices.php on line 84

2023-04-17T07:36:15+00:00 CRITICAL Uncaught Error: Call to a member function get_original_product_id() on null in /home/caraslens.com/public_html/wp-content/plugins/woocommerce-multilingual/inc/currencies/class-wcml-custom-prices.php:84
Stack trace:
#0 /home/caraslens.com/public_html/wp-content/plugins/woocommerce-multilingual/inc/currencies/class-wcml-multi-currency-prices.php(267): WCML_Custom_Prices->get_product_custom_prices()
#1 /home/caraslens.com/public_html/wp-content/plugins/sitepress-multilingual-cms/vendor/wpml/fp/core/Logic.php(121): WCML_Multi_Currency_Prices->{closure}()
#2 [internal function]: WPML\FP\Logic::WPML\FP\{closure}()
#3 /home/caraslens.com/public_html/wp-content/plugins/sitepress-multilingual-cms/vendor/wpml/fp/core/functions.php(152): call_user_func_array()
#4 /home/caraslens.com/public_html/wp-content/plugins/woocommerce-multilingual/inc/currencies/class-wcml-multi-currency-prices.php(287): WPML\FP\{closure}()
#5 /home/caraslens.com/public_html/wp-includes/class-wp-hook.php(310): WCML_Multi_Currency_Prices->product_ in /home/caraslens.com/public_html/wp-content/plugins/woocommerce-multilingual/inc/currencies/class-wcml-custom-prices.php on line 84

2023-04-17T07:36:52+00:00 CRITICAL Uncaught Error: Call to a member function get_original_product_id() on null in /home/caraslens.com/public_html/wp-content/plugins/woocommerce-multilingual/inc/currencies/class-wcml-custom-prices.php:84
Stack trace:
#0 /home/caraslens.com/public_html/wp-content/plugins/woocommerce-multilingual/inc/currencies/class-wcml-multi-currency-prices.php(267): WCML_Custom_Prices->get_product_custom_prices()
#1 /home/caraslens.com/public_html/wp-content/plugins/sitepress-multilingual-cms/vendor/wpml/fp/core/Logic.php(121): WCML_Multi_Currency_Prices->{closure}()
#2 [internal function]: WPML\FP\Logic::WPML\FP\{closure}()
#3 /home/caraslens.com/public_html/wp-content/plugins/sitepress-multilingual-cms/vendor/wpml/fp/core/functions.php(152): call_user_func_array()
#4 /home/caraslens.com/public_html/wp-content/plugins/woocommerce-multilingual/inc/currencies/class-wcml-multi-currency-prices.php(287): WPML\FP\{closure}()
#5 /home/caraslens.com/public_html/wp-includes/class-wp-hook.php(310): WCML_Multi_Currency_Prices->product_ in /home/caraslens.com/public_html/wp-content/plugins/woocommerce-multilingual/inc/currencies/class-wcml-custom-prices.php on line 84

2023-04-17T07:56:40+00:00 CRITICAL Uncaught Error: Call to a member function get_original_product_id() on null in /home/caraslens.com/public_html/wp-content/plugins/woocommerce-multilingual/inc/currencies/class-wcml-custom-prices.php:84
Stack trace:
#0 /home/caraslens.com/public_html/wp-content/plugins/woocommerce-multilingual/inc/currencies/class-wcml-multi-currency-prices.php(267): WCML_Custom_Prices->get_product_custom_prices()
#1 /home/caraslens.com/public_html/wp-content/plugins/sitepress-multilingual-cms/vendor/wpml/fp/core/Logic.php(121): WCML_Multi_Currency_Prices->{closure}()
#2 [internal function]: WPML\FP\Logic::WPML\FP\{closure}()
#3 /home/caraslens.com/public_html/wp-content/plugins/sitepress-multilingual-cms/vendor/wpml/fp/core/functions.php(152): call_user_func_array()
#4 /home/caraslens.com/public_html/wp-content/plugins/woocommerce-multilingual/inc/currencies/class-wcml-multi-currency-prices.php(287): WPML\FP\{closure}()
#5 /home/caraslens.com/public_html/wp-includes/class-wp-hook.php(310): WCML_Multi_Currency_Prices->product_ in /home/caraslens.com/public_html/wp-content/plugins/woocommerce-multilingual/inc/currencies/class-wcml-custom-prices.php on line 84

2023-04-17T08:30:10+00:00 CRITICAL Uncaught Error: Call to a member function get_original_product_id() on null in /home/caraslens.com/public_html/wp-content/plugins/woocommerce-multilingual/inc/currencies/class-wcml-custom-prices.php:84
Stack trace:
#0 /home/caraslens.com/public_html/wp-content/plugins/woocommerce-multilingual/inc/currencies/class-wcml-multi-currency-prices.php(267): WCML_Custom_Prices->get_product_custom_prices()
#1 /home/caraslens.com/public_html/wp-content/plugins/sitepress-multilingual-cms/vendor/wpml/fp/core/Logic.php(121): WCML_Multi_Currency_Prices->{closure}()
#2 [internal function]: WPML\FP\Logic::WPML\FP\{closure}()
#3 /home/caraslens.com/public_html/wp-content/plugins/sitepress-multilingual-cms/vendor/wpml/fp/core/functions.php(152): call_user_func_array()
#4 /home/caraslens.com/public_html/wp-content/plugins/woocommerce-multilingual/inc/currencies/class-wcml-multi-currency-prices.php(287): WPML\FP\{closure}()
#5 /home/caraslens.com/public_html/wp-includes/class-wp-hook.php(310): WCML_Multi_Currency_Prices->product_ in /home/caraslens.com/public_html/wp-content/plugins/woocommerce-multilingual/inc/currencies/class-wcml-custom-prices.php on line 84

2023-04-17T09:55:10+00:00 CRITICAL Uncaught Error: Call to a member function get_original_product_id() on null in /home/caraslens.com/public_html/wp-content/plugins/woocommerce-multilingual/inc/currencies/class-wcml-custom-prices.php:84
Stack trace:
#0 /home/caraslens.com/public_html/wp-content/plugins/woocommerce-multilingual/inc/currencies/class-wcml-multi-currency-prices.php(267): WCML_Custom_Prices->get_product_custom_prices()
#1 /home/caraslens.com/public_html/wp-content/plugins/sitepress-multilingual-cms/vendor/wpml/fp/core/Logic.php(121): WCML_Multi_Currency_Prices->{closure}()
#2 [internal function]: WPML\FP\Logic::WPML\FP\{closure}()
#3 /home/caraslens.com/public_html/wp-content/plugins/sitepress-multilingual-cms/vendor/wpml/fp/core/functions.php(152): call_user_func_array()
#4 /home/caraslens.com/public_html/wp-content/plugins/woocommerce-multilingual/inc/currencies/class-wcml-multi-currency-prices.php(287): WPML\FP\{closure}()
#5 /home/caraslens.com/public_html/wp-includes/class-wp-hook.php(310): WCML_Multi_Currency_Prices->product_ in /home/caraslens.com/public_html/wp-content/plugins/woocommerce-multilingual/inc/currencies/class-wcml-custom-prices.php on line 84

2023-04-17T09:55:26+00:00 CRITICAL Uncaught Error: Call to a member function get_original_product_id() on null in /home/caraslens.com/public_html/wp-content/plugins/woocommerce-multilingual/inc/currencies/class-wcml-custom-prices.php:84
Stack trace:
#0 /home/caraslens.com/public_html/wp-content/plugins/woocommerce-multilingual/inc/currencies/class-wcml-multi-currency-prices.php(267): WCML_Custom_Prices->get_product_custom_prices()
#1 /home/caraslens.com/public_html/wp-content/plugins/sitepress-multilingual-cms/vendor/wpml/fp/core/Logic.php(121): WCML_Multi_Currency_Prices->{closure}()
#2 [internal function]: WPML\FP\Logic::WPML\FP\{closure}()
#3 /home/caraslens.com/public_html/wp-content/plugins/sitepress-multilingual-cms/vendor/wpml/fp/core/functions.php(152): call_user_func_array()
#4 /home/caraslens.com/public_html/wp-content/plugins/woocommerce-multilingual/inc/currencies/class-wcml-multi-currency-prices.php(287): WPML\FP\{closure}()
#5 /home/caraslens.com/public_html/wp-includes/class-wp-hook.php(310): WCML_Multi_Currency_Prices->product_ in /home/caraslens.com/public_html/wp-content/plugins/woocommerce-multilingual/inc/currencies/class-wcml-custom-prices.php on line 84

2023-04-17T09:55:47+00:00 CRITICAL Uncaught Error: Call to a member function get_original_product_id() on null in /home/caraslens.com/public_html/wp-content/plugins/woocommerce-multilingual/inc/currencies/class-wcml-custom-prices.php:84
Stack trace:
#0 /home/caraslens.com/public_html/wp-content/plugins/woocommerce-multilingual/inc/currencies/class-wcml-multi-currency-prices.php(267): WCML_Custom_Prices->get_product_custom_prices()
#1 /home/caraslens.com/public_html/wp-content/plugins/sitepress-multilingual-cms/vendor/wpml/fp/core/Logic.php(121): WCML_Multi_Currency_Prices->{closure}()
#2 [internal function]: WPML\FP\Logic::WPML\FP\{closure}()
#3 /home/caraslens.com/public_html/wp-content/plugins/sitepress-multilingual-cms/vendor/wpml/fp/core/functions.php(152): call_user_func_array()
#4 /home/caraslens.com/public_html/wp-content/plugins/woocommerce-multilingual/inc/currencies/class-wcml-multi-currency-prices.php(287): WPML\FP\{closure}()
#5 /home/caraslens.com/public_html/wp-includes/class-wp-hook.php(310): WCML_Multi_Currency_Prices->product_ in /home/caraslens.com/public_html/wp-content/plugins/woocommerce-multilingual/inc/currencies/class-wcml-custom-prices.php on line 84

2023-04-17T09:55:49+00:00 CRITICAL Uncaught Error: Call to a member function get_original_product_id() on null in /home/caraslens.com/public_html/wp-content/plugins/woocommerce-multilingual/inc/currencies/class-wcml-custom-prices.php:84
Stack trace:
#0 /home/caraslens.com/public_html/wp-content/plugins/woocommerce-multilingual/inc/currencies/class-wcml-multi-currency-prices.php(267): WCML_Custom_Prices->get_product_custom_prices()
#1 /home/caraslens.com/public_html/wp-content/plugins/sitepress-multilingual-cms/vendor/wpml/fp/core/Logic.php(121): WCML_Multi_Currency_Prices->{closure}()
#2 [internal function]: WPML\FP\Logic::WPML\FP\{closure}()
#3 /home/caraslens.com/public_html/wp-content/plugins/sitepress-multilingual-cms/vendor/wpml/fp/core/functions.php(152): call_user_func_array()
#4 /home/caraslens.com/public_html/wp-content/plugins/woocommerce-multilingual/inc/currencies/class-wcml-multi-currency-prices.php(287): WPML\FP\{closure}()
#5 /home/caraslens.com/public_html/wp-includes/class-wp-hook.php(310): WCML_Multi_Currency_Prices->product_ in /home/caraslens.com/public_html/wp-content/plugins/woocommerce-multilingual/inc/currencies/class-wcml-custom-prices.php on line 84

2023-04-17T09:55:52+00:00 CRITICAL Uncaught Error: Call to a member function get_original_product_id() on null in /home/caraslens.com/public_html/wp-content/plugins/woocommerce-multilingual/inc/currencies/class-wcml-custom-prices.php:84
Stack trace:
#0 /home/caraslens.com/public_html/wp-content/plugins/woocommerce-multilingual/inc/currencies/class-wcml-multi-currency-prices.php(267): WCML_Custom_Prices->get_product_custom_prices()
#1 /home/caraslens.com/public_html/wp-content/plugins/sitepress-multilingual-cms/vendor/wpml/fp/core/Logic.php(121): WCML_Multi_Currency_Prices->{closure}()
#2 [internal function]: WPML\FP\Logic::WPML\FP\{closure}()
#3 /home/caraslens.com/public_html/wp-content/plugins/sitepress-multilingual-cms/vendor/wpml/fp/core/functions.php(152): call_user_func_array()
#4 /home/caraslens.com/public_html/wp-content/plugins/woocommerce-multilingual/inc/currencies/class-wcml-multi-currency-prices.php(287): WPML\FP\{closure}()
#5 /home/caraslens.com/public_html/wp-includes/class-wp-hook.php(310): WCML_Multi_Currency_Prices->product_ in /home/caraslens.com/public_html/wp-content/plugins/woocommerce-multilingual/inc/currencies/class-wcml-custom-prices.php on line 84

2023-04-17T09:58:57+00:00 CRITICAL Uncaught Error: Call to a member function get_original_product_id() on null in /home/caraslens.com/public_html/wp-content/plugins/woocommerce-multilingual/inc/currencies/class-wcml-custom-prices.php:84
Stack trace:
#0 /home/caraslens.com/public_html/wp-content/plugins/woocommerce-multilingual/inc/currencies/class-wcml-multi-currency-prices.php(267): WCML_Custom_Prices->get_product_custom_prices()
#1 /home/caraslens.com/public_html/wp-content/plugins/sitepress-multilingual-cms/vendor/wpml/fp/core/Logic.php(121): WCML_Multi_Currency_Prices->{closure}()
#2 [internal function]: WPML\FP\Logic::WPML\FP\{closure}()
#3 /home/caraslens.com/public_html/wp-content/plugins/sitepress-multilingual-cms/vendor/wpml/fp/core/functions.php(152): call_user_func_array()
#4 /home/caraslens.com/public_html/wp-content/plugins/woocommerce-multilingual/inc/currencies/class-wcml-multi-currency-prices.php(287): WPML\FP\{closure}()
#5 /home/caraslens.com/public_html/wp-includes/class-wp-hook.php(310): WCML_Multi_Currency_Prices->product_ in /home/caraslens.com/public_html/wp-content/plugins/woocommerce-multilingual/inc/currencies/class-wcml-custom-prices.php on line 84

2023-04-17T10:04:43+00:00 CRITICAL Uncaught Error: Call to a member function get_original_product_id() on null in /home/caraslens.com/public_html/wp-content/plugins/woocommerce-multilingual/inc/currencies/class-wcml-custom-prices.php:84
Stack trace:
#0 /home/caraslens.com/public_html/wp-content/plugins/woocommerce-multilingual/inc/currencies/class-wcml-multi-currency-prices.php(267): WCML_Custom_Prices->get_product_custom_prices()
#1 /home/caraslens.com/public_html/wp-content/plugins/sitepress-multilingual-cms/vendor/wpml/fp/core/Logic.php(121): WCML_Multi_Currency_Prices->{closure}()
#2 [internal function]: WPML\FP\Logic::WPML\FP\{closure}()
#3 /home/caraslens.com/public_html/wp-content/plugins/sitepress-multilingual-cms/vendor/wpml/fp/core/functions.php(152): call_user_func_array()
#4 /home/caraslens.com/public_html/wp-content/plugins/woocommerce-multilingual/inc/currencies/class-wcml-multi-currency-prices.php(287): WPML\FP\{closure}()
#5 /home/caraslens.com/public_html/wp-includes/class-wp-hook.php(310): WCML_Multi_Currency_Prices->product_ in /home/caraslens.com/public_html/wp-content/plugins/woocommerce-multilingual/inc/currencies/class-wcml-custom-prices.php on line 84

2023-04-17T10:05:05+00:00 CRITICAL Uncaught Error: Call to a member function get_original_product_id() on null in /home/caraslens.com/public_html/wp-content/plugins/woocommerce-multilingual/inc/currencies/class-wcml-custom-prices.php:84
Stack trace:
#0 /home/caraslens.com/public_html/wp-content/plugins/woocommerce-multilingual/inc/currencies/class-wcml-multi-currency-prices.php(267): WCML_Custom_Prices->get_product_custom_prices()
#1 /home/caraslens.com/public_html/wp-content/plugins/sitepress-multilingual-cms/vendor/wpml/fp/core/Logic.php(121): WCML_Multi_Currency_Prices->{closure}()
#2 [internal function]: WPML\FP\Logic::WPML\FP\{closure}()
#3 /home/caraslens.com/public_html/wp-content/plugins/sitepress-multilingual-cms/vendor/wpml/fp/core/functions.php(152): call_user_func_array()
#4 /home/caraslens.com/public_html/wp-content/plugins/woocommerce-multilingual/inc/currencies/class-wcml-multi-currency-prices.php(287): WPML\FP\{closure}()
#5 /home/caraslens.com/public_html/wp-includes/class-wp-hook.php(310): WCML_Multi_Currency_Prices->product_ in /home/caraslens.com/public_html/wp-content/plugins/woocommerce-multilingual/inc/currencies/class-wcml-custom-prices.php on line 84

2023-04-17T10:10:39+00:00 CRITICAL Out of memory (allocated 14680064) (tried to allocate 110592 bytes) in /home/caraslens.com/public_html/wp-includes/class-wpdb.php on line 2187

2023-04-17T10:10:41+00:00 CRITICAL Out of memory (allocated 16777216) (tried to allocate 20480 bytes) in /home/caraslens.com/public_html/wp-includes/class-wp-hook.php on line 77

2023-04-17T10:10:41+00:00 CRITICAL Out of memory (allocated 16777216) (tried to allocate 20480 bytes) in /home/caraslens.com/public_html/wp-includes/class-wp-hook.php on line 77

2023-04-17T10:10:41+00:00 CRITICAL Out of memory (allocated 16777216) (tried to allocate 40960 bytes) in /home/caraslens.com/public_html/wp-content/plugins/sitepress-multilingual-cms/vendor/composer/ClassLoader.php on line 364

2023-04-17T10:10:42+00:00 CRITICAL Out of memory (allocated 2097152) (tried to allocate 20480 bytes) in /home/caraslens.com/public_html/wp-includes/class-wp-hook.php on line 77

2023-04-17T10:10:42+00:00 CRITICAL Out of memory (allocated 16777216) (tried to allocate 40960 bytes) in /home/caraslens.com/public_html/wp-content/plugins/sitepress-multilingual-cms/vendor/composer/ClassLoader.php on line 364

2023-04-17T10:59:32+00:00 CRITICAL Uncaught Error: Call to a member function get_original_product_id() on null in /home/caraslens.com/public_html/wp-content/plugins/woocommerce-multilingual/inc/currencies/class-wcml-custom-prices.php:84
Stack trace:
#0 /home/caraslens.com/public_html/wp-content/plugins/woocommerce-multilingual/inc/currencies/class-wcml-multi-currency-prices.php(267): WCML_Custom_Prices->get_product_custom_prices()
#1 /home/caraslens.com/public_html/wp-content/plugins/sitepress-multilingual-cms/vendor/wpml/fp/core/Logic.php(121): WCML_Multi_Currency_Prices->{closure}()
#2 [internal function]: WPML\FP\Logic::WPML\FP\{closure}()
#3 /home/caraslens.com/public_html/wp-content/plugins/sitepress-multilingual-cms/vendor/wpml/fp/core/functions.php(152): call_user_func_array()
#4 /home/caraslens.com/public_html/wp-content/plugins/woocommerce-multilingual/inc/currencies/class-wcml-multi-currency-prices.php(287): WPML\FP\{closure}()
#5 /home/caraslens.com/public_html/wp-includes/class-wp-hook.php(310): WCML_Multi_Currency_Prices->product_ in /home/caraslens.com/public_html/wp-content/plugins/woocommerce-multilingual/inc/currencies/class-wcml-custom-prices.php on line 84

2023-04-17T10:59:59+00:00 CRITICAL Uncaught Error: Call to a member function get_original_product_id() on null in /home/caraslens.com/public_html/wp-content/plugins/woocommerce-multilingual/inc/currencies/class-wcml-custom-prices.php:84
Stack trace:
#0 /home/caraslens.com/public_html/wp-content/plugins/woocommerce-multilingual/inc/currencies/class-wcml-multi-currency-prices.php(267): WCML_Custom_Prices->get_product_custom_prices()
#1 /home/caraslens.com/public_html/wp-content/plugins/sitepress-multilingual-cms/vendor/wpml/fp/core/Logic.php(121): WCML_Multi_Currency_Prices->{closure}()
#2 [internal function]: WPML\FP\Logic::WPML\FP\{closure}()
#3 /home/caraslens.com/public_html/wp-content/plugins/sitepress-multilingual-cms/vendor/wpml/fp/core/functions.php(152): call_user_func_array()
#4 /home/caraslens.com/public_html/wp-content/plugins/woocommerce-multilingual/inc/currencies/class-wcml-multi-currency-prices.php(287): WPML\FP\{closure}()
#5 /home/caraslens.com/public_html/wp-includes/class-wp-hook.php(310): WCML_Multi_Currency_Prices->product_ in /home/caraslens.com/public_html/wp-content/plugins/woocommerce-multilingual/inc/currencies/class-wcml-custom-prices.php on line 84

2023-04-17T13:21:28+00:00 CRITICAL Uncaught Error: Call to a member function get_original_product_id() on null in /home/caraslens.com/public_html/wp-content/plugins/woocommerce-multilingual/inc/currencies/class-wcml-custom-prices.php:84
Stack trace:
#0 /home/caraslens.com/public_html/wp-content/plugins/woocommerce-multilingual/inc/currencies/class-wcml-multi-currency-prices.php(267): WCML_Custom_Prices->get_product_custom_prices()
#1 /home/caraslens.com/public_html/wp-content/plugins/sitepress-multilingual-cms/vendor/wpml/fp/core/Logic.php(121): WCML_Multi_Currency_Prices->{closure}()
#2 [internal function]: WPML\FP\Logic::WPML\FP\{closure}()
#3 /home/caraslens.com/public_html/wp-content/plugins/sitepress-multilingual-cms/vendor/wpml/fp/core/functions.php(152): call_user_func_array()
#4 /home/caraslens.com/public_html/wp-content/plugins/woocommerce-multilingual/inc/currencies/class-wcml-multi-currency-prices.php(287): WPML\FP\{closure}()
#5 /home/caraslens.com/public_html/wp-includes/class-wp-hook.php(310): WCML_Multi_Currency_Prices->product_ in /home/caraslens.com/public_html/wp-content/plugins/woocommerce-multilingual/inc/currencies/class-wcml-custom-prices.php on line 84

2023-04-17T13:27:24+00:00 CRITICAL Uncaught Error: Call to a member function get_original_product_id() on null in /home/caraslens.com/public_html/wp-content/plugins/woocommerce-multilingual/inc/currencies/class-wcml-custom-prices.php:84
Stack trace:
#0 /home/caraslens.com/public_html/wp-content/plugins/woocommerce-multilingual/inc/currencies/class-wcml-multi-currency-prices.php(267): WCML_Custom_Prices->get_product_custom_prices()
#1 /home/caraslens.com/public_html/wp-content/plugins/sitepress-multilingual-cms/vendor/wpml/fp/core/Logic.php(121): WCML_Multi_Currency_Prices->{closure}()
#2 [internal function]: WPML\FP\Logic::WPML\FP\{closure}()
#3 /home/caraslens.com/public_html/wp-content/plugins/sitepress-multilingual-cms/vendor/wpml/fp/core/functions.php(152): call_user_func_array()
#4 /home/caraslens.com/public_html/wp-content/plugins/woocommerce-multilingual/inc/currencies/class-wcml-multi-currency-prices.php(287): WPML\FP\{closure}()
#5 /home/caraslens.com/public_html/wp-includes/class-wp-hook.php(310): WCML_Multi_Currency_Prices->product_ in /home/caraslens.com/public_html/wp-content/plugins/woocommerce-multilingual/inc/currencies/class-wcml-custom-prices.php on line 84

2023-04-17T13:28:04+00:00 CRITICAL Uncaught Error: Call to a member function get_original_product_id() on null in /home/caraslens.com/public_html/wp-content/plugins/woocommerce-multilingual/inc/currencies/class-wcml-custom-prices.php:84
Stack trace:
#0 /home/caraslens.com/public_html/wp-content/plugins/woocommerce-multilingual/inc/currencies/class-wcml-multi-currency-prices.php(267): WCML_Custom_Prices->get_product_custom_prices()
#1 /home/caraslens.com/public_html/wp-content/plugins/sitepress-multilingual-cms/vendor/wpml/fp/core/Logic.php(121): WCML_Multi_Currency_Prices->{closure}()
#2 [internal function]: WPML\FP\Logic::WPML\FP\{closure}()
#3 /home/caraslens.com/public_html/wp-content/plugins/sitepress-multilingual-cms/vendor/wpml/fp/core/functions.php(152): call_user_func_array()
#4 /home/caraslens.com/public_html/wp-content/plugins/woocommerce-multilingual/inc/currencies/class-wcml-multi-currency-prices.php(287): WPML\FP\{closure}()
#5 /home/caraslens.com/public_html/wp-includes/class-wp-hook.php(310): WCML_Multi_Currency_Prices->product_ in /home/caraslens.com/public_html/wp-content/plugins/woocommerce-multilingual/inc/currencies/class-wcml-custom-prices.php on line 84

2023-04-17T13:39:51+00:00 CRITICAL Uncaught Error: Call to a member function get_original_product_id() on null in /home/caraslens.com/public_html/wp-content/plugins/woocommerce-multilingual/inc/currencies/class-wcml-custom-prices.php:84
Stack trace:
#0 /home/caraslens.com/public_html/wp-content/plugins/woocommerce-multilingual/inc/currencies/class-wcml-multi-currency-prices.php(267): WCML_Custom_Prices->get_product_custom_prices()
#1 /home/caraslens.com/public_html/wp-content/plugins/sitepress-multilingual-cms/vendor/wpml/fp/core/Logic.php(121): WCML_Multi_Currency_Prices->{closure}()
#2 [internal function]: WPML\FP\Logic::WPML\FP\{closure}()
#3 /home/caraslens.com/public_html/wp-content/plugins/sitepress-multilingual-cms/vendor/wpml/fp/core/functions.php(152): call_user_func_array()
#4 /home/caraslens.com/public_html/wp-content/plugins/woocommerce-multilingual/inc/currencies/class-wcml-multi-currency-prices.php(287): WPML\FP\{closure}()
#5 /home/caraslens.com/public_html/wp-includes/class-wp-hook.php(310): WCML_Multi_Currency_Prices->product_ in /home/caraslens.com/public_html/wp-content/plugins/woocommerce-multilingual/inc/currencies/class-wcml-custom-prices.php on line 84

2023-04-17T17:55:35+00:00 CRITICAL Uncaught Error: Call to a member function get_original_product_id() on null in /home/caraslens.com/public_html/wp-content/plugins/woocommerce-multilingual/inc/currencies/class-wcml-custom-prices.php:84
Stack trace:
#0 /home/caraslens.com/public_html/wp-content/plugins/woocommerce-multilingual/inc/currencies/class-wcml-multi-currency-prices.php(267): WCML_Custom_Prices->get_product_custom_prices()
#1 /home/caraslens.com/public_html/wp-content/plugins/sitepress-multilingual-cms/vendor/wpml/fp/core/Logic.php(121): WCML_Multi_Currency_Prices->{closure}()
#2 [internal function]: WPML\FP\Logic::WPML\FP\{closure}()
#3 /home/caraslens.com/public_html/wp-content/plugins/sitepress-multilingual-cms/vendor/wpml/fp/core/functions.php(152): call_user_func_array()
#4 /home/caraslens.com/public_html/wp-content/plugins/woocommerce-multilingual/inc/currencies/class-wcml-multi-currency-prices.php(287): WPML\FP\{closure}()
#5 /home/caraslens.com/public_html/wp-includes/class-wp-hook.php(310): WCML_Multi_Currency_Prices->product_ in /home/caraslens.com/public_html/wp-content/plugins/woocommerce-multilingual/inc/currencies/class-wcml-custom-prices.php on line 84

2023-04-17T21:13:10+00:00 CRITICAL Uncaught Error: Call to a member function get_original_product_id() on null in /home/caraslens.com/public_html/wp-content/plugins/woocommerce-multilingual/inc/currencies/class-wcml-custom-prices.php:84
Stack trace:
#0 /home/caraslens.com/public_html/wp-content/plugins/woocommerce-multilingual/inc/currencies/class-wcml-multi-currency-prices.php(267): WCML_Custom_Prices->get_product_custom_prices()
#1 /home/caraslens.com/public_html/wp-content/plugins/sitepress-multilingual-cms/vendor/wpml/fp/core/Logic.php(121): WCML_Multi_Currency_Prices->{closure}()
#2 [internal function]: WPML\FP\Logic::WPML\FP\{closure}()
#3 /home/caraslens.com/public_html/wp-content/plugins/sitepress-multilingual-cms/vendor/wpml/fp/core/functions.php(152): call_user_func_array()
#4 /home/caraslens.com/public_html/wp-content/plugins/woocommerce-multilingual/inc/currencies/class-wcml-multi-currency-prices.php(287): WPML\FP\{closure}()
#5 /home/caraslens.com/public_html/wp-includes/class-wp-hook.php(310): WCML_Multi_Currency_Prices->product_ in /home/caraslens.com/public_html/wp-content/plugins/woocommerce-multilingual/inc/currencies/class-wcml-custom-prices.php on line 84

2023-04-17T21:22:56+00:00 CRITICAL Uncaught Error: Call to a member function get_original_product_id() on null in /home/caraslens.com/public_html/wp-content/plugins/woocommerce-multilingual/inc/currencies/class-wcml-custom-prices.php:84
Stack trace:
#0 /home/caraslens.com/public_html/wp-content/plugins/woocommerce-multilingual/inc/currencies/class-wcml-multi-currency-prices.php(267): WCML_Custom_Prices->get_product_custom_prices()
#1 /home/caraslens.com/public_html/wp-content/plugins/sitepress-multilingual-cms/vendor/wpml/fp/core/Logic.php(121): WCML_Multi_Currency_Prices->{closure}()
#2 [internal function]: WPML\FP\Logic::WPML\FP\{closure}()
#3 /home/caraslens.com/public_html/wp-content/plugins/sitepress-multilingual-cms/vendor/wpml/fp/core/functions.php(152): call_user_func_array()
#4 /home/caraslens.com/public_html/wp-content/plugins/woocommerce-multilingual/inc/currencies/class-wcml-multi-currency-prices.php(287): WPML\FP\{closure}()
#5 /home/caraslens.com/public_html/wp-includes/class-wp-hook.php(310): WCML_Multi_Currency_Prices->product_ in /home/caraslens.com/public_html/wp-content/plugins/woocommerce-multilingual/inc/currencies/class-wcml-custom-prices.php on line 84

2023-04-17T22:09:20+00:00 CRITICAL Uncaught Error: Call to a member function get_original_product_id() on null in /home/caraslens.com/public_html/wp-content/plugins/woocommerce-multilingual/inc/currencies/class-wcml-custom-prices.php:84
Stack trace:
#0 /home/caraslens.com/public_html/wp-content/plugins/woocommerce-multilingual/inc/currencies/class-wcml-multi-currency-prices.php(267): WCML_Custom_Prices->get_product_custom_prices()
#1 /home/caraslens.com/public_html/wp-content/plugins/sitepress-multilingual-cms/vendor/wpml/fp/core/Logic.php(121): WCML_Multi_Currency_Prices->{closure}()
#2 [internal function]: WPML\FP\Logic::WPML\FP\{closure}()
#3 /home/caraslens.com/public_html/wp-content/plugins/sitepress-multilingual-cms/vendor/wpml/fp/core/functions.php(152): call_user_func_array()
#4 /home/caraslens.com/public_html/wp-content/plugins/woocommerce-multilingual/inc/currencies/class-wcml-multi-currency-prices.php(287): WPML\FP\{closure}()
#5 /home/caraslens.com/public_html/wp-includes/class-wp-hook.php(310): WCML_Multi_Currency_Prices->product_ in /home/caraslens.com/public_html/wp-content/plugins/woocommerce-multilingual/inc/currencies/class-wcml-custom-prices.php on line 84

2023-04-17T22:15:04+00:00 CRITICAL Uncaught Error: Call to a member function get_original_product_id() on null in /home/caraslens.com/public_html/wp-content/plugins/woocommerce-multilingual/inc/currencies/class-wcml-custom-prices.php:84
Stack trace:
#0 /home/caraslens.com/public_html/wp-content/plugins/woocommerce-multilingual/inc/currencies/class-wcml-multi-currency-prices.php(267): WCML_Custom_Prices->get_product_custom_prices()
#1 /home/caraslens.com/public_html/wp-content/plugins/sitepress-multilingual-cms/vendor/wpml/fp/core/Logic.php(121): WCML_Multi_Currency_Prices->{closure}()
#2 [internal function]: WPML\FP\Logic::WPML\FP\{closure}()
#3 /home/caraslens.com/public_html/wp-content/plugins/sitepress-multilingual-cms/vendor/wpml/fp/core/functions.php(152): call_user_func_array()
#4 /home/caraslens.com/public_html/wp-content/plugins/woocommerce-multilingual/inc/currencies/class-wcml-multi-currency-prices.php(287): WPML\FP\{closure}()
#5 /home/caraslens.com/public_html/wp-includes/class-wp-hook.php(310): WCML_Multi_Currency_Prices->product_ in /home/caraslens.com/public_html/wp-content/plugins/woocommerce-multilingual/inc/currencies/class-wcml-custom-prices.php on line 84

2023-04-17T22:15:12+00:00 CRITICAL Uncaught Error: Call to a member function get_original_product_id() on null in /home/caraslens.com/public_html/wp-content/plugins/woocommerce-multilingual/inc/currencies/class-wcml-custom-prices.php:84
Stack trace:
#0 /home/caraslens.com/public_html/wp-content/plugins/woocommerce-multilingual/inc/currencies/class-wcml-multi-currency-prices.php(267): WCML_Custom_Prices->get_product_custom_prices()
#1 /home/caraslens.com/public_html/wp-content/plugins/sitepress-multilingual-cms/vendor/wpml/fp/core/Logic.php(121): WCML_Multi_Currency_Prices->{closure}()
#2 [internal function]: WPML\FP\Logic::WPML\FP\{closure}()
#3 /home/caraslens.com/public_html/wp-content/plugins/sitepress-multilingual-cms/vendor/wpml/fp/core/functions.php(152): call_user_func_array()
#4 /home/caraslens.com/public_html/wp-content/plugins/woocommerce-multilingual/inc/currencies/class-wcml-multi-currency-prices.php(287): WPML\FP\{closure}()
#5 /home/caraslens.com/public_html/wp-includes/class-wp-hook.php(310): WCML_Multi_Currency_Prices->product_ in /home/caraslens.com/public_html/wp-content/plugins/woocommerce-multilingual/inc/currencies/class-wcml-custom-prices.php on line 84

2023-04-17T22:15:33+00:00 CRITICAL Uncaught Error: Call to a member function get_original_product_id() on null in /home/caraslens.com/public_html/wp-content/plugins/woocommerce-multilingual/inc/currencies/class-wcml-custom-prices.php:84
Stack trace:
#0 /home/caraslens.com/public_html/wp-content/plugins/woocommerce-multilingual/inc/currencies/class-wcml-multi-currency-prices.php(267): WCML_Custom_Prices->get_product_custom_prices()
#1 /home/caraslens.com/public_html/wp-content/plugins/sitepress-multilingual-cms/vendor/wpml/fp/core/Logic.php(121): WCML_Multi_Currency_Prices->{closure}()
#2 [internal function]: WPML\FP\Logic::WPML\FP\{closure}()
#3 /home/caraslens.com/public_html/wp-content/plugins/sitepress-multilingual-cms/vendor/wpml/fp/core/functions.php(152): call_user_func_array()
#4 /home/caraslens.com/public_html/wp-content/plugins/woocommerce-multilingual/inc/currencies/class-wcml-multi-currency-prices.php(287): WPML\FP\{closure}()
#5 /home/caraslens.com/public_html/wp-includes/class-wp-hook.php(310): WCML_Multi_Currency_Prices->product_ in /home/caraslens.com/public_html/wp-content/plugins/woocommerce-multilingual/inc/currencies/class-wcml-custom-prices.php on line 84

2023-04-17T22:16:41+00:00 CRITICAL Uncaught Error: Call to a member function get_original_product_id() on null in /home/caraslens.com/public_html/wp-content/plugins/woocommerce-multilingual/inc/currencies/class-wcml-custom-prices.php:84
Stack trace:
#0 /home/caraslens.com/public_html/wp-content/plugins/woocommerce-multilingual/inc/currencies/class-wcml-multi-currency-prices.php(267): WCML_Custom_Prices->get_product_custom_prices()
#1 /home/caraslens.com/public_html/wp-content/plugins/sitepress-multilingual-cms/vendor/wpml/fp/core/Logic.php(121): WCML_Multi_Currency_Prices->{closure}()
#2 [internal function]: WPML\FP\Logic::WPML\FP\{closure}()
#3 /home/caraslens.com/public_html/wp-content/plugins/sitepress-multilingual-cms/vendor/wpml/fp/core/functions.php(152): call_user_func_array()
#4 /home/caraslens.com/public_html/wp-content/plugins/woocommerce-multilingual/inc/currencies/class-wcml-multi-currency-prices.php(287): WPML\FP\{closure}()
#5 /home/caraslens.com/public_html/wp-includes/class-wp-hook.php(310): WCML_Multi_Currency_Prices->product_ in /home/caraslens.com/public_html/wp-content/plugins/woocommerce-multilingual/inc/currencies/class-wcml-custom-prices.php on line 84

2023-04-17T22:16:46+00:00 CRITICAL Uncaught Error: Call to a member function get_original_product_id() on null in /home/caraslens.com/public_html/wp-content/plugins/woocommerce-multilingual/inc/currencies/class-wcml-custom-prices.php:84
Stack trace:
#0 /home/caraslens.com/public_html/wp-content/plugins/woocommerce-multilingual/inc/currencies/class-wcml-multi-currency-prices.php(267): WCML_Custom_Prices->get_product_custom_prices()
#1 /home/caraslens.com/public_html/wp-content/plugins/sitepress-multilingual-cms/vendor/wpml/fp/core/Logic.php(121): WCML_Multi_Currency_Prices->{closure}()
#2 [internal function]: WPML\FP\Logic::WPML\FP\{closure}()
#3 /home/caraslens.com/public_html/wp-content/plugins/sitepress-multilingual-cms/vendor/wpml/fp/core/functions.php(152): call_user_func_array()
#4 /home/caraslens.com/public_html/wp-content/plugins/woocommerce-multilingual/inc/currencies/class-wcml-multi-currency-prices.php(287): WPML\FP\{closure}()
#5 /home/caraslens.com/public_html/wp-includes/class-wp-hook.php(310): WCML_Multi_Currency_Prices->product_ in /home/caraslens.com/public_html/wp-content/plugins/woocommerce-multilingual/inc/currencies/class-wcml-custom-prices.php on line 84

2023-04-17T23:00:17+00:00 CRITICAL Uncaught Error: Call to a member function get_original_product_id() on null in /home/caraslens.com/public_html/wp-content/plugins/woocommerce-multilingual/inc/currencies/class-wcml-custom-prices.php:84
Stack trace:
#0 /home/caraslens.com/public_html/wp-content/plugins/woocommerce-multilingual/inc/currencies/class-wcml-multi-currency-prices.php(267): WCML_Custom_Prices->get_product_custom_prices()
#1 /home/caraslens.com/public_html/wp-content/plugins/sitepress-multilingual-cms/vendor/wpml/fp/core/Logic.php(121): WCML_Multi_Currency_Prices->{closure}()
#2 [internal function]: WPML\FP\Logic::WPML\FP\{closure}()
#3 /home/caraslens.com/public_html/wp-content/plugins/sitepress-multilingual-cms/vendor/wpml/fp/core/functions.php(152): call_user_func_array()
#4 /home/caraslens.com/public_html/wp-content/plugins/woocommerce-multilingual/inc/currencies/class-wcml-multi-currency-prices.php(287): WPML\FP\{closure}()
#5 /home/caraslens.com/public_html/wp-includes/class-wp-hook.php(310): WCML_Multi_Currency_Prices->product_ in /home/caraslens.com/public_html/wp-content/plugins/woocommerce-multilingual/inc/currencies/class-wcml-custom-prices.php on line 84

2023-04-17T23:49:45+00:00 CRITICAL Uncaught Error: Call to a member function get_original_product_id() on null in /home/caraslens.com/public_html/wp-content/plugins/woocommerce-multilingual/inc/currencies/class-wcml-custom-prices.php:84
Stack trace:
#0 /home/caraslens.com/public_html/wp-content/plugins/woocommerce-multilingual/inc/currencies/class-wcml-multi-currency-prices.php(267): WCML_Custom_Prices->get_product_custom_prices()
#1 /home/caraslens.com/public_html/wp-content/plugins/sitepress-multilingual-cms/vendor/wpml/fp/core/Logic.php(121): WCML_Multi_Currency_Prices->{closure}()
#2 [internal function]: WPML\FP\Logic::WPML\FP\{closure}()
#3 /home/caraslens.com/public_html/wp-content/plugins/sitepress-multilingual-cms/vendor/wpml/fp/core/functions.php(152): call_user_func_array()
#4 /home/caraslens.com/public_html/wp-content/plugins/woocommerce-multilingual/inc/currencies/class-wcml-multi-currency-prices.php(287): WPML\FP\{closure}()
#5 /home/caraslens.com/public_html/wp-includes/class-wp-hook.php(310): WCML_Multi_Currency_Prices->product_ in /home/caraslens.com/public_html/wp-content/plugins/woocommerce-multilingual/inc/currencies/class-wcml-custom-prices.php on line 84

2023-04-17T23:49:57+00:00 CRITICAL Uncaught Error: Call to a member function get_original_product_id() on null in /home/caraslens.com/public_html/wp-content/plugins/woocommerce-multilingual/inc/currencies/class-wcml-custom-prices.php:84
Stack trace:
#0 /home/caraslens.com/public_html/wp-content/plugins/woocommerce-multilingual/inc/currencies/class-wcml-multi-currency-prices.php(267): WCML_Custom_Prices->get_product_custom_prices()
#1 /home/caraslens.com/public_html/wp-content/plugins/sitepress-multilingual-cms/vendor/wpml/fp/core/Logic.php(121): WCML_Multi_Currency_Prices->{closure}()
#2 [internal function]: WPML\FP\Logic::WPML\FP\{closure}()
#3 /home/caraslens.com/public_html/wp-content/plugins/sitepress-multilingual-cms/vendor/wpml/fp/core/functions.php(152): call_user_func_array()
#4 /home/caraslens.com/public_html/wp-content/plugins/woocommerce-multilingual/inc/currencies/class-wcml-multi-currency-prices.php(287): WPML\FP\{closure}()
#5 /home/caraslens.com/public_html/wp-includes/class-wp-hook.php(310): WCML_Multi_Currency_Prices->product_ in /home/caraslens.com/public_html/wp-content/plugins/woocommerce-multilingual/inc/currencies/class-wcml-custom-prices.php on line 84

2023-04-17T23:50:20+00:00 CRITICAL Uncaught Error: Call to a member function get_original_product_id() on null in /home/caraslens.com/public_html/wp-content/plugins/woocommerce-multilingual/inc/currencies/class-wcml-custom-prices.php:84
Stack trace:
#0 /home/caraslens.com/public_html/wp-content/plugins/woocommerce-multilingual/inc/currencies/class-wcml-multi-currency-prices.php(267): WCML_Custom_Prices->get_product_custom_prices()
#1 /home/caraslens.com/public_html/wp-content/plugins/sitepress-multilingual-cms/vendor/wpml/fp/core/Logic.php(121): WCML_Multi_Currency_Prices->{closure}()
#2 [internal function]: WPML\FP\Logic::WPML\FP\{closure}()
#3 /home/caraslens.com/public_html/wp-content/plugins/sitepress-multilingual-cms/vendor/wpml/fp/core/functions.php(152): call_user_func_array()
#4 /home/caraslens.com/public_html/wp-content/plugins/woocommerce-multilingual/inc/currencies/class-wcml-multi-currency-prices.php(287): WPML\FP\{closure}()
#5 /home/caraslens.com/public_html/wp-includes/class-wp-hook.php(310): WCML_Multi_Currency_Prices->product_ in /home/caraslens.com/public_html/wp-content/plugins/woocommerce-multilingual/inc/currencies/class-wcml-custom-prices.php on line 84

2023-04-17T23:51:08+00:00 CRITICAL Uncaught Error: Call to a member function get_original_product_id() on null in /home/caraslens.com/public_html/wp-content/plugins/woocommerce-multilingual/inc/currencies/class-wcml-custom-prices.php:84
Stack trace:
#0 /home/caraslens.com/public_html/wp-content/plugins/woocommerce-multilingual/inc/currencies/class-wcml-multi-currency-prices.php(267): WCML_Custom_Prices->get_product_custom_prices()
#1 /home/caraslens.com/public_html/wp-content/plugins/sitepress-multilingual-cms/vendor/wpml/fp/core/Logic.php(121): WCML_Multi_Currency_Prices->{closure}()
#2 [internal function]: WPML\FP\Logic::WPML\FP\{closure}()
#3 /home/caraslens.com/public_html/wp-content/plugins/sitepress-multilingual-cms/vendor/wpml/fp/core/functions.php(152): call_user_func_array()
#4 /home/caraslens.com/public_html/wp-content/plugins/woocommerce-multilingual/inc/currencies/class-wcml-multi-currency-prices.php(287): WPML\FP\{closure}()
#5 /home/caraslens.com/public_html/wp-includes/class-wp-hook.php(310): WCML_Multi_Currency_Prices->product_ in /home/caraslens.com/public_html/wp-content/plugins/woocommerce-multilingual/inc/currencies/class-wcml-custom-prices.php on line 84

2023-04-17T23:58:00+00:00 CRITICAL Uncaught Error: Call to a member function get_original_product_id() on null in /home/caraslens.com/public_html/wp-content/plugins/woocommerce-multilingual/inc/currencies/class-wcml-custom-prices.php:84
Stack trace:
#0 /home/caraslens.com/public_html/wp-content/plugins/woocommerce-multilingual/inc/currencies/class-wcml-multi-currency-prices.php(267): WCML_Custom_Prices->get_product_custom_prices()
#1 /home/caraslens.com/public_html/wp-content/plugins/sitepress-multilingual-cms/vendor/wpml/fp/core/Logic.php(121): WCML_Multi_Currency_Prices->{closure}()
#2 [internal function]: WPML\FP\Logic::WPML\FP\{closure}()
#3 /home/caraslens.com/public_html/wp-content/plugins/sitepress-multilingual-cms/vendor/wpml/fp/core/functions.php(152): call_user_func_array()
#4 /home/caraslens.com/public_html/wp-content/plugins/woocommerce-multilingual/inc/currencies/class-wcml-multi-currency-prices.php(287): WPML\FP\{closure}()
#5 /home/caraslens.com/public_html/wp-includes/class-wp-hook.php(310): WCML_Multi_Currency_Prices->product_ in /home/caraslens.com/public_html/wp-content/plugins/woocommerce-multilingual/inc/currencies/class-wcml-custom-prices.php on line 84

