2022-07-27T05:48:12+00:00 CRITICAL Uncaught Error: Call to undefined function wpgis_plugin_settings() in D:\xampp\htdocs\ecommerce\wp-content\plugins\advanced-woocommerce-product-gallery-slider\woo-product-gallery-image-slider.php:71
Stack trace:
#0 D:\xampp\htdocs\ecommerce\wp-includes\class-wp-hook.php(307): wpgis_remove_woo_hooks('')
#1 D:\xampp\htdocs\ecommerce\wp-includes\class-wp-hook.php(331): WP_Hook->apply_filters(NULL, Array)
#2 D:\xampp\htdocs\ecommerce\wp-includes\plugin.php(476): WP_Hook->do_action(Array)
#3 D:\xampp\htdocs\ecommerce\wp-settings.php(461): do_action('plugins_loaded')
#4 D:\xampp\htdocs\ecommerce\wp-config.php(96): require_once('D:\\xampp\\htdocs...')
#5 D:\xampp\htdocs\ecommerce\wp-load.php(50): require_once('D:\\xampp\\htdocs...')
#6 D:\xampp\htdocs\ecommerce\wp-blog-header.php(13): require_once('D:\\xampp\\htdocs...')
#7 D:\xampp\htdocs\ecommerce\index.php(17): require('D:\\xampp\\htdocs...')
#8 {main}
  thrown in D:\xampp\htdocs\ecommerce\wp-content\plugins\advanced-woocommerce-product-gallery-slider\woo-product-gallery-image-slider.php on line 71

2022-07-27T05:48:13+00:00 CRITICAL Uncaught Error: Call to undefined function wpgis_plugin_settings() in D:\xampp\htdocs\ecommerce\wp-content\plugins\advanced-woocommerce-product-gallery-slider\woo-product-gallery-image-slider.php:71
Stack trace:
#0 D:\xampp\htdocs\ecommerce\wp-includes\class-wp-hook.php(307): wpgis_remove_woo_hooks('')
#1 D:\xampp\htdocs\ecommerce\wp-includes\class-wp-hook.php(331): WP_Hook->apply_filters(NULL, Array)
#2 D:\xampp\htdocs\ecommerce\wp-includes\plugin.php(476): WP_Hook->do_action(Array)
#3 D:\xampp\htdocs\ecommerce\wp-settings.php(461): do_action('plugins_loaded')
#4 D:\xampp\htdocs\ecommerce\wp-config.php(96): require_once('D:\\xampp\\htdocs...')
#5 D:\xampp\htdocs\ecommerce\wp-load.php(50): require_once('D:\\xampp\\htdocs...')
#6 D:\xampp\htdocs\ecommerce\wp-blog-header.php(13): require_once('D:\\xampp\\htdocs...')
#7 D:\xampp\htdocs\ecommerce\index.php(17): require('D:\\xampp\\htdocs...')
#8 {main}
  thrown in D:\xampp\htdocs\ecommerce\wp-content\plugins\advanced-woocommerce-product-gallery-slider\woo-product-gallery-image-slider.php on line 71

2022-07-27T06:51:12+00:00 CRITICAL Uncaught Error: Class 'Storefront_Customizer' not found in D:\xampp\htdocs\ecommerce\wp-content\themes\storefront\inc\woocommerce\class-storefront-woocommerce-customizer.php:18
Stack trace:
#0 D:\xampp\htdocs\ecommerce\wp-content\themes\storefront\functions.php(41): require()
#1 D:\xampp\htdocs\ecommerce\wp-settings.php(566): include('D:\\xampp\\htdocs...')
#2 D:\xampp\htdocs\ecommerce\wp-config.php(96): require_once('D:\\xampp\\htdocs...')
#3 D:\xampp\htdocs\ecommerce\wp-load.php(50): require_once('D:\\xampp\\htdocs...')
#4 D:\xampp\htdocs\ecommerce\wp-blog-header.php(13): require_once('D:\\xampp\\htdocs...')
#5 D:\xampp\htdocs\ecommerce\index.php(17): require('D:\\xampp\\htdocs...')
#6 {main}
  thrown in D:\xampp\htdocs\ecommerce\wp-content\themes\storefront\inc\woocommerce\class-storefront-woocommerce-customizer.php on line 18

2022-07-27T06:51:13+00:00 CRITICAL Uncaught Error: Class 'Storefront_Customizer' not found in D:\xampp\htdocs\ecommerce\wp-content\themes\storefront\inc\woocommerce\class-storefront-woocommerce-customizer.php:18
Stack trace:
#0 D:\xampp\htdocs\ecommerce\wp-content\themes\storefront\functions.php(41): require()
#1 D:\xampp\htdocs\ecommerce\wp-settings.php(566): include('D:\\xampp\\htdocs...')
#2 D:\xampp\htdocs\ecommerce\wp-config.php(96): require_once('D:\\xampp\\htdocs...')
#3 D:\xampp\htdocs\ecommerce\wp-load.php(50): require_once('D:\\xampp\\htdocs...')
#4 D:\xampp\htdocs\ecommerce\wp-blog-header.php(13): require_once('D:\\xampp\\htdocs...')
#5 D:\xampp\htdocs\ecommerce\index.php(17): require('D:\\xampp\\htdocs...')
#6 {main}
  thrown in D:\xampp\htdocs\ecommerce\wp-content\themes\storefront\inc\woocommerce\class-storefront-woocommerce-customizer.php on line 18

