2022-08-31T04:55:02+00:00 CRITICAL Uncaught Error: Call to a member function have_posts() on null in D:\Ampps\www\ecommerce\wp-content\themes\storefront-child\page-tuyen-dung.php:151
Stack trace:
#0 D:\Ampps\www\ecommerce\wp-includes\template-loader.php(106): include()
#1 D:\Ampps\www\ecommerce\wp-blog-header.php(19): require_once('D:\\Ampps\\www\\ec...')
#2 D:\Ampps\www\ecommerce\index.php(17): require('D:\\Ampps\\www\\ec...')
#3 {main}
  thrown in D:\Ampps\www\ecommerce\wp-content\themes\storefront-child\page-tuyen-dung.php on line 151

2022-08-31T04:57:34+00:00 CRITICAL Uncaught Error: Call to a member function have_posts() on null in D:\Ampps\www\ecommerce\wp-content\themes\storefront-child\page-tuyen-dung.php:151
Stack trace:
#0 D:\Ampps\www\ecommerce\wp-includes\template-loader.php(106): include()
#1 D:\Ampps\www\ecommerce\wp-blog-header.php(19): require_once('D:\\Ampps\\www\\ec...')
#2 D:\Ampps\www\ecommerce\index.php(17): require('D:\\Ampps\\www\\ec...')
#3 {main}
  thrown in D:\Ampps\www\ecommerce\wp-content\themes\storefront-child\page-tuyen-dung.php on line 151

2022-08-31T04:59:53+00:00 CRITICAL Uncaught Error: Call to a member function have_posts() on null in D:\Ampps\www\ecommerce\wp-content\themes\storefront-child\page-tuyen-dung.php:151
Stack trace:
#0 D:\Ampps\www\ecommerce\wp-includes\template-loader.php(106): include()
#1 D:\Ampps\www\ecommerce\wp-blog-header.php(19): require_once('D:\\Ampps\\www\\ec...')
#2 D:\Ampps\www\ecommerce\index.php(17): require('D:\\Ampps\\www\\ec...')
#3 {main}
  thrown in D:\Ampps\www\ecommerce\wp-content\themes\storefront-child\page-tuyen-dung.php on line 151

2022-08-31T05:00:26+00:00 CRITICAL Uncaught Error: Call to a member function have_posts() on null in D:\Ampps\www\ecommerce\wp-content\themes\storefront-child\page-tuyen-dung.php:151
Stack trace:
#0 D:\Ampps\www\ecommerce\wp-includes\template-loader.php(106): include()
#1 D:\Ampps\www\ecommerce\wp-blog-header.php(19): require_once('D:\\Ampps\\www\\ec...')
#2 D:\Ampps\www\ecommerce\index.php(17): require('D:\\Ampps\\www\\ec...')
#3 {main}
  thrown in D:\Ampps\www\ecommerce\wp-content\themes\storefront-child\page-tuyen-dung.php on line 151

2022-08-31T06:10:17+00:00 CRITICAL Uncaught Error: Call to a member function have_posts() on null in D:\Ampps\www\ecommerce\wp-content\themes\storefront-child\page-tuyen-dung.php:151
Stack trace:
#0 D:\Ampps\www\ecommerce\wp-includes\template-loader.php(106): include()
#1 D:\Ampps\www\ecommerce\wp-blog-header.php(19): require_once('D:\\Ampps\\www\\ec...')
#2 D:\Ampps\www\ecommerce\index.php(17): require('D:\\Ampps\\www\\ec...')
#3 {main}
  thrown in D:\Ampps\www\ecommerce\wp-content\themes\storefront-child\page-tuyen-dung.php on line 151

2022-08-31T06:10:48+00:00 CRITICAL Uncaught Error: Call to a member function have_posts() on null in D:\Ampps\www\ecommerce\wp-content\themes\storefront-child\page-tuyen-dung.php:151
Stack trace:
#0 D:\Ampps\www\ecommerce\wp-includes\template-loader.php(106): include()
#1 D:\Ampps\www\ecommerce\wp-blog-header.php(19): require_once('D:\\Ampps\\www\\ec...')
#2 D:\Ampps\www\ecommerce\index.php(17): require('D:\\Ampps\\www\\ec...')
#3 {main}
  thrown in D:\Ampps\www\ecommerce\wp-content\themes\storefront-child\page-tuyen-dung.php on line 151

2022-08-31T06:11:01+00:00 CRITICAL Uncaught Error: Call to a member function have_posts() on null in D:\Ampps\www\ecommerce\wp-content\themes\storefront-child\page-tuyen-dung.php:151
Stack trace:
#0 D:\Ampps\www\ecommerce\wp-includes\template-loader.php(106): include()
#1 D:\Ampps\www\ecommerce\wp-blog-header.php(19): require_once('D:\\Ampps\\www\\ec...')
#2 D:\Ampps\www\ecommerce\index.php(17): require('D:\\Ampps\\www\\ec...')
#3 {main}
  thrown in D:\Ampps\www\ecommerce\wp-content\themes\storefront-child\page-tuyen-dung.php on line 151

2022-08-31T06:11:47+00:00 CRITICAL Uncaught Error: Call to a member function have_posts() on null in D:\Ampps\www\ecommerce\wp-content\themes\storefront-child\page-tuyen-dung.php:151
Stack trace:
#0 D:\Ampps\www\ecommerce\wp-includes\template-loader.php(106): include()
#1 D:\Ampps\www\ecommerce\wp-blog-header.php(19): require_once('D:\\Ampps\\www\\ec...')
#2 D:\Ampps\www\ecommerce\index.php(17): require('D:\\Ampps\\www\\ec...')
#3 {main}
  thrown in D:\Ampps\www\ecommerce\wp-content\themes\storefront-child\page-tuyen-dung.php on line 151

2022-08-31T06:12:37+00:00 CRITICAL Uncaught Error: Call to a member function have_posts() on null in D:\Ampps\www\ecommerce\wp-content\themes\storefront-child\page-tuyen-dung.php:151
Stack trace:
#0 D:\Ampps\www\ecommerce\wp-includes\template-loader.php(106): include()
#1 D:\Ampps\www\ecommerce\wp-blog-header.php(19): require_once('D:\\Ampps\\www\\ec...')
#2 D:\Ampps\www\ecommerce\index.php(17): require('D:\\Ampps\\www\\ec...')
#3 {main}
  thrown in D:\Ampps\www\ecommerce\wp-content\themes\storefront-child\page-tuyen-dung.php on line 151

2022-08-31T06:13:40+00:00 CRITICAL Uncaught Error: Call to a member function have_posts() on null in D:\Ampps\www\ecommerce\wp-content\themes\storefront-child\page-tuyen-dung.php:151
Stack trace:
#0 D:\Ampps\www\ecommerce\wp-includes\template-loader.php(106): include()
#1 D:\Ampps\www\ecommerce\wp-blog-header.php(19): require_once('D:\\Ampps\\www\\ec...')
#2 D:\Ampps\www\ecommerce\index.php(17): require('D:\\Ampps\\www\\ec...')
#3 {main}
  thrown in D:\Ampps\www\ecommerce\wp-content\themes\storefront-child\page-tuyen-dung.php on line 151

2022-08-31T06:13:59+00:00 CRITICAL syntax error, unexpected '}', expecting end of file in D:\Ampps\www\ecommerce\wp-content\themes\storefront-child\functions\taxonomy.php on line 209

2022-08-31T06:14:00+00:00 CRITICAL syntax error, unexpected '}', expecting end of file in D:\Ampps\www\ecommerce\wp-content\themes\storefront-child\functions\taxonomy.php on line 209

2022-08-31T06:14:10+00:00 CRITICAL Uncaught Error: Call to a member function have_posts() on null in D:\Ampps\www\ecommerce\wp-content\themes\storefront-child\page-tuyen-dung.php:151
Stack trace:
#0 D:\Ampps\www\ecommerce\wp-includes\template-loader.php(106): include()
#1 D:\Ampps\www\ecommerce\wp-blog-header.php(19): require_once('D:\\Ampps\\www\\ec...')
#2 D:\Ampps\www\ecommerce\index.php(17): require('D:\\Ampps\\www\\ec...')
#3 {main}
  thrown in D:\Ampps\www\ecommerce\wp-content\themes\storefront-child\page-tuyen-dung.php on line 151

2022-08-31T06:14:43+00:00 CRITICAL Uncaught Error: Call to a member function have_posts() on null in D:\Ampps\www\ecommerce\wp-content\themes\storefront-child\page-tuyen-dung.php:151
Stack trace:
#0 D:\Ampps\www\ecommerce\wp-includes\template-loader.php(106): include()
#1 D:\Ampps\www\ecommerce\wp-blog-header.php(19): require_once('D:\\Ampps\\www\\ec...')
#2 D:\Ampps\www\ecommerce\index.php(17): require('D:\\Ampps\\www\\ec...')
#3 {main}
  thrown in D:\Ampps\www\ecommerce\wp-content\themes\storefront-child\page-tuyen-dung.php on line 151

