2022-07-19T07:23:20+00:00 CRITICAL Uncaught Error: Call to a member function is_sold_individually() on null in D:\xampp\htdocs\ecommerce\wp-content\themes\storefront-child\woocommerce\content-product-crosssell.php:39
Stack trace:
#0 D:\xampp\htdocs\ecommerce\wp-includes\template.php(772): require()
#1 D:\xampp\htdocs\ecommerce\wp-content\plugins\woocommerce\includes\wc-core-functions.php(284): load_template('D:\\xampp\\htdocs...', false)
#2 D:\xampp\htdocs\ecommerce\wp-content\themes\storefront-child\woocommerce\cart\cross-sells.php(39): wc_get_template_part('content', 'product-crossse...')
#3 D:\xampp\htdocs\ecommerce\wp-content\plugins\woocommerce\includes\wc-core-functions.php(345): include('D:\\xampp\\htdocs...')
#4 D:\xampp\htdocs\ecommerce\wp-content\plugins\woocommerce\includes\wc-template-functions.php(2174): wc_get_template('cart/cross-sell...', Array)
#5 D:\xampp\htdocs\ecommerce\wp-content\themes\storefront-child\woocommerce\cart\cart.php(145): woocommerce_cross_sell_display()
#6 D:\xampp\htdocs\ecommerce\wp-content\plugins\woocomme in D:\xampp\htdocs\ecommerce\wp-content\themes\storefront-child\woocommerce\content-product-crosssell.php on line 39

2022-07-19T16:28:18+00:00 CRITICAL Uncaught Error: Call to a member function get_current_language() on null in D:\Ampps\www\ecommerce.io\wp-content\themes\storefront-child\woocommerce\cart\cart.php:232
Stack trace:
#0 D:\Ampps\www\ecommerce.io\wp-content\plugins\woocommerce\includes\wc-core-functions.php(345): include()
#1 D:\Ampps\www\ecommerce.io\wp-content\plugins\woocommerce\includes\shortcodes\class-wc-shortcode-cart.php(99): wc_get_template()
#2 D:\Ampps\www\ecommerce.io\wp-content\plugins\woocommerce\includes\class-wc-shortcodes.php(72): WC_Shortcode_Cart::output()
#3 D:\Ampps\www\ecommerce.io\wp-content\plugins\woocommerce\includes\class-wc-shortcodes.php(85): WC_Shortcodes::shortcode_wrapper()
#4 D:\Ampps\www\ecommerce.io\wp-includes\shortcodes.php(356): WC_Shortcodes::cart()
#5 [internal function]: do_shortcode_tag()
#6 D:\Ampps\www\ecommerce.io\wp-includes\shortcodes.php(228): preg_replace_callback()
#7 D:\Ampps\www\ecommerce.io\wp-includes\class-wp-hook.php(307): do_shortcode()
#8 D:\Ampps\www\ecommerce.io\wp-includes\plugin.php(19 in D:\Ampps\www\ecommerce.io\wp-content\themes\storefront-child\woocommerce\cart\cart.php on line 232

2022-07-19T16:28:41+00:00 CRITICAL syntax error, unexpected ',' in D:\Ampps\www\ecommerce.io\wp-content\themes\storefront-child\woocommerce\cart\cart.php on line 239

2022-07-19T16:36:56+00:00 CRITICAL syntax error, unexpected ')' in D:\Ampps\www\ecommerce.io\wp-content\themes\storefront-child\woocommerce\cart\cart.php on line 232

