2022-10-26T04:18:38+00:00 CRITICAL Uncaught Error: Call to a member function get_name() on array in D:\xampp\htdocs\ecommerce\wp-content\themes\storefront-child\functions\quickview.php:8
Stack trace:
#0 D:\xampp\htdocs\ecommerce\wp-includes\class-wp-hook.php(307): productData('')
#1 D:\xampp\htdocs\ecommerce\wp-includes\class-wp-hook.php(331): WP_Hook->apply_filters('', Array)
#2 D:\xampp\htdocs\ecommerce\wp-includes\plugin.php(476): WP_Hook->do_action(Array)
#3 D:\xampp\htdocs\ecommerce\wp-admin\admin-ajax.php(187): do_action('wp_ajax_product...')
#4 {main}
  thrown in D:\xampp\htdocs\ecommerce\wp-content\themes\storefront-child\functions\quickview.php on line 8

2022-10-26T04:18:46+00:00 CRITICAL Uncaught Error: Call to a member function get_name() on array in D:\xampp\htdocs\ecommerce\wp-content\themes\storefront-child\functions\quickview.php:8
Stack trace:
#0 D:\xampp\htdocs\ecommerce\wp-includes\class-wp-hook.php(307): productData('')
#1 D:\xampp\htdocs\ecommerce\wp-includes\class-wp-hook.php(331): WP_Hook->apply_filters('', Array)
#2 D:\xampp\htdocs\ecommerce\wp-includes\plugin.php(476): WP_Hook->do_action(Array)
#3 D:\xampp\htdocs\ecommerce\wp-admin\admin-ajax.php(187): do_action('wp_ajax_product...')
#4 {main}
  thrown in D:\xampp\htdocs\ecommerce\wp-content\themes\storefront-child\functions\quickview.php on line 8

2022-10-26T04:22:45+00:00 CRITICAL Uncaught Error: Call to a member function get_name() on array in D:\xampp\htdocs\ecommerce\wp-content\themes\storefront-child\functions\quickview.php:8
Stack trace:
#0 D:\xampp\htdocs\ecommerce\wp-includes\class-wp-hook.php(307): productData('')
#1 D:\xampp\htdocs\ecommerce\wp-includes\class-wp-hook.php(331): WP_Hook->apply_filters('', Array)
#2 D:\xampp\htdocs\ecommerce\wp-includes\plugin.php(476): WP_Hook->do_action(Array)
#3 D:\xampp\htdocs\ecommerce\wp-admin\admin-ajax.php(187): do_action('wp_ajax_product...')
#4 {main}
  thrown in D:\xampp\htdocs\ecommerce\wp-content\themes\storefront-child\functions\quickview.php on line 8

2022-10-26T04:24:26+00:00 CRITICAL Uncaught Error: Call to a member function get_name() on array in D:\xampp\htdocs\ecommerce\wp-content\themes\storefront-child\functions\quickview.php:9
Stack trace:
#0 D:\xampp\htdocs\ecommerce\wp-includes\class-wp-hook.php(307): productData('')
#1 D:\xampp\htdocs\ecommerce\wp-includes\class-wp-hook.php(331): WP_Hook->apply_filters('', Array)
#2 D:\xampp\htdocs\ecommerce\wp-includes\plugin.php(476): WP_Hook->do_action(Array)
#3 D:\xampp\htdocs\ecommerce\wp-admin\admin-ajax.php(187): do_action('wp_ajax_product...')
#4 {main}
  thrown in D:\xampp\htdocs\ecommerce\wp-content\themes\storefront-child\functions\quickview.php on line 9

2022-10-26T04:24:29+00:00 CRITICAL Uncaught Error: Call to a member function get_name() on array in D:\xampp\htdocs\ecommerce\wp-content\themes\storefront-child\functions\quickview.php:9
Stack trace:
#0 D:\xampp\htdocs\ecommerce\wp-includes\class-wp-hook.php(307): productData('')
#1 D:\xampp\htdocs\ecommerce\wp-includes\class-wp-hook.php(331): WP_Hook->apply_filters('', Array)
#2 D:\xampp\htdocs\ecommerce\wp-includes\plugin.php(476): WP_Hook->do_action(Array)
#3 D:\xampp\htdocs\ecommerce\wp-admin\admin-ajax.php(187): do_action('wp_ajax_product...')
#4 {main}
  thrown in D:\xampp\htdocs\ecommerce\wp-content\themes\storefront-child\functions\quickview.php on line 9

2022-10-26T04:26:47+00:00 CRITICAL Uncaught Error: Call to a member function get_name() on array in D:\xampp\htdocs\ecommerce\wp-content\themes\storefront-child\functions\quickview.php:9
Stack trace:
#0 D:\xampp\htdocs\ecommerce\wp-includes\class-wp-hook.php(307): productData('')
#1 D:\xampp\htdocs\ecommerce\wp-includes\class-wp-hook.php(331): WP_Hook->apply_filters('', Array)
#2 D:\xampp\htdocs\ecommerce\wp-includes\plugin.php(476): WP_Hook->do_action(Array)
#3 D:\xampp\htdocs\ecommerce\wp-admin\admin-ajax.php(187): do_action('wp_ajax_product...')
#4 {main}
  thrown in D:\xampp\htdocs\ecommerce\wp-content\themes\storefront-child\functions\quickview.php on line 9

2022-10-26T04:26:54+00:00 CRITICAL Uncaught Error: Call to a member function get_name() on array in D:\xampp\htdocs\ecommerce\wp-content\themes\storefront-child\functions\quickview.php:9
Stack trace:
#0 D:\xampp\htdocs\ecommerce\wp-includes\class-wp-hook.php(307): productData('')
#1 D:\xampp\htdocs\ecommerce\wp-includes\class-wp-hook.php(331): WP_Hook->apply_filters('', Array)
#2 D:\xampp\htdocs\ecommerce\wp-includes\plugin.php(476): WP_Hook->do_action(Array)
#3 D:\xampp\htdocs\ecommerce\wp-admin\admin-ajax.php(187): do_action('wp_ajax_product...')
#4 {main}
  thrown in D:\xampp\htdocs\ecommerce\wp-content\themes\storefront-child\functions\quickview.php on line 9

2022-10-26T04:26:56+00:00 CRITICAL Uncaught Error: Call to a member function get_name() on array in D:\xampp\htdocs\ecommerce\wp-content\themes\storefront-child\functions\quickview.php:9
Stack trace:
#0 D:\xampp\htdocs\ecommerce\wp-includes\class-wp-hook.php(307): productData('')
#1 D:\xampp\htdocs\ecommerce\wp-includes\class-wp-hook.php(331): WP_Hook->apply_filters('', Array)
#2 D:\xampp\htdocs\ecommerce\wp-includes\plugin.php(476): WP_Hook->do_action(Array)
#3 D:\xampp\htdocs\ecommerce\wp-admin\admin-ajax.php(187): do_action('wp_ajax_product...')
#4 {main}
  thrown in D:\xampp\htdocs\ecommerce\wp-content\themes\storefront-child\functions\quickview.php on line 9

2022-10-26T04:37:16+00:00 CRITICAL Uncaught Error: Call to a member function get_name() on null in D:\xampp\htdocs\ecommerce\wp-content\themes\storefront-child\functions\quickview.php:8
Stack trace:
#0 D:\xampp\htdocs\ecommerce\wp-includes\class-wp-hook.php(307): productData('')
#1 D:\xampp\htdocs\ecommerce\wp-includes\class-wp-hook.php(331): WP_Hook->apply_filters('', Array)
#2 D:\xampp\htdocs\ecommerce\wp-includes\plugin.php(476): WP_Hook->do_action(Array)
#3 D:\xampp\htdocs\ecommerce\wp-admin\admin-ajax.php(187): do_action('wp_ajax_product...')
#4 {main}
  thrown in D:\xampp\htdocs\ecommerce\wp-content\themes\storefront-child\functions\quickview.php on line 8

2022-10-26T04:37:21+00:00 CRITICAL Uncaught Error: Call to a member function get_name() on null in D:\xampp\htdocs\ecommerce\wp-content\themes\storefront-child\functions\quickview.php:8
Stack trace:
#0 D:\xampp\htdocs\ecommerce\wp-includes\class-wp-hook.php(307): productData('')
#1 D:\xampp\htdocs\ecommerce\wp-includes\class-wp-hook.php(331): WP_Hook->apply_filters('', Array)
#2 D:\xampp\htdocs\ecommerce\wp-includes\plugin.php(476): WP_Hook->do_action(Array)
#3 D:\xampp\htdocs\ecommerce\wp-admin\admin-ajax.php(187): do_action('wp_ajax_product...')
#4 {main}
  thrown in D:\xampp\htdocs\ecommerce\wp-content\themes\storefront-child\functions\quickview.php on line 8

2022-10-26T17:25:07+00:00 CRITICAL syntax error, unexpected '&' in D:\Ampps\www\ecommerce\wp-content\themes\storefront-child\functions\acf.php on line 862

2022-10-26T17:25:11+00:00 CRITICAL syntax error, unexpected '&' in D:\Ampps\www\ecommerce\wp-content\themes\storefront-child\functions\acf.php on line 862

2022-10-26T17:25:51+00:00 CRITICAL Cannot use temporary expression in write context in D:\Ampps\www\ecommerce\wp-content\themes\storefront-child\functions\acf.php on line 862

2022-10-26T17:25:54+00:00 CRITICAL Cannot use temporary expression in write context in D:\Ampps\www\ecommerce\wp-content\themes\storefront-child\functions\acf.php on line 862

