<<<<<<< HEAD
2022-11-10T11:49:29+00:00 CRITICAL syntax error, unexpected 'modal_bottom' (T_STRING) in D:\Ampps\www\ecommerce\wp-content\themes\storefront-child\template-parts\content-quickview.php on line 90
=======
2022-11-10T01:05:22+00:00 CRITICAL Out of memory (allocated 92274688) (tried to allocate 28672 bytes) in D:\xampp\htdocs\ecommerce\wp-content\plugins\wordpress-seo\src\integrations\watchers\indexable-permalink-watcher.php on line 209

2022-11-10T01:56:37+00:00 CRITICAL Uncaught Error: Call to a member function get_original_product_id() on null in D:\xampp\htdocs\ecommerce\wp-content\plugins\woocommerce-multilingual\inc\currencies\class-wcml-custom-prices.php:79
Stack trace:
#0 D:\xampp\htdocs\ecommerce\wp-content\plugins\woocommerce-multilingual\inc\currencies\class-wcml-multi-currency-prices.php(246): WCML_Custom_Prices->get_product_custom_prices(577, 'USD')
#1 D:\xampp\htdocs\ecommerce\wp-content\plugins\sitepress-multilingual-cms\vendor\wpml\fp\core\Logic.php(123): WCML_Multi_Currency_Prices->{closure}(NULL)
#2 [internal function]: WPML\FP\Logic::WPML\FP\{closure}(Object(Closure), Array, NULL)
#3 D:\xampp\htdocs\ecommerce\wp-content\plugins\sitepress-multilingual-cms\vendor\wpml\fp\core\functions.php(152): call_user_func_array(Object(Closure), Array)
#4 D:\xampp\htdocs\ecommerce\wp-content\plugins\woocommerce-multilingual\inc\currencies\class-wcml-multi-currency-prices.php(266): WPML\FP\{closure}(NULL)
#5 D:\xampp\htdocs\ecommerce\wp-includes\class-wp-hook.php(310): WCML in D:\xampp\htdocs\ecommerce\wp-content\plugins\woocommerce-multilingual\inc\currencies\class-wcml-custom-prices.php on line 79
>>>>>>> 9fba26d613df47d68e983f5d1d9f96d6715d6e88

2022-11-10T13:22:56+00:00 CRITICAL Uncaught Error: Call to undefined method WP_Textdomain_Registry::reset() in D:\Ampps\www\ecommerce\wp-content\plugins\wpml-string-translation\classes\MO\Hooks\LanguageSwitch.php:139
Stack trace:
#0 D:\Ampps\www\ecommerce\wp-content\plugins\wpml-string-translation\classes\MO\Hooks\LanguageSwitch.php(119): WPML\ST\MO\Hooks\LanguageSwitch->resetTranslationAvailabilityInformation()
#1 D:\Ampps\www\ecommerce\wp-content\plugins\wpml-string-translation\classes\MO\Hooks\LanguageSwitch.php(73): WPML\ST\MO\Hooks\LanguageSwitch->changeMoObjects()
#2 D:\Ampps\www\ecommerce\wp-content\plugins\wpml-string-translation\classes\MO\Hooks\LanguageSwitch.php(48): WPML\ST\MO\Hooks\LanguageSwitch->switchToLocale()
#3 D:\Ampps\www\ecommerce\wp-includes\class-wp-hook.php(310): WPML\ST\MO\Hooks\LanguageSwitch->languageHasSwitched()
#4 D:\Ampps\www\ecommerce\wp-includes\class-wp-hook.php(332): WP_Hook->apply_filters()
#5 D:\Ampps\www\ecommerce\wp-includes\plugin.php(517): WP_Hook->do_action()
#6 D:\Ampps\www\ecommerce\wp-content\plugi in D:\Ampps\www\ecommerce\wp-content\plugins\wpml-string-translation\classes\MO\Hooks\LanguageSwitch.php on line 139

2022-11-10T13:29:20+00:00 CRITICAL Uncaught Error: Call to undefined method WP_Textdomain_Registry::reset() in D:\Ampps\www\ecommerce\wp-content\plugins\wpml-string-translation\classes\MO\Hooks\LanguageSwitch.php:139
Stack trace:
#0 D:\Ampps\www\ecommerce\wp-content\plugins\wpml-string-translation\classes\MO\Hooks\LanguageSwitch.php(119): WPML\ST\MO\Hooks\LanguageSwitch->resetTranslationAvailabilityInformation()
#1 D:\Ampps\www\ecommerce\wp-content\plugins\wpml-string-translation\classes\MO\Hooks\LanguageSwitch.php(73): WPML\ST\MO\Hooks\LanguageSwitch->changeMoObjects()
#2 D:\Ampps\www\ecommerce\wp-content\plugins\wpml-string-translation\classes\MO\Hooks\LanguageSwitch.php(48): WPML\ST\MO\Hooks\LanguageSwitch->switchToLocale()
#3 D:\Ampps\www\ecommerce\wp-includes\class-wp-hook.php(310): WPML\ST\MO\Hooks\LanguageSwitch->languageHasSwitched()
#4 D:\Ampps\www\ecommerce\wp-includes\class-wp-hook.php(332): WP_Hook->apply_filters()
#5 D:\Ampps\www\ecommerce\wp-includes\plugin.php(517): WP_Hook->do_action()
#6 D:\Ampps\www\ecommerce\wp-content\plugi in D:\Ampps\www\ecommerce\wp-content\plugins\wpml-string-translation\classes\MO\Hooks\LanguageSwitch.php on line 139

2022-11-10T13:31:51+00:00 CRITICAL Uncaught Error: Call to undefined method WP_Textdomain_Registry::reset() in D:\Ampps\www\ecommerce\wp-content\plugins\wpml-string-translation\classes\MO\Hooks\LanguageSwitch.php:139
Stack trace:
#0 D:\Ampps\www\ecommerce\wp-content\plugins\wpml-string-translation\classes\MO\Hooks\LanguageSwitch.php(119): WPML\ST\MO\Hooks\LanguageSwitch->resetTranslationAvailabilityInformation()
#1 D:\Ampps\www\ecommerce\wp-content\plugins\wpml-string-translation\classes\MO\Hooks\LanguageSwitch.php(73): WPML\ST\MO\Hooks\LanguageSwitch->changeMoObjects()
#2 D:\Ampps\www\ecommerce\wp-content\plugins\wpml-string-translation\classes\MO\Hooks\LanguageSwitch.php(48): WPML\ST\MO\Hooks\LanguageSwitch->switchToLocale()
#3 D:\Ampps\www\ecommerce\wp-includes\class-wp-hook.php(310): WPML\ST\MO\Hooks\LanguageSwitch->languageHasSwitched()
#4 D:\Ampps\www\ecommerce\wp-includes\class-wp-hook.php(332): WP_Hook->apply_filters()
#5 D:\Ampps\www\ecommerce\wp-includes\plugin.php(517): WP_Hook->do_action()
#6 D:\Ampps\www\ecommerce\wp-content\plugi in D:\Ampps\www\ecommerce\wp-content\plugins\wpml-string-translation\classes\MO\Hooks\LanguageSwitch.php on line 139

2022-11-10T14:10:38+00:00 CRITICAL Uncaught Error: Call to undefined method WP_Textdomain_Registry::reset() in D:\Ampps\www\ecommerce\wp-content\plugins\wpml-string-translation\classes\MO\Hooks\LanguageSwitch.php:139
Stack trace:
#0 D:\Ampps\www\ecommerce\wp-content\plugins\wpml-string-translation\classes\MO\Hooks\LanguageSwitch.php(119): WPML\ST\MO\Hooks\LanguageSwitch->resetTranslationAvailabilityInformation()
#1 D:\Ampps\www\ecommerce\wp-content\plugins\wpml-string-translation\classes\MO\Hooks\LanguageSwitch.php(73): WPML\ST\MO\Hooks\LanguageSwitch->changeMoObjects()
#2 D:\Ampps\www\ecommerce\wp-content\plugins\wpml-string-translation\classes\MO\Hooks\LanguageSwitch.php(48): WPML\ST\MO\Hooks\LanguageSwitch->switchToLocale()
#3 D:\Ampps\www\ecommerce\wp-includes\class-wp-hook.php(310): WPML\ST\MO\Hooks\LanguageSwitch->languageHasSwitched()
#4 D:\Ampps\www\ecommerce\wp-includes\class-wp-hook.php(332): WP_Hook->apply_filters()
#5 D:\Ampps\www\ecommerce\wp-includes\plugin.php(517): WP_Hook->do_action()
#6 D:\Ampps\www\ecommerce\wp-content\plugi in D:\Ampps\www\ecommerce\wp-content\plugins\wpml-string-translation\classes\MO\Hooks\LanguageSwitch.php on line 139

