2022-11-25T04:18:13+00:00 CRITICAL Uncaught Error: Call to undefined function dev_thuong_hieu_rewrite_rules() in D:\xampp\htdocs\ecommerce\wp-content\themes\storefront-child\functions\url.php:42
Stack trace:
#0 D:\xampp\htdocs\ecommerce\wp-includes\class-wp-hook.php(310): new_thuong_hieu_cat_edit_success(378, 378)
#1 D:\xampp\htdocs\ecommerce\wp-includes\class-wp-hook.php(332): WP_Hook->apply_filters(378, Array)
#2 D:\xampp\htdocs\ecommerce\wp-includes\plugin.php(517): WP_Hook->do_action(Array)
#3 D:\xampp\htdocs\ecommerce\wp-includes\taxonomy.php(2584): do_action('create_term', 378, 378, 'category', Array)
#4 D:\xampp\htdocs\ecommerce\wp-admin\includes\ajax-actions.php(1081): wp_insert_term('Ki\xE1\xBA\xBFn th\xE1\xBB\xA9c c...', 'category', Array)
#5 D:\xampp\htdocs\ecommerce\wp-includes\class-wp-hook.php(308): wp_ajax_add_tag('')
#6 D:\xampp\htdocs\ecommerce\wp-includes\class-wp-hook.php(332): WP_Hook->apply_filters('', Array)
#7 D:\xampp\htdocs\ecommerce\wp-includes\plugin.php(517): WP_Hook->do_action(Array)
#8 D:\xampp\htdocs\ecommerce\wp in D:\xampp\htdocs\ecommerce\wp-content\themes\storefront-child\functions\url.php on line 42

2022-11-25T04:19:44+00:00 CRITICAL Uncaught Error: Call to undefined function dev_thuong_hieu_rewrite_rules() in D:\xampp\htdocs\ecommerce\wp-content\themes\storefront-child\functions\url.php:42
Stack trace:
#0 D:\xampp\htdocs\ecommerce\wp-includes\class-wp-hook.php(310): new_thuong_hieu_cat_edit_success(379, 379)
#1 D:\xampp\htdocs\ecommerce\wp-includes\class-wp-hook.php(332): WP_Hook->apply_filters(379, Array)
#2 D:\xampp\htdocs\ecommerce\wp-includes\plugin.php(517): WP_Hook->do_action(Array)
#3 D:\xampp\htdocs\ecommerce\wp-includes\taxonomy.php(2584): do_action('create_term', 379, 379, 'category', Array)
#4 D:\xampp\htdocs\ecommerce\wp-admin\includes\ajax-actions.php(1081): wp_insert_term('Chu\xE1\xBA\xA9n b\xE1\xBB\x8B tr...', 'category', Array)
#5 D:\xampp\htdocs\ecommerce\wp-includes\class-wp-hook.php(308): wp_ajax_add_tag('')
#6 D:\xampp\htdocs\ecommerce\wp-includes\class-wp-hook.php(332): WP_Hook->apply_filters('', Array)
#7 D:\xampp\htdocs\ecommerce\wp-includes\plugin.php(517): WP_Hook->do_action(Array)
#8 D:\xampp\htdocs\ecommerce\wp in D:\xampp\htdocs\ecommerce\wp-content\themes\storefront-child\functions\url.php on line 42

2022-11-25T04:20:52+00:00 CRITICAL Uncaught Error: Call to undefined function dev_thuong_hieu_rewrite_rules() in D:\xampp\htdocs\ecommerce\wp-content\themes\storefront-child\functions\url.php:42
Stack trace:
#0 D:\xampp\htdocs\ecommerce\wp-includes\class-wp-hook.php(310): new_thuong_hieu_cat_edit_success(380, 380)
#1 D:\xampp\htdocs\ecommerce\wp-includes\class-wp-hook.php(332): WP_Hook->apply_filters(380, Array)
#2 D:\xampp\htdocs\ecommerce\wp-includes\plugin.php(517): WP_Hook->do_action(Array)
#3 D:\xampp\htdocs\ecommerce\wp-includes\taxonomy.php(2584): do_action('create_term', 380, 380, 'category', Array)
#4 D:\xampp\htdocs\ecommerce\wp-admin\includes\ajax-actions.php(1081): wp_insert_term('C\xC3\xA1ch b\xE1\xBA\xA3o v\xE1\xBB...', 'category', Array)
#5 D:\xampp\htdocs\ecommerce\wp-includes\class-wp-hook.php(308): wp_ajax_add_tag('')
#6 D:\xampp\htdocs\ecommerce\wp-includes\class-wp-hook.php(332): WP_Hook->apply_filters('', Array)
#7 D:\xampp\htdocs\ecommerce\wp-includes\plugin.php(517): WP_Hook->do_action(Array)
#8 D:\xampp\htdocs\ecommerce in D:\xampp\htdocs\ecommerce\wp-content\themes\storefront-child\functions\url.php on line 42

2022-11-25T04:22:25+00:00 CRITICAL Uncaught Error: Call to undefined function dev_thuong_hieu_rewrite_rules() in D:\xampp\htdocs\ecommerce\wp-content\themes\storefront-child\functions\url.php:42
Stack trace:
#0 D:\xampp\htdocs\ecommerce\wp-includes\class-wp-hook.php(310): new_thuong_hieu_cat_edit_success(381, 381)
#1 D:\xampp\htdocs\ecommerce\wp-includes\class-wp-hook.php(332): WP_Hook->apply_filters(381, Array)
#2 D:\xampp\htdocs\ecommerce\wp-includes\plugin.php(517): WP_Hook->do_action(Array)
#3 D:\xampp\htdocs\ecommerce\wp-includes\taxonomy.php(2584): do_action('create_term', 381, 381, 'category', Array)
#4 D:\xampp\htdocs\ecommerce\wp-admin\includes\ajax-actions.php(1081): wp_insert_term('T\xE1\xBA\xADt kh\xC3\xBAc x\xE1\xBA...', 'category', Array)
#5 D:\xampp\htdocs\ecommerce\wp-includes\class-wp-hook.php(308): wp_ajax_add_tag('')
#6 D:\xampp\htdocs\ecommerce\wp-includes\class-wp-hook.php(332): WP_Hook->apply_filters('', Array)
#7 D:\xampp\htdocs\ecommerce\wp-includes\plugin.php(517): WP_Hook->do_action(Array)
#8 D:\xampp\htdocs\ecommerce in D:\xampp\htdocs\ecommerce\wp-content\themes\storefront-child\functions\url.php on line 42

